 ----------------------------------------------------
   VUU  -  VLASOV UEHLING UHLENBECK  APPROACH        
 ----------------------------------------------------
 
 ---------------- VERSION NUMBER REPORT -------------
 VUU/SCATTER -MAIN --                          
 VER   7.010 -- 25-JAN-85,12:16:20
 ----------------------------------------------------
0 MASSES (GEV) : NUCLEON =    .938, PION =    .138, DELTA =   1.232
 DELTA-WIDTH (GEV) =    .120
 DELTA SELECTION CONSTANTS :  -2.60000 -1.20362  2.77442
 UPPER LIMIT FOR DELTA RESONANCE SCATTERING =   3.000 GEV


 INPUT OF HEADER (4 CHARACTERS) FORMAT 1A4 E.G. TEST
 FILE HEADER - CACA
 INPUT OF A,Z PROJ., A,Z TARG.  FMT=*
 INPUT OF #TIMEST.,PRINT-OUT PERIOD,#RUNS,ELAB(MEV)
 --------------------------------------------------------------------------------
 INPUT CYCLE FOR DA-BLOCK: INDEX  VALUE  - IND=-1:LIST
          12  0.2000000030     TIMEST.SIZ
          11   2.000000000     IMPACTPAR.
          14   4.000000000     SWITCHES  
          16   140.0000000     EOS-PARM. 
          15  0.7500000000     PFERMI-FCT
          20   111.0000000     SEED-RAND.
 --------------------------------------------------------------------------------

 COLLISION OF A,Z=(  40  20) ON A,Z=(  40  20); TOTAL=  80
 PROJ. P,GAMMA:   -.5521  1.1604; TARG. P,GAMMA:    .5521  1.1604
RADIUS PROJ, TARG:  3.8303  3.8303
TIMESTEP    .2000
Z-COORDINATE PROJ., TARG.:   3.8303 -3.8303
FIXED IMPACT PARAMETER = 1.0000
 COMP. SYSTEM SEARCH CUTOFFS
     1.7(    2),     1.7(    2),     1.7(    2),     1.7(    2),     1.7(    2),
     1.7(    2),     1.7(    2),     1.7(    2),     1.7(    2),     1.7(    2),
     1.7(    2),     1.7(    2),     1.7(    2),     1.7(    2),     1.7(    2),
     1.7(    2),     1.7(    2),     1.7(    2),     1.7(    2),     1.7(    2),
     1.7(    2),     3.5(    4),     3.5(    4),      .0(    1),      .0(    1),
      .0(    1),      .0(    1),      .0(    1),     3.5(    4),     3.5(    4),
      .0(    1),      .0(    1),      .0(    1),      .0(    1),      .0(    1),
      .0(    1),     3.5(    4),     3.5(    4),      .0(    1),      .0(    1),
      .0(    1),      .0(    1),      .0(    1),      .0(    1),      .0(    1),
 FIXED SEED =         111 
 SEED CHANGED INTO         221 
 EFFECTIVE VOLUME, R-SPACE
       3.382302      61.538639
    1.00000    .95678    .93753    .92237    .90940
    .89786    .88731    .87753    .86843    .85978
    .85154    .84373    .83619    .82897    .82200
    .81523    .80868    .80235    .79614    .79011
    .78422    .77853    .77291    .76738    .76201
    .75673    .75154    .74646    .74147    .73660
    .73176    .72703    .72235    .71779    .71320
    .70873    .70439    .70002    .69571    .69153
    .68733    .68318    .67910    .67514    .67110
    .66719    .66335    .65949    .65570    .65189
    .64823    .64448    .64087    .63725    .63370
    .63014    .62664    .62315    .61971    .61635
    .61298    .60961    .60631    .60300    .59976
    .59651    .59334    .59017    .58699    .58388
    .58076    .57765    .57461    .57156    .56859
    .56561    .56263    .55973    .55682    .55391
    .55100    .54816    .54532    .54248    .53971
    .53695    .53418    .53148    .52871    .52601
    .52332    .52069    .51807    .51537    .51282
    .51020    .50757    .50502    .50247    .50000
 EFFECTIVE VOLUME, P-SPACE
        .141063   35379.015625
    1.00000    .95677    .93751    .92235    .90943
    .89784    .88734    .87756    .86840    .85976
    .85156    .84370    .83621    .82900    .82197
    .81526    .80870    .80232    .79617    .79014
    .78425    .77849    .77288    .76742    .76204
    .75676    .75158    .74649    .74151    .73657
    .73180    .72701    .72233    .71776    .71325
    .70878    .70436    .70000    .69576    .69150
    .68730    .68323    .67914    .67512    .67115
    .66717    .66332    .65946    .65567    .65194
    .64820    .64452    .64084    .63729    .63367
    .63018    .62662    .62319    .61976    .61632
    .61295    .60958    .60628    .60304    .59973
    .59649    .59331    .59014    .58696    .58385
    .58073    .57769    .57465    .57160    .56856
    .56558    .56268    .55970    .55679    .55388
    .55104    .54813    .54537    .54253    .53968
    .53692    .53422    .53145    .52876    .52606
    .52336    .52066    .51804    .51542    .51279
    .51017    .50762    .50507    .50252    .50000
 ------------------------------------------------------
 FERMI MOMENTUM:    .2013
 FERMI TEST A,R,P,LOC: 60.0000  3.3823   .1411    4
 RADIUS OF DENSIT-SPHERE : FRAD =   2.000000000     
 VOLUME, GRAD :   502.654816     .002653
 MIN. KINETIC ENERGY =  0.9999999747E-04 
 LOW ENERGY CUTOFF (SQUARED):
   3.5   3.5   3.5    .0    .0
    .0    .0    .0    .0    .0
    .0    .0    .0    .0    .0
    .0    .0    .0    .0    .0
    .0    .0    .0    .0    .0
    .0    .0    .0    .0    .0
    .0    .0    .0    .0    .0
    .0    .0    .0    .0    .0
    .0    .0    .0    .0    .0

 EB,EFGEV,C9-0.1600000076E-01  0.2304024994E-01  0.1555555593E-01 
  POTENTIAL U=A*RHO/RHO0+B*(RHO/RHO0)**GAMMA
  A,B,GAMMA (IN GEV) = 0.2951939404     -0.3495943546      0.8731223941     
 ****************************** EQUATION OF STATE ******************************

 VALUES SPECIFIED :
   EQUATION TYPE  1 (SELECT SWITCH FOR TYPE 3 IS 1)
   EQUILIBRIUM DENSIT :    .1700 1/FM**3
   BINDING ENERGY AT EQUILIBRIUM :    16.00 MEV
   INCOMPRESSIBILITY :    140.00 MEV
   PARTICLE MASS :    938.00 MEV
   CONDENSATION ENERGY :
      SHIFT DENSIT :     .00
      STRENGTH      :       .00 MEV
      WIDTH         :    .0000
 -------------------------------------------------------------------------------
 COMPUTED VALUES:
   FERMI ENERGY AT T=0 IS    23.04 MEV
   FERMI EDGE AT T=0 IS AT    38.40 MEV
 THE PARAMETER FIELD CONTAINS :
   1.7364E+00 -1.4340E+00 -1.2688E-01  0.0000E+00  1.2513E+02  1.7000E-01
  -1.6000E+01  1.4000E+02  9.3800E+02  0.0000E+00  0.0000E+00  0.0000E+00
 -------------------------------------------------------------------------------
 *******************************************************************************
  OUTPUT OF AFTER FIRST TIMESTEP
 INPUT COMPLETE
    40.0000   20.0000    1.1200    1.0000    -.5521
    40.0000   20.0000    1.0000   -1.0000     .5521
     2.0000     .2000    1.0000    4.0000     .7500
   140.0000    1.0000     .0500     .0000  111.0000
      .0000     .0000
 SWITCHES :F F T F F F F F F F F F 
 +++++++++++++++++++++++++++++++++++++++++++++++++
 ---------------- VERSION NUMBER REPORT -------------
 MODULE: S H I F T                             
 VER   3.006 -- 25-JAN-85,14:03:00
 ----------------------------------------------------
 ---------------- VERSION NUMBER REPORT -------------
 COLOAD -- COLLISION ARRAY REBUILD             
 VER   7.006 -- 16-JAN-85,19:18:25
 ----------------------------------------------------
 ---------------- VERSION NUMBER REPORT -------------
 HIT -- DETERMINE WHETHER COLLISION OCCURS     
 VER   7.006 -- 16-JAN-85,19:35:50
 ----------------------------------------------------
  CROSS SECTION FACTOR OF   1.000000000     
 ---------------- VERSION NUMBER REPORT -------------
 IMPACT -- IMP. PARAM. AND COLL. TIME          
 VER   7.006 -- 16-JAN-85,19:28:15
 ----------------------------------------------------
 ---------------- VERSION NUMBER REPORT -------------
 CROSS1 -- TOTAL AND ELASTIC CROSSECTIONS      
 VER   7.006 -- 16-JAN-85,20:01:30
 ----------------------------------------------------
 ---------------- VERSION NUMBER REPORT -------------
 FNDNXT                                        
 VER   7.006 -- 19-JAN-85,19:42:20
 ----------------------------------------------------
 ---------------- VERSION NUMBER REPORT -------------
 TRSPRT -- POSSIBLE CURVED TRAJECTORIES        
 VER   1.006 -- 25-JAN-85,12:05:30
 ----------------------------------------------------
 ---------------- VERSION NUMBER REPORT -------------
 MODULE: S C A T T R                           
 VER   6.020 -- 25-JAN-85,13:22:00
 ----------------------------------------------------
 ---------------- VERSION NUMBER REPORT -------------
 MODULE: A N G E L                             
 VER   4.006 -- 16-JAN-85,20:09:20
 ----------------------------------------------------
 ---------------- VERSION NUMBER REPORT -------------
 P A U L I  -- PAULI BLOCKING                  
 VER   7.006 -- 25-JAN-85,12:02:30
 ----------------------------------------------------
 ---------------- VERSION NUMBER REPORT -------------
 MODULE: C R O S S 2                           
 VER   4.006 -- 16-JAN-85,20:12:35
 ----------------------------------------------------
 ---------------- VERSION NUMBER REPORT -------------
 MODULE: C M A S S                             
 VER   4.006 -- 16-JAN-85,20:19:00
 ----------------------------------------------------
 ---------------- VERSION NUMBER REPORT -------------
 D E C T I M E  -- DELTA DECAY TIME            
 VER   7.006 -- 25-JAN-85,11:45:00
 ----------------------------------------------------
 ---------------- VERSION NUMBER REPORT -------------
 D M O M -- DELTA DECAY MOMENTUM               
 VER   7.006 -- 25-JAN-85,11:41:00
 ----------------------------------------------------
 ---------------- VERSION NUMBER REPORT -------------
 D W I D T H  -- DELTA DECAY WIDTH             
 VER   7.006 -- 25-JAN-85,11:42:30
 ----------------------------------------------------
 ---------------- VERSION NUMBER REPORT -------------
 D E L D E C  -- DELTA DECAY SEQUENCE          
 VER   7.006 -- 25-JAN-85,11:46:15
 ----------------------------------------------------
 ---------------- VERSION NUMBER REPORT -------------
 T R A N S 1  -- LORENTZ TRANSFORMATION        
 VER   7.006 -- 25-JAN-85,11:49:15
 ----------------------------------------------------
 ---------------- VERSION NUMBER REPORT -------------
 A B S O R B  -- PION ABSORPTION               
 VER   7.006 -- 16-JAN-85,19:13:00
 ----------------------------------------------------
1525-013 The sequential WRITE request cannot be completed because an AIX errno value of 28 was received while writing the sequential file fort.7 The program will continue if ERR= or IOSTAT= was coded in the WRITE statement.
1525-099 Program is stopping because errors have occurred in an I/O request and ERR= or IOSTAT= was not coded in the I/O statement.
