  PROGRAM VUUANL - ANALYSIS OF THE DATA CALCULATED WITH VUU
 ENTER SEED FOR RANDOMIZER OR 0 TO FORBID DELTA DECAY
 FIXED SEED =        1235 
 SELECT REFERENCE SYSTEM: 0=NN, 1=LAB
  ALL DELTAS DECAY BEFORE ANALYSIS
  SELECTED SYSTEM FOR ANALYSIS:  NN-SYSTEM
 ENTER UNIT NUMBER OF INPUT FILE
 UNIT NUMBER:          7 
 PARAMETER BLOCK OF INPUT FILE CACA
    40.0000   20.0000    1.1200    1.0000    -.5521
    40.0000   20.0000    1.0000   -1.0000     .5521
     2.0000     .2000    1.0000    4.0000     .7500
   140.0000    1.0000     .0500     .0000  111.0000
      .0000     .0000
 TIME-SEQUENCE
 BLOCK, TIME         98  0.2000000030     
 BLOCK, TIME         97   79.99992371     
 ENTER TIME-BLOCK  
   *** ERROR ENCOUNTERED, UNIT=          7 
 ENTER UNIT NUMBER OF INPUT FILE
 
  ***********  S T A T I S T I C S  ****************
 
 TIME EVOLUTION: MEAN PION+COLLISION NUMBERS, CENTRAL DENSITIES
 T(FM/C) #FREE PI #POSS.CL #REAL CL R.NUC-CL EL.NU-CL EL.PN-CL RHO(0)FM-3:BAR-PI
     .20     .000      .73      .00      .00      .00      .00  .129313  .000000
   80.00    4.917   220.58   128.42    97.58    87.75    50.67  .000000  .000000
  ********** 
  **********   ANALYSIS OF EVENTS AT TIME   79.99992371     
  **********   MEAN NUMBERS/EVENT, # OF EVENTS:         12 
 NEUTRON  PROTON  DELTA-  DELTA0  DELTA+ DELTA++     PI-     PI0     PI+ DROPPED
   39.42   40.58    .000    .000    .000    .000   2.167   1.250   1.583     .00
  17.068  34.574    .000    .000    .000    .000   -.025   -.056   -.041 PXDIR 
   2.111   1.906    .000    .000    .000    .000    .000    .000    .000  QZZ  
 PXDIR=<PX SIGN(Y-Y(CM))>(MEV),  QZZ=<2PZ**2 - PT**2>(1E5 MEV**2)
 
  ******  ANALYSIS OF DISTRIBUTIONS VS. Y, PHI, PT 
  ANALYSIS GROUPS: 1=PROT.        2= PI+       3= PI- 
 
  RAPIDITY DISTRIBUTION DN/DY  PX(Y)  PT(Y), Y(TARG)= -.559, Y(PROJ)=  .559
  RAP. Y  DN/DY:1 PX(Y):1 PT(Y)1  DN/DY:2 PX(Y):2 PT(Y)2  DN/DY:3 PX(Y):3 PT(Y)3
  -.7826     1.49   66.05 182.70      .75     .20    .22      .00     .00    .00
  -.6708    20.12   17.55 196.89      .75    -.06    .17      .00     .00    .00
  -.5590    24.60 -111.85 234.73      .00     .00    .00      .75     .06    .07
  -.4472    34.29  -50.55 249.31      .75     .09    .11      .75    -.06    .07
  -.3354    23.85  -18.12 377.18     1.49    -.03    .09      .75    -.13    .37
  -.2236    29.07  -44.17 398.35     1.49    -.02    .19      .75     .11    .11
  -.1118    29.81   51.75 389.37      .00     .00    .00      .75     .13    .14
   .0000    48.45    3.55 382.54     1.49    -.06    .19     2.24    -.06    .13
   .1118    26.83   23.09 339.64     2.24    -.04    .09     3.73    -.04    .10
   .2236    24.60   14.68 385.21     1.49    -.01    .13      .75    -.14    .16
   .3354    27.58   10.89 413.49     1.49    -.04    .13      .75    -.05    .09
   .4472    26.09   57.43 295.29      .00     .00    .00     1.49    -.03    .07
   .5590    29.81   96.35 247.40      .00     .00    .00     1.49    -.06    .07
   .6708    15.65   78.17 190.48     1.49    -.03    .04     2.98     .03    .14
   .7826      .00     .00    .00      .00     .00    .00      .00     .00    .00
 
 AZIMUTHAL DN/DPHI DIST. AT Y(TARG)= -.559, Y(CM)=  .000, Y(PROJ)=  .559+- .112
  PHI  Y(TA):1 Y(CM):1 Y(PR):1  Y(TA):2 Y(CM):2 Y(PR):2  Y(TA):3 Y(CM):3 Y(PR):3
  10.    .0250   .0667   .0750    .0000   .0000   .0000    .0000   .0000   .0000
  30.    .0125   .0375   .0542    .0042   .0000   .0000    .0042   .0042   .0000
  50.    .0250   .0417   .0292    .0000   .0042   .0000    .0000   .0042   .0000
  70.    .0333   .0458   .0208    .0000   .0000   .0000    .0000   .0000   .0000
  90.    .0375   .0667   .0500    .0000   .0000   .0000    .0000   .0000   .0083
 110.    .0583   .0542   .0208    .0042   .0042   .0000    .0000   .0042   .0000
 130.    .0583   .0458   .0125    .0000   .0000   .0000    .0000   .0042   .0000
 150.    .0333   .0375   .0167    .0000   .0083   .0000    .0000   .0000   .0042
 170.    .0458   .0500   .0333    .0000   .0000   .0000    .0000   .0042   .0042
 
 TRANSVERSE MOMENTUM SPECTRA DN/DPT AND DN/(PT DPT) AT Y(CM)=  .000+- .112
  PT(MEV)  DN/DPT:GR1 DN/PTDPT:1  DN/DPT:GR2 DN/PTDPT:2  DN/DPT:GR3 DN/PTDPT:3
    12.50  3.3333E-03 2.6667E-04  1.3333E-02 1.0667E-03  1.6667E-02 1.3333E-03
    37.50  3.3333E-03 8.8889E-05  0.0000E+00 0.0000E+00  0.0000E+00 0.0000E+00
    62.50  6.6667E-03 1.0667E-04  0.0000E+00 0.0000E+00  0.0000E+00 0.0000E+00
    87.50  1.0000E-02 1.1429E-04  0.0000E+00 0.0000E+00  0.0000E+00 0.0000E+00
   112.50  1.0000E-02 8.8889E-05  0.0000E+00 0.0000E+00  0.0000E+00 0.0000E+00
   137.50  1.0000E-02 7.2727E-05  0.0000E+00 0.0000E+00  0.0000E+00 0.0000E+00
   162.50  2.3333E-02 1.4359E-04  0.0000E+00 0.0000E+00  0.0000E+00 0.0000E+00
   187.50  1.0000E-02 5.3333E-05  0.0000E+00 0.0000E+00  0.0000E+00 0.0000E+00
   212.50  6.6667E-03 3.1373E-05  0.0000E+00 0.0000E+00  0.0000E+00 0.0000E+00
   237.50  2.0000E-02 8.4211E-05  0.0000E+00 0.0000E+00  0.0000E+00 0.0000E+00
   262.50  2.3333E-02 8.8889E-05  0.0000E+00 0.0000E+00  0.0000E+00 0.0000E+00
   287.50  2.3333E-02 8.1159E-05  0.0000E+00 0.0000E+00  0.0000E+00 0.0000E+00
   312.50  1.0000E-02 3.2000E-05  0.0000E+00 0.0000E+00  0.0000E+00 0.0000E+00
   337.50  1.3333E-02 3.9506E-05  0.0000E+00 0.0000E+00  0.0000E+00 0.0000E+00
   362.50  1.3333E-02 3.6782E-05  0.0000E+00 0.0000E+00  0.0000E+00 0.0000E+00
   387.50  2.3333E-02 6.0215E-05  0.0000E+00 0.0000E+00  0.0000E+00 0.0000E+00
   412.50  6.6667E-03 1.6162E-05  0.0000E+00 0.0000E+00  0.0000E+00 0.0000E+00
   437.50  1.3333E-02 3.0476E-05  0.0000E+00 0.0000E+00  0.0000E+00 0.0000E+00
   462.50  6.6667E-03 1.4414E-05  0.0000E+00 0.0000E+00  0.0000E+00 0.0000E+00
   487.50  6.6667E-03 1.3675E-05  0.0000E+00 0.0000E+00  0.0000E+00 0.0000E+00
   512.50  1.6667E-02 3.2520E-05  0.0000E+00 0.0000E+00  0.0000E+00 0.0000E+00
   537.50  1.0000E-02 1.8605E-05  0.0000E+00 0.0000E+00  0.0000E+00 0.0000E+00
   562.50  1.0000E-02 1.7778E-05  0.0000E+00 0.0000E+00  0.0000E+00 0.0000E+00
   587.50  2.3333E-02 3.9716E-05  0.0000E+00 0.0000E+00  0.0000E+00 0.0000E+00
   612.50  1.0000E-02 1.6327E-05  0.0000E+00 0.0000E+00  0.0000E+00 0.0000E+00
   637.50  6.6667E-03 1.0458E-05  0.0000E+00 0.0000E+00  0.0000E+00 0.0000E+00
   662.50  6.6667E-03 1.0063E-05  0.0000E+00 0.0000E+00  0.0000E+00 0.0000E+00
   687.50  0.0000E+00 0.0000E+00  0.0000E+00 0.0000E+00  0.0000E+00 0.0000E+00
   712.50  3.3333E-03 4.6784E-06  0.0000E+00 0.0000E+00  0.0000E+00 0.0000E+00
   737.50  1.0000E-02 1.3559E-05  0.0000E+00 0.0000E+00  0.0000E+00 0.0000E+00
 
  ************  E N D   O F   S T A T I S T I C S  ********
 END OF PROGRAM
