 
 Deuteron Bound State
 Local Binding Energy =  -2.2229999999984065     
 Local ANC=  0.86921657895288307     
 Deuteron Bound Energy=  -2.2229999999984065     
 
 Nucleon Bound State
 Local Binding Energy =  -6.2399999999989584     
 Local ANC=   7.5840603633756229     
 E =   -5.0989999999899087     
 E =   -5.1199999999822596     
 E =   -5.1619999999745998     
 E =   -5.1389999999668827     
 E =   -5.1459999999591970     
 E =   -5.1449999999515015     
 Nonlocal Binding Energy =   -5.1449999999515015     
 Nonlocal ANC=   6.6843066089513172     
 Nucleon Bound Energy =   -5.1449999999515015     
 
 Deuteron Scattering State
 Ecm =    19.199999999999999     
 
 L Jp =           0   1.0000000000000000     
 SM =  (-0.16069860577972930     ,-0.52227273929753582     )
 diff,time=  0.65841321141361264        102.37839800000000     
 diff,time=  0.35299587845624109        169.90261799999999     
 diff,time=  0.20952093881406508        237.36283399999999     
 diff,time=   8.4322605889893321E-002   304.71904300000000     
 diff,time=   4.0275371701771569E-002   372.09525400000001     
 diff,time=   1.8831743791677093E-002   439.47946500000000     
 diff,time=   8.1895282266922845E-003   506.84767499999998     
 diff,time=   3.1891399472849507E-003   574.22388599999999     
 diff,time=   1.1905711292325984E-003   641.59609699999999     
 diff,time=   4.5417853809659090E-004   708.96430599999997     
 SM =  (-0.24916475803583044     ,  3.2205884149881694E-002)
 
 L Jp =           1   0.0000000000000000     
 SM =  (-0.26355209656340822     , 0.44884024558421021     )
 diff,time=   1.8901760304508306        775.31245300000000     
 diff,time=  0.47294247780701537        842.66066200000000     
 diff,time=  0.25530847526086708        910.15688100000000     
 diff,time=  0.12606018104267749        977.62109699999996     
 diff,time=   6.7217482831420136E-002   1045.0653119999999     
 diff,time=   3.2169808363654719E-002   1112.4975260000001     
 diff,time=   1.2645391547656332E-002   1180.3017640000000     
 diff,time=   5.0532355497844529E-003   1248.0499970000001     
 diff,time=   2.1026066681523537E-003   1316.0982500000000     
 diff,time=   8.2993579230107074E-004   1384.1185009999999     
 SM =  ( 0.22571448902030983     ,  3.1195103945270593E-002)
 
 L Jp =           1   1.0000000000000000     
 SM =  (-0.38664803813064624     , 0.35563155313805472     )
 diff,time=   1.8451676864758975        1452.0827489999999     
 diff,time=  0.43248935884227419        1519.8029810000000     
 diff,time=  0.21390487354856236        1587.6392200000000     
 diff,time=   9.6689363781423537E-002   1655.3154500000001     
 diff,time=   4.8915610861563937E-002   1722.8756719999999     
 diff,time=   2.3868559503473236E-002   1790.2798840000000     
 diff,time=   9.5423402025126558E-003   1857.6920980000000     
 diff,time=   3.6429405401242395E-003   1925.2963230000000     
 diff,time=   1.4555383478409767E-003   1992.9885540000000     
 diff,time=   5.7973148832355531E-004   2060.6727839999999     
 SM =  ( 0.18299979798771945     , 0.13275193288333043     )
 
 L Jp =           1   2.0000000000000000     
 SM =  (-0.53127609346174232     ,  9.1376602443803176E-002)
 diff,time=   1.8069882066453546        2128.4210170000001     
 diff,time=  0.29440015324663787        2195.1851900000001     
 diff,time=  0.13695334132884326        2260.4772710000002     
 diff,time=   5.8140342067885153E-002   2325.7533500000000     
 diff,time=   2.3912545918777697E-002   2391.0574310000002     
 diff,time=   1.1456083341081807E-002   2456.4175160000000     
 diff,time=   4.8893153472992709E-003   2521.6855949999999     
 diff,time=   1.8587781515300114E-003   2587.2536919999998     
 diff,time=   6.7801442454481229E-004   2652.7497850000000     
 SM =  ( -2.2500966565566785E-002, 0.23374726445199528     )
 
 L Jp =           2   1.0000000000000000     
 SM =  ( 0.44977563656288583     , 0.25795671914509227     )
 diff,time=  0.90674540283688321        2718.4298899999999     
 diff,time=  0.83420590788471660        2783.8499790000001     
 diff,time=  0.20948969923824487        2849.5380839999998     
 diff,time=  0.14501058573768341        2915.2101889999999     
 diff,time=   8.4287954202226442E-002   2980.8662920000002     
 diff,time=   3.4356911631291252E-002   3046.4743920000001     
 diff,time=   1.4812307410021442E-002   3112.0784920000001     
 diff,time=   6.3243594596345586E-003   3177.7745980000000     
 diff,time=   2.5460518042015375E-003   3243.2866920000001     
 diff,time=   9.6208757319988982E-004   3309.0027989999999     
 SM =  (  1.6347388176237262E-002,-0.15878578113724565     )
 
 L Jp =           2   2.0000000000000000     
 SM =  ( 0.25788781245888437     , 0.46808755105700073     )
 diff,time=  0.66783872890551788        3374.6549020000002     
 diff,time=  0.50004636686877890        3440.2510010000001     
 diff,time=  0.17643604601480509        3505.7710959999999     
 diff,time=   8.2203779657072970E-002   3571.4111990000001     
 diff,time=   4.6820274098330332E-002   3638.8434130000001     
 diff,time=   2.0315637059088142E-002   3706.5996479999999     
 diff,time=   8.0913515983857091E-003   3774.2838769999998     
 diff,time=   3.1691320067297494E-003   3841.7680949999999     
 diff,time=   1.2664857002326454E-003   3908.6402739999999     
 diff,time=   4.9026125344787909E-004   3975.4124470000002     
 SM =  ( 0.20296070776692166     , -9.8791247543319874E-002)
 
 L Jp =           2   3.0000000000000000     
 SM =  (-0.16695411207453770     , 0.51707277908291882     )
 diff,time=  0.58724730578063511        4042.3166280000000     
 diff,time=  0.20433957382981749        4109.1608059999999     
 diff,time=   9.2224934272922846E-002   4175.8849760000003     
 diff,time=   3.4402970410189339E-002   4242.7051520000005     
 diff,time=   1.4235386623351999E-002   4309.7733429999998     
 diff,time=   6.2732895639263505E-003   4376.9575420000001     
 diff,time=   2.5969828362141204E-003   4443.6177079999998     
 diff,time=   9.6991294079167272E-004   4510.9259140000004     
 SM =  ( 0.18321392817395396     , 0.20247204780209030     )
 
 L Jp =           3   2.0000000000000000     
 SM =  ( 0.20433019121707269     ,-0.43839988789838780     )
 diff,time=  0.91702570116717030        4578.3661300000003     
 diff,time=  0.47055320315785182        4644.2222449999999     
 diff,time=  0.23500250035119960        4709.6863370000001     
 diff,time=  0.16060563265298469        4775.7224630000001     
 diff,time=   8.3057809314864436E-002   4843.3346890000003     
 diff,time=   3.6390492685826836E-002   4910.9829170000003     
 diff,time=   1.6159203096044922E-002   4979.6472080000003     
 diff,time=   7.0395112911663411E-003   5048.8035300000001     
 diff,time=   2.7389071741556145E-003   5116.4837600000001     
 diff,time=   1.0212706974085106E-003   5184.1319869999998     
 diff,time=   3.8795369729007715E-004   5251.6802079999998     
 SM =  (-0.20800177772674344     ,  6.7779283361990933E-002)
 
 L Jp =           3   3.0000000000000000     
 SM =  ( 0.49496843436650917     , -7.1994489442241225E-002)
 diff,time=   1.3109171327880289        5319.3844399999998     
 diff,time=  0.37242630770034874        5387.0006659999999     
 diff,time=  0.14146279678584772        5454.8329050000002     
 diff,time=   7.2483394034202397E-002   5522.6091399999996     
 diff,time=   3.7947773804727143E-002   5588.2292420000003     
 diff,time=   1.6556021447420629E-002   5653.8013400000000     
 diff,time=   6.3906284835270818E-003   5719.4174400000002     
 diff,time=   2.5807661347574569E-003   5785.0775439999998     
 diff,time=   1.0458679688039986E-003   5850.6776440000003     
 diff,time=   3.9602959947340109E-004   5916.2817439999999     
 SM =  ( -7.1371293645546674E-002,-0.17562040942995988     )
 
 L Jp =           3   4.0000000000000000     
 SM =  ( 0.28720711626169082     , 0.46432708371673520     )
 diff,time=   1.0854360901250415        5981.8818439999995     
 diff,time=  0.16828454913533977        6047.2459289999997     
 diff,time=   5.8073943698959365E-002   6112.6340149999996     
 diff,time=   2.2056081620209701E-002   6178.2261150000004     
 diff,time=   8.4121965028208148E-003   6243.7382079999998     
 diff,time=   3.6795428489469813E-003   6309.4103130000003     
 diff,time=   1.5069451977860987E-003   6375.0824169999996     
 diff,time=   5.5818302056033508E-004   6440.6305130000001     
 SM =  ( 0.24799721438487476     ,  7.1325455556139825E-002)
 
 L Jp =           4   3.0000000000000000     
 SM =  (-0.44143118235673218     ,-0.20013871591482724     )
 diff,time=   1.9999418260055817        6506.2106119999999     
 diff,time=  0.60677061714062286        6571.8827170000004     
 diff,time=  0.24505607147673991        6637.6428260000002     
 diff,time=  0.21938305724250731        6703.3029290000004     
 diff,time=  0.10453084898418352        6768.8430259999996     
 diff,time=   5.0990674188115051E-002   6834.5431310000004     
 diff,time=   2.3365527816787024E-002   6900.1192289999999     
 diff,time=   9.4285729346248355E-003   6965.6793269999998     
 diff,time=   3.7306031405919490E-003   7031.2554250000003     
 diff,time=   1.4417854805945914E-003   7096.9355299999997     
 diff,time=   5.3456676457752043E-004   7162.5836330000002     
 SM =  (  2.7976023237404307E-002,  1.4566009136154167E-002)
 
 L Jp =           4   4.0000000000000000     
 SM =  ( -8.4675869199514926E-003,-0.51851560470598834     )
 diff,time=   1.0774189661454987        7228.1557309999998     
 diff,time=  0.46976326995929613        7293.7358290000002     
 diff,time=  0.10774619389087556        7359.5199409999996     
 diff,time=   6.1947160266143664E-002   7424.9920320000001     
 diff,time=   3.2383419714340160E-002   7490.5881319999999     
 diff,time=   1.3083938374656174E-002   7556.2962390000002     
 diff,time=   5.1700416648638135E-003   7622.0563480000001     
 diff,time=   2.0814140839098376E-003   7687.9644669999998     
 diff,time=   8.1577465455939758E-004   7755.6566979999998     
 SM =  (-0.23084052454570994     , -3.9783762307974667E-002)
 
 L Jp =           4   5.0000000000000000     
 SM =  ( 0.50736826511281430     , -2.5323395957442433E-002)
 diff,time=  0.44769364132021566        7823.3649290000003     
 diff,time=  0.12896136033263114        7890.9931550000001     
 diff,time=   2.7351150912829879E-002   7958.6533840000002     
 diff,time=   1.0849078389815052E-002   8026.4736229999999     
 diff,time=   4.1380438192777013E-003   8094.2098560000004     
 diff,time=   1.5912084560725215E-003   8162.0300950000001     
 diff,time=   6.2841044458203312E-004   8229.7743279999995     
 SM =  ( 0.18424829207769053     ,-0.13648335331580211     )
 
 L Jp =           5   4.0000000000000000     
 SM =  ( 0.13558805420945358     , 0.36583000988338532     )
 diff,time=   1.0318045849927246        8297.1425390000004     
 diff,time=  0.87967650740784942        8364.9347749999997     
 diff,time=  0.22405579129969996        8432.7110109999994     
 diff,time=  0.21310697596413383        8500.4312430000009     
 diff,time=   9.9620698651768758E-002   8568.7795139999998     
 diff,time=   5.2727486707733875E-002   8636.4157410000007     
 diff,time=   2.3915743623955068E-002   8704.2279789999993     
 diff,time=   9.4992344121253118E-003   8772.1002210000006     
 diff,time=   3.7528561477696404E-003   8839.9764630000009     
 diff,time=   1.4465440228663144E-003   8907.6766939999998     
 diff,time=   5.2363711628285582E-004   8974.9368979999999     
 SM =  ( 0.11900359717193054     ,-0.24338939541077442     )
 
 L Jp =           5   5.0000000000000000     
 SM =  (-0.44057735063709147     ,-0.11594568247098382     )
 diff,time=  0.64046227699112956        9043.0091520000005     
 diff,time=  0.32161833474733265        9111.1694119999993     
 diff,time=   8.7012720712216066E-002   9179.3776739999994     
 diff,time=   5.2984115868748988E-002   9247.4019250000001     
 diff,time=   2.6757225165061811E-002   9315.3501730000007     
 diff,time=   1.1193166506168551E-002   9383.2704169999997     
 diff,time=   4.6431524399437917E-003   9451.2026619999997     
 diff,time=   1.9087653090131785E-003   9519.0829049999993     
 diff,time=   7.3289184716824089E-004   9586.9911489999995     
 SM =  (  4.0403805844380671E-003,  8.1747278155706191E-002)
 
 L Jp =           5   6.0000000000000000     
 SM =  ( 0.19095344942940662     ,-0.52371487552047358     )
 diff,time=  0.43428901975388168        9654.9393949999994     
 diff,time=  0.10263515955431221        9722.8316379999997     
 diff,time=   3.9610250535934040E-003   9790.7638829999996     
 diff,time=   4.4598052254411352E-003   9858.6161240000001     
 diff,time=   2.0906152157576254E-003   9926.6163739999993     
 diff,time=   7.5745060883039095E-004   9994.6286249999994     
 SM =  (  2.9764043155868208E-002,-0.29884769390136334     )
 
 L Jp =           6   5.0000000000000000     
 SM =  ( 0.42871339338328290     ,-0.25154151008583014     )
 diff,time=  0.59040150549990600        10062.536869000000     
 diff,time=  0.64054764782710560        10130.333106000000     
 diff,time=  0.49569147662829816        10198.173344999999     
 diff,time=  0.16657030854134353        10266.069589000001     
 diff,time=  0.17712680480428497        10333.445798999999     
 diff,time=   8.3432966664696975E-002   10399.533928999999     
 diff,time=   3.5230429216517395E-002   10465.470051000000     
 diff,time=   1.3887442161272844E-002   10532.198221000001     
 diff,time=   5.1198254971440591E-003   10598.606371000000     
 diff,time=   1.8844975576084817E-003   10666.314602000000     
 diff,time=   6.7987286179833331E-004   10734.210845000000     
 SM =  ( 0.35104118025305797     , -5.7425864448874389E-002)
 
 L Jp =           6   6.0000000000000000     
 SM =  ( 0.26364329114905533     , 0.39607635249755324     )
 diff,time=  0.99151992007319900        10802.151092000000     
 diff,time=  0.31125260740524352        10869.987331000000     
 diff,time=   5.5637229594944708E-002   10937.943578000000     
 diff,time=   4.6761019410203386E-002   11005.807819000000     
 diff,time=   2.0757603378755304E-002   11073.776067000001     
 diff,time=   8.4610491649402004E-003   11141.572303999999     
 diff,time=   3.5382699507981990E-003   11209.352540000000     
 diff,time=   1.4426479418086656E-003   11275.124651000000     
 diff,time=   5.4768297940147525E-004   11341.704811000000     
 SM =  ( 0.28784855733684134     , -7.0696097152455811E-002)
 
 L Jp =           6   7.0000000000000000     
 SM =  (-0.30602058199540233     ,-0.36347626525869908     )
 diff,time=  0.39212481497944351        11409.669059000000     
 diff,time=   8.8315523842287025E-002   11477.517300000000     
 diff,time=   9.9423650694799824E-004   11545.265534000000     
 SM =  ( -9.8209087264434669E-002,-0.24192154929419485     )
 
 L Jp =           7   6.0000000000000000     
 SM =  ( 0.45664169066042271     , 0.37952126080160253     )
 diff,time=  0.35684944452191752        11613.057769999999     
 diff,time=  0.29659397460446607        11681.338037000000     
 diff,time=  0.19344743904597930        11749.142275000000     
 diff,time=  0.17947930912826146        11816.882508000001     
 diff,time=   8.0303176476282989E-002   11884.730748000000     
 diff,time=   3.0879702746707403E-002   11952.418979000000     
 diff,time=   1.2329971702842646E-002   12020.139211000000     
 diff,time=   4.6141087021658233E-003   12087.819441000000     
 diff,time=   1.5810894427610259E-003   12156.179713000000     
 diff,time=   5.5390360245584098E-004   12223.911946000000     
 SM =  ( 0.67030794321446807     ,  7.1305253531393576E-003)
 
 L Jp =           7   7.0000000000000000     
 SM =  ( 0.52482564968051848     ,-0.14488614410377965     )
 diff,time=  0.67388066213522990        12291.724184000001     
 diff,time=  0.21757053413136229        12359.480419000000     
 diff,time=   6.1003119514821492E-002   12427.284656000000     
 diff,time=   3.1791467146427332E-002   12494.912883000001     
 diff,time=   1.7396613309734826E-002   12562.625115000001     
 diff,time=   7.9716601872638695E-003   12630.297343000000     
 diff,time=   3.3692756220863730E-003   12697.949572000000     
 diff,time=   1.3163314938448075E-003   12766.077829000000     
 diff,time=   4.8521583802163027E-004   12833.682054000001     
 SM =  ( 0.26726592974466101     , -2.1884292074586136E-003)
 
 L Jp =           7   8.0000000000000000     
 SM =  (  9.6601879391410128E-002, 0.47321044863018435     )
 diff,time=  0.47718420452826416        12901.318281000000     
 diff,time=  0.16308512185079485        12968.926506000000     
 diff,time=   3.4295043402414051E-002   13036.326719000001     
 diff,time=   1.5060617646987065E-002   13104.010947999999     
 diff,time=   3.6179048957311857E-003   13171.575171000000     
 diff,time=   9.3744581672232125E-004   13238.887377999999     
 SM =  (  9.9149692026055322E-003,  9.6225727577758005E-002)
 
 L Jp =           8   7.0000000000000000     
 SM =  ( 0.86024175091604360     , 0.14881133895225931     )
 diff,time=   2.1870081171972266E-002   13306.579608000000     
 diff,time=   6.5291157593546936E-002   13374.347843000000     
 diff,time=   6.2436583096726499E-002   13442.176082000000     
 diff,time=   3.9676754061987014E-002   13509.836310999999     
 diff,time=   1.4347230810465791E-002   13577.616547000000     
 diff,time=   5.0388634232845847E-003   13645.328778999999     
 diff,time=   1.7049674086419303E-003   13713.065011999999     
 diff,time=   6.1087259209285471E-004   13780.653236000000     
 SM =  ( 0.88310041998860123     ,  3.1963125568124050E-002)
 
 L Jp =           8   8.0000000000000000     
 SM =  ( 0.59383310189930738     , 0.42575967002444104     )
 diff,time=  0.22052141998986574        13847.973443000001     
 diff,time=   9.8785392974287997E-002   13915.345654000001     
 diff,time=   1.4571375800137237E-002   13982.725865000000     
 diff,time=   1.5284916756229339E-002   14050.122077000000     
 diff,time=   9.1710613810559900E-003   14117.502288000000     
 diff,time=   4.3214791916961820E-003   14184.886499000000     
 diff,time=   1.7213703975877926E-003   14252.254709000001     
 diff,time=   6.2178821328228904E-004   14319.670923000000     
 SM =  ( 0.62756362776554342     , 0.24797590390009369     )
 
 L Jp =           8   9.0000000000000000     
 SM =  ( 0.75062325473706115     , 0.15815787443902557     )
 diff,time=  0.21796891987409822        14387.043132999999     
 diff,time=  0.15327590665866542        14454.379342000000     
 diff,time=   5.4394012952998547E-002   14521.735551000000     
 diff,time=   2.2075841499487842E-002   14591.515912000001     
 diff,time=   4.3537384017279463E-003   14664.500473000000     
 diff,time=   1.6749615857927834E-003   14736.284959000001     
 diff,time=   6.8344629359070599E-004   14808.125450000000     
 SM =  ( 0.49448890197920770     , 0.25914260967844488     )
 
 L Jp =           9   8.0000000000000000     
 SM =  ( 0.98318362960259997     ,  6.5559910813596939E-002)
 diff,time=   2.1742853302695302E-002   14879.661920000000     
 diff,time=   2.4949602471576012E-002   14948.438217999999     
 diff,time=   2.2472117228815050E-002   15014.238331000000     
 diff,time=   1.3647427260962131E-002   15083.846681000001     
 diff,time=   4.4180483741467057E-003   15153.507035000001     
 diff,time=   1.4689112844495709E-003   15223.147386000001     
 diff,time=   4.5256633759803910E-004   15292.863743000000     
 SM =  ( 0.96690367884714634     ,  1.3836042734769660E-002)
 
 L Jp =           9   9.0000000000000000     
 SM =  ( 0.94768358809289999     , 0.13933602725356217     )
 diff,time=   6.6295375898740558E-002   15362.376088000001     
 diff,time=   1.9734108572510366E-002   15432.156449000000     
 diff,time=   2.3111965215689631E-002   15501.864804999999     
 diff,time=   1.4124937933584606E-002   15571.605164000001     
 diff,time=   6.0342547308377221E-003   15641.313520000000     
 diff,time=   2.2002803783935476E-003   15710.953873000000     
 diff,time=   7.6039470575063313E-004   15781.118258000000     
 SM =  ( 0.89130940312563145     , 0.16142224762136545     )
 
 L Jp =           9   10.000000000000000     
 SM =  ( 0.69998916920820287     , 0.26733191269282880     )
 diff,time=  0.33660496880414975        15852.042690000000     
 diff,time=   7.3097741380992023E-002   15925.343271000000     
 diff,time=   5.8706680735447790E-002   15998.615850000000     
 diff,time=   2.7981931903794447E-002   16073.088505000000     
 diff,time=   1.4163658022208130E-002   16146.701105000000     
 diff,time=   6.4348147422441148E-003   16220.001686000000     
 diff,time=   2.4250448558850507E-003   16292.050189000000     
 diff,time=   8.7289344237377240E-004   16362.534594000001     
 SM =  ( 0.73986111031524426     , 0.16372054320365531     )
 
 L Jp =          10   9.0000000000000000     
 SM =  ( 0.99732564881906227     ,  1.9339460709714349E-002)
 diff,time=  0.15008066420952215        16436.331205999999     
 diff,time=  0.14519241641150427        16510.875864000001     
 diff,time=  0.11178769914820488        16585.036499000002     
 diff,time=   5.6595422722937862E-002   16655.912928000002     
 diff,time=   1.5643203167401244E-002   16726.717353000000     
 diff,time=   4.9484871203574468E-003   16798.905865000001     
 diff,time=   1.4537242651930713E-003   16871.230384999999     
 diff,time=   4.7976159862127672E-004   16952.027434000000     
 SM =  ( 0.99120874549602445     ,  4.4564563360859301E-003)
 
 L Jp =          10   10.000000000000000     
 SM =  ( 0.99256616256694263     ,  5.3895157877091218E-002)
 diff,time=  0.61900987347269198        17042.981119000000     
 diff,time=  0.52413854143139949        17134.662849000000     
 diff,time=  0.26985230046827197        17213.395768999999     
 diff,time=   9.0222649564245583E-002   17287.520401999998     
 diff,time=   3.1109235197208273E-002   17364.109187999999     
 diff,time=   9.9432548241113854E-003   17439.649909000000     
 diff,time=   3.1027161917437634E-003   17513.914550000001     
 diff,time=   9.6535824346923483E-004   17587.023119000001     
 SM =  ( 0.98128646130969555     ,  6.5981770720926619E-002)
 
 L Jp =          10   11.000000000000000     
 SM =  ( 0.98593955387449439     ,  9.6081156153036279E-002)
 diff,time=   1.1226888603738021        17662.439833000000     
 diff,time=  0.34396805913094369        17732.992242000000     
 diff,time=  0.45402257090517673        17803.560652000000     
 diff,time=  0.20871013535216087        17874.677097000000     
 diff,time=  0.10041654097392472        17947.773665000001     
 diff,time=   3.7349271506054924E-002   18021.866295000000     
 diff,time=   1.2542437895621268E-002   18107.119622999999     
 diff,time=   4.0752985626892691E-003   18198.845356000002     
 diff,time=   1.2980734725775342E-003   18286.630842999999     
 diff,time=   4.0472263002098822E-004   18361.215502999999     
 SM =  ( 0.92799399496851820     , 0.14734072065822776     )
 
 L Jp =          11   10.000000000000000     
 SM =  ( 0.99947774725182603     ,  5.8398960221489396E-003)
 diff,time=   2.1937031348833033E-003   18434.808102999999     
 diff,time=   2.3709946726768534E-003   18505.480519000001     
 diff,time=   1.9978944875888162E-003   18577.805038999999     
 diff,time=   1.0335516991013254E-003   18650.737596999999     
 diff,time=   2.7481695380730982E-004   18723.770162000001     
 SM =  ( 0.99772706639378195     ,  1.3146639923332793E-003)
 
 L Jp =          11   11.000000000000000     
 SM =  ( 0.99917587125107699     ,  1.6739621427500340E-002)
 diff,time=   3.8612092120489162E-003   18795.686656000002     
 diff,time=   3.8920759628779692E-003   18866.543085000001     
 diff,time=   2.3731180369266558E-003   18937.655529000000     
 diff,time=   8.1272450318217325E-004   19008.627963999999     
 SM =  ( 0.99671514111506909     ,  2.2645915036875412E-002)
 
 L Jp =          11   12.000000000000000     
 SM =  ( 0.99779159305365128     ,  2.8930608789402415E-002)
 diff,time=   1.1063705484847208E-002   19079.352384000002     
 diff,time=   3.4191060563847457E-002   19150.180810999998     
 diff,time=   4.3584626032155634E-002   19221.121244000002     
 diff,time=   2.0499668420311843E-002   19291.833664000002     
 diff,time=   6.8472522454501210E-003   19362.830101000000     
 diff,time=   2.5832602330985817E-003   19433.482516000000     
 diff,time=   8.2387918327926581E-004   19504.302941999998     
 SM =  ( 0.99267234832317530     ,  4.9484792490055905E-002)
 
 L Jp =          12   11.000000000000000     
 SM =  ( 0.99989037664075198     ,  1.7731163874978467E-003)
 diff,time=   4.4229857624145954E-004   19575.007360000000     
 SM =  ( 0.99980463706453726     ,  1.3399749045298330E-003)
 
 L Jp =          12   12.000000000000000     
 SM =  ( 0.99986302519377013     ,  5.4325905198906507E-003)
 diff,time=   1.0556539140851066E-003   19645.643775000000     
 diff,time=   9.4450705581025499E-004   19717.372257999999     
 SM =  ( 0.99907696958993530     ,  7.2611506349317973E-003)
 
 L Jp =          12   13.000000000000000     
 SM =  ( 0.99974520074452522     ,  9.6178790176414380E-003)
 diff,time=   3.3261845530049988E-003   19790.208810000000     
 diff,time=   1.6095399995822362E-002   19863.225373000001     
 diff,time=   1.9417426330862648E-002   19936.053925000000     
 diff,time=   6.4233611273035651E-003   20008.978481999999     
 diff,time=   2.2731557465573878E-003   20081.271000000001     
 diff,time=   8.2456986573023710E-004   20154.203558000001     
 SM =  ( 0.99901466251980198     ,  1.5925926036037704E-002)
 
 L Jp =          13   12.000000000000000     
 SM =  ( 0.99997636550617808     ,  5.3604427177341915E-004)
 diff,time=   1.8459111683765466E-004   20227.148117000001     
 SM =  ( 0.99995627825184785     ,  4.0157514983802224E-004)
 
 L Jp =          13   13.000000000000000     
 SM =  ( 0.99997360298444837     ,  1.7909679587401754E-003)
 diff,time=   5.7381437760907537E-004   20300.052672999998     
 SM =  ( 0.99982176916028342     ,  2.1849004725379650E-003)
 
 L Jp =          13   14.000000000000000     
 SM =  ( 0.99996702774088986     ,  3.1686478628686590E-003)
 diff,time=   3.2514053399054256E-003   20372.957229000000     
 diff,time=   4.7302419430535474E-002   20445.949791999999     
 diff,time=   4.6716118801857553E-002   20518.882350000000     
 diff,time=   3.2648164922103218E-003   20591.818908000001     
 diff,time=   1.4106209446490719E-003   20664.743465000000     
 diff,time=   4.5554430873912530E-004   20737.780029000001     
 SM =  ( 0.99974303508141549     ,  5.3716559593648744E-003)
 
 L Jp =          14   13.000000000000000     
 SM =  ( 0.99999485678447830     ,  1.6067000958722480E-004)
 diff,time=   1.1492875266638266E-003   20813.888786000000     
 diff,time=   1.1597869879195117E-003   20891.909661999998     
 diff,time=   8.6438327593625760E-004   20969.074485000001     
 SM =  ( 0.99997740588994832     ,  4.9277646752619480E-005)
 
 L Jp =          14   14.000000000000000     
 SM =  ( 0.99999456706542178     ,  5.9322905460523724E-004)
 diff,time=   4.5538404450720426E-003   21045.283246999999     
 diff,time=   3.4527579723571135E-003   21122.516073999999     
 diff,time=   1.2866326981298302E-003   21201.176990000000     
 diff,time=   3.3507240923049097E-004   21277.913785000001     
 SM =  ( 0.99996801968617988     ,  9.0583632063738928E-004)
 
 L Jp =          14   15.000000000000000     
 SM =  ( 0.99999397750189656     ,  1.0600865684640584E-003)
 diff,time=   3.5405002155425434E-002   21354.230555999999     
 diff,time=   8.9776272294998724E-002   21431.583388999999     
 diff,time=   6.3335478583816954E-002   21509.856281000000     
 diff,time=   1.8131101012645586E-002   21585.857031000000     
 diff,time=   7.2892639960660359E-003   21663.629892000001     
 diff,time=   2.1932031349841874E-003   21740.122672000001     
 diff,time=   6.7207841419042545E-004   21816.619452999999     
 SM =  ( 0.99996769267427132     ,  1.8447673949435991E-003)
 
 L Jp =          15   14.000000000000000     
 SM =  ( 0.99999887794198117     ,  4.7709555634339198E-005)
 diff,time=   1.4728501592575941E-005   21893.260243000001     
 SM =  ( 0.99999791839237417     ,  3.5690106038206392E-005)
 
 L Jp =          15   15.000000000000000     
 SM =  ( 0.99999884711092490     ,  1.9681192632747628E-004)
 diff,time=   7.7146198550597197E-005   21970.125047000001     
 SM =  ( 0.99998294119632936     ,  2.5793813848987011E-004)
 
 L Jp =          15   16.000000000000000     
 SM =  ( 0.99999878636085637     ,  3.5631954742782693E-004)
 diff,time=   7.2337623084511968E-004   22046.201800999999     
 SM =  ( 0.99940667506974767     ,  3.6335110482841899E-004)
 
 L Jp =          16   15.000000000000000     
 SM =  ( 0.99999975522570284     ,  1.4059413844389588E-005)
 diff,time=   3.7409660455147510E-006   22123.646639999999     
 SM =  ( 0.99999956328635320     ,  1.0558160293807817E-005)
 
 L Jp =          16   16.000000000000000     
 SM =  ( 0.99999975192231416     ,  6.5375015246205547E-005)
 diff,time=   2.5024682948084247E-005   22201.287493000000     
 SM =  ( 0.99999456783341445     ,  8.8251018463137289E-005)
 
 L Jp =          16   17.000000000000000     
 SM =  ( 0.99999974535547842     ,  1.1996274422985278E-004)
 diff,time=   2.6257712805615179E-004   22277.916281999998     
 SM =  ( 0.99975696296752881     ,  1.6014597317928476E-004)
 
 L Jp =          17   16.000000000000000     
 SM =  ( 0.99999994665469882     ,  4.2506099692771268E-006)
 diff,time=   4.7751409231490995E-006   22352.964972000002     
 SM =  ( 0.99999991511560771     ,  3.2182366235525453E-006)
 
 L Jp =          17   17.000000000000000     
 SM =  ( 0.99999994629698630     ,  2.1877403220289163E-005)
 diff,time=   3.8526986657002671E-005   22428.001661999999     
 SM =  ( 0.99999829006497654     ,  3.0043439712758592E-005)
 
 L Jp =          17   18.000000000000000     
 SM =  ( 0.99999994557033334     ,  4.0550194537791593E-005)
 diff,time=   4.3685057299920594E-004   22506.118544000001     
 SM =  ( 0.99990946874762476     ,  6.7684694184477694E-005)
 
 L Jp =          18   17.000000000000000     
 SM =  ( 0.99999998838841864     ,  1.4095477645482243E-006)
 diff,time=   4.1853531214333156E-007   22584.307430000001     
 SM =  ( 0.99999998685002023     ,  1.0936334213183525E-006)
 
 L Jp =          18   18.000000000000000     
 SM =  ( 0.99999998834878223     ,  7.4527008819256824E-006)
 diff,time=   3.6869240456035670E-006   22654.935844000000     
 SM =  ( 0.99999948123584059     ,  1.0189077424621210E-005)
 
 L Jp =          18   19.000000000000000     
 SM =  ( 0.99999998826684489     ,  1.3832871480136616E-005)
 diff,time=   4.4479444915170947E-005   22725.520256000000     
 SM =  ( 0.99996901030746776     ,  2.6777193603311579E-005)
 
 L Jp =          19   18.000000000000000     
 SM =  ( 0.99999999747569912     ,  5.4299370279352350E-007)
 diff,time=   1.0877133873674127E-007   22796.012661000001     
 SM =  ( 0.99999999943210827     ,  4.4305758133015313E-007)
 
 L Jp =          19   19.000000000000000     
 SM =  ( 0.99999999747117585     ,  2.6111368074042885E-006)
 diff,time=   9.3702007755507644E-007   22866.593072000000     
 SM =  ( 0.99999985156184878     ,  3.4597573164250463E-006)
 
 L Jp =          19   20.000000000000000     
 SM =  ( 0.99999999746170498     ,  4.7883113539946813E-006)
 diff,time=   1.1971812420281860E-005   22939.485627999999     
 SM =  ( 0.99999023920838392     ,  9.8684564873108262E-006)
 
 L Jp =          20   19.000000000000000     
 SM =  ( 0.99999999945187457     ,  3.1994078857146077E-007)
 diff,time=   1.7016990303222372E-006   23012.178171000000     
 SM =  (  1.0000000006775558     ,  2.8844953917688831E-007)
 
 L Jp =          20   20.000000000000000     
 SM =  ( 0.99999999945126672     ,  1.0265766215190036E-006)
 diff,time=   1.3190813036802794E-005   23084.870713000000     
 SM =  ( 0.99999996056295770     ,  1.2677393504908714E-006)
 
 L Jp =          20   21.000000000000000     
 SM =  ( 0.99999999945008877     ,  1.7685694517164685E-006)
 diff,time=   1.7855452859381690E-004   23155.275114000000     
 SM =  ( 0.99999717632285778     ,  3.4893272717247338E-006)
 
 Nucleon Scattering State
 Ecm =    22.146000000000001     
 
 L Jp =           0  0.50000000000000000     
 SM =  (-0.42425560344742247     ,-0.31793561207612819     )
 diff,time=  0.50910033352155559        23156.575195000001     
 diff,time=   3.8825617587923911E-002   23156.663199999999     
 diff,time=   5.5612766373112259E-003   23156.747205000000     
 diff,time=   4.2615449062797161E-003   23156.835211000001     
 diff,time=   1.9886536783160439E-003   23156.923215999999     
 diff,time=   7.3169251305148437E-004   23157.007222000000     
 SM =  (-0.47535359423623613     ,-0.11550233445424468     )
 
 L Jp =           1  0.50000000000000000     
 SM =  (-0.28823880974779648     , 0.58450067129407901     )
 diff,time=  0.26829630592614573        23157.563256000001     
 diff,time=   1.9383246112746614E-002   23157.651261999999     
 diff,time=   5.7106645426520056E-003   23157.735267000000     
 diff,time=   3.5419845097631776E-003   23157.823273000002     
 diff,time=   1.4475311100401369E-003   23157.907277999999     
 diff,time=   4.7493787355454482E-004   23157.995283000000     
 SM =  ( -8.6285743648211038E-002, 0.61361720016900279     )
 
 L Jp =           1   1.5000000000000000     
 SM =  (-0.45836725571864356     , 0.45106013962365732     )
 diff,time=  0.32625957067837635        23158.555317999999     
 diff,time=   1.5937508852118733E-002   23158.639324000000     
 diff,time=   9.9928301348515252E-003   23158.727329000001     
 diff,time=   5.2264021888310782E-003   23158.815334999999     
 diff,time=   1.9276498483452133E-003   23158.899340000000     
 diff,time=   5.7151334626261792E-004   23158.987345000001     
 SM =  (-0.24602322560772738     , 0.57069355620170648     )
 
 L Jp =           2   1.5000000000000000     
 SM =  ( 0.21154555265877417     , 0.40448036598834197     )
 diff,time=  0.26363513117007314        23159.543379999999     
 diff,time=   2.3269155638934804E-002   23159.627385000000     
 diff,time=   6.6705963164499704E-003   23159.715391000002     
 diff,time=   3.5191174235931050E-003   23159.799395999999     
 diff,time=   1.2579141334225833E-003   23159.887401000000     
 diff,time=   3.6200895328594083E-004   23159.975407000002     
 SM =  ( 0.27364774015812593     , 0.29391512126850267     )
 
 L Jp =           2   2.5000000000000000     
 SM =  ( -8.8909324000577203E-002, 0.54029845953309652     )
 diff,time=  0.42674117794298938        23160.531442000000     
 diff,time=   1.5013486771591356E-002   23160.615447000000     
 diff,time=   1.3391016499945223E-002   23160.703452000002     
 diff,time=   5.8299051566985498E-003   23160.787457999999     
 diff,time=   1.7664898189107237E-003   23160.875463000000     
 diff,time=   4.1631805134921871E-004   23160.959468000001     
 SM =  (  9.5032458628020039E-002, 0.47975521300916324     )
 
 L Jp =           3   2.5000000000000000     
 SM =  ( 0.50983147431200659     ,-0.33383877007156948     )
 diff,time=  0.27925571534327442        23161.515503999999     
 diff,time=   2.4392332019722709E-002   23161.599509000000     
 diff,time=   1.1074704698054072E-002   23161.687515000001     
 diff,time=   4.1139514697299748E-003   23161.771519999998     
 diff,time=   1.1860531395735329E-003   23161.859525000000     
 diff,time=   2.7961144168080660E-004   23161.947531000002     
 SM =  ( 0.41419898729063231     ,-0.42883624068638249     )
 
 L Jp =           3   3.5000000000000000     
 SM =  ( 0.44567978082463000     , 0.23727112519574325     )
 diff,time=  0.29764136648125966        23162.499564999998     
 diff,time=   2.6687380574266846E-002   23162.583570999999     
 diff,time=   1.8134202166071541E-002   23162.671576000001     
 diff,time=   5.6245787725030952E-003   23162.755581000001     
 diff,time=   1.2718534367903640E-003   23162.843586999999     
 diff,time=   1.8746314153042867E-004   23162.927592000000     
 SM =  ( 0.51390502528360216     ,  2.3497241236353397E-002)
 
 L Jp =           4   3.5000000000000000     
 SM =  ( 0.10722434860982342     ,-0.47048737610924968     )
 diff,time=   8.6751589005031271E-002   23163.479626000000     
 diff,time=   2.1976116643206749E-002   23163.563632000001     
 diff,time=   4.7818548770866536E-003   23163.651636999999     
 diff,time=   1.8646052796465172E-003   23163.735642000000     
 diff,time=   7.1518528050658326E-004   23163.819648000001     
 SM =  (  9.1517074389591169E-002,-0.44334806563392404     )
 
 L Jp =           4   4.5000000000000000     
 SM =  ( 0.58771868586301512     ,-0.32578292975068196     )
 diff,time=  0.24974799943038872        23164.371682000001     
 diff,time=   2.7632841145425236E-002   23164.455687000001     
 diff,time=   1.2173842318858839E-002   23164.543693000000     
 diff,time=   3.1842346570560009E-003   23164.631698000001     
 diff,time=   5.4844176261193117E-004   23164.715703999998     
 SM =  ( 0.46678688447009686     ,-0.43031409732271197     )
 
 L Jp =           5   4.5000000000000000     
 SM =  ( 0.47161470400532568     , 0.23473031225709656     )
 diff,time=  0.13363058769582950        23165.267737999999     
 diff,time=   4.5169732241959915E-002   23165.355744000000     
 diff,time=   9.5491710825799780E-003   23165.439749000001     
 diff,time=   1.7096438803708021E-003   23165.527753999999     
 diff,time=   4.6384051543606539E-004   23165.611760000000     
 SM =  ( 0.42646478901695262     , 0.17791125992568607     )
 
 L Jp =           5   5.5000000000000000     
 SM =  ( 0.30381938717277446     ,-0.29532484837523498     )
 diff,time=  0.15756708339286077        23166.167794000001     
 diff,time=   1.7740040571827490E-002   23166.255799999999     
 diff,time=   1.0099702658548345E-002   23166.339805000000     
 diff,time=   2.6135586813875534E-003   23166.427810000001     
 diff,time=   4.6673511163667166E-004   23166.511815999998     
 SM =  ( 0.22550239880845016     ,-0.24317689831521605     )
 
 L Jp =           6   5.5000000000000000     
 SM =  ( 0.92364374261193682     , 0.11581091078897403     )
 diff,time=  0.31471565835225856        23167.063849999999     
 diff,time=   7.0021342568071521E-002   23167.151855000000     
 diff,time=   1.1488608702198101E-002   23167.239860999998     
 diff,time=   1.7122098111376784E-003   23167.323865999999     
 diff,time=   4.0012222122704633E-004   23167.407870999999     
 SM =  ( 0.89899667972956798     , 0.12585544233013427     )
 
 L Jp =           6   6.5000000000000000     
 SM =  ( 0.67323326749384516     , 0.30275489878359158     )
 diff,time=   3.0086904399180988E-002   23167.963907000001     
 diff,time=   2.1535222320189739E-002   23168.047912000002     
 diff,time=   5.0769069380080835E-003   23168.135917000000     
 diff,time=   1.6348643858425666E-003   23168.219923000001     
 diff,time=   3.3115342721627260E-004   23168.303928000001     
 SM =  ( 0.67678970286254925     , 0.29428808020791314     )
 
 L Jp =           7   6.5000000000000000     
 SM =  ( 0.98916247247389000     ,  2.8769946478805593E-002)
 diff,time=   1.1031833427008921E-002   23168.859961999999     
 diff,time=   2.8673040765458441E-003   23168.943966999999     
 diff,time=   4.3953404632581699E-004   23169.031973000001     
 SM =  ( 0.98469324015841275     ,  3.4515002239353186E-002)
 
 L Jp =           7   7.5000000000000000     
 SM =  ( 0.97442790811572422     ,  9.4008105985127308E-002)
 diff,time=   6.6582783197279274E-003   23169.584007000001     
 diff,time=   3.6003222192278750E-003   23169.672012999999     
 diff,time=   1.9592332468675836E-004   23169.760018000001     
 SM =  ( 0.96952255808657128     ,  9.7614219224504126E-002)
 
 L Jp =           8   7.5000000000000000     
 SM =  ( 0.99833743972871480     ,  6.7785317204318695E-003)
 diff,time=   1.8774108634601271E-003   23170.312054000002     
 diff,time=   4.4683744929854591E-004   23170.396058999999     
 SM =  ( 0.99747246573468507     ,  8.8041487228272212E-003)
 
 L Jp =           8   8.5000000000000000     
 SM =  ( 0.99740055557412222     ,  2.2592545951680986E-002)
 diff,time=   1.5272017447582485E-003   23170.948092999999     
 diff,time=   6.3087418723736419E-004   23171.036099000001     
 SM =  ( 0.99646641328217989     ,  2.4429345500756771E-002)
 
 L Jp =           9   8.5000000000000000     
 SM =  ( 0.99974097920549043     ,  1.5836226127730227E-003)
 diff,time=   6.0624830356730344E-004   23171.584133000000     
 SM =  ( 0.99958801585665003     ,  2.1107703136009474E-003)
 
 L Jp =           9   9.5000000000000000     
 SM =  ( 0.99967542589772485     ,  5.6004140960464075E-003)
 diff,time=   5.2427485969770270E-004   23172.140168000002     
 SM =  ( 0.99955154233139398     ,  6.0576898033648805E-003)
 
 L Jp =          10   9.5000000000000000     
 SM =  ( 0.99995987923168173     ,  3.6791450416710390E-004)
 diff,time=   5.0971714504214824E-004   23172.692201999998     
 SM =  ( 0.99992902771752556     ,  5.3300556553800707E-004)
 
 L Jp =          10   10.500000000000000     
 SM =  ( 0.99995522278693993     ,  1.4071808013581216E-003)
 diff,time=   4.4956568809621946E-004   23173.244235999999     
 SM =  ( 0.99993191171026174     ,  1.5530257933342602E-003)
 
 L Jp =          11   10.500000000000000     
 SM =  ( 0.99999383731230929     ,  8.4888564071083073E-005)
 diff,time=   9.8651969391947764E-005   23173.796270999999     
 SM =  ( 0.99998759708035589     ,  1.3491925631782086E-004)
 
 L Jp =          11   11.500000000000000     
 SM =  ( 0.99999351136386350     ,  3.5461984132258140E-004)
 diff,time=   8.7390119759557186E-005   23174.348305000000     
 SM =  ( 0.99998919921811613     ,  3.9909438614223089E-004)
 
 L Jp =          12   11.500000000000000     
 SM =  ( 0.99999905941366751     ,  1.9414629666227667E-005)
 diff,time=   1.4982704911817504E-005   23174.904340000001     
 SM =  ( 0.99999778654583193     ,  3.4184194156832508E-005)
 
 L Jp =          12   12.500000000000000     
 SM =  ( 0.99999903709255555     ,  8.9299101755528781E-005)
 diff,time=   1.3332288205834908E-005   23175.456375000002     
 SM =  ( 0.99999826003312176     ,  1.0246763297112666E-004)
 
 L Jp =          13   12.500000000000000     
 SM =  ( 0.99999985706684857     ,  4.3922687445552593E-006)
 diff,time=   6.6705715614106625E-006   23176.008408999998     
 SM =  ( 0.99999959271055439     ,  8.6709900649855432E-006)
 
 L Jp =          13   13.500000000000000     
 SM =  ( 0.99999985556893412     ,  2.2446685255360710E-005)
 diff,time=   5.9520775048922788E-006   23176.560443999999     
 SM =  ( 0.99999972037270746     ,  2.6269350913519690E-005)
 
 L Jp =          14   13.500000000000000     
 SM =  ( 0.99999997834706811     ,  9.8063789934606370E-007)
 diff,time=   3.3652699693118466E-006   23177.116478000000     
 SM =  ( 0.99999992180297104     ,  2.2086645301870516E-006)
 
 L Jp =          14   14.500000000000000     
 SM =  ( 0.99999997824779596     ,  5.6315404637408668E-006)
 diff,time=   3.0091953145382590E-006   23177.688515000002     
 SM =  ( 0.99999995592204061     ,  6.7305810400353190E-006)
 
 L Jp =          15   14.500000000000000     
 SM =  ( 0.99999999672777662     ,  2.1543286413506587E-007)
 diff,time=   3.5706468964345574E-007   23178.256549999998     
 SM =  ( 0.99999998411532731     ,  5.6849530914455969E-007)
 
 L Jp =          15   15.500000000000000     
 SM =  ( 0.99999999672148909     ,  1.4104149910875274E-006)
 diff,time=   3.1989710567578748E-007   23178.832586000000     
 SM =  ( 0.99999999337131107     ,  1.7269105108632779E-006)
 
 L Jp =          16   15.500000000000000     
 SM =  ( 0.99999999950673057     ,  4.6414923714100954E-008)
 diff,time=   2.3194003528049585E-007   23179.408621999999     
 SM =  ( 0.99999999654312932     ,  1.4894272991965253E-007)
 
 L Jp =          16   16.500000000000000     
 SM =  ( 0.99999999950644813     ,  3.5274315805856475E-007)
 diff,time=   2.0816067625300503E-007   23179.992657999999     
 SM =  ( 0.99999999911224746     ,  4.4479696384703761E-007)
 
 L Jp =          17   16.500000000000000     
 SM =  ( 0.99999999992575550     ,  9.7688029428864954E-009)
 diff,time=   4.0291126496985710E-008   23180.592696000000     
 SM =  ( 0.99999999919179394     ,  3.9840070729231258E-008)
 
 L Jp =          17   17.500000000000000     
 SM =  ( 0.99999999992576094     ,  8.8134249696683663E-008)
 diff,time=   3.6227744332962758E-008   23181.168731999998     
 SM =  ( 0.99999999991883726     ,  1.1518086728965318E-007)
 
 L Jp =          18   17.500000000000000     
 SM =  ( 0.99999999998869693     ,  1.9975508394843162E-009)
 diff,time=   1.0932827406723995E-008   23181.744768000000     
 SM =  ( 0.99999999979929821     ,  1.0831165408086534E-008)
 
 L Jp =          18   18.500000000000000     
 SM =  ( 0.99999999998921862     ,  2.2006270487762019E-008)
 diff,time=   9.8485464451978009E-009   23182.316803000002     
 SM =  (  1.0000000000072369     ,  2.9965605176097404E-008)
 
 L Jp =          19   18.500000000000000     
 SM =  ( 0.99999999999847600     ,  4.0680343305551157E-010)
 diff,time=   5.9271101928983760E-009   23182.888838999999     
 SM =  ( 0.99999999994844502     ,  2.9734702301328271E-009)
 
 L Jp =          19   19.500000000000000     
 SM =  ( 0.99999999999840072     ,  5.5104509558441866E-009)
 diff,time=   5.3434710967491462E-009   23183.460875000001     
 SM =  (  1.0000000000074996     ,  7.8248013482453160E-009)
 
 L Jp =          20   19.500000000000000     
 SM =  ( 0.99999999999987188     ,  9.5699686545800538E-011)
 diff,time=   7.8029180383667384E-010   23184.036910999999     
 SM =  ( 0.99999999998657640     ,  8.2730310805028921E-010)
 
 L Jp =          20   20.500000000000000     
 SM =  ( 0.99999999999991596     ,  1.3944124264352410E-009)
 diff,time=   7.0299687950952213E-010   23184.608946000000     
 SM =  (  1.0000000000029763     ,  2.0536456618648571E-009)
 
 Transfer Cross Section
           1   50.070591109612366     
           2   50.876029897309230     
           3   52.097674747713484     
           4   53.569700495331666     
           5   55.086239570892900     
           6   56.420168015860618     
           7   57.351886974251308     
           8   57.687784699714726     
           9   57.279092441164678     
          10   56.036127529877639     
          11   53.932125163008415     
          12   51.008846144769151     
          13   47.363165252056177     
          14   43.137862561721079     
          15   38.516448685603166     
          16   33.692684516607585     
          17   28.861603577993211     
          18   24.214111260150492     
          19   19.908543144794713     
          20   16.071315727763167     
          21   12.797577961712580     
          22   10.136199107617220     
          23   8.0991466552506921     
          24   6.6671180182779963     
          25   5.7880645714710504     
          26   5.3887815163644692     
          27   5.3814111060161416     
          28   5.6693612188595477     
          29   6.1554940986295517     
          30   6.7464342453470092     
          31   7.3591285945073972     
          32   7.9236472935737838     
          33   8.3844264383015599     
          34   8.7032760148520474     
          35   8.8579283157902822     
          36   8.8410168066700923     
          37   8.6587281125464166     
          38   8.3276832383384676     
          39   7.8731768870510432     
          40   7.3251800477720881     
          41   6.7159362350183311     
          42   6.0787821009782386     
          43   5.4439469196964190     
          44   4.8383154418645002     
          45   4.2836592646011953     
          46   3.7972178245831634     
          47   3.3895513069939689     
          48   3.0658361125959166     
          49   2.8266603616400809     
          50   2.6675667165449539     
          51   2.5806111099242623     
          52   2.5551836501129888     
          53   2.5786152511491114     
          54   2.6373253679550199     
          55   2.7174105388908547     
          56   2.8055876550559162     
          57   2.8897401210026361     
          58   2.9592578078103617     
          59   3.0057121526746791     
          60   3.0228956944921608     
          61   3.0069560837363527     
          62   2.9564317737381303     
          63   2.8719856498527898     
          64   2.7563818200127290     
          65   2.6138522403800972     
          66   2.4497733655630385     
          67   2.2705870514955286     
          68   2.0828017642750982     
          69   1.8928499093182620     
          70   1.7070844533076386     
          71   1.5308361555318344     
          72   1.3685555191835079     
          73   1.2239379939046535     
          74   1.0993077852406983     
          75  0.99595682372585270     
          76  0.91433351394919449     
          77  0.85378842749329531     
          78  0.81293329629644440     
          79  0.78980040104096716     
          80  0.78185344714626404     
          81  0.78624646498733086     
          82  0.79992284855761453     
          83  0.81977115382681398     
          84  0.84276188437680866     
          85  0.86600836173416118     
          86  0.88694999128062213     
          87  0.90339166607598909     
          88  0.91354566454061659     
          89  0.91613144333086460     
          90  0.91034557029557650     
          91  0.89588327246429889     
          92  0.87288754403011004     
          93  0.84188528510742622     
          94  0.80379394671436100     
          95  0.75973535821037363     
          96  0.71099048429795819     
          97  0.65901692104926168     
          98  0.60520562918199416     
          99  0.55089615560574823     
         100  0.49742406791455607     
         101  0.44589635917576742     
         102  0.39726581127255300     
         103  0.35239706679101035     
         104  0.31189516380295668     
         105  0.27620303111409106     
         106  0.24565869190000827     
         107  0.22038184327873847     
         108  0.20035950878202918     
         109  0.18547864609179432     
         110  0.17546997879353068     
         111  0.16996856360227011     
         112  0.16852598348140016     
         113  0.17060889460995071     
         114  0.17563643354471631     
         115  0.18298288265803822     
         116  0.19201654095878687     
         117  0.20211621868666635     
         118  0.21266890400398886     
         119  0.22312193276210296     
         120  0.23297917326428630     
         121  0.24179444211981341     
         122  0.24921223224714595     
         123  0.25495036165836510     
         124  0.25879399372209744     
         125  0.26061371241563114     
         126  0.26034790367968946     
         127  0.25800027127680458     
         128  0.25364141456366179     
         129  0.24739513093827384     
         130  0.23943144128794694     
         131  0.22997814441598657     
         132  0.21928529395560525     
         133  0.20762654582214340     
         134  0.19531200091683176     
         135  0.18263652218544227     
         136  0.16988694651538366     
         137  0.15735327117898529     
         138  0.14527410504359126     
         139  0.13385133761897972     
         140  0.12326320131809468     
         141  0.11362297488950082     
         142  0.10500278635781166     
         143   9.7451134305543419E-002
         144   9.0971005285714127E-002
         145   8.5546869471125692E-002
         146   8.1161237460980917E-002
         147   7.7785521889904091E-002
         148   7.5400102955958115E-002
         149   7.4002048016061306E-002
         150   7.3600994868382882E-002
         151   7.4227783317341575E-002
         152   7.5930826044902519E-002
         153   7.8776645103097162E-002
         154   8.2848873092595005E-002
         155   8.8234344639193829E-002
         156   9.5032099196593903E-002
         157  0.10334414853032477     
         158  0.11325063501857709     
         159  0.12483029689706589     
         160  0.13814140404772610     
         161  0.15318473679203298     
         162  0.16993929606424740     
         163  0.18833455254992315     
         164  0.20820718414657657     
         165  0.22936041479444191     
         166  0.25153611111848750     
         167  0.27437906575507759     
         168  0.29752442265681756     
         169  0.32057589652067608     
         170  0.34308416738156322     
         171  0.36464640125648168     
         172  0.38488310519915664     
         173  0.40342146679204577     
         174  0.41997605654389591     
         175  0.43431416989219512     
         176  0.44623583448090720     
         177  0.45561811225282500     
         178  0.46237571843012137     
         179  0.46644658393354932     
         180  0.44359612572933449     
 Total Run Time (sec) =   24059.947651999999     
