 Statistics for time step no.    1 at time       .000
 fm/c
 #         OCC        NORM      ENERGY      CENTER       SIGMA       ALEFT
  1      .51396     1.00000   -39.40079    -7.63356     2.68771      .99980
  2      .47088     1.00000   -36.72324    -7.63578     4.03569      .99901
  3      .40367     1.00000   -32.57982    -7.63599     4.39027      .99704
  4      .31546     1.00000   -27.19640    -7.63642     4.62645      .99278
  5      .20889     1.00000   -20.78242    -7.63820     4.83734      .98444
  6      .08714     1.00000   -13.57515    -7.64229     5.03292      .96975
  7      .51396     1.00000   -39.40057     7.56644     2.68771      .00025
  8      .47088     1.00000   -36.72282     7.56422     4.03569      .00121
  9      .40367     1.00000   -32.57971     7.56401     4.39027      .00358
 10      .31546     1.00000   -27.19794     7.56358     4.62645      .00864
 11      .20889     1.00000   -20.79000     7.56180     4.83734      .01840
 12      .08714     1.00000   -13.60188     7.55771     5.03292      .03534
 Total mass:       4.000000             Total energyv:     -20.241227
 Center of mass:       -.143547        Fluctuation:      15.924845
 Left hand mass:       2.001864        Right hand mass:       1.998136
1
ooooooo                                 *           oooooooo
       oooooo   ************    ******** **   oooooo        
                               *                            
             o                               o              
                                                            
                                           *                
               *                                            
                            *                               
                              *                             
                                                            
                                                            
                                                            
              o                                             
                                                            
                                            o               
                                                            
                             *                              
                                            *               
                                                            
              *              o                              
                                                            
                                                            
               o               o           o                
**************+-oooooooooooooIo-ooooooooooo-+***************
-29.1         -15.1            -.1           14.9           
 Statistics for time step no.   51 at time     10.000
 fm/c
 #         OCC        NORM      ENERGY      CENTER       SIGMA       ALEFT
  1      .51396     1.00000   -38.65829    -6.17501     2.69777      .99264
  2      .47088     1.00000   -34.17625    -6.16642     4.06414      .96870
  3      .40367     1.00000   -28.40965    -6.14627     4.45464      .92662
  4      .31546     1.00000   -22.05082    -6.11466     4.74361      .87255
  5      .20889     1.00000   -14.64556    -6.07716     5.01780      .82276
  6      .08714     1.00000    -6.42210    -6.04538     5.27527      .79799
  7      .51396     1.00000   -38.65931     6.10780     2.69776      .00800
  8      .47088     1.00000   -34.17911     6.09471     4.06413      .03382
  9      .40367     1.00000   -28.40899     6.07414     4.45455      .07840
 10      .31546     1.00000   -22.04902     6.04188     4.74341      .13412
 11      .20889     1.00000   -14.66162     6.00117     5.01776      .18325
 12      .08714     1.00000    -6.47455     5.96171     5.27582      .20537
 Total mass:       4.000000             Total energyv:     -20.172836
 Center of mass:       -.143554        Fluctuation:      16.205435
 Left hand mass:       2.007192        Right hand mass:       1.992808
1
                             *                              
ooooooooooooooo             * *              ooooooooooooooo
                                            o               
                               *                            
                           *                                
                                *                           
               o          *      *                          
                  ********        ********                  
                 *                         o                
                                                            
                                                            
                                                            
                                                            
                                                            
                                          *                 
                *                                           
                             o                              
                              o                             
                            o                               
                o                                           
                                                            
                           o   o          o                 
               * o                       o *                
***************---ooooooooo--I--ooooooooo---****************
-29.1         -15.1            -.1           14.9           
 Statistics for time step no.  101 at time     20.000
 fm/c
 #         OCC        NORM      ENERGY      CENTER       SIGMA       ALEFT
  1      .51396     1.00000   -31.92593    -4.79543     2.64639      .96615
  2      .47088     1.00000   -27.52651    -4.76515     4.06906      .87796
  3      .40367     1.00000   -21.54901    -4.62164     4.62285      .78193
  4      .31546     1.00000   -13.79645    -4.45409     5.10066      .73585
  5      .20889     1.00000    -4.65061    -4.26601     5.56628      .74046
  6      .08714     1.00000     4.99978    -4.09361     5.99683      .73295
  7      .51396     1.00000   -31.94108     4.72751     2.64634      .03571
  8      .47088     1.00000   -27.52830     4.69303     4.06852      .12761
  9      .40367     1.00000   -21.56606     4.54961     4.62170      .22445
 10      .31546     1.00000   -13.80364     4.38158     5.09943      .26697
 11      .20889     1.00000    -4.67372     4.19095     5.56617      .26030
 12      .08714     1.00000     4.94087     4.01229     5.99962      .27125
 Total mass:       4.000000             Total energyv:     -20.141422
 Center of mass:       -.143580        Fluctuation:      16.872387
 Left hand mass:       2.007564        Right hand mass:       1.992436
1
                                                            
oooooooooooooooo          *******          ooooooooooooooooo
                         *       *                          
                o                                           
                        *         *       o                 
                                                            
                       *           *                        
                     **             **                      
                   **                 **                    
                                                            
                                        *                   
                  *                                         
                                                            
                                                            
                 o         ooooo                            
                          o     o                           
                                         o                  
                         o       o                          
                                                            
                 *                       *                  
                        o         o                         
                                                            
                  o    o           o    o                   
*****************--oooo------I------oooo--******************
-29.1         -15.1            -.1           14.9           
 Statistics for time step no.  151 at time     30.000
 fm/c
 #         OCC        NORM      ENERGY      CENTER       SIGMA       ALEFT
  1      .51396     1.00000   -24.59027    -3.65658     2.63205      .91785
  2      .47088     1.00000   -21.62222    -3.43115     4.19200      .75442
  3      .40367     1.00000   -15.03843    -3.09982     5.01212      .67095
  4      .31546     1.00000    -6.03290    -2.69897     5.75559      .68443
  5      .20889     1.00000     4.49715    -2.25182     6.45796      .65435
  6      .08714     1.00000    15.35753    -1.83439     7.07680      .60170
  7      .51396     1.00000   -24.62202     3.58763     2.63120      .08549
  8      .47088     1.00000   -21.63757     3.35914     4.19012      .25248
  9      .40367     1.00000   -15.07442     3.02795     5.00924      .33219
 10      .31546     1.00000    -6.05453     2.62680     5.75265      .31650
 11      .20889     1.00000     4.46299     2.17737     6.45694      .35021
 12      .08714     1.00000    15.29890     1.75489     7.08088      .40121
 Total mass:       4.000000             Total energyv:     -20.104850
 Center of mass:       -.143605        Fluctuation:      18.259297
 Left hand mass:       2.007730        Right hand mass:       1.992270
1
                                                            
ooooooooooooooooo       ***********       oooooooooooooooooo
                       *           *                        
                 o    *             *    o                  
                                                            
                     *               *                      
                                                            
                    *                 *                     
                                                            
                                                            
                  o                                         
                                                            
                                       *o                   
                            oooo                            
                   *     ooo    oo                          
                        o         o                         
                                   o                        
                       o                                    
                      o             o                       
                                                            
                                                            
                  *                  o  *                   
                    oo                o                     
******************-o---------I---------o-*******************
-29.1         -15.1            -.1           14.9           
 Statistics for time step no.  201 at time     40.000
 fm/c
 #         OCC        NORM      ENERGY      CENTER       SIGMA       ALEFT
  1      .51396     1.00000   -23.13069    -2.69479     2.82067      .84741
  2      .47088     1.00000   -20.37277    -2.24910     4.63124      .63402
  3      .40367     1.00000   -13.74364    -1.65807     5.75451      .61955
  4      .31546     1.00000    -4.87745     -.95567     6.76113      .60356
  5      .20889     1.00000     5.64855     -.18625     7.64085      .53159
  6      .08714     1.00000    16.77767      .54604     8.30640      .52201
  7      .51396     1.00000   -23.15672     2.62551     2.81818      .15752
  8      .47088     1.00000   -20.38840     2.17693     4.62720      .37205
  9      .40367     1.00000   -13.75759     1.58651     5.74953      .38120
 10      .31546     1.00000    -4.90824      .88385     6.75638      .40067
 11      .20889     1.00000     5.61087      .11176     7.63881      .47093
 12      .08714     1.00000    16.73393     -.62545     8.31019      .48150
 Total mass:       4.000000             Total energyv:     -20.091158
 Center of mass:       -.143619        Fluctuation:      20.805591
 Left hand mass:       2.007854        Right hand mass:       1.992146
1
                             *                              
oooooooooooooo          ***** *****          ooooooooooooooo
              o        *           *        o               
                      *             *                       
               o                     *     o                
                     *                                      
                o                         o                 
                                                            
                 o                       o                  
                                      *                     
                  o *                   o                   
                                                            
                                                            
                         ooooooooo                          
                        o         o                         
                                   o                        
                       o                                    
                   o                                        
                      o             o  *                    
                   * o               o                      
                                                            
                 **                     **                  
                *                         *                 
****************----o--------I--------o----*****************
-29.1         -15.1            -.1           14.9           
 Statistics for time step no.  251 at time     50.000
 fm/c
 #         OCC        NORM      ENERGY      CENTER       SIGMA       ALEFT
  1      .51396     1.00000   -29.06593    -1.86368     3.20901      .76050
  2      .47088     1.00000   -27.04037    -1.22008     5.39572      .54515
  3      .40367     1.00000   -20.43263     -.35580     6.84970      .57506
  4      .31546     1.00000   -11.27440      .65869     8.05701      .48464
  5      .20889     1.00000     -.97801     1.77722     8.96675      .46343
  6      .08714     1.00000     9.68889     2.91178     9.50901      .40522
  7      .51396     1.00000   -29.06111     1.79454     3.20483      .24564
  8      .47088     1.00000   -27.04392     1.14794     5.38941      .45879
  9      .40367     1.00000   -20.45330      .28410     6.84276      .42689
 10      .31546     1.00000   -11.29975     -.73092     8.05082      .51917
 11      .20889     1.00000    -1.01431    -1.85169     8.96372      .53837
 12      .08714     1.00000     9.63868    -2.99039     9.51134      .59677
 Total mass:       4.000000             Total energyv:     -20.086123
 Center of mass:       -.143643        Fluctuation:      24.386537
 Left hand mass:       2.007551        Right hand mass:       1.992449
1
                                                            
ooooooooooo               *******               oooooooooooo
           o             *       *             o            
            o           *         *           o             
                       *           *                        
             o        *             *        o              
                                     *                      
              o      *                      o               
                                                            
               o                      *    o                
                o   *                     o                 
                 o                                          
                                         o                  
                                                            
                           ooooo       *                    
                  o*            o                           
                          o             o                   
                         o       o                          
                  *     o         o     *                   
                                   o                        
                **     o                 **                 
              **   o  o             o      **               
             *       o               o o     *              
*************-+-----o--------I--------o-----+-**************
-29.1         -15.1            -.1           14.9           
 Statistics for time step no.  301 at time     60.000
 fm/c
 #         OCC        NORM      ENERGY      CENTER       SIGMA       ALEFT
  1      .51396     1.00000   -39.02251    -1.16235     3.78385      .67006
  2      .47088     1.00000   -34.30277     -.28188     6.40375      .49620
  3      .40367     1.00000   -27.11478      .85727     8.10385      .50708
  4      .31546     1.00000   -18.53082     2.19043     9.36616      .41769
  5      .20889     1.00000    -8.58572     3.68510    10.21122      .38432
  6      .08714     1.00000     2.33063     5.25971    10.63729      .35309
  7      .51396     1.00000   -39.02971     1.09333     3.77851      .33652
  8      .47088     1.00000   -34.31123      .20956     6.39590      .50561
  9      .40367     1.00000   -27.13551     -.92930     8.09572      .49646
 10      .31546     1.00000   -18.56277    -2.26310     9.35886      .58335
 11      .20889     1.00000    -8.63228    -3.75913    10.20653      .61842
 12      .08714     1.00000     2.28099    -5.33654    10.63808      .64730
 Total mass:       4.000000             Total energyv:     -20.083590
 Center of mass:       -.143688        Fluctuation:      28.479159
 Left hand mass:       2.006606        Right hand mass:       1.993394
1
                             *                              
oooooooo                  *** ****                 ooooooooo
        o               **        *               o         
         o             *           *             o          
          o           *             *           o           
                     *               *                      
           o                                   o            
                    *                 *                     
            o                                 o             
             oo                             oo              
               o   *                   *                    
                                           o                
                                                            
                  *                     *                   
                o                         o                 
                                         *                  
                 *                                          
                                                            
                *o                       o*                 
                            ooo                             
             ***         ooo   ooo         ***              
            *     o     o         o     o     **            
          **           o           o            *           
**********----+----oooo------I------oooo----+----***********
-29.1         -15.1            -.1           14.9           
 Statistics for time step no.  351 at time     70.000
 fm/c
 #         OCC        NORM      ENERGY      CENTER       SIGMA       ALEFT
  1      .51396     1.00000   -45.16322     -.51513     4.44919      .59544
  2      .47088     1.00000   -38.50106      .60452     7.49396      .47501
  3      .40367     1.00000   -31.59040     1.99094     9.33100      .44735
  4      .31546     1.00000   -24.19133     3.61460    10.54624      .39046
  5      .20889     1.00000   -14.11796     5.50307    11.31465      .33189
  6      .08714     1.00000    -2.81861     7.52390    11.64839      .30840
  7      .51396     1.00000   -45.17129      .44612     4.44285      .41085
  8      .47088     1.00000   -38.51152     -.67750     7.48522      .52577
  9      .40367     1.00000   -31.60613    -2.06355     9.32251      .55599
 10      .31546     1.00000   -24.22475    -3.68747    10.53803      .61010
 11      .20889     1.00000   -14.18182    -5.57577    11.30778      .66975
 12      .08714     1.00000    -2.85882    -7.59872    11.64748      .69315
 Total mass:       4.000000             Total energyv:     -20.065541
 Center of mass:       -.143834        Fluctuation:      32.560287
 Left hand mass:       2.005596        Right hand mass:       1.994404
1
                             *                              
oooooo                  ***** *****                  ooooooo
      o                *           *                o       
       o             **             ***            o        
        o           *                                       
                                       *          o         
         o         *                             o          
                                                            
          ooo                           *     ooo           
             o    *                          o              
                 *                       *                  
                *                         *                 
                                                            
              o                            *o               
               *                                            
                                                            
                                                            
                                            *               
              *o                           o                
                                                            
          ****  o                            ****           
         *                                o      *          
        *        o                       o        **        
********------+---ooooooooooooooooooooooo---+-------********
-29.1         -15.1            -.1           14.9           
 Statistics for time step no.  401 at time     80.000
 fm/c
 #         OCC        NORM      ENERGY      CENTER       SIGMA       ALEFT
  1      .51396     1.00000   -46.74236      .11666     5.12866      .53645
  2      .47088     1.00000   -39.91725     1.45073     8.56753      .46474
  3      .40367     1.00000   -34.14049     3.02966    10.46228      .40562
  4      .31546     1.00000   -28.27847     4.88117    11.56179      .37079
  5      .20889     1.00000   -18.12103     7.14876    12.25209      .30574
  6      .08714     1.00000    -6.27551     9.61372    12.50174      .26286
  7      .51396     1.00000   -46.75062     -.18575     5.12154      .46917
  8      .47088     1.00000   -39.92663    -1.52467     8.55834      .53574
  9      .40367     1.00000   -34.15028    -3.10320    10.45403      .59685
 10      .31546     1.00000   -28.31167    -4.95423    11.55292      .63004
 11      .20889     1.00000   -18.20344    -7.21903    12.24252      .69498
 12      .08714     1.00000    -6.27448    -9.68746    12.50025      .73912
 Total mass:       4.000000             Total energyv:     -20.014004
 Center of mass:       -.144167        Fluctuation:      36.362866
 Left hand mass:       2.004702        Right hand mass:       1.995298
1
                                                            
oo o                *******************                o ooo
  o o              *                   *              o o   
     o                                               o      
      o           *                     *                   
                                            *       o       
       o  oo  **                           *   oo  o        
        oo       *                       *       oo         
                *                         *                 
                                                            
            o                                 o             
                                             *              
             *                                              
                                                            
                                                            
                                                            
                                                            
             o                                              
                                             o              
            *                                 *             
       ***                                     * ***        
          **  o                             o   *   *       
     **        ooo                       ooo         *      
*****---------+---ooooooooooooooooooooooo---+---------******
-29.1         -15.1            -.1           14.9           
 Statistics for time step no.  451 at time     90.000
 fm/c
 #         OCC        NORM      ENERGY      CENTER       SIGMA       ALEFT
  1      .51396     1.00000   -45.97177      .74171     5.80428      .48888
  2      .47088     1.00000   -39.55321     2.26871     9.61330      .45763
  3      .40367     1.00000   -34.89930     3.98487    11.51167      .37741
  4      .31546     1.00000   -30.97842     5.95197    12.41580      .35391
  5      .20889     1.00000   -21.52646     8.51917    13.00089      .29191
  6      .08714     1.00000    -9.28199    11.41909    13.16759      .23073
  7      .51396     1.00000   -45.98013     -.81095     5.79640      .51604
  8      .47088     1.00000   -39.56137    -2.34374     9.60364      .54285
  9      .40367     1.00000   -34.89928    -4.05962    11.50364      .62437
 10      .31546     1.00000   -31.00807    -6.02516    12.40596      .64715
 11      .20889     1.00000   -21.62775    -8.58539    12.98703      .70843
 12      .08714     1.00000    -9.22203   -11.49460    13.16687      .77075
 Total mass:       4.000000             Total energyv:     -19.931799
 Center of mass:       -.144593        Fluctuation:      39.855457
 Left hand mass:       2.004007        Right hand mass:       1.995993
1
             *                                              
 o                                           *           o o
o o                                                     o o 
   o               ***  ***** *****  ***               o    
    o    o    *   *   **     *     **   *     *  oo   o     
        o o *                               *   o           
                 *                       *                  
     ooo                                           ooo      
                                                            
               **                         **                
                                                            
                                                            
                                                            
           o                                                
                                               o            
                                                            
                                               *            
           *                                                
                                                            
       *                                           * *      
     **                                             *       
        *   o  oo                         oo                
* ***    **  o   o                       o   oo ***   *** * 
+*------------o---ooooooooooooooooooooooo---o------------*-*
-29.1         -15.1            -.1           14.9           
