 Statistics for time step no.    1 at time       .000
 fm/c
 #         OCC        NORM      ENERGY      CENTER       SIGMA       ALEFT
  1      .47276     1.00000   -49.23099     -.00312     3.31408      .50016
  2      .41717     1.00000   -44.61270     -.02338     5.55435      .50086
  3      .31435     1.00000   -36.58522     -.08172     6.62935      .50381
  4      .26879     1.00000   -32.69403     -.16757     6.72499      .50715
  5      .20227     1.00000   -29.27116     -.17741     5.75886      .50875
  6      .17793     1.00000   -29.19125     -.01453     5.49795      .50007
  7      .11307     1.00000   -23.54413     -.09441     6.31992      .50481
  8      .03368     1.00000   -18.17334     -.21015     5.89760      .50993
  9      .00000     1.00000   -16.46835     -.02993     5.48139      .50141
 10      .00000     1.00000   -11.13303     -.08263     6.15705      .50427
 Total mass:       2.000000             Total energyv:     -17.793884
 Center of mass:       -.138181        Fluctuation:      10.831619
 Left hand mass:       1.006216        Right hand mass:        .993784
1
                                                  
              **********************             o
         *****                      ****          
      ***                               ****      
******                                      ***** 
                                                  
                                                  
                                                  
                                                  
                                                  
                                                  
                                                  
                                                  
                                                  
                                                  
o                                               o 
                                                  
                                                  
                                                  
 o                                             o  
  o                                               
   o                                         oo   
    ooooo                                oooo     
+--------oooooooooooooooooooooooooooooooo------+-*
 -9.7       -5.3         -.5         4.3         9
  Step           1  Error=  4.30325888150630398     
 Statistics for time step no.  101 at time     15.000
 fm/c
 #         OCC        NORM      ENERGY      CENTER       SIGMA       ALEFT
  1      .48545     1.00000   -50.67138     -.00127     3.13638      .49982
  2      .44764     1.00000   -48.20666     -.02212     4.90989      .50097
  3      .38543     1.00000   -44.14999     -.06608     5.43481      .50481
  4      .32093     1.00000   -39.94443      .02600     4.97904      .49596
  5      .23790     1.00000   -34.53114     -.01466     4.92232      .50132
  6      .12265     1.00000   -27.01654     -.06531     5.79721      .50350
  7      .00000     1.00000   -18.63865     -.24171     6.18127      .51558
  8      .00000     1.00000   -10.00655     -.08324     6.06085      .50033
  9      .00000     1.00000    -1.25420     -.10913     5.88348      .50716
 10      .00000     1.00000     8.30915     -.15071     5.81924      .50460
 Total mass:       2.000000             Total energyv:     -28.544058
 Center of mass:       -.039144        Fluctuation:       9.295134
 Left hand mass:       1.001649        Right hand mass:        .998351
1
                                                  
o      ***                             ***       o
          *****************************   *     o 
 o    *                                           
                                               o  
                                           *      
                                                  
  o  *                                            
                                              o   
                                                  
                                                  
                                            *     
   o                                              
    *                                             
                                             o    
                                                  
                                             *    
    o                                             
   *                                              
                                            o     
     o                                        *   
  *   oo                                  oo      
        o                               oo     *  
**-------ooooooooooooooooooooooooooooooo-------+**
 -9.7       -5.3         -.5         4.3         9
  Step         101  Error= 0.105316933925514566E-01 
 Statistics for time step no.  201 at time     30.000
 fm/c
 #         OCC        NORM      ENERGY      CENTER       SIGMA       ALEFT
  1      .49611     1.00000   -50.58964     -.00725     3.02270      .50043
  2      .45540     1.00000   -47.93539     -.02754     4.58969      .50116
  3      .39351     1.00000   -43.90008     -.05237     4.95650      .50462
  4      .31789     1.00000   -38.96951      .00470     4.89885      .49730
  5      .22481     1.00000   -32.90034     -.03303     5.02590      .50304
  6      .11229     1.00000   -25.56373     -.05815     5.42866      .50242
  7      .00000     1.00000   -17.56458     -.14095     5.58686      .51099
  8      .00000     1.00000    -8.64308     -.08670     5.61385      .50188
  9      .00000     1.00000      .88006     -.11835     5.70854      .50861
 10      .00000     1.00000    10.91736     -.15635     5.84010      .50513
 Total mass:       2.000000             Total energyv:     -29.079466
 Center of mass:       -.049207        Fluctuation:       8.836872
 Left hand mass:       1.002656        Right hand mass:        .997344
1
                                       *          
o       ******************************* *       oo
 o                                       *     o  
       *                                          
  o                                               
                                              o   
                                          *       
   o  *                                           
                                                  
                                             o    
                                                  
                                           *      
    o                                             
     *                                            
                                                  
                                            o     
                                            *     
                                                  
    *o                                            
                                           o      
                                             *    
   *  oo                                 oo       
  *     oo                             oo     *   
**--------ooooooooooooooooooooooooooooo--------***
 -9.7       -5.3         -.5         4.3         9
  Step         201  Error= 0.119021912330044728E-01 
 Statistics for time step no.  301 at time     45.000
 fm/c
 #         OCC        NORM      ENERGY      CENTER       SIGMA       ALEFT
  1      .50320     1.00000   -50.31419     -.01356     2.91243      .50135
  2      .46102     1.00000   -47.56346     -.02977     4.37368      .50105
  3      .39781     1.00000   -43.44262     -.04438     4.70094      .50450
  4      .31662     1.00000   -38.14887     -.00974     4.81041      .49835
  5      .21797     1.00000   -31.71665     -.03651     4.99318      .50362
  6      .10337     1.00000   -24.24444     -.05048     5.25464      .50161
  7      .00000     1.00000   -16.00028     -.09595     5.38747      .50808
  8      .00000     1.00000    -6.73237     -.08590     5.51695      .50232
  9      .00000     1.00000     2.96917     -.12691     5.74744      .50897
 10      .00000     1.00000    12.89135     -.16878     5.97030      .50588
 Total mass:       2.000000             Total energyv:     -29.311590
 Center of mass:       -.054463        Fluctuation:       8.506620
 Left hand mass:       1.003387        Right hand mass:        .996613
1
                                                  
oo       *******************************        oo
                                        *      o  
  o     *                                     o   
                                         *        
   o                                              
       *                                     o    
                                                  
                                                  
    o                                     *       
                                                  
      *                                     o     
                                                  
                                                  
                                           *      
     o                                            
     *                                            
                                           o      
                                                  
      o                                     *     
    *                                     o       
       o                                 o   *    
   *    oo                             oo         
***-------ooooooooooooooooooooooooooooo-------****
 -9.7       -5.3         -.5         4.3         9
  Step         301  Error= 0.108207246388193328E-01 
 Statistics for time step no.  401 at time     60.000
 fm/c
 #         OCC        NORM      ENERGY      CENTER       SIGMA       ALEFT
  1      .50763     1.00000   -50.01128     -.01824     2.82895      .50211
  2      .46492     1.00000   -47.22607     -.03097     4.23483      .50088
  3      .40026     1.00000   -43.01034     -.03969     4.56088      .50436
  4      .31603     1.00000   -37.51856     -.01884     4.74286      .49904
  5      .21412     1.00000   -30.87361     -.03644     4.94453      .50378
  6      .09703     1.00000   -23.23944     -.04533     5.16185      .50108
  7      .00000     1.00000   -14.76729     -.07363     5.30603      .50640
  8      .00000     1.00000    -5.30982     -.08608     5.50097      .50255
  9      .00000     1.00000     4.40038     -.13672     5.81020      .50938
 10      .00000     1.00000    14.14069     -.18328     6.08062      .50674
 Total mass:       2.000000             Total energyv:     -29.410354
 Center of mass:       -.057695        Fluctuation:       8.288958
 Left hand mass:       1.003837        Right hand mass:        .996163
1
                                 *                
oo        *********************** ******       ooo
  o      *                                        
                                        *     o   
   o    *                                         
                                             o    
                                         *        
    o                                             
       *                                          
                                            o     
                                                  
                                          *       
                                                  
     o*                                           
                                                  
                                           o      
                                                  
                                           *      
     *o                                           
                                                  
                                          o *     
    *  o                                 o        
   *    ooo                            oo    *    
***--------oooooooooooooooooooooooooooo-------****
 -9.7       -5.3         -.5         4.3         9
  Step         401  Error= 0.831011765492845403E-02 
 Statistics for time step no.  501 at time     75.000
 fm/c
 #         OCC        NORM      ENERGY      CENTER       SIGMA       ALEFT
  1      .51030     1.00000   -49.76738     -.02164     2.77326      .50267
  2      .46738     1.00000   -46.96867     -.03181     4.15031      .50073
  3      .40169     1.00000   -42.68559     -.03696     4.48398      .50425
  4      .31575     1.00000   -37.08238     -.02450     4.69719      .49947
  5      .21189     1.00000   -30.31049     -.03590     4.90516      .50382
  6      .09297     1.00000   -22.55670     -.04235     5.10826      .50077
  7      .00000     1.00000   -13.93168     -.06259     5.26550      .50554
  8      .00000     1.00000    -4.37242     -.08717     5.50360      .50272
  9      .00000     1.00000     5.30635     -.14627     5.86391      .50986
 10      .00000     1.00000    14.89773     -.19519     6.15901      .50743
 Total mass:       2.000000             Total energyv:     -29.448814
 Center of mass:       -.060035        Fluctuation:       8.153630
 Left hand mass:       1.004128        Right hand mass:        .995872
1
                                                  
oo        *****************************        ooo
  o      *                             *      o   
   o                                              
                                        *    o    
        *                                         
    o                                             
                                                  
                                         *  o     
       *                                          
                                                  
     o                                            
                                                  
                                          *o      
                                                  
      *                                           
                                                  
      o                                           
                                           *      
     *                                    o       
                                                  
    *  o                                 o  *     
        ooo                            oo    *    
****-------oooooooooooooooooooooooooooo-------****
 -9.7       -5.3         -.5         4.3         9
  Step         501  Error= 0.566205043428280336E-02 
 Statistics for time step no.  601 at time     90.000
 fm/c
 #         OCC        NORM      ENERGY      CENTER       SIGMA       ALEFT
  1      .51188     1.00000   -49.59892     -.02424     2.73830      .50311
  2      .46886     1.00000   -46.79445     -.03247     4.10064      .50060
  3      .40253     1.00000   -42.46965     -.03544     4.44168      .50419
  4      .31562     1.00000   -36.80248     -.02808     4.66822      .49973
  5      .21060     1.00000   -29.95540     -.03558     4.87819      .50386
  6      .09051     1.00000   -22.12492     -.04086     5.07651      .50058
  7      .00000     1.00000   -13.40582     -.05731     5.24318      .50513
  8      .00000     1.00000    -3.79179     -.08856     5.50957      .50285
  9      .00000     1.00000     5.85379     -.15426     5.90308      .51030
 10      .00000     1.00000    15.34349     -.20316     6.21000      .50787
 Total mass:       2.000000             Total energyv:     -29.462813
 Center of mass:       -.061953        Fluctuation:       8.072425
 Left hand mass:       1.004336        Right hand mass:        .995664
1
                                                  
oo        *****************************        ooo
  o                                    *      o   
   o     *                                        
                                        *    o    
                                                  
    o   *                                         
                                            o     
                                         *        
                                                  
       *                                          
     o                                            
                                                  
                                           o      
                                          *       
      *                                           
      o                                           
                                                  
                                          o*      
                                                  
     *                                            
       o                                 o  *     
    *   ooo                           ooo         
****-------ooooooooooooooooooooooooooo-------*****
 -9.7       -5.3         -.5         4.3         9
  Step         601  Error= 0.358178502520127909E-02 
 Statistics for time step no.  701 at time    105.000
 fm/c
 #         OCC        NORM      ENERGY      CENTER       SIGMA       ALEFT
  1      .51279     1.00000   -49.49188     -.02632     2.71704      .50345
  2      .46974     1.00000   -46.68484     -.03303     4.07199      .50049
  3      .40303     1.00000   -42.33539     -.03469     4.41834      .50416
  4      .31554     1.00000   -36.63128     -.03045     4.65053      .49988
  5      .20986     1.00000   -29.74020     -.03556     4.86111      .50390
  6      .08905     1.00000   -21.86338     -.04029     5.05774      .50048
  7      .00000     1.00000   -13.08846     -.05493     5.23047      .50496
  8      .00000     1.00000    -3.44475     -.08985     5.51484      .50294
  9      .00000     1.00000     6.17590     -.16020     5.92920      .51066
 10      .00000     1.00000    15.60195     -.20772     6.24138      .50811
 Total mass:       2.000000             Total energyv:     -29.467696
 Center of mass:       -.063649        Fluctuation:       8.024706
 Left hand mass:       1.004500        Right hand mass:        .995500
1
                                                  
oo         ****************************        ooo
  o       *                            *      o   
   o     *                                        
                                             o    
                                        *         
    o   *                                         
                                            o     
                                                  
                                         *        
     o                                            
       *                                          
                                           o      
                                                  
                                          *       
                                                  
      *                                           
                                                  
                                          o       
                                           *      
     * o                                          
                                         o  *     
    *   ooo                           ooo         
****-------ooooooooooooooooooooooooooo-------*****
 -9.7       -5.3         -.5         4.3         9
  Step         701  Error= 0.216828718502229834E-02 
 Statistics for time step no.  801 at time    120.000
 fm/c
 #         OCC        NORM      ENERGY      CENTER       SIGMA       ALEFT
  1      .51331     1.00000   -49.42696     -.02804     2.70434      .50372
  2      .47024     1.00000   -46.61877     -.03352     4.05563      .50040
  3      .40332     1.00000   -42.25499     -.03444     4.40542      .50418
  4      .31550     1.00000   -36.52959     -.03210     4.63999      .49996
  5      .20943     1.00000   -29.61301     -.03579     4.85075      .50395
  6      .08820     1.00000   -21.70895     -.04024     5.04675      .50042
  7      .00000     1.00000   -12.90152     -.05400     5.22320      .50490
  8      .00000     1.00000    -3.24154     -.09088     5.51861      .50299
  9      .00000     1.00000     6.36271     -.16420     5.94565      .51091
 10      .00000     1.00000    15.75066     -.20990     6.26004      .50820
 Total mass:       2.000000             Total energyv:     -29.469361
 Center of mass:       -.065218        Fluctuation:       7.997001
 Left hand mass:       1.004638        Right hand mass:        .995362
1
                                                  
oo         ****************************        ooo
  o       *                            *      o   
   o     *                                        
                                             o    
    o                                   *         
        *                                         
                                            o     
                                                  
                                         *        
     o                                            
       *                                          
                                           o      
                                                  
                                                  
                                          *       
      *                                           
                                                  
                                          o       
                                           *      
     * o                                          
                                         o  *     
    *   ooo                           ooo         
****-------ooooooooooooooooooooooooooo-------*****
 -9.7       -5.3         -.5         4.3         9
  Step         801  Error= 0.127939486480469020E-02 
 Statistics for time step no.  901 at time    135.000
 fm/c
 #         OCC        NORM      ENERGY      CENTER       SIGMA       ALEFT
  1      .51361     1.00000   -49.38862     -.02951     2.69682      .50395
  2      .47053     1.00000   -46.57990     -.03400     4.04632      .50033
  3      .40348     1.00000   -42.20787     -.03450     4.39823      .50421
  4      .31548     1.00000   -36.47022     -.03333     4.63380      .50001
  5      .20918     1.00000   -29.53897     -.03618     4.84462      .50401
  6      .08771     1.00000   -21.61912     -.04049     5.04037      .50038
  7      .00000     1.00000   -12.79294     -.05377     5.21903      .50491
  8      .00000     1.00000    -3.12394     -.09164     5.52105      .50301
  9      .00000     1.00000     6.47021     -.16666     5.95561      .51108
 10      .00000     1.00000    15.83588     -.21061     6.27092      .50821
 Total mass:       2.000000             Total energyv:     -29.469923
 Center of mass:       -.066710        Fluctuation:       7.981028
 Left hand mass:       1.004761        Right hand mass:        .995239
1
                                                  
oo         ****************************        ooo
  o       *                            *      o   
   o     *                                   o    
                                                  
    o                                   *         
        *                                         
                                            o     
                                                  
                                         *        
     o                                            
       *                                          
                                           o      
                                                  
                                                  
                                          *       
      *                                           
                                          o       
                                                  
                                           *      
     * o                                          
                                         o        
    *   ooo                           ooo   *     
****-------ooooooooooooooooooooooooooo-------*****
 -9.7       -5.3         -.5         4.3         9
  Step         901  Error= 0.743801264640909761E-03 
 Statistics for time step no. 1001 at time    150.000
 fm/c
 #         OCC        NORM      ENERGY      CENTER       SIGMA       ALEFT
  1      .51378     1.00000   -49.36632     -.03080     2.69240      .50415
  2      .47070     1.00000   -46.55735     -.03447     4.04104      .50027
  3      .40358     1.00000   -42.18057     -.03477     4.39423      .50426
  4      .31547     1.00000   -36.43591     -.03433     4.63020      .50004
  5      .20904     1.00000   -29.49625     -.03667     4.84105      .50408
  6      .08743     1.00000   -21.56732     -.04090     5.03670      .50036
  7      .00000     1.00000   -12.73039     -.05390     5.21665      .50494
  8      .00000     1.00000    -3.05634     -.09217     5.52256      .50302
  9      .00000     1.00000     6.53180     -.16800     5.96151      .51118
 10      .00000     1.00000    15.88462     -.21049     6.27721      .50817
 Total mass:       2.000000             Total energyv:     -29.470114
 Center of mass:       -.068151        Fluctuation:       7.971856
 Left hand mass:       1.004874        Right hand mass:        .995126
1
                                                  
ooo        ****************************        ooo
          *                            *      o   
   o     *                                   o    
                                                  
    o                                   *         
        *                                   o     
                                                  
                                                  
                                                  
     o                                   *        
       *                                   o      
                                                  
                                                  
                                                  
      o                                   *       
      *                                           
                                          o       
                                                  
                                           *      
     * o                                          
                                         o        
    *   ooo                           ooo   *     
****-------ooooooooooooooooooooooooooo-------*****
 -9.7       -5.3         -.5         4.3         9
  Step        1001  Error= 0.428734574561438308E-03 
 Statistics for time step no. 1101 at time    165.000
 fm/c
 #         OCC        NORM      ENERGY      CENTER       SIGMA       ALEFT
  1      .51388     1.00000   -49.35346     -.03193     2.68981      .50432
  2      .47080     1.00000   -46.54438     -.03496     4.03805      .50022
  3      .40363     1.00000   -42.16487     -.03517     4.39200      .50432
  4      .31546     1.00000   -36.41620     -.03519     4.62812      .50006
  5      .20896     1.00000   -29.47174     -.03723     4.83899      .50415
  6      .08727     1.00000   -21.53761     -.04140     5.03459      .50035
  7      .00000     1.00000   -12.69453     -.05420     5.21529      .50499
  8      .00000     1.00000    -3.01764     -.09254     5.52345      .50301
  9      .00000     1.00000     6.56700     -.16856     5.96495      .51124
 10      .00000     1.00000    15.91246     -.20989     6.28083      .50811
 Total mass:       2.000000             Total energyv:     -29.470181
 Center of mass:       -.069555        Fluctuation:       7.966602
 Left hand mass:       1.004982        Right hand mass:        .995018
1
                                                  
ooo        ****************************        ooo
          *                                   o   
   o     *                             *     o    
                                                  
    o                                   *         
        *                                   o     
                                                  
                                                  
                                                  
     o                                   *        
       *                                   o      
                                                  
                                                  
                                                  
      o                                   *       
      *                                           
                                          o       
                                                  
                                           *      
     * o                                          
                                         o        
    *   ooo                           ooo   *     
****-------ooooooooooooooooooooooooooo-------*****
 -9.7       -5.3         -.5         4.3         9
  Step        1101  Error= 0.245887183598121921E-03 
 Statistics for time step no. 1201 at time    180.000
 fm/c
 #         OCC        NORM      ENERGY      CENTER       SIGMA       ALEFT
  1      .51394     1.00000   -49.34607     -.03296     2.68830      .50447
  2      .47085     1.00000   -46.53694     -.03546     4.03635      .50018
  3      .40366     1.00000   -42.15588     -.03566     4.39075      .50439
  4      .31546     1.00000   -36.40492     -.03596     4.62692      .50007
  5      .20891     1.00000   -29.45772     -.03782     4.83780      .50422
  6      .08718     1.00000   -21.52062     -.04194     5.03339      .50034
  7      .00000     1.00000   -12.67403     -.05458     5.21452      .50504
  8      .00000     1.00000    -2.99554     -.09280     5.52398      .50299
  9      .00000     1.00000     6.58708     -.16863     5.96693      .51126
 10      .00000     1.00000    15.92836     -.20905     6.28290      .50804
 Total mass:       2.000000             Total energyv:     -29.470206
 Center of mass:       -.070931        Fluctuation:       7.963597
 Left hand mass:       1.005085        Right hand mass:        .994915
1
                                                  
ooo        ****************************        ooo
          *                                   o   
   o     *                             *     o    
                                                  
    o                                   *         
        *                                   o     
                                                  
                                                  
                                                  
     o                                   *        
       *                                   o      
                                                  
                                                  
                                                  
      o                                   *       
      *                                           
                                          o       
                                                  
                                           *      
     * o                                          
                                         o        
    *   ooo                           ooo   *     
****-------ooooooooooooooooooooooooooo-------*****
 -9.7       -5.3         -.5         4.3         9
  Step        1201  Error= 0.140586764343144115E-03 
  Convergence was reached for        1262  iterations.
  Writing file PB208.DAT                     
 Statistics for time step no. 1262 at time    189.150
 fm/c
 #         OCC        NORM      ENERGY      CENTER       SIGMA       ALEFT
  1      .51396     1.00000   -49.34319     -.03356     2.68771      .50455
  2      .47088     1.00000   -46.53404     -.03578     4.03569      .50016
  3      .40367     1.00000   -42.15236     -.03599     4.39027      .50444
  4      .31546     1.00000   -36.40051     -.03642     4.62645      .50007
  5      .20889     1.00000   -29.45224     -.03820     4.83734      .50427
  6      .08714     1.00000   -21.51398     -.04229     5.03292      .50034
  7      .00000     1.00000   -12.66603     -.05484     5.21422      .50508
  8      .00000     1.00000    -2.98692     -.09292     5.52419      .50298
  9      .00000     1.00000     6.59491     -.16851     5.96771      .51127
 10      .00000     1.00000    15.93457     -.20845     6.28371      .50799
 Total mass:       2.000000             Total energyv:     -29.470214
 Center of mass:       -.071774        Fluctuation:       7.962422
 Left hand mass:       1.005148        Right hand mass:        .994852
 .00000     1.00000     3.84643     -.34875    10.62610      .51267
 Total mass:       2.000000             Total energy:     -84.262276
 Center of mass:        .013542        Fluctuation:       8.057834
 Left hand mass:        .999037        Right hand mass:       1.000963
1
                                                  
oooooooooo     *******************      oooooooooo
                                  *    o          
          o   *                                   
                                      o           
                                                  
                                   *              
                                                  
           o *                                    
                                                  
                                     o            
                                                  
                                                  
                                    *             
                                                  
                                                  
            *                                     
                                                  
                                    o             
                                                  
                                     *            
           * o                                    
              o                   oo  *           
***********+---ooooooooooooooooooo-+---***********
-14.5       -7.9         -.7         6.5        13
  Step        1101  Error= 0.252574304329968892E-02 
  Step        1111  Error= 0.240435978080102150E-02 
  Step        1121  Error= 0.228817800617130531E-02 
  Step        1131  Error= 0.217703966047746826E-02 
  Step        1141  Error= 0.207078436074651989E-02 
  Step        1151  Error= 0.196925042104385958E-02 
  Step        1161  Error= 0.187227575491934087E-02 
  Step        1171  Error= 0.177969866935799126E-02 
  Step        1181  Error= 0.169135855822838302E-02 
  Step        1191  Error= 0.160709650361796517E-02 
 Statistics for time step no. 1201 at time    180.000
 fm/c
 #         OCC        NORM      ENERGY      CENTER       SIGMA       ALEFT
  1      .51255     1.00000   -49.48115      .00561     2.71105      .49926
  2      .46959     1.00000   -46.67958      .00753     4.06440      .49985
  3      .40289     1.00000   -42.33088      .00723     4.41536      .49911
  4      .31543     1.00000   -36.62858      .00695     4.65379      .49999
  5      .20990     1.00000   -29.74737      .00682     4.87236      .49921
  6      .08964     1.00000   -21.90614      .00678     5.09644      .50001
  7      .00000     1.00000   -13.27591      .00677     5.37640      .49929
  8      .00000     1.00000    -4.31875      .00368     6.20755      .50014
  9      .00000     1.00000     1.76939     -.14710     8.93315      .50606
 10      .00000     1.00000     3.87464     -.32797    10.67694      .51155
 Total mass:       2.000000             Total energy:     -84.098012
 Center of mass:        .013559        Fluctuation:       8.024541
 Left hand mass:        .999030        Right hand mass:       1.000970
1
                                                  
oooooooooo     *******************      oooooooooo
                                  *    o          
          o   *                                   
                                      o           
                                                  
                                   *              
           o                                      
                                                  
             *                                    
                                     o            
                                                  
                                                  
                                                  
                                    *             
            o                                     
            *                                     
                                                  
                                    o             
                                                  
                                     *            
           * o                                    
              o                   oo              
***********+---ooooooooooooooooooo-+--************
-14.5       -7.9         -.7         6.5        13
  Step        1201  Error= 0.152675579345430364E-02 
  Step        1211  Error= 0.145018236333450913E-02 
  Step        1221  Error= 0.137722516847226906E-02 
  Step        1231  Error= 0.130773649390076392E-02 
  Step        1241  Error= 0.124157220831126367E-02 
  Step        1251  Error= 0.117859196769286496E-02 
  Step        1261  Error= 0.111865937417810098E-02 
  Step        1271  Error= 0.106164209464054910E-02 
  Step        1281  Error= 0.100741194436259718E-02 
  Step        1291  Error= 0.955844939448034954E-03 
 Statistics for time step no. 1301 at time    195.000
 fm/c
 #         OCC        NORM      ENERGY      CENTER       SIGMA       ALEFT
  1      .51293     1.00000   -49.43570      .00588     2.70201      .49922
  2      .46995     1.00000   -46.63298      .00742     4.05354      .49988
  3      .40309     1.00000   -42.27398      .00710     4.40674      .49912
  4      .31541     1.00000   -36.55670      .00689     4.64568      .49999
  5      .20959     1.00000   -29.65745      .00681     4.86426      .49922
  6      .08903     1.00000   -21.79661      .00679     5.08770      .50001
  7      .00000     1.00000   -13.14356      .00676     5.37028      .49929
  8      .00000     1.00000    -4.18499      .00315     6.23150      .50016
  9      .00000     1.00000     1.80634     -.18158     9.08708      .50754
 10      .00000     1.00000     3.89243     -.29989    10.70536      .51016
 Total mass:       2.000000             Total energy:     -83.999219
 Center of mass:        .013571        Fluctuation:       8.004966
 Left hand mass:        .999025        Right hand mass:       1.000975
1
                                                  
oooooooooo     *******************      oooooooooo
                                  *    o          
          o   *                                   
                                      o           
                                                  
                                   *              
           o                                      
                                                  
             *                                    
                                     o            
                                                  
                                                  
                                                  
                                    *             
            o                                     
                                                  
            *                                     
                                    o             
                                                  
                                     *            
           * o                                    
              o                   oo              
***********+---ooooooooooooooooooo-+--************
-14.5       -7.9         -.7         6.5        13
  Step        1301  Error= 0.906821321565744990E-03 
  Step        1311  Error= 0.860225559046795237E-03 
  Step        1321  Error= 0.815946327654710124E-03 
  Step        1331  Error= 0.773876472877653649E-03 
  Step        1341  Error= 0.733912956935795120E-03 
  Step        1351  Error= 0.695956793484307627E-03 
  Step        1361  Error= 0.659912970812721574E-03 
  Step        1371  Error= 0.625690366071644387E-03 
  Step        1381  Error= 0.593201652524242445E-03 
  Step        1391  Error= 0.562363200498472503E-03 
 Statistics for time step no. 1401 at time    210.000
 fm/c
 #         OCC        NORM      ENERGY      CENTER       SIGMA       ALEFT
  1      .51315     1.00000   -49.40866      .00609     2.69661      .49918
  2      .47016     1.00000   -46.60537      .00732     4.04722      .49990
  3      .40321     1.00000   -42.24036      .00701     4.40181      .49913
  4      .31539     1.00000   -36.51433      .00685     4.64094      .50000
  5      .20941     1.00000   -29.60453      .00680     4.85950      .49922
  6      .08868     1.00000   -21.73220      .00679     5.08256      .50001
  7      .00000     1.00000   -13.06583      .00676     5.36678      .49929
  8      .00000     1.00000    -4.10693      .00267     6.24881      .50018
  9      .00000     1.00000     1.82679     -.21499     9.19819      .50898
 10      .00000     1.00000     3.90336     -.26918    10.72106      .50869
 Total mass:       2.000000             Total energy:     -83.940716
 Center of mass:        .013579        Fluctuation:       7.993518
 Left hand mass:        .999022        Right hand mass:       1.000978
1
                                                  
oooooooooo     *******************      oooooooooo
                                  *    o          
          o   *                                   
                                      o           
                                                  
                                                  
           o                       *              
                                                  
             *                                    
                                     o            
                                                  
                                                  
                                                  
                                    *             
            o                                     
                                                  
            *                                     
                                    o             
                                                  
                                     *            
           * o                                    
              o                   oo              
***********+---ooooooooooooooooooo-+--************
-14.5       -7.9         -.7         6.5        13
  Step        1401  Error= 0.533094973780955952E-03 
  Step        1411  Error= 0.505320422691887534E-03 
  Step        1421  Error= 0.478966374786761137E-03 
  Step        1431  Error= 0.453962923625745088E-03 
  Step        1441  Error= 0.430243317505983006E-03 
  Step        1451  Error= 0.407743847155559477E-03 
  Step        1461  Error= 0.386403734654513120E-03 
  Step        1471  Error= 0.366165022799455793E-03 
  Step        1481  Error= 0.346972466689759074E-03 
  Step        1491  Error= 0.328773425602188452E-03 
 Statistics for time step no. 1501 at time    225.000
 fm/c
 #         OCC        NORM      ENERGY      CENTER       SIGMA       ALEFT
  1      .51328     1.00000   -49.39274      .00625     2.69341      .49916
  2      .47028     1.00000   -46.58917      .00723     4.04356      .49992
  3      .40328     1.00000   -42.22065      .00694     4.39899      .49914
  4      .31538     1.00000   -36.48953      .00683     4.63818      .50000
  5      .20931     1.00000   -29.57358      .00680     4.85672      .49922
  6      .08847     1.00000   -21.69455      .00680     5.07956      .50000
  7      .00000     1.00000   -13.02044      .00675     5.36476      .49929
  8      .00000     1.00000    -4.06150      .00225     6.26079      .50020
  9      .00000     1.00000     1.83867     -.24620     9.27669      .51034
 10      .00000     1.00000     3.90994     -.23877    10.72965      .50726
 Total mass:       2.000000             Total energy:     -83.906385
 Center of mass:        .013585        Fluctuation:       7.986844
 Left hand mass:        .999020        Right hand mass:       1.000980
1
                                                  
oooooooooo     *******************      oooooooooo
                                  *    o          
          o   *                                   
                                      o           
                                                  
                                                  
           o                       *              
                                                  
             *                       o            
                                                  
                                                  
                                                  
                                                  
                                    *             
            o                                     
                                                  
            *                                     
                                    o             
                                                  
                                     *            
           * o                                    
              o                   oo              
***********+---ooooooooooooooooooo-+--************
-14.5       -7.9         -.7         6.5        13
  Step        1501  Error= 0.311517758709395636E-03 
  Step        1511  Error= 0.295157762468702752E-03 
  Step        1521  Error= 0.279647981140580240E-03 
  Step        1531  Error= 0.264945115300219938E-03 
  Step        1541  Error= 0.251008020586698571E-03 
  Step        1551  Error= 0.237797564069599555E-03 
  Step        1561  Error= 0.225276534325035555E-03 
  Step        1571  Error= 0.213409555833182909E-03 
  Step        1581  Error= 0.202163005323774918E-03 
  Step        1591  Error= 0.191504931992969129E-03 
 Statistics for time step no. 1601 at time    240.000
 fm/c
 #         OCC        NORM      ENERGY      CENTER       SIGMA       ALEFT
  1      .51335     1.00000   -49.38343      .00637     2.69152      .49914
  2      .47035     1.00000   -46.57971      .00716     4.04143      .49994
  3      .40332     1.00000   -42.20915      .00690     4.39738      .49914
  4      .31538     1.00000   -36.47507      .00681     4.63657      .50000
  5      .20925     1.00000   -29.55555      .00680     4.85510      .49922
  6      .08835     1.00000   -21.67262      .00680     5.07781      .50000
  7      .00000     1.00000   -12.99401      .00675     5.36360      .49929
  8      .00000     1.00000    -4.03511      .00191     6.26882      .50021
  9      .00000     1.00000     1.84576     -.27460     9.33128      .51159
 10      .00000     1.00000     3.91385     -.21032    10.73430      .50593
 Total mass:       2.000000             Total energy:     -83.886344
 Center of mass:        .013589        Fluctuation:       7.982960
 Left hand mass:        .999019        Right hand mass:       1.000981
1
                                                  
oooooooooo     *******************      oooooooooo
                                  *    o          
          o   *                                   
                                      o           
                                                  
                                                  
           o                       *              
                                                  
             *                       o            
                                                  
                                                  
                                                  
                                                  
                                    *             
            o                                     
                                                  
            *                                     
                                    o             
                                                  
                                     *            
           * o                                    
              oo                  oo              
***********+----oooooooooooooooooo-+--************
-14.5       -7.9         -.7         6.5        13
  Step        1601  Error= 0.181404979792643096E-03 
  Step        1611  Error= 0.171834313361129168E-03 
  Step        1621  Error= 0.162765546446107213E-03 
  Step        1631  Error= 0.154172673436286554E-03 
  Step        1641  Error= 0.146031003527241458E-03 
  Step        1651  Error= 0.138317097654893094E-03 
  Step        1661  Error= 0.131008708076115187E-03 
  Step        1671  Error= 0.124084720459436847E-03 
  Step        1681  Error= 0.117525099007434328E-03 
  Step        1691  Error= 0.111310833053738503E-03 
 Statistics for time step no. 1701 at time    255.000
 fm/c
 #         OCC        NORM      ENERGY      CENTER       SIGMA       ALEFT
  1      .51339     1.00000   -49.37801      .00647     2.69040      .49912
  2      .47039     1.00000   -46.57421      .00709     4.04021      .49995
  3      .40334     1.00000   -42.20246      .00687     4.39645      .49914
  4      .31537     1.00000   -36.46666      .00681     4.63563      .50000
  5      .20922     1.00000   -29.54507      .00680     4.85416      .49922
  6      .08828     1.00000   -21.65988      .00680     5.07680      .50000
  7      .00000     1.00000   -12.97866      .00675     5.36293      .49929
  8      .00000     1.00000    -4.01980      .00165     6.27406      .50023
  9      .00000     1.00000     1.85004     -.29996     9.36878      .51271
 10      .00000     1.00000     3.91616     -.18457    10.73679      .50473
 Total mass:       2.000000             Total energy:     -83.874680
 Center of mass:        .013592        Fluctuation:       7.980703
 Left hand mass:        .999019        Right hand mass:       1.000981
1
                                                  
oooooooooo     *******************      oooooooooo
                                  *    o          
          o   *                                   
                                      o           
                                                  
                                                  
           o                       *              
                                                  
             *                       o            
                                                  
                                                  
                                                  
                                                  
                                    *             
            o                                     
                                                  
            *                                     
                                    o             
                                                  
                                     *            
           * o                                    
              oo                  oo              
***********+----oooooooooooooooooo-+--************
-14.5       -7.9         -.7         6.5        13
  Step        1701  Error= 0.105423886763511725E-03 
  Step        1711  Error= 0.998471511339412397E-04 
  Convergence was reached for        1711  iterations.
  Writing file PB208.DAT                     
 Statistics for time step no. 1711 at time    256.500
 fm/c
 #         OCC        NORM      ENERGY      CENTER       SIGMA       ALEFT
  1      .51340     1.00000   -49.37757      .00647     2.69031      .49912
  2      .47040     1.00000   -46.57377      .00708     4.04011      .49995
  3      .40334     1.00000   -42.20193      .00686     4.39638      .49914
  4      .31537     1.00000   -36.46599      .00681     4.63555      .50000
  5      .20921     1.00000   -29.54423      .00680     4.85408      .49922
  6      .08828     1.00000   -21.65885      .00680     5.07672      .50000
  7      .00000     1.00000   -12.97742      .00675     5.36288      .49929
  8      .00000     1.00000    -4.01856      .00162     6.27451      .50023
  9      .00000     1.00000     1.85039     -.30256     9.37210      .51283
 10      .00000     1.00000     3.91634     -.18191    10.73698      .50460
 Total mass:       2.000000             Total energy:     -83.873742
 Center of mass:        .013593        Fluctuation:       7.980521
 Left hand mass:        .999018        Right hand mass:       1.000982
