

 CLEBSCH-GORDAN COEFFICIENTS,   NCAL= 49

 (  0.0  0.0  0.0  0.0 |   3.0  0.0 ) =  0.00000000
 (  0.0  0.0  1.0  0.0 |   3.0  0.0 ) =  0.00000000
 (  0.0  0.0  2.0  0.0 |   3.0  0.0 ) =  0.00000000
 (  0.0  0.0  3.0  0.0 |   3.0  0.0 ) =  1.00000000
 (  0.0  0.0  4.0  0.0 |   3.0  0.0 ) =  0.00000000
 (  0.0  0.0  5.0  0.0 |   3.0  0.0 ) =  0.00000000
 (  0.0  0.0  6.0  0.0 |   3.0  0.0 ) =  0.00000000
 (  1.0  0.0  0.0  0.0 |   3.0  0.0 ) =  0.00000000
 (  1.0  0.0  1.0  0.0 |   3.0  0.0 ) =  0.00000000
 (  1.0  0.0  2.0  0.0 |   3.0  0.0 ) =  0.77459667
 (  1.0  0.0  3.0  0.0 |   3.0  0.0 ) =  0.00000000
 (  1.0  0.0  4.0  0.0 |   3.0  0.0 ) = -0.66666667
 (  1.0  0.0  5.0  0.0 |   3.0  0.0 ) =  0.00000000
 (  1.0  0.0  6.0  0.0 |   3.0  0.0 ) =  0.00000000
 (  2.0  0.0  0.0  0.0 |   3.0  0.0 ) =  0.00000000
 (  2.0  0.0  1.0  0.0 |   3.0  0.0 ) =  0.77459667
 (  2.0  0.0  2.0  0.0 |   3.0  0.0 ) =  0.00000000
 (  2.0  0.0  3.0  0.0 |   3.0  0.0 ) = -0.51639778
 (  2.0  0.0  4.0  0.0 |   3.0  0.0 ) =  0.00000000
 (  2.0  0.0  5.0  0.0 |   3.0  0.0 ) =  0.55048188
 (  2.0  0.0  6.0  0.0 |   3.0  0.0 ) =  0.00000000
 (  3.0  0.0  0.0  0.0 |   3.0  0.0 ) =  1.00000000
 (  3.0  0.0  1.0  0.0 |   3.0  0.0 ) =  0.00000000
 (  3.0  0.0  2.0  0.0 |   3.0  0.0 ) = -0.51639778
 (  3.0  0.0  3.0  0.0 |   3.0  0.0 ) =  0.00000000
 (  3.0  0.0  4.0  0.0 |   3.0  0.0 ) =  0.42640143
 (  3.0  0.0  5.0  0.0 |   3.0  0.0 ) =  0.00000000
 (  3.0  0.0  6.0  0.0 |   3.0  0.0 ) = -0.48280455
 (  4.0  0.0  0.0  0.0 |   3.0  0.0 ) =  0.00000000
 (  4.0  0.0  1.0  0.0 |   3.0  0.0 ) = -0.66666667
 (  4.0  0.0  2.0  0.0 |   3.0  0.0 ) =  0.00000000
 (  4.0  0.0  3.0  0.0 |   3.0  0.0 ) =  0.42640143
 (  4.0  0.0  4.0  0.0 |   3.0  0.0 ) =  0.00000000
 (  4.0  0.0  5.0  0.0 |   3.0  0.0 ) = -0.37397880
 (  4.0  0.0  6.0  0.0 |   3.0  0.0 ) =  0.00000000
 (  5.0  0.0  0.0  0.0 |   3.0  0.0 ) =  0.00000000
 (  5.0  0.0  1.0  0.0 |   3.0  0.0 ) =  0.00000000
 (  5.0  0.0  2.0  0.0 |   3.0  0.0 ) =  0.55048188
 (  5.0  0.0  3.0  0.0 |   3.0  0.0 ) =  0.00000000
 (  5.0  0.0  4.0  0.0 |   3.0  0.0 ) = -0.37397880
 (  5.0  0.0  5.0  0.0 |   3.0  0.0 ) =  0.00000000
 (  5.0  0.0  6.0  0.0 |   3.0  0.0 ) =  0.33796318
 (  6.0  0.0  0.0  0.0 |   3.0  0.0 ) =  0.00000000
 (  6.0  0.0  1.0  0.0 |   3.0  0.0 ) =  0.00000000
 (  6.0  0.0  2.0  0.0 |   3.0  0.0 ) =  0.00000000
 (  6.0  0.0  3.0  0.0 |   3.0  0.0 ) = -0.48280455
 (  6.0  0.0  4.0  0.0 |   3.0  0.0 ) =  0.00000000
 (  6.0  0.0  5.0  0.0 |   3.0  0.0 ) =  0.33796318
 (  6.0  0.0  6.0  0.0 |   3.0  0.0 ) =  0.00000000
