****************************************  p a c e  2  **************************
************** modified julian


 projection  angular-momentum  coupled  evaporation   monte-carlo  code

 vax - v.m.s. /  i.b.m.      version.  avigdor,31 dec 1985

 angular distributions obtained using m-states of angular momentum

 sierk fission barriers

********************************************************************************
************


 -------------------------------------------------------------------------------
-----------------------------------------------------
 starting conditions

                                                                          z
    n         a          spin
                                   projectile                             6
    6        12         0.0
                                   target                                79
  118       197         0.0
                                   compound nucleus                      85
  124       209

                                   bombarding energy (mev)
        100.000
                                   center of mass energy (mev)
         94.258

                                   compound nucleus excitation energy (mev)
         75.998
                                   compound nucleus recoil energy (mev)
          5.742
                                   compound nucleus recoil velocity (cm/nanosec)
    0.23040E+00
                                   compound nucleus velocity/c
    0.76801E-02
                                   beam velocity (cm/nanosec)
    0.40129E+01
                                   beam velocity/c
    0.13376E+00
                                   bass 1977    fusion cross section (mb)
       1373.110
                                   fusion l-grazing and l-diffuseness          4
6.743     0.500
                                   yrast spin at maximum excitation energy
            127
                                   compound nucleus formation cross section (mb)
       1373.037


                                   input fission barrier (mev)
           9.42
                                   ** sierk barrier will be multipled by
           1.00
                                   little-a sub-f / little-a sub-gamma
          1.010
                                   little-a
     mass / 7.5

                                   sierk  diffuse surface nucleus yrast line use
d         *****
                                                        multiplied by factor of
           1.00

                                   ecm range for  neut    prot    alph   gamma (
mev)
                                                  0.01    4.90   11.30    0.00
min
                                                 16.00   23.02   34.40   16.00
max


                                   number of cascades
           1000
                                   internal probability discriminator of program
 set to  0.0010

                                   optical model parameters for light emitted pa
rticles
                                   **********                  outputted to tape
 4 (fileno. 4)

                                   e.m. transition strengths in weisskopf units

                                         e1        m1        e2        m2
                                      0.00001   0.01000   9.00000   1.20000

                                               partial cross sections (mb)

                                              j                     sig (j)


   0.0    0.61         1.0    1.84         2.0    3.07         3.0    4.30
   4.0    5.53         5.0    6.76
   6.0    7.99         7.0    9.22         8.0   10.45         9.0   11.68
  10.0   12.91        11.0   14.14
  12.0   15.37        13.0   16.60        14.0   17.83        15.0   19.06
  16.0   20.29        17.0   21.52
  18.0   22.75        19.0   23.98        20.0   25.21        21.0   26.44
  22.0   27.67        23.0   28.90
  24.0   30.13        25.0   31.36        26.0   32.59        27.0   33.82
  28.0   35.05        29.0   36.28
  30.0   37.51        31.0   38.74        32.0   39.97        33.0   41.20
  34.0   42.43        35.0   43.66
  36.0   44.89        37.0   46.12        38.0   47.35        39.0   48.58
  40.0   49.81        41.0   51.04
  42.0   52.27        43.0   53.47        44.0   54.51        45.0   54.30
  46.0   46.63        47.0   21.86
  48.0    4.47        49.0    0.66        50.0    0.09
1output results for compound nucleus decay
 *****************************************
 -------------------------------------------------------------------------------
-----------------------------------------------------
                                                   yields of residual nuclei
                                   z         n         a      events      percen
t      x-section(mb)
 -------------------------------------------------------------------------------
-----------------------------------------------------
                                   85       119       204 at       1        0.10
0               1.37
                                   84       120       204 po       1        0.10
0               1.37
                                   83       121       204 bi       1        0.10
0               1.37
                                   85       118       203 at      39        3.90
0              53.55
                                   84       119       203 po      13        1.30
0              17.85
                                   85       117       202 at      16        1.60
0              21.97
                                   84       118       202 po       7        0.70
0               9.61
                                   83       118       201 bi       3        0.30
0               4.12
                                   83       117       200 bi      27        2.70
0              37.07
                                   82       118       200 pb       2        0.20
0               2.75
                                   83       116       199 bi       3        0.30
0               4.12
                                   82       117       199 pb       1        0.10
0               1.37
                                  total fission                  886       88.60
0            1216.51
                                                              ------------------
--------------------
                                                    total       1000      100.00
0            1373.04
 -------------------------------------------------------------------------------
-----------------------------------------------------


  10.70 percent of cascades trapped before reaching ground state due to spin inh
ibition

 average energy at which cascades were trapped is   1.10 mev, average spin     6
.6 hbar

 **** successive decays through single yrast cascade assumed
1                              c.m.  spectra  of   emitted   particles
                           -----------------------------------------------

                           en(mev)  [  neut  [   prot  [  alpha  [  gamma
                           -----------------------------------------------


                            0 -  1  [   232  [      0  [      0  [   1063
                            1 -  2  [   725  [      0  [      0  [    160
                            2 -  3  [   630  [      0  [      0  [    118
                            3 -  4  [   376  [      0  [      0  [     36
                            4 -  5  [   204  [      0  [      0  [     14
                            5 -  6  [   111  [      0  [      0  [      5
                            6 -  7  [    61  [      2  [      0  [      0
                            7 -  8  [    32  [      1  [      0  [      1
                            8 -  9  [    18  [      5  [      0  [      0
                            9 - 10  [    10  [      5  [      0  [      1
                           10 - 11  [     7  [     10  [      0  [      0
                           11 - 12  [     4  [      7  [      0  [      0
                           12 - 13  [     0  [      7  [      0  [      0
                           13 - 14  [     0  [      1  [      0  [      0
                           14 - 15  [     0  [      1  [      0  [      0
                           15 - 16  [     0  [      1  [      1  [      0
                           16 - 17  [     0  [      0  [      2  [      0
                           17 - 18  [     0  [      0  [      2  [      0
                           18 - 19  [     0  [      0  [      7  [      0
                           19 - 20  [     0  [      0  [      4  [      0
                           20 - 21  [     0  [      0  [     10  [      0
                           21 - 22  [     0  [      0  [      7  [      0
                           22 - 23  [     0  [      0  [      4  [      0
                           23 - 24  [     0  [      0  [      2  [      0
                           24 - 25  [     0  [      0  [      2  [      0
                           25 - 26  [     0  [      0  [      1  [      0
                           26 - 27  [     0  [      0  [      1  [      0


                            total   [  2410  [     40  [     43  [   1398


                         av. energy [  2.75  [  10.68  [  20.57  [  0.93


                       multiplicity [  2.41  [   0.04  [   0.04[   1.40
1 track down of decay modes at   76.,  38. and  10. mev excitation
  ***********************************************************




    ex =   76.    gamma =    3.81E-02 mev    lifetime =    1.76E-20 sec

    average j =  32.0      stand. dev. =  11.2

                     part  num    delj   rms-dj  dex

                     neut  674.   -0.1    1.9    11.4
                     prot   19.   -0.1    1.6    14.4
                     alph   23.   -1.9    4.3    16.4
                     fiss  284.



    ex =   38.    gamma =    5.94E-03 mev    lifetime =    1.89E-19 sec

    average j =  28.7      stand. dev. =  10.8

                     part  num    delj   rms-dj  dex

                     neut  334.   -0.8    2.0    10.3
                     prot    5.   -0.2    1.3    12.8
                     alph    3.   -8.0    8.2    16.7
                     gamm    1.    2.0    2.0     9.0
                     fiss  373.



    ex =   10.    gamma =    2.17E-04 mev    lifetime =    2.15E-14 sec

    average j =  22.0      stand. dev. =   9.0

                     part  num    delj   rms-dj  dex

                     neut   63.   -0.6    1.4     9.9
                     gamm   51.   -0.6    1.4     2.8
                     fiss  229.


 end evaporation calculation.   shalom
********************************************************************************
****************************************
********************************************************************************
****************************************
********************************************************************************
****************************************
********************************************************************************
****************************************
********************************************************************************
****************************************

1
1




 ********* complete traceback diagnostic of particle and gamma emission ********
*








                    components  of  gamma  spectrum ***

                 energy        e1-spec  e2-spec

               0.05 - 0.15        43        60
               0.15 - 0.25       163       249
               0.25 - 0.35        16       179
               0.35 - 0.45         6        78
               0.45 - 0.55         2        83
               0.55 - 0.65         2        15
               0.65 - 0.75         1        37
               0.75 - 0.85         1        80
               0.85 - 0.95         0        15
               0.95 - 1.05         2        31
               1.05 - 1.15         2        28
               1.15 - 1.25         0         9
               1.25 - 1.35         0        29
               1.35 - 1.45         1        19
               1.45 - 1.55         0         9
               1.55 - 1.65         0        21
               1.65 - 1.75         0         8
               1.75 - 1.85         0         7
               1.85 - 1.95         0        15
               1.95 - 2.05         0        12
               2.05 - 2.15         0        31
               2.15 - 2.25         0        16
               2.25 - 2.35         0        14
               2.35 - 2.45         0         7
               2.45 - 2.55         0        12
               2.55 - 2.65         0         9
               2.65 - 2.75         0        11
               2.75 - 2.85         0         9
               2.85 - 2.95         0         6
              above   3.05         0       946
1
 evaporation residue decay summary
 *********************************





 decay to e.r.-s   mode = neut   total =    643  outof  114 events.    multiplic
ity =  5.64  average ecm =  2.40 mev
 *************   average spin removed =   0.5


    ex / spin = 0-4  5-9  10-14 15-19 20-24 25-29 30-34 35-39 40-44 45-49 50-54
55-59 60-64 65-69 70-74 75-79 sum  avrg  stdv

  12- 15        0     4     5     2     2     0     0     0     0     0     0
  0     0     0     0     0    13  12.8   5.1
  15- 18        1     4     2     2     4     1     1     0     0     0     0
  0     0     0     0     0    15  15.7   8.5
  18- 21        2     1     7     7     7     6     2     0     0     0     0
  0     0     0     0     0    32  18.6   7.6
  21- 24        1     7    11    10     6     3     4     0     0     0     0
  0     0     0     0     0    42  16.5   7.8
  24- 27        1     3     6     9     6     3     4     0     0     0     0
  0     0     0     0     0    32  18.4   7.8
  27- 30        0     2     4     4     3     5     6     0     0     0     0
  0     0     0     0     0    24  21.8   8.4
  30- 33        0     5     7    13     8     5     2     0     0     0     0
  0     0     0     0     0    40  17.9   6.7
  33- 36        0     7     7     5     5     5     5     1     0     0     0
  0     0     0     0     0    35  18.9   9.1
  36- 39        0     1     3     8     5     2     2     0     0     0     0
  0     0     0     0     0    21  19.4   6.3
  39- 42        0     6     4     4     9     4     3     1     0     0     0
  0     0     0     0     0    31  19.3   8.5
  42- 45        0     4     5     9    11     8     6     0     0     0     0
  0     0     0     0     0    43  20.7   7.4
  45- 48        0     2     8     9     4     5     1     2     0     0     0
  0     0     0     0     0    31  19.1   7.8
  48- 51        1     1     1     6     3     2     3     0     0     0     0
  0     0     0     0     0    17  19.9   8.2
  51- 54        0     1     9     6     9     4     5     1     0     0     0
  0     0     0     0     0    35  20.6   7.6
  54- 57        1     4     7     7     7     3     3     1     0     0     0
  0     0     0     0     0    33  18.2   8.4
  57- 60        1     2     6     6     4     1     3     1     0     0     0
  0     0     0     0     0    24  18.3   8.7
  60- 63        1     0     3     6     4     5     3     0     0     0     0
  0     0     0     0     0    22  20.9   7.5
  63- 66        1     3     2    10     6     6     4     2     0     0     0
  0     0     0     0     0    34  21.0   8.6
  66- 69        0     6     9     5     9     3     0     2     0     0     0
  0     0     0     0     0    34  17.3   7.9
  75- 78        2     7    20    16    17    12     5     6     0     0     0
  0     0     0     0     0    85  19.4   8.6
 sum           12    70   126   144   129    83    62    17     0     0     0
  0     0     0     0     0





 decay to e.r.-s   mode = prot   total =     26  outof  114 events.    multiplic
ity =  0.23  average ecm = 10.50 mev
 *************   average spin removed =   0.3


    ex / spin = 0-4  5-9  10-14 15-19 20-24 25-29 30-34 35-39 40-44 45-49 50-54
55-59 60-64 65-69 70-74 75-79 sum  avrg  stdv

  30- 33        0     0     0     2     0     0     0     0     0     0     0
  0     0     0     0     0     2  17.0   0.0
  33- 36        0     0     0     1     0     0     0     0     0     0     0
  0     0     0     0     0     1  17.0   0.0
  42- 45        0     1     0     0     0     0     0     0     0     0     0
  0     0     0     0     0     1   7.0   0.0
  45- 48        0     0     0     0     0     0     1     0     0     0     0
  0     0     0     0     0     1  32.0   0.0
  51- 54        0     0     0     0     0     1     0     0     0     0     0
  0     0     0     0     0     1  27.0   0.0
  54- 57        0     0     0     0     1     0     0     0     0     0     0
  0     0     0     0     0     1  22.0   0.0
  57- 60        0     1     0     0     1     1     0     0     0     0     0
  0     0     0     0     0     3  18.7   8.5
  60- 63        0     0     0     0     1     0     0     0     0     0     0
  0     0     0     0     0     1  22.0   0.0
  63- 66        0     0     0     0     0     0     1     0     0     0     0
  0     0     0     0     0     1  32.0   0.0
  66- 69        0     0     2     0     0     1     0     0     0     0     0
  0     0     0     0     0     3  17.0   7.1
  75- 78        0     0     1     1     3     3     2     1     0     0     0
  0     0     0     0     0    11  25.2   6.8
 sum            0     2     3     4     6     6     4     1     0     0     0
  0     0     0     0     0





 decay to e.r.-s   mode = alph   total =     36  outof  114 events.    multiplic
ity =  0.32  average ecm = 20.53 mev
 *************   average spin removed =   2.3


    ex / spin = 0-4  5-9  10-14 15-19 20-24 25-29 30-34 35-39 40-44 45-49 50-54
55-59 60-64 65-69 70-74 75-79 sum  avrg  stdv

  33- 36        0     0     0     0     1     0     1     0     0     0     0
  0     0     0     0     0     2  27.0   5.0
  45- 48        0     0     0     1     0     0     0     0     0     0     0
  0     0     0     0     0     1  17.0   0.0
  54- 57        0     0     0     0     0     1     0     0     0     0     0
  0     0     0     0     0     1  27.0   0.0
  57- 60        0     0     0     1     0     0     2     1     0     0     0
  0     0     0     0     0     4  29.5   7.5
  60- 63        0     0     0     1     0     1     1     0     0     0     0
  0     0     0     0     0     3  25.3   6.2
  63- 66        0     0     0     1     2     0     0     1     0     0     0
  0     0     0     0     0     4  24.5   7.5
  66- 69        0     0     0     1     0     0     2     0     0     0     0
  0     0     0     0     0     3  27.0   7.1
  75- 78        1     0     1     3     3     1     5     2     2     0     0
  0     0     0     0     0    18  26.4  10.5
 sum            1     0     1     8     6     3    11     4     2     0     0
  0     0     0     0     0





 decay to e.r.-s   mode = g-e1   total =    239  outof  114 events.    multiplic
ity =  2.10  average ecm =  0.51 mev
 *************   average spin removed =   0.9


    ex / spin = 0-4  5-9  10-14 15-19 20-24 25-29 30-34 35-39 40-44 45-49 50-54
55-59 60-64 65-69 70-74 75-79 sum  avrg  stdv

   0-  3        2    58    96    16     0     0     0     0     0     0     0
  0     0     0     0     0   172  10.7   3.2
   3-  6        1     9    25    24     3     1     0     0     0     0     0
  0     0     0     0     0    63  13.7   4.5
   6-  9        0     0     0     0     0     2     1     0     0     0     0
  0     0     0     0     0     3  28.7   2.4
   9- 12        0     0     0     1     0     0     0     0     0     0     0
  0     0     0     0     0     1  17.0   0.0
 sum            3    67   121    41     3     3     1     0     0     0     0
  0     0     0     0     0





 decay to e.r.-s   mode = g-e2   total =   1157  outof  114 events.    multiplic
ity = 10.15  average ecm =  1.01 mev
 *************   average spin removed =   1.5


    ex / spin = 0-4  5-9  10-14 15-19 20-24 25-29 30-34 35-39 40-44 45-49 50-54
55-59 60-64 65-69 70-74 75-79 sum  avrg  stdv

   0-  3      208   220   113    38     0     0     0     0     0     0     0
  0     0     0     0     0   579   6.8   4.5
   3-  6        4    46    78    92    81    22     2     0     0     0     0
  0     0     0     0     0   325  16.2   6.1
   6-  9        3    12    21    27    33    26     5     0     0     0     0
  0     0     0     0     0   127  18.8   7.2
   9- 12        0     7    17    11    16    16     7     0     0     0     0
  0     0     0     0     0    74  19.6   7.5
  12- 15        1     2     8     5     9    10     6     0     0     0     0
  0     0     0     0     0    41  20.9   7.9
  15- 18        0     0     1     0     1     3     5     0     0     0     0
  0     0     0     0     0    10  27.5   6.1
  18- 21        0     0     0     0     1     0     0     0     0     0     0
  0     0     0     0     0     1  22.0   0.0
 sum          216   287   238   173   141    77    25     0     0     0     0
  0     0     0     0     0


1 fission probability as function of excitation

              ex. en.    probability

                  75- 78        2.56E-01
                  66- 69        2.31E-01
                  63- 66        2.17E-01
                  60- 63        1.95E-01
                  57- 60        2.46E-01
                  54- 57        2.68E-01
                  51- 54        2.14E-01
                  48- 51        2.46E-01
                  45- 48        2.47E-01
                  42- 45        2.59E-01
                  39- 42        2.53E-01
                  36- 39        2.95E-01
                  33- 36        2.77E-01
                  30- 33        2.82E-01
                  27- 30        2.75E-01
                  24- 27        2.86E-01
                  21- 24        3.53E-01
                  18- 21        4.15E-01
                  15- 18        4.28E-01
                  12- 15        2.12E-01
                   9- 12        5.60E-03
                   6-  9        0.00E+00
                   3-  6        0.00E+00
                   0-  3        0.00E+00
 ***** total sum of fission probabilities    8.84E-01


 excitation energy window - average =   54.5  fwhm =  46.0

 spin window              - average =   33.1         fwhm =  24.8





1fission summary. total events =  886
 ************************************


 paricles preceeding fission

 ***************************




 pre-fiss decay.  mode = neut    total = 1767    multiplicity = 1.99     average
 ecm =  2.88     average spin removed=  0.4
 ***********************************


    ex / spin = 0-4  5-9  10-14 15-19 20-24 25-29 30-34 35-39 40-44 45-49 50-54
55-59 60-64 65-69 70-74 75-79 sum  avrg  stdv

  21- 24        0     0     3     1     4     2     0     0     0     0     0
  0     0     0     0     0    10  19.5   5.6
  24- 27        0     3     5     7     4     5     1     0     0     0     0
  0     0     0     0     0    25  18.2   7.0
  27- 30        0     1     2     7     3     3     2     1     2     0     0
  0     0     0     0     0    21  23.0   9.5
  30- 33        0     2     1     5     1     8     2     0     0     0     0
  0     0     0     0     0    19  21.7   7.5
  33- 36        0     3     4    11    12     9     4     0     0     0     0
  0     0     0     0     0    43  20.7   6.7
  36- 39        1     3     5    14     8    12     3     2     1     0     0
  0     0     0     0     0    49  21.1   8.2
  39- 42        0     3     5     5     6     7     4     3     2     2     0
  0     0     0     0     0    37  24.4  10.9
  42- 45        0     0     5    14    18    11    14     5     4     1     0
  0     0     0     0     0    72  25.5   8.3
  45- 48        1     5     5    21    13    26    13     8     5     0     0
  0     0     0     0     0    97  24.4   8.9
  48- 51        0     1     3     4     6     5     7     2     2     2     0
  0     0     0     0     0    32  26.7  10.1
  51- 54        1     1     3     4    10    11    10     7     1     4     0
  0     0     0     0     0    52  27.7   9.9
  54- 57        0     7    15    14    22    25    18    15    13     3     0
  0     0     0     0     0   132  26.1  10.3
  57- 60        3     6     9    16    19    32    19    15    12     5     0
  0     0     0     0     0   136  26.6  10.5
  60- 63        0     0     0     2     8     5     7     6    10     3     0
  0     0     0     0     0    41  33.0   8.8
  63- 66        1     8    13    19    22    24    26    29    19     7     1
  0     0     0     0     0   169  28.1  10.9
  66- 69        2     5    11    21    31    50    42    32    34    15     0
  0     0     0     0     0   243  29.7  10.1
  75- 78        3    18    28    47    60    89    92   105   100    46     1
  0     0     0     0     0   589  31.0  10.6
 sum           12    66   117   212   247   324   264   230   205    88     2
  0     0     0     0     0




 pre-fiss decay.  mode = prot    total =   14    multiplicity = 0.02     average
 ecm = 11.00     average spin removed=  0.3
 ***********************************


    ex / spin = 0-4  5-9  10-14 15-19 20-24 25-29 30-34 35-39 40-44 45-49 50-54
55-59 60-64 65-69 70-74 75-79 sum  avrg  stdv

  42- 45        0     0     0     0     0     0     0     1     0     0     0
  0     0     0     0     0     1  37.0   0.0
  51- 54        0     0     0     0     0     0     1     0     0     0     0
  0     0     0     0     0     1  32.0   0.0
  57- 60        0     0     0     1     1     0     0     0     0     0     0
  0     0     0     0     0     2  19.5   2.5
  66- 69        0     0     0     0     0     0     0     0     1     1     0
  0     0     0     0     0     2  44.5   2.5
  75- 78        0     0     1     0     1     0     1     3     0     2     0
  0     0     0     0     0     8  33.9  11.2
 sum            0     0     1     1     2     0     2     4     1     3     0
  0     0     0     0     0




 pre-fiss decay.  mode = alph    total =    7    multiplicity = 0.01     average
 ecm = 20.79     average spin removed=  3.0
 ***********************************


    ex / spin = 0-4  5-9  10-14 15-19 20-24 25-29 30-34 35-39 40-44 45-49 50-54
55-59 60-64 65-69 70-74 75-79 sum  avrg  stdv

  57- 60        0     0     0     0     0     0     1     0     0     0     0
  0     0     0     0     0     1  32.0   0.0
  63- 66        0     0     0     0     0     0     0     1     0     0     0
  0     0     0     0     0     1  37.0   0.0
  75- 78        0     0     0     0     0     0     0     1     3     1     0
  0     0     0     0     0     5  42.0   3.2
 sum            0     0     0     0     0     0     1     2     3     1     0
  0     0     0     0     0




 pre-fiss decay.  mode = g-e2    total =    2    multiplicity = 0.00     average
 ecm =  6.50     average spin removed= -0.5
 ***********************************


    ex / spin = 0-4  5-9  10-14 15-19 20-24 25-29 30-34 35-39 40-44 45-49 50-54
55-59 60-64 65-69 70-74 75-79 sum  avrg  stdv

  21- 24        0     0     0     0     0     0     1     0     0     0     0
  0     0     0     0     0     1  32.0   0.0
  39- 42        0     0     0     0     1     0     0     0     0     0     0
  0     0     0     0     0     1  22.0   0.0
 sum            0     0     0     0     1     0     1     0     0     0     0
  0     0     0     0     0





 mode = fiss     total number =  886
 ***********************************




 excitation energy window - average =   55.3  fwhm =  47.0

 spin window              - average =   32.8         fwhm =  25.7


    ex / spin = 0-4  5-9  10-14 15-19 20-24 25-29 30-34 35-39 40-44 45-49 50-54
55-59 60-64 65-69 70-74 75-79 sum  avrg  stdv

  12- 15        0     2     6     1     6     2     1     0     0     0     0
  0     0     0     0     0    18  17.8   7.1
  15- 18        1     1     4     5     7     2     0     0     0     0     0
  0     0     0     0     0    20  17.5   6.3
  18- 21        0     3     4     6     4     5     2     1     1     0     0
  0     0     0     0     0    26  20.7   9.0
  21- 24        0     2     1     7     5     8     6     0     1     0     0
  0     0     0     0     0    30  23.5   7.9
  24- 27        0     1     0     3     5     9     1     1     2     0     0
  0     0     0     0     0    22  25.6   7.9
  27- 30        0     1     1     2     6     2     1     1     1     0     0
  0     0     0     0     0    15  23.3   8.7
  30- 33        0     0     0     2     7     5     2     2     1     2     0
  0     0     0     0     0    21  28.4   8.7
  33- 36        0     1     3     3     7     3    10     5     1     0     0
  0     0     0     0     0    33  26.5   8.7
  36- 39        0     1     4     3     5     8     4     8     3     0     0
  0     0     0     0     0    36  27.3   9.6
  39- 42        0     1     0     2     1     5     7     3     2     0     0
  0     0     0     0     0    21  29.4   8.3
  42- 45        0     0     2     0     3    10     4     7     4     4     0
  0     0     0     0     0    34  32.4   9.1
  45- 48        0     2     1     3     4     8     5     8     6     2     0
  0     0     0     0     0    39  30.3  10.2
  48- 51        0     1     2     2     2     4     2     4     6     1     0
  0     0     0     0     0    24  30.3  11.2
  51- 54        0     0     0     1     3     2     1     5     5     2     0
  0     0     0     0     0    19  34.6   8.9
  54- 57        0     1     4     2     3     5    10    15    10     6     1
  0     0     0     0     0    57  33.7  10.3
  57- 60        0     1     2     1     5     9     9    12     9     3     0
  0     0     0     0     0    51  32.4   9.1
  60- 63        0     0     0     0     2     0     3     1     3     1     0
  0     0     0     0     0    10  35.0   8.1
  63- 66        0     1     1     3     4     3    11    16     9    10     1
  0     0     0     0     0    59  35.3   9.6
  66- 69        0     1     0     3     0     3    11    15    21    10     3
  0     0     0     0     0    67  38.1   8.5
  75- 78        1     4     1     7    12    14    36    45    81    83     0
  0     0     0     0     0   284  38.5   9.0
 sum            2    24    36    56    91   107   126   149   166   124     5
  0     0     0     0     0


