                   *****************************
                   *                           *
                   *    SINGLET CALCULATION    *
                   *                           *
                   *****************************


         SPIN:                              SPIN =   0.000
         PARTIAL WAVE QUANTUM NUMBER:        LPW =   0
         WIDTH OF GAUSSIAN QUARK CORE:         B =   0.500 (FM)
         CONSTITUENT QUARK MASS:             QM  = 350.000 (MEV)
         GLUON COUPLING CONSTANT:         ALFA_S =   1.120
         LINEAR CONFINEMENT STRENGTH:      ALIN  = 133.070 (MEV/FM)
         QUADR. CONFINEMENT STRENGTH:      AQUAD =   0.000 (MEV/FM**2)
           ===>   CONFINEMENT TYPE:        ICONF =   1
                  (1 = LIN., 2 = QUADR.)
         FIRST MESH POINT:           SMIN = S(1) =   0.300 (FM)
         SPLITTING OF MESH POINTS: S(I+1) - S(I) =   0.350 (FM)
         NUMBER OF MESH POINTS:               NS =  10
         NUMBER OF CHANNELS:              NOCHNN =   1
           ===>   NUCLEON-NUCLEON CHANNEL ONLY
         PARAMETER FOR MESON EXCHANGE:     IOBEP =   0
           ===>   NO MESON EXCHANGE AT ALL

                   ========================================
                   I                                      I
                   I   PART 1:  CALCULATION  OF KERNELS   I
                   I                                      I
                   ========================================


    DIRECT COEFF. FOR SPIN-ISOSPIN-COLOR

    1  0.10000D+01  0.00000D+00  0.10000D+01  0.00000D+00  0.00000D+00  0.10000D+01
    2 -0.26667D+01  0.00000D+00 -0.26667D+01  0.00000D+00  0.00000D+00 -0.66667D+00
    3  0.00000D+00  0.00000D+00  0.00000D+00  0.00000D+00  0.00000D+00 -0.13333D+01
    4  0.26667D+01  0.00000D+00 -0.26667D+01  0.00000D+00  0.00000D+00 -0.74074D+00
    5  0.00000D+00  0.00000D+00  0.00000D+00 -0.99381D+00 -0.29630D+00 -0.12346D+00

    EXCHANGE COEFF. FOR SPIN-ISOSPIN-COLOR

    6 -0.12346D-01  0.11042D+00  0.12346D-01 -0.33127D+00  0.29630D+00 -0.77778D+00
    7  0.32922D-01 -0.29446D+00 -0.32922D-01  0.88338D+00 -0.79012D+00  0.74074D-01
    8 -0.65844D-01  0.58892D+00  0.65844D-01  0.22085D+00 -0.19753D+00  0.11852D+01
    9  0.32922D-01 -0.29446D+00 -0.32922D-01  0.88338D+00 -0.79012D+00  0.74074D+00
   10  0.32922D-01 -0.29446D+00 -0.32922D-01 -0.11042D+00  0.98765D-01  0.74074D+00
   11 -0.16461D-01  0.14723D+00  0.16461D-01  0.55212D-01 -0.49383D-01  0.12963D+01
   12 -0.55967D+00 -0.29446D+00 -0.32922D-01 -0.88338D+00 -0.79012D+00  0.80658D+00
   13  0.20412D+01 -0.58892D+00 -0.46091D+00  0.36808D-01  0.36214D+00  0.50206D+00
   14  0.23045D+00  0.58892D+00 -0.32922D-01 -0.88338D+00 -0.79012D+00  0.46091D+00
   15  0.23045D+00 -0.29446D+00 -0.32922D-01  0.80977D+00  0.65844D-01  0.46091D+00
   16  0.00000D+00 -0.22085D+00 -0.49383D-01  0.92019D+00  0.36214D+00  0.17284D+00

    COEFF. FOR GAUSS-LAGUERRE INTEGRATION

    1  0.12793D+00  0.64050D-01
    2  0.12583D+00  0.19111D+00
    3  0.12167D+00  0.31504D+00
    4  0.11550D+00  0.43379D+00
    5  0.10744D+00  0.54542D+00
    6  0.97610D-01  0.64809D+00
    7  0.86190D-01  0.74012D+00
    8  0.73340D-01  0.82000D+00
    9  0.59290D-01  0.88641D+00
   10  0.44270D-01  0.93827D+00
   11  0.28530D-01  0.97472D+00
   12  0.12340D-01  0.99518D+00

     PION-PARAMETER  IS 0.00
     SIGMA-PARAMETER IS 0.00
     OMEGA-PARAMETER IS 0.00
     RHO-PARAMETER   IS 0.00

     SCALED COUPLING CONSTANTS:  PARP*GP, PARS*GS, PARW*GW, PARR*GR : 0.00 0.00 0.00 0.00



         RGM INTEGRAL KERNELS


          1           1
    SIJ      0.30000D+00    0.30000D+00    0.30000D+00    0.30000D+00    0.30000D+00    0.30000D+00
    NORM     0.85762D+00
    KINE     0.13839D+04
    CONF     0.14569D+04
    COUL    -0.12098D+04
    DELTA    0.38449D+03
    CMI      0.92442D+02
    P+QEX    0.00000D+00
    OBEP     0.00000D+00
    HAM      0.21080D+04



          1           2
    SIJ      0.30000D+00    0.65000D+00    0.30000D+00    0.65000D+00    0.30000D+00    0.65000D+00
    NORM     0.54233D+00
    KINE     0.82459D+03
    CONF     0.92136D+03
    COUL    -0.76494D+03
    DELTA    0.24298D+03
    CMI      0.19534D+02
    P+QEX    0.00000D+00
    OBEP     0.00000D+00
    HAM      0.12435D+04



          1           3
    SIJ      0.30000D+00    0.10000D+01    0.30000D+00    0.10000D+01    0.30000D+00    0.10000D+01
    NORM     0.24435D+00
    KINE     0.33171D+03
    CONF     0.41514D+03
    COUL    -0.34458D+03
    DELTA    0.10940D+03
    CMI     -0.14621D+02
    P+QEX    0.00000D+00
    OBEP     0.00000D+00
    HAM      0.49705D+03



          1           4
    SIJ      0.30000D+00    0.13500D+01    0.30000D+00    0.13500D+01    0.30000D+00    0.13500D+01
    NORM     0.78287D-01
    KINE     0.87935D+02
    CONF     0.13302D+03
    COUL    -0.11039D+03
    DELTA    0.35033D+02
    CMI     -0.11831D+02
    P+QEX    0.00000D+00
    OBEP     0.00000D+00
    HAM      0.13377D+03



          1           5
    SIJ      0.30000D+00    0.17000D+01    0.30000D+00    0.17000D+01    0.30000D+00    0.17000D+01
    NORM     0.17794D-01
    KINE     0.14515D+02
    CONF     0.30236D+02
    COUL    -0.25088D+02
    DELTA    0.79618D+01
    CMI     -0.39171D+01
    P+QEX    0.00000D+00
    OBEP     0.00000D+00
    HAM      0.23708D+02



          1           6
    SIJ      0.30000D+00    0.20500D+01    0.30000D+00    0.20500D+01    0.30000D+00    0.20500D+01
    NORM     0.28617D-02
    KINE     0.12396D+01
    CONF     0.48628D+01
    COUL    -0.40347D+01
    DELTA    0.12806D+01
    CMI     -0.75326D+00
    P+QEX    0.00000D+00
    OBEP     0.00000D+00
    HAM      0.25951D+01



          1           7
    SIJ      0.30000D+00    0.24000D+01    0.30000D+00    0.24000D+01    0.30000D+00    0.24000D+01
    NORM     0.32478D-03
    KINE    -0.84749D-02
    CONF     0.55189D+00
    COUL    -0.45792D+00
    DELTA    0.14538D+00
    CMI     -0.92838D-01
    P+QEX    0.00000D+00
    OBEP     0.00000D+00
    HAM      0.13803D+00



          1           8
    SIJ      0.30000D+00    0.27500D+01    0.30000D+00    0.27500D+01    0.30000D+00    0.27500D+01
    NORM     0.25947D-04
    KINE    -0.14621D-01
    CONF     0.44090D-01
    COUL    -0.36586D-01
    DELTA    0.11617D-01
    CMI     -0.76771D-02
    P+QEX    0.00000D+00
    OBEP     0.00000D+00
    HAM     -0.31759D-02



          1           9
    SIJ      0.30000D+00    0.31000D+01    0.30000D+00    0.31000D+01    0.30000D+00    0.31000D+01
    NORM     0.14558D-05
    KINE    -0.17180D-02
    CONF     0.24738D-02
    COUL    -0.20529D-02
    DELTA    0.65200D-03
    CMI     -0.43611D-03
    P+QEX    0.00000D+00
    OBEP     0.00000D+00
    HAM     -0.10813D-02



          1          10
    SIJ      0.30000D+00    0.34500D+01    0.30000D+00    0.34500D+01    0.30000D+00    0.34500D+01
    NORM     0.57255D-07
    KINE    -0.10745D-03
    CONF     0.97286D-04
    COUL    -0.80741D-04
    DELTA    0.25647D-04
    CMI     -0.17209D-04
    P+QEX    0.00000D+00
    OBEP     0.00000D+00
    HAM     -0.82470D-04



          2           1
    SIJ      0.65000D+00    0.30000D+00    0.65000D+00    0.30000D+00    0.65000D+00    0.30000D+00
    NORM     0.54233D+00
    KINE     0.82459D+03
    CONF     0.92136D+03
    COUL    -0.76494D+03
    DELTA    0.24298D+03
    CMI      0.19534D+02
    P+QEX    0.00000D+00
    OBEP     0.00000D+00
    HAM      0.12435D+04



          2           2
    SIJ      0.65000D+00    0.65000D+00    0.65000D+00    0.65000D+00    0.65000D+00    0.65000D+00
    NORM     0.39543D+00
    KINE     0.58805D+03
    CONF     0.67192D+03
    COUL    -0.55747D+03
    DELTA    0.17678D+03
    CMI     -0.19238D+02
    P+QEX    0.00000D+00
    OBEP     0.00000D+00
    HAM      0.86003D+03



          3           1
    SIJ      0.10000D+01    0.30000D+00    0.10000D+01    0.30000D+00    0.10000D+01    0.30000D+00
    NORM     0.24435D+00
    KINE     0.33171D+03
    CONF     0.41514D+03
    COUL    -0.34458D+03
    DELTA    0.10940D+03
    CMI     -0.14621D+02
    P+QEX    0.00000D+00
    OBEP     0.00000D+00
    HAM      0.49705D+03



          3           3
    SIJ      0.10000D+01    0.10000D+01    0.10000D+01    0.10000D+01    0.10000D+01    0.10000D+01
    NORM     0.17275D+00
    KINE     0.24797D+03
    CONF     0.29364D+03
    COUL    -0.24337D+03
    DELTA    0.77025D+02
    CMI     -0.38312D+02
    P+QEX    0.00000D+00
    OBEP     0.00000D+00
    HAM      0.33694D+03



          4           1
    SIJ      0.13500D+01    0.30000D+00    0.13500D+01    0.30000D+00    0.13500D+01    0.30000D+00
    NORM     0.78287D-01
    KINE     0.87935D+02
    CONF     0.13302D+03
    COUL    -0.11039D+03
    DELTA    0.35033D+02
    CMI     -0.11831D+02
    P+QEX    0.00000D+00
    OBEP     0.00000D+00
    HAM      0.13377D+03



          4           4
    SIJ      0.13500D+01    0.13500D+01    0.13500D+01    0.13500D+01    0.13500D+01    0.13500D+01
    NORM     0.92223D-01
    KINE     0.13277D+03
    CONF     0.15672D+03
    COUL    -0.13000D+03
    DELTA    0.41238D+02
    CMI     -0.26553D+02
    P+QEX    0.00000D+00
    OBEP     0.00000D+00
    HAM      0.17418D+03



          5           1
    SIJ      0.17000D+01    0.30000D+00    0.17000D+01    0.30000D+00    0.17000D+01    0.30000D+00
    NORM     0.17794D-01
    KINE     0.14515D+02
    CONF     0.30236D+02
    COUL    -0.25088D+02
    DELTA    0.79618D+01
    CMI     -0.39171D+01
    P+QEX    0.00000D+00
    OBEP     0.00000D+00
    HAM      0.23708D+02



          5           5
    SIJ      0.17000D+01    0.17000D+01    0.17000D+01    0.17000D+01    0.17000D+01    0.17000D+01
    NORM     0.57729D-01
    KINE     0.83418D+02
    CONF     0.98079D+02
    COUL    -0.81425D+02
    DELTA    0.25873D+02
    CMI     -0.17210D+02
    P+QEX    0.00000D+00
    OBEP     0.00000D+00
    HAM      0.10873D+03



          6           1
    SIJ      0.20500D+01    0.30000D+00    0.20500D+01    0.30000D+00    0.20500D+01    0.30000D+00
    NORM     0.28617D-02
    KINE     0.12396D+01
    CONF     0.48628D+01
    COUL    -0.40347D+01
    DELTA    0.12806D+01
    CMI     -0.75326D+00
    P+QEX    0.00000D+00
    OBEP     0.00000D+00
    HAM      0.25951D+01



          6           6
    SIJ      0.20500D+01    0.20500D+01    0.20500D+01    0.20500D+01    0.20500D+01    0.20500D+01
    NORM     0.39662D-01
    KINE     0.57357D+02
    CONF     0.67378D+02
    COUL    -0.55950D+02
    DELTA    0.17784D+02
    CMI     -0.11855D+02
    P+QEX    0.00000D+00
    OBEP     0.00000D+00
    HAM      0.74714D+02



          7           1
    SIJ      0.24000D+01    0.30000D+00    0.24000D+01    0.30000D+00    0.24000D+01    0.30000D+00
    NORM     0.32478D-03
    KINE    -0.84749D-02
    CONF     0.55189D+00
    COUL    -0.45792D+00
    DELTA    0.14538D+00
    CMI     -0.92838D-01
    P+QEX    0.00000D+00
    OBEP     0.00000D+00
    HAM      0.13803D+00



          7           7
    SIJ      0.24000D+01    0.24000D+01    0.24000D+01    0.24000D+01    0.24000D+01    0.24000D+01
    NORM     0.28935D-01
    KINE     0.41849D+02
    CONF     0.49155D+02
    COUL    -0.40819D+02
    DELTA    0.12975D+02
    CMI     -0.86501D+01
    P+QEX    0.00000D+00
    OBEP     0.00000D+00
    HAM      0.54509D+02



          8           1
    SIJ      0.27500D+01    0.30000D+00    0.27500D+01    0.30000D+00    0.27500D+01    0.30000D+00
    NORM     0.25947D-04
    KINE    -0.14621D-01
    CONF     0.44090D-01
    COUL    -0.36586D-01
    DELTA    0.11617D-01
    CMI     -0.76771D-02
    P+QEX    0.00000D+00
    OBEP     0.00000D+00
    HAM     -0.31759D-02



          8           8
    SIJ      0.27500D+01    0.27500D+01    0.27500D+01    0.27500D+01    0.27500D+01    0.27500D+01
    NORM     0.22039D-01
    KINE     0.31874D+02
    CONF     0.37439D+02
    COUL    -0.31090D+02
    DELTA    0.98825D+01
    CMI     -0.65883D+01
    P+QEX    0.00000D+00
    OBEP     0.00000D+00
    HAM      0.41517D+02



          9           1
    SIJ      0.31000D+01    0.30000D+00    0.31000D+01    0.30000D+00    0.31000D+01    0.30000D+00
    NORM     0.14558D-05
    KINE    -0.17180D-02
    CONF     0.24738D-02
    COUL    -0.20529D-02
    DELTA    0.65200D-03
    CMI     -0.43611D-03
    P+QEX    0.00000D+00
    OBEP     0.00000D+00
    HAM     -0.10813D-02



          9           9
    SIJ      0.31000D+01    0.31000D+01    0.31000D+01    0.31000D+01    0.31000D+01    0.31000D+01
    NORM     0.17343D-01
    KINE     0.25083D+02
    CONF     0.29462D+02
    COUL    -0.24466D+02
    DELTA    0.77770D+01
    CMI     -0.51846D+01
    P+QEX    0.00000D+00
    OBEP     0.00000D+00
    HAM      0.32672D+02



         10           1
    SIJ      0.34500D+01    0.30000D+00    0.34500D+01    0.30000D+00    0.34500D+01    0.30000D+00
    NORM     0.57255D-07
    KINE    -0.10745D-03
    CONF     0.97286D-04
    COUL    -0.80741D-04
    DELTA    0.25647D-04
    CMI     -0.17209D-04
    P+QEX    0.00000D+00
    OBEP     0.00000D+00
    HAM     -0.82470D-04



         10          10
    SIJ      0.34500D+01    0.34500D+01    0.34500D+01    0.34500D+01    0.34500D+01    0.34500D+01
    NORM     0.14003D-01
    KINE     0.20252D+02
    CONF     0.23788D+02
    COUL    -0.19754D+02
    DELTA    0.62791D+01
    CMI     -0.41860D+01
    P+QEX    0.00000D+00
    OBEP     0.00000D+00
    HAM      0.26379D+02



    EINT1:  0.18838D+04
    RKEYY:  0.11125D+03


                   ========================================
                   I                                      I
                   I   PART 2:  SOLUTION OF RGM EQUATION  I
                   I                                      I
                   ========================================

         MATCHING RADIUS:      RC =   3.000 (FM)
         NUMBER OF ENERGIES:   NE =   1
         ENERGIES EREL:  50.000




          FIRST CHANNEL : RELATIVE KINETIC ENERGY IN C.M.SYSTEM =    50.000 MEV


    E_TOTAL IN  1. CHANNEL :.18226D+04


     S-MATRIX ELEMENTS    CSMTR(OUT,IN)

  (0.59442D+00   -.80395D+00)



     UNITARITY OF S-MATRIX

  (0.99968D+00   0.00000D+00)





                                       BARYON-BARYON PHASE SHIFT
                                                LPW =  0



                                                   DEVIATION
      ENERGY          PHASE-SHIFTS  DELTA          FROM UNITY (PERCENT)

    0.5000D+02    -0.4671D+00                              0.0325
