1
 ELASTIC SCATTERING CROSS SECTIONS AT ELAB=    2.000
      TARGET     MASS=    1.00 CHARGE=    1.00
      PROJECTILE MASS=    1.00 CHARGE=    0.00


      N =  1  2  3  4  5  6  7  8  9 10 
 KTRL(N)=  0  0  0  1  0  0  0  0  0  0
 KOUT(N)=  1 10  1  1  0  0  0  0  0  0


 OPTICAL MODEL PARAMETERS
               DEPTH      DIFF    RADIUS
 REAL      = 180.00000   0.50000   2.30000
 IMAGINARY =   0.00000   0.10000   1.22000
 SUR.IMAG1 =   0.00000   0.52000   2.95000
 SUR.IMAG2 =   0.00000   0.10000   1.50000
 SPIN-ORBIT=   0.00000   0.52000   2.95000
 COULOMB   =                       2.30000


 LMAX             =     4
 NXMAX,XMES       =   100    0.100
 NAMAX,THMIN,THMAX=    44    4.000  176.000


 ELAB  =    2.000
 ECM   =    1.000
 WN    =    0.155
 ETA   =    0.000


 OPTICAL POTENTIAL FROM   0.000 TO   9.900 IN STEPS OF    1.0000

  REAL PART
 -0.17821E+03-0.16756E+03-0.11622E+03-0.35607E+02-0.58132E+01
 -0.80933E+00-0.10996E+00-0.14889E-01-0.20152E-02-0.27273E-03

  COULOMB PART
  0.00000E+00 0.00000E+00 0.00000E+00 0.00000E+00 0.00000E+00
  0.00000E+00 0.00000E+00 0.00000E+00 0.00000E+00 0.00000E+00

  IMAGINARY VOLUME PART
  0.00000E+00 0.00000E+00 0.00000E+00 0.00000E+00 0.00000E+00
  0.00000E+00 0.00000E+00 0.00000E+00 0.00000E+00 0.00000E+00

  IMAGINARY SURFACE1 PART
  0.00000E+00 0.00000E+00 0.00000E+00 0.00000E+00 0.00000E+00
  0.00000E+00 0.00000E+00 0.00000E+00 0.00000E+00 0.00000E+00

  IMAGINARY SURFACE2 PART
  0.00000E+00 0.00000E+00 0.00000E+00 0.00000E+00 0.00000E+00
  0.00000E+00 0.00000E+00 0.00000E+00 0.00000E+00 0.00000E+00

  SPIN-ORBIT PART
  0.00000E+00 0.00000E+00 0.00000E+00 0.00000E+00 0.00000E+00
  0.00000E+00 0.00000E+00 0.00000E+00 0.00000E+00 0.00000E+00


 PARTIAL WAVE INFORMATION

   L  J2 ABS S-MAT PHA S-MAT

   0   1 0.100E+01-0.667E+00 0.201E+04 0.201E+04
   1   1 0.100E+01 0.149E-01 0.349E+01 0.349E+01
   1   3 0.100E+01 0.149E-01 0.349E+01 0.349E+01
   2   3 0.100E+01-0.262E-02 0.181E+00 0.181E+00
   2   5 0.100E+01-0.262E-02 0.181E+00 0.181E+00
   3   5 0.100E+01 0.737E-05 0.200E-05 0.200E-05
   3   7 0.100E+01 0.737E-05 0.200E-05 0.200E-05
 TOTAL ELASTIC CROSS SECTION                     0.202E+04


 ELAB  =    4.000
 ECM   =    2.000
 WN    =    0.219
 ETA   =    0.000


 PARTIAL WAVE INFORMATION

   L  J2 ABS S-MAT PHA S-MAT

   0   1 0.100E+01-0.927E+00 0.168E+04 0.168E+04
   1   1 0.100E+01 0.388E-01 0.119E+02 0.119E+02
   1   3 0.100E+01 0.388E-01 0.119E+02 0.119E+02
   2   3 0.100E+01-0.114E-01 0.171E+01 0.171E+01
   2   5 0.100E+01-0.114E-01 0.171E+01 0.171E+01
   3   5 0.100E+01 0.798E-04 0.117E-03 0.117E-03
   3   7 0.100E+01 0.798E-04 0.117E-03 0.117E-03
 TOTAL ELASTIC CROSS SECTION                     0.169E+04


 ELAB  =    6.000
 ECM   =    3.000
 WN    =    0.268
 ETA   =    0.000


 PARTIAL WAVE INFORMATION

   L  J2 ABS S-MAT PHA S-MAT

   0   1 0.100E+01-0.112E+01 0.141E+04 0.141E+04
   1   1 0.100E+01 0.651E-01 0.222E+02 0.222E+02
   1   3 0.100E+01 0.651E-01 0.222E+02 0.222E+02
   2   3 0.100E+01-0.249E-01 0.543E+01 0.543E+01
   2   5 0.100E+01-0.249E-01 0.543E+01 0.543E+01
   3   5 0.100E+01 0.316E-03 0.123E-02 0.123E-02
   3   7 0.100E+01 0.316E-03 0.123E-02 0.123E-02
 TOTAL ELASTIC CROSS SECTION                     0.144E+04


 ELAB  =    8.000
 ECM   =    4.000
 WN    =    0.309
 ETA   =    0.000


 PARTIAL WAVE INFORMATION

   L  J2 ABS S-MAT PHA S-MAT

   0   1 0.100E+01-0.127E+01 0.120E+04 0.120E+04
   1   1 0.100E+01 0.909E-01 0.325E+02 0.325E+02
   1   3 0.100E+01 0.909E-01 0.325E+02 0.325E+02
   2   3 0.100E+01-0.415E-01 0.113E+02 0.113E+02
   2   5 0.100E+01-0.415E-01 0.113E+02 0.113E+02
   3   5 0.100E+01 0.832E-03 0.637E-02 0.637E-02
   3   7 0.100E+01 0.832E-03 0.637E-02 0.637E-02
 TOTAL ELASTIC CROSS SECTION                     0.124E+04


 ELAB  =   10.000
 ECM   =    5.000
 WN    =    0.346
 ETA   =    0.000


 PARTIAL WAVE INFORMATION

   L  J2 ABS S-MAT PHA S-MAT

   0   1 0.100E+01-0.140E+01 0.102E+04 0.102E+04
   1   1 0.100E+01 0.115E+00 0.412E+02 0.412E+02
   1   3 0.100E+01 0.115E+00 0.412E+02 0.412E+02
   2   3 0.100E+01-0.601E-01 0.190E+02 0.190E+02
   2   5 0.100E+01-0.601E-01 0.190E+02 0.190E+02
   3   5 0.100E+01 0.175E-02 0.225E-01 0.225E-01
   3   7 0.100E+01 0.175E-02 0.225E-01 0.225E-01
 TOTAL ELASTIC CROSS SECTION                     0.108E+04


 ELAB  =   12.000
 ECM   =    6.000
 WN    =    0.379
 ETA   =    0.000


 PARTIAL WAVE INFORMATION

   L  J2 ABS S-MAT PHA S-MAT

   0   1 0.100E+01-0.151E+01 0.872E+03 0.872E+03
   1   1 0.100E+01 0.135E+00 0.476E+02 0.476E+02
   1   3 0.100E+01 0.135E+00 0.476E+02 0.476E+02
   2   3 0.100E+01-0.798E-01 0.278E+02 0.278E+02
   2   5 0.100E+01-0.798E-01 0.278E+02 0.278E+02
   3   5 0.100E+01 0.320E-02 0.628E-01 0.628E-01
   3   7 0.100E+01 0.320E-02 0.628E-01 0.628E-01
 TOTAL ELASTIC CROSS SECTION                     0.948E+03


 ELAB  =   14.000
 ECM   =    7.000
 WN    =    0.409
 ETA   =    0.000


 PARTIAL WAVE INFORMATION

   L  J2 ABS S-MAT PHA S-MAT

   0   1 0.100E+01 0.153E+01 0.749E+03 0.749E+03
   1   1 0.100E+01 0.152E+00 0.515E+02 0.515E+02
   1   3 0.100E+01 0.152E+00 0.515E+02 0.515E+02
   2   3 0.100E+01-0.100E+00 0.375E+02 0.375E+02
   2   5 0.100E+01-0.100E+00 0.375E+02 0.375E+02
   3   5 0.100E+01 0.531E-02 0.148E+00 0.148E+00
   3   7 0.100E+01 0.531E-02 0.148E+00 0.148E+00
 TOTAL ELASTIC CROSS SECTION                     0.838E+03


 ELAB  =   16.000
 ECM   =    8.000
 WN    =    0.437
 ETA   =    0.000


 PARTIAL WAVE INFORMATION

   L  J2 ABS S-MAT PHA S-MAT

   0   1 0.100E+01 0.144E+01 0.646E+03 0.646E+03
   1   1 0.100E+01 0.165E+00 0.533E+02 0.533E+02
   1   3 0.100E+01 0.165E+00 0.533E+02 0.533E+02
   2   3 0.100E+01-0.121E+00 0.476E+02 0.476E+02
   2   5 0.100E+01-0.121E+00 0.476E+02 0.476E+02
   3   5 0.100E+01 0.822E-02 0.311E+00 0.311E+00
   3   7 0.100E+01 0.822E-02 0.311E+00 0.311E+00
 TOTAL ELASTIC CROSS SECTION                     0.747E+03


 ELAB  =   18.000
 ECM   =    9.000
 WN    =    0.464
 ETA   =    0.000


 PARTIAL WAVE INFORMATION

   L  J2 ABS S-MAT PHA S-MAT

   0   1 0.100E+01 0.136E+01 0.558E+03 0.558E+03
   1   1 0.100E+01 0.175E+00 0.531E+02 0.531E+02
   1   3 0.100E+01 0.175E+00 0.531E+02 0.531E+02
   2   3 0.100E+01-0.141E+00 0.579E+02 0.579E+02
   2   5 0.100E+01-0.141E+00 0.579E+02 0.579E+02
   3   5 0.100E+01 0.121E-01 0.595E+00 0.595E+00
   3   7 0.100E+01 0.121E-01 0.595E+00 0.595E+00
 TOTAL ELASTIC CROSS SECTION                     0.670E+03


 ELAB  =   20.000
 ECM   =   10.000
 WN    =    0.489
 ETA   =    0.000


 PARTIAL WAVE INFORMATION

   L  J2 ABS S-MAT PHA S-MAT

   0   1 0.100E+01 0.128E+01 0.483E+03 0.483E+03
   1   1 0.100E+01 0.182E+00 0.514E+02 0.514E+02
   1   3 0.100E+01 0.182E+00 0.514E+02 0.514E+02
   2   3 0.100E+01-0.162E+00 0.681E+02 0.681E+02
   2   5 0.100E+01-0.162E+00 0.681E+02 0.681E+02
   3   5 0.100E+01 0.170E-01 0.106E+01 0.106E+01
   3   7 0.100E+01 0.170E-01 0.106E+01 0.106E+01
 TOTAL ELASTIC CROSS SECTION                     0.604E+03


 ELAB  =   22.000
 ECM   =   11.000
 WN    =    0.513
 ETA   =    0.000


 PARTIAL WAVE INFORMATION

   L  J2 ABS S-MAT PHA S-MAT

   0   1 0.100E+01 0.122E+01 0.420E+03 0.420E+03
   1   1 0.100E+01 0.185E+00 0.486E+02 0.486E+02
   1   3 0.100E+01 0.185E+00 0.486E+02 0.486E+02
   2   3 0.100E+01-0.182E+00 0.780E+02 0.780E+02
   2   5 0.100E+01-0.182E+00 0.780E+02 0.780E+02
   3   5 0.100E+01 0.232E-01 0.180E+01 0.180E+01
   3   7 0.100E+01 0.232E-01 0.180E+01 0.180E+01
 TOTAL ELASTIC CROSS SECTION                     0.548E+03


 ELAB  =   24.000
 ECM   =   12.000
 WN    =    0.536
 ETA   =    0.000


 PARTIAL WAVE INFORMATION

   L  J2 ABS S-MAT PHA S-MAT

   0   1 0.100E+01 0.115E+01 0.365E+03 0.365E+03
   1   1 0.100E+01 0.186E+00 0.451E+02 0.451E+02
   1   3 0.100E+01 0.186E+00 0.451E+02 0.451E+02
   2   3 0.100E+01-0.202E+00 0.877E+02 0.877E+02
   2   5 0.100E+01-0.202E+00 0.877E+02 0.877E+02
   3   5 0.100E+01 0.308E-01 0.290E+01 0.290E+01
   3   7 0.100E+01 0.308E-01 0.290E+01 0.290E+01
 TOTAL ELASTIC CROSS SECTION                     0.500E+03


 ELAB  =   26.000
 ECM   =   13.000
 WN    =    0.558
 ETA   =    0.000


 PARTIAL WAVE INFORMATION

   L  J2 ABS S-MAT PHA S-MAT

   0   1 0.100E+01 0.109E+01 0.317E+03 0.317E+03
   1   1 0.100E+01 0.185E+00 0.411E+02 0.411E+02
   1   3 0.100E+01 0.185E+00 0.411E+02 0.411E+02
   2   3 0.100E+01-0.221E+00 0.969E+02 0.969E+02
   2   5 0.100E+01-0.221E+00 0.969E+02 0.969E+02
   3   5 0.100E+01 0.399E-01 0.450E+01 0.450E+01
   3   7 0.100E+01 0.399E-01 0.450E+01 0.450E+01
 TOTAL ELASTIC CROSS SECTION                     0.460E+03


 ELAB  =   28.000
 ECM   =   14.000
 WN    =    0.579
 ETA   =    0.000


 PARTIAL WAVE INFORMATION

   L  J2 ABS S-MAT PHA S-MAT

   0   1 0.100E+01 0.103E+01 0.277E+03 0.277E+03
   1   1 0.100E+01 0.182E+00 0.368E+02 0.368E+02
   1   3 0.100E+01 0.182E+00 0.368E+02 0.368E+02
   2   3 0.100E+01-0.240E+00 0.106E+03 0.106E+03
   2   5 0.100E+01-0.240E+00 0.106E+03 0.106E+03
   3   5 0.100E+01 0.509E-01 0.679E+01 0.679E+01
   3   7 0.100E+01 0.509E-01 0.679E+01 0.679E+01
 TOTAL ELASTIC CROSS SECTION                     0.426E+03


 ELAB  =   30.000
 ECM   =   15.000
 WN    =    0.599
 ETA   =    0.000


 PARTIAL WAVE INFORMATION

   L  J2 ABS S-MAT PHA S-MAT

   0   1 0.100E+01 0.979E+00 0.241E+03 0.241E+03
   1   1 0.100E+01 0.177E+00 0.326E+02 0.326E+02
   1   3 0.100E+01 0.177E+00 0.326E+02 0.326E+02
   2   3 0.100E+01-0.258E+00 0.114E+03 0.114E+03
   2   5 0.100E+01-0.258E+00 0.114E+03 0.114E+03
   3   5 0.100E+01 0.638E-01 0.996E+01 0.996E+01
   3   7 0.100E+01 0.638E-01 0.996E+01 0.996E+01
 TOTAL ELASTIC CROSS SECTION                     0.398E+03


 ELAB  =   32.000
 ECM   =   16.000
 WN    =    0.619
 ETA   =    0.000


 PARTIAL WAVE INFORMATION

   L  J2 ABS S-MAT PHA S-MAT

   0   1 0.100E+01 0.928E+00 0.210E+03 0.210E+03
   1   1 0.100E+01 0.171E+00 0.284E+02 0.284E+02
   1   3 0.100E+01 0.171E+00 0.284E+02 0.284E+02
   2   3 0.100E+01-0.276E+00 0.122E+03 0.122E+03
   2   5 0.100E+01-0.276E+00 0.122E+03 0.122E+03
   3   5 0.100E+01 0.789E-01 0.143E+02 0.143E+02
   3   7 0.100E+01 0.789E-01 0.143E+02 0.143E+02
 TOTAL ELASTIC CROSS SECTION                     0.375E+03


 ELAB  =   34.000
 ECM   =   17.000
 WN    =    0.638
 ETA   =    0.000


 PARTIAL WAVE INFORMATION

   L  J2 ABS S-MAT PHA S-MAT

   0   1 0.100E+01 0.879E+00 0.183E+03 0.183E+03
   1   1 0.100E+01 0.163E+00 0.244E+02 0.244E+02
   1   3 0.100E+01 0.163E+00 0.244E+02 0.244E+02
   2   3 0.100E+01-0.294E+00 0.129E+03 0.129E+03
   2   5 0.100E+01-0.294E+00 0.129E+03 0.129E+03
   3   5 0.100E+01 0.965E-01 0.201E+02 0.201E+02
   3   7 0.100E+01 0.965E-01 0.201E+02 0.201E+02
 TOTAL ELASTIC CROSS SECTION                     0.357E+03


 ELAB  =   36.000
 ECM   =   18.000
 WN    =    0.656
 ETA   =    0.000


 PARTIAL WAVE INFORMATION

   L  J2 ABS S-MAT PHA S-MAT

   0   1 0.100E+01 0.834E+00 0.160E+03 0.160E+03
   1   1 0.100E+01 0.154E+00 0.207E+02 0.207E+02
   1   3 0.100E+01 0.154E+00 0.207E+02 0.207E+02
   2   3 0.100E+01-0.311E+00 0.136E+03 0.136E+03
   2   5 0.100E+01-0.311E+00 0.136E+03 0.136E+03
   3   5 0.100E+01 0.117E+00 0.278E+02 0.278E+02
   3   7 0.100E+01 0.117E+00 0.278E+02 0.278E+02
 TOTAL ELASTIC CROSS SECTION                     0.345E+03


 ELAB  =   38.000
 ECM   =   19.000
 WN    =    0.674
 ETA   =    0.000


 PARTIAL WAVE INFORMATION

   L  J2 ABS S-MAT PHA S-MAT

   0   1 0.100E+01 0.790E+00 0.139E+03 0.139E+03
   1   1 0.100E+01 0.145E+00 0.173E+02 0.173E+02
   1   3 0.100E+01 0.145E+00 0.173E+02 0.173E+02
   2   3 0.100E+01-0.327E+00 0.143E+03 0.143E+03
   2   5 0.100E+01-0.327E+00 0.143E+03 0.143E+03
   3   5 0.100E+01 0.140E+00 0.378E+02 0.378E+02
   3   7 0.100E+01 0.140E+00 0.378E+02 0.378E+02
 TOTAL ELASTIC CROSS SECTION                     0.337E+03


 ELAB  =   40.000
 ECM   =   20.000
 WN    =    0.692
 ETA   =    0.000


 PARTIAL WAVE INFORMATION

   L  J2 ABS S-MAT PHA S-MAT

   0   1 0.100E+01 0.748E+00 0.121E+03 0.121E+03
   1   1 0.100E+01 0.134E+00 0.141E+02 0.141E+02
   1   3 0.100E+01 0.134E+00 0.141E+02 0.141E+02
   2   3 0.100E+01-0.343E+00 0.149E+03 0.149E+03
   2   5 0.100E+01-0.343E+00 0.149E+03 0.149E+03
   3   5 0.100E+01 0.167E+00 0.508E+02 0.508E+02
   3   7 0.100E+01 0.167E+00 0.508E+02 0.508E+02
 TOTAL ELASTIC CROSS SECTION                     0.335E+03


 ELAB  =   42.000
 ECM   =   21.000
 WN    =    0.709
 ETA   =    0.000


 PARTIAL WAVE INFORMATION

   L  J2 ABS S-MAT PHA S-MAT

   0   1 0.100E+01 0.708E+00 0.106E+03 0.106E+03
   1   1 0.100E+01 0.123E+00 0.114E+02 0.114E+02
   1   3 0.100E+01 0.123E+00 0.114E+02 0.114E+02
   2   3 0.100E+01-0.359E+00 0.154E+03 0.154E+03
   2   5 0.100E+01-0.359E+00 0.154E+03 0.154E+03
   3   5 0.100E+01 0.197E+00 0.673E+02 0.673E+02
   3   7 0.100E+01 0.197E+00 0.673E+02 0.673E+02
 TOTAL ELASTIC CROSS SECTION                     0.339E+03


 ELAB  =   44.000
 ECM   =   22.000
 WN    =    0.725
 ETA   =    0.000


 PARTIAL WAVE INFORMATION

   L  J2 ABS S-MAT PHA S-MAT

   0   1 0.100E+01 0.669E+00 0.919E+02 0.919E+02
   1   1 0.100E+01 0.112E+00 0.893E+01 0.893E+01
   1   3 0.100E+01 0.112E+00 0.893E+01 0.893E+01
   2   3 0.100E+01-0.374E+00 0.160E+03 0.160E+03
   2   5 0.100E+01-0.374E+00 0.160E+03 0.160E+03
   3   5 0.100E+01 0.232E+00 0.882E+02 0.882E+02
   3   7 0.100E+01 0.232E+00 0.882E+02 0.882E+02
 TOTAL ELASTIC CROSS SECTION                     0.349E+03


 ELAB  =   46.000
 ECM   =   23.000
 WN    =    0.742
 ETA   =    0.000


 PARTIAL WAVE INFORMATION

   L  J2 ABS S-MAT PHA S-MAT

   0   1 0.100E+01 0.632E+00 0.798E+02 0.798E+02
   1   1 0.100E+01 0.999E-01 0.681E+01 0.681E+01
   1   3 0.100E+01 0.999E-01 0.681E+01 0.681E+01
   2   3 0.100E+01-0.389E+00 0.164E+03 0.164E+03
   2   5 0.100E+01-0.389E+00 0.164E+03 0.164E+03
   3   5 0.100E+01 0.271E+00 0.114E+03 0.114E+03
   3   7 0.100E+01 0.271E+00 0.114E+03 0.114E+03
 TOTAL ELASTIC CROSS SECTION                     0.365E+03


 ELAB  =   48.000
 ECM   =   24.000
 WN    =    0.758
 ETA   =    0.000


 PARTIAL WAVE INFORMATION

   L  J2 ABS S-MAT PHA S-MAT

   0   1 0.100E+01 0.597E+00 0.691E+02 0.691E+02
   1   1 0.100E+01 0.875E-01 0.502E+01 0.502E+01
   1   3 0.100E+01 0.875E-01 0.502E+01 0.502E+01
   2   3 0.100E+01-0.404E+00 0.169E+03 0.169E+03
   2   5 0.100E+01-0.404E+00 0.169E+03 0.169E+03
   3   5 0.100E+01 0.314E+00 0.146E+03 0.146E+03
   3   7 0.100E+01 0.314E+00 0.146E+03 0.146E+03
 TOTAL ELASTIC CROSS SECTION                     0.389E+03


 ELAB  =   50.000
 ECM   =   25.000
 WN    =    0.773
 ETA   =    0.000


 PARTIAL WAVE INFORMATION

   L  J2 ABS S-MAT PHA S-MAT

   0   1 0.100E+01 0.562E+00 0.598E+02 0.598E+02
   1   1 0.100E+01 0.749E-01 0.353E+01 0.353E+01
   1   3 0.100E+01 0.749E-01 0.353E+01 0.353E+01
   2   3 0.100E+01-0.418E+00 0.173E+03 0.173E+03
   2   5 0.100E+01-0.418E+00 0.173E+03 0.173E+03
   3   5 0.100E+01 0.363E+00 0.185E+03 0.185E+03
   3   7 0.100E+01 0.363E+00 0.185E+03 0.185E+03
 TOTAL ELASTIC CROSS SECTION                     0.421E+03


 ELAB  =   52.000
 ECM   =   26.000
 WN    =    0.789
 ETA   =    0.000


 PARTIAL WAVE INFORMATION

   L  J2 ABS S-MAT PHA S-MAT

   0   1 0.100E+01 0.529E+00 0.515E+02 0.515E+02
   1   1 0.100E+01 0.620E-01 0.233E+01 0.233E+01
   1   3 0.100E+01 0.620E-01 0.233E+01 0.233E+01
   2   3 0.100E+01-0.431E+00 0.177E+03 0.177E+03
   2   5 0.100E+01-0.431E+00 0.177E+03 0.177E+03
   3   5 0.100E+01 0.416E+00 0.231E+03 0.231E+03
   3   7 0.100E+01 0.416E+00 0.231E+03 0.231E+03
 TOTAL ELASTIC CROSS SECTION                     0.462E+03


 ELAB  =   54.000
 ECM   =   27.000
 WN    =    0.804
 ETA   =    0.000


 PARTIAL WAVE INFORMATION

   L  J2 ABS S-MAT PHA S-MAT

   0   1 0.100E+01 0.498E+00 0.443E+02 0.443E+02
   1   1 0.100E+01 0.489E-01 0.140E+01 0.140E+01
   1   3 0.100E+01 0.489E-01 0.140E+01 0.140E+01
   2   3 0.100E+01-0.445E+00 0.180E+03 0.180E+03
   2   5 0.100E+01-0.445E+00 0.180E+03 0.180E+03
   3   5 0.100E+01 0.475E+00 0.285E+03 0.285E+03
   3   7 0.100E+01 0.475E+00 0.285E+03 0.285E+03
 TOTAL ELASTIC CROSS SECTION                     0.511E+03


 ELAB  =   56.000
 ECM   =   28.000
 WN    =    0.818
 ETA   =    0.000


 PARTIAL WAVE INFORMATION

   L  J2 ABS S-MAT PHA S-MAT

   0   1 0.100E+01 0.467E+00 0.380E+02 0.380E+02
   1   1 0.100E+01 0.357E-01 0.717E+00 0.717E+00
   1   3 0.100E+01 0.357E-01 0.717E+00 0.717E+00
   2   3 0.100E+01-0.458E+00 0.183E+03 0.183E+03
   2   5 0.100E+01-0.458E+00 0.183E+03 0.183E+03
   3   5 0.100E+01 0.539E+00 0.346E+03 0.346E+03
   3   7 0.100E+01 0.539E+00 0.346E+03 0.346E+03
 TOTAL ELASTIC CROSS SECTION                     0.568E+03


 ELAB  =   58.000
 ECM   =   29.000
 WN    =    0.833
 ETA   =    0.000


 PARTIAL WAVE INFORMATION

   L  J2 ABS S-MAT PHA S-MAT

   0   1 0.100E+01 0.437E+00 0.324E+02 0.324E+02
   1   1 0.100E+01 0.224E-01 0.272E+00 0.272E+00
   1   3 0.100E+01 0.224E-01 0.272E+00 0.272E+00
   2   3 0.100E+01-0.471E+00 0.186E+03 0.186E+03
   2   5 0.100E+01-0.471E+00 0.186E+03 0.186E+03
   3   5 0.100E+01 0.607E+00 0.413E+03 0.413E+03
   3   7 0.100E+01 0.607E+00 0.413E+03 0.413E+03
 TOTAL ELASTIC CROSS SECTION                     0.631E+03


 ELAB  =   60.000
 ECM   =   30.000
 WN    =    0.847
 ETA   =    0.000


 PARTIAL WAVE INFORMATION

   L  J2 ABS S-MAT PHA S-MAT

   0   1 0.100E+01 0.408E+00 0.276E+02 0.276E+02
   1   1 0.100E+01 0.896E-02 0.422E-01 0.422E-01
   1   3 0.100E+01 0.896E-02 0.422E-01 0.422E-01
   2   3 0.100E+01-0.483E+00 0.189E+03 0.189E+03
   2   5 0.100E+01-0.483E+00 0.189E+03 0.189E+03
   3   5 0.100E+01 0.679E+00 0.484E+03 0.484E+03
   3   7 0.100E+01 0.679E+00 0.484E+03 0.484E+03
 TOTAL ELASTIC CROSS SECTION                     0.700E+03


 ELAB  =   62.000
 ECM   =   31.000
 WN    =    0.861
 ETA   =    0.000


 PARTIAL WAVE INFORMATION

   L  J2 ABS S-MAT PHA S-MAT

   0   1 0.100E+01 0.380E+00 0.233E+02 0.233E+02
   1   1 0.100E+01-0.450E-02 0.103E-01 0.103E-01
   1   3 0.100E+01-0.450E-02 0.103E-01 0.103E-01
   2   3 0.100E+01-0.495E+00 0.191E+03 0.191E+03
   2   5 0.100E+01-0.495E+00 0.191E+03 0.191E+03
   3   5 0.100E+01 0.755E+00 0.557E+03 0.557E+03
   3   7 0.100E+01 0.755E+00 0.557E+03 0.557E+03
 TOTAL ELASTIC CROSS SECTION                     0.771E+03


 ELAB  =   64.000
 ECM   =   32.000
 WN    =    0.875
 ETA   =    0.000


 PARTIAL WAVE INFORMATION

   L  J2 ABS S-MAT PHA S-MAT

   0   1 0.100E+01 0.353E+00 0.196E+02 0.196E+02
   1   1 0.100E+01-0.180E-01 0.159E+00 0.159E+00
   1   3 0.100E+01-0.180E-01 0.159E+00 0.159E+00
   2   3 0.100E+01-0.507E+00 0.193E+03 0.193E+03
   2   5 0.100E+01-0.507E+00 0.193E+03 0.193E+03
   3   5 0.100E+01 0.832E+00 0.628E+03 0.628E+03
   3   7 0.100E+01 0.832E+00 0.628E+03 0.628E+03
 TOTAL ELASTIC CROSS SECTION                     0.841E+03


 ELAB  =   66.000
 ECM   =   33.000
 WN    =    0.889
 ETA   =    0.000


 PARTIAL WAVE INFORMATION

   L  J2 ABS S-MAT PHA S-MAT

   0   1 0.100E+01 0.326E+00 0.164E+02 0.164E+02
   1   1 0.100E+01-0.315E-01 0.473E+00 0.473E+00
   1   3 0.100E+01-0.315E-01 0.473E+00 0.473E+00
   2   3 0.100E+01-0.518E+00 0.195E+03 0.195E+03
   2   5 0.100E+01-0.518E+00 0.195E+03 0.195E+03
   3   5 0.100E+01 0.909E+00 0.694E+03 0.694E+03
   3   7 0.100E+01 0.909E+00 0.694E+03 0.694E+03
 TOTAL ELASTIC CROSS SECTION                     0.906E+03


 ELAB  =   68.000
 ECM   =   34.000
 WN    =    0.902
 ETA   =    0.000


 PARTIAL WAVE INFORMATION

   L  J2 ABS S-MAT PHA S-MAT

   0   1 0.100E+01 0.301E+00 0.136E+02 0.136E+02
   1   1 0.100E+01-0.450E-01 0.936E+00 0.936E+00
   1   3 0.100E+01-0.450E-01 0.936E+00 0.936E+00
   2   3 0.100E+01-0.530E+00 0.197E+03 0.197E+03
   2   5 0.100E+01-0.530E+00 0.197E+03 0.197E+03
   3   5 0.100E+01 0.986E+00 0.752E+03 0.752E+03
   3   7 0.100E+01 0.986E+00 0.752E+03 0.752E+03
 TOTAL ELASTIC CROSS SECTION                     0.964E+03


 ELAB  =   70.000
 ECM   =   35.000
 WN    =    0.915
 ETA   =    0.000


 PARTIAL WAVE INFORMATION

   L  J2 ABS S-MAT PHA S-MAT

   0   1 0.100E+01 0.276E+00 0.111E+02 0.111E+02
   1   1 0.100E+01-0.584E-01 0.153E+01 0.153E+01
   1   3 0.100E+01-0.584E-01 0.153E+01 0.153E+01
   2   3 0.100E+01-0.541E+00 0.199E+03 0.199E+03
   2   5 0.100E+01-0.541E+00 0.199E+03 0.199E+03
   3   5 0.100E+01 0.106E+01 0.800E+03 0.800E+03
   3   7 0.100E+01 0.106E+01 0.800E+03 0.800E+03
 TOTAL ELASTIC CROSS SECTION                     0.101E+04


 ELAB  =   72.000
 ECM   =   36.000
 WN    =    0.928
 ETA   =    0.000


 PARTIAL WAVE INFORMATION

   L  J2 ABS S-MAT PHA S-MAT

   0   1 0.100E+01 0.252E+00 0.904E+01 0.904E+01
   1   1 0.100E+01-0.718E-01 0.225E+01 0.225E+01
   1   3 0.100E+01-0.718E-01 0.225E+01 0.225E+01
   2   3 0.100E+01-0.552E+00 0.200E+03 0.200E+03
   2   5 0.100E+01-0.552E+00 0.200E+03 0.200E+03
   3   5 0.100E+01 0.113E+01 0.837E+03 0.837E+03
   3   7 0.100E+01 0.113E+01 0.837E+03 0.837E+03
 TOTAL ELASTIC CROSS SECTION                     0.105E+04


 ELAB  =   74.000
 ECM   =   37.000
 WN    =    0.941
 ETA   =    0.000


 PARTIAL WAVE INFORMATION

   L  J2 ABS S-MAT PHA S-MAT

   0   1 0.100E+01 0.228E+00 0.725E+01 0.725E+01
   1   1 0.100E+01-0.851E-01 0.308E+01 0.308E+01
   1   3 0.100E+01-0.851E-01 0.308E+01 0.308E+01
   2   3 0.100E+01-0.562E+00 0.202E+03 0.202E+03
   2   5 0.100E+01-0.562E+00 0.202E+03 0.202E+03
   3   5 0.100E+01 0.120E+01 0.863E+03 0.863E+03
   3   7 0.100E+01 0.120E+01 0.863E+03 0.863E+03
 TOTAL ELASTIC CROSS SECTION                     0.108E+04


 ELAB  =   76.000
 ECM   =   38.000
 WN    =    0.953
 ETA   =    0.000


 PARTIAL WAVE INFORMATION

   L  J2 ABS S-MAT PHA S-MAT

   0   1 0.100E+01 0.205E+00 0.572E+01 0.572E+01
   1   1 0.100E+01-0.984E-01 0.400E+01 0.400E+01
   1   3 0.100E+01-0.984E-01 0.400E+01 0.400E+01
   2   3 0.100E+01-0.573E+00 0.203E+03 0.203E+03
   2   5 0.100E+01-0.573E+00 0.203E+03 0.203E+03
   3   5 0.100E+01 0.126E+01 0.879E+03 0.879E+03
   3   7 0.100E+01 0.126E+01 0.879E+03 0.879E+03
 TOTAL ELASTIC CROSS SECTION                     0.109E+04


 ELAB  =   78.000
 ECM   =   39.000
 WN    =    0.966
 ETA   =    0.000


 PARTIAL WAVE INFORMATION

   L  J2 ABS S-MAT PHA S-MAT

   0   1 0.100E+01 0.182E+00 0.444E+01 0.444E+01
   1   1 0.100E+01-0.112E+00 0.501E+01 0.501E+01
   1   3 0.100E+01-0.112E+00 0.501E+01 0.501E+01
   2   3 0.100E+01-0.583E+00 0.204E+03 0.204E+03
   2   5 0.100E+01-0.583E+00 0.204E+03 0.204E+03
   3   5 0.100E+01 0.132E+01 0.885E+03 0.885E+03
   3   7 0.100E+01 0.132E+01 0.885E+03 0.885E+03
 TOTAL ELASTIC CROSS SECTION                     0.110E+04


 ELAB  =   80.000
 ECM   =   40.000
 WN    =    0.978
 ETA   =    0.000


 PARTIAL WAVE INFORMATION

   L  J2 ABS S-MAT PHA S-MAT

   0   1 0.100E+01 0.161E+00 0.336E+01 0.336E+01
   1   1 0.100E+01-0.125E+00 0.610E+01 0.610E+01
   1   3 0.100E+01-0.125E+00 0.610E+01 0.610E+01
   2   3 0.100E+01-0.593E+00 0.205E+03 0.205E+03
   2   5 0.100E+01-0.593E+00 0.205E+03 0.205E+03
   3   5 0.100E+01 0.137E+01 0.884E+03 0.884E+03
   3   7 0.100E+01 0.137E+01 0.884E+03 0.884E+03
 TOTAL ELASTIC CROSS SECTION                     0.110E+04


 ELAB  =   82.000
 ECM   =   41.000
 WN    =    0.990
 ETA   =    0.000


 PARTIAL WAVE INFORMATION

   L  J2 ABS S-MAT PHA S-MAT

   0   1 0.100E+01 0.139E+00 0.247E+01 0.247E+01
   1   1 0.100E+01-0.138E+00 0.725E+01 0.725E+01
   1   3 0.100E+01-0.138E+00 0.725E+01 0.725E+01
   2   3 0.100E+01-0.602E+00 0.206E+03 0.206E+03
   2   5 0.100E+01-0.602E+00 0.206E+03 0.206E+03
   3   5 0.100E+01 0.142E+01 0.877E+03 0.877E+03
   3   7 0.100E+01 0.142E+01 0.877E+03 0.877E+03
 TOTAL ELASTIC CROSS SECTION                     0.109E+04


 ELAB  =   84.000
 ECM   =   42.000
 WN    =    1.002
 ETA   =    0.000


 PARTIAL WAVE INFORMATION

   L  J2 ABS S-MAT PHA S-MAT

   0   1 0.100E+01 0.118E+00 0.175E+01 0.175E+01
   1   1 0.100E+01-0.151E+00 0.846E+01 0.846E+01
   1   3 0.100E+01-0.151E+00 0.846E+01 0.846E+01
   2   3 0.100E+01-0.612E+00 0.206E+03 0.206E+03
   2   5 0.100E+01-0.612E+00 0.206E+03 0.206E+03
   3   5 0.100E+01 0.147E+01 0.866E+03 0.866E+03
   3   7 0.100E+01 0.147E+01 0.866E+03 0.866E+03
 TOTAL ELASTIC CROSS SECTION                     0.108E+04


 ELAB  =   86.000
 ECM   =   43.000
 WN    =    1.014
 ETA   =    0.000


 PARTIAL WAVE INFORMATION

   L  J2 ABS S-MAT PHA S-MAT

   0   1 0.100E+01 0.981E-01 0.117E+01 0.117E+01
   1   1 0.100E+01-0.164E+00 0.972E+01 0.972E+01
   1   3 0.100E+01-0.164E+00 0.972E+01 0.972E+01
   2   3 0.100E+01-0.621E+00 0.207E+03 0.207E+03
   2   5 0.100E+01-0.621E+00 0.207E+03 0.207E+03
   3   5 0.100E+01 0.151E+01 0.852E+03 0.852E+03
   3   7 0.100E+01 0.151E+01 0.852E+03 0.852E+03
 TOTAL ELASTIC CROSS SECTION                     0.107E+04


 ELAB  =   88.000
 ECM   =   44.000
 WN    =    1.026
 ETA   =    0.000


 PARTIAL WAVE INFORMATION

   L  J2 ABS S-MAT PHA S-MAT

   0   1 0.100E+01 0.782E-01 0.728E+00 0.728E+00
   1   1 0.100E+01-0.176E+00 0.110E+02 0.110E+02
   1   3 0.100E+01-0.176E+00 0.110E+02 0.110E+02
   2   3 0.100E+01-0.630E+00 0.207E+03 0.207E+03
   2   5 0.100E+01-0.630E+00 0.207E+03 0.207E+03
   3   5 0.100E+01 0.154E+01 0.835E+03 0.835E+03
   3   7 0.100E+01 0.154E+01 0.835E+03 0.835E+03
 TOTAL ELASTIC CROSS SECTION                     0.105E+04


 ELAB  =   90.000
 ECM   =   45.000
 WN    =    1.038
 ETA   =    0.000


 PARTIAL WAVE INFORMATION

   L  J2 ABS S-MAT PHA S-MAT

   0   1 0.100E+01 0.587E-01 0.402E+00 0.402E+00
   1   1 0.100E+01-0.189E+00 0.124E+02 0.124E+02
   1   3 0.100E+01-0.189E+00 0.124E+02 0.124E+02
   2   3 0.100E+01-0.639E+00 0.208E+03 0.208E+03
   2   5 0.100E+01-0.639E+00 0.208E+03 0.208E+03
   3   5 0.100E+01-0.157E+01 0.817E+03 0.817E+03
   3   7 0.100E+01-0.157E+01 0.817E+03 0.817E+03
 TOTAL ELASTIC CROSS SECTION                     0.104E+04


 ELAB  =   92.000
 ECM   =   46.000
 WN    =    1.049
 ETA   =    0.000


 PARTIAL WAVE INFORMATION

   L  J2 ABS S-MAT PHA S-MAT

   0   1 0.100E+01 0.397E-01 0.180E+00 0.180E+00
   1   1 0.100E+01-0.201E+00 0.137E+02 0.137E+02
   1   3 0.100E+01-0.201E+00 0.137E+02 0.137E+02
   2   3 0.100E+01-0.648E+00 0.208E+03 0.208E+03
   2   5 0.100E+01-0.648E+00 0.208E+03 0.208E+03
   3   5 0.100E+01-0.154E+01 0.799E+03 0.799E+03
   3   7 0.100E+01-0.154E+01 0.799E+03 0.799E+03
 TOTAL ELASTIC CROSS SECTION                     0.102E+04


 ELAB  =   94.000
 ECM   =   47.000
 WN    =    1.060
 ETA   =    0.000


 PARTIAL WAVE INFORMATION

   L  J2 ABS S-MAT PHA S-MAT

   0   1 0.100E+01 0.211E-01 0.498E-01 0.498E-01
   1   1 0.100E+01-0.214E+00 0.151E+02 0.151E+02
   1   3 0.100E+01-0.214E+00 0.151E+02 0.151E+02
   2   3 0.100E+01-0.657E+00 0.208E+03 0.208E+03
   2   5 0.100E+01-0.657E+00 0.208E+03 0.208E+03
   3   5 0.100E+01-0.151E+01 0.780E+03 0.780E+03
   3   7 0.100E+01-0.151E+01 0.780E+03 0.780E+03
 TOTAL ELASTIC CROSS SECTION                     0.100E+04


 ELAB  =   96.000
 ECM   =   48.000
 WN    =    1.072
 ETA   =    0.000


 PARTIAL WAVE INFORMATION

   L  J2 ABS S-MAT PHA S-MAT

   0   1 0.100E+01 0.291E-02 0.927E-03 0.927E-03
   1   1 0.100E+01-0.226E+00 0.165E+02 0.165E+02
   1   3 0.100E+01-0.226E+00 0.165E+02 0.165E+02
   2   3 0.100E+01-0.665E+00 0.209E+03 0.209E+03
   2   5 0.100E+01-0.665E+00 0.209E+03 0.209E+03
   3   5 0.100E+01-0.149E+01 0.761E+03 0.761E+03
   3   7 0.100E+01-0.149E+01 0.761E+03 0.761E+03
 TOTAL ELASTIC CROSS SECTION                     0.986E+03


 ELAB  =   98.000
 ECM   =   49.000
 WN    =    1.083
 ETA   =    0.000


 PARTIAL WAVE INFORMATION

   L  J2 ABS S-MAT PHA S-MAT

   0   1 0.100E+01-0.149E-01 0.239E-01 0.239E-01
   1   1 0.100E+01-0.238E+00 0.179E+02 0.179E+02
   1   3 0.100E+01-0.238E+00 0.179E+02 0.179E+02
   2   3 0.100E+01-0.674E+00 0.209E+03 0.209E+03
   2   5 0.100E+01-0.674E+00 0.209E+03 0.209E+03
   3   5 0.100E+01-0.147E+01 0.743E+03 0.743E+03
   3   7 0.100E+01-0.147E+01 0.743E+03 0.743E+03
 TOTAL ELASTIC CROSS SECTION                     0.969E+03


 ELAB  =  100.000
 ECM   =   50.000
 WN    =    1.094
 ETA   =    0.000


 PARTIAL WAVE INFORMATION

   L  J2 ABS S-MAT PHA S-MAT

   0   1 0.100E+01-0.324E-01 0.110E+00 0.110E+00
   1   1 0.100E+01-0.250E+00 0.194E+02 0.194E+02
   1   3 0.100E+01-0.250E+00 0.194E+02 0.194E+02
   2   3 0.100E+01-0.682E+00 0.209E+03 0.209E+03
   2   5 0.100E+01-0.682E+00 0.209E+03 0.209E+03
   3   5 0.100E+01-0.145E+01 0.725E+03 0.725E+03
   3   7 0.100E+01-0.145E+01 0.725E+03 0.725E+03
 TOTAL ELASTIC CROSS SECTION                     0.953E+03


 ELAB  =  102.000
 ECM   =   51.000
 WN    =    1.105
 ETA   =    0.000


 PARTIAL WAVE INFORMATION

   L  J2 ABS S-MAT PHA S-MAT

   0   1 0.100E+01-0.495E-01 0.252E+00 0.252E+00
   1   1 0.100E+01-0.262E+00 0.208E+02 0.208E+02
   1   3 0.100E+01-0.262E+00 0.208E+02 0.208E+02
   2   3 0.100E+01-0.690E+00 0.209E+03 0.209E+03
   2   5 0.100E+01-0.690E+00 0.209E+03 0.209E+03
   3   5 0.100E+01-0.143E+01 0.708E+03 0.708E+03
   3   7 0.100E+01-0.143E+01 0.708E+03 0.708E+03
 TOTAL ELASTIC CROSS SECTION                     0.937E+03


 ELAB  =  104.000
 ECM   =   52.000
 WN    =    1.115
 ETA   =    0.000


 PARTIAL WAVE INFORMATION

   L  J2 ABS S-MAT PHA S-MAT

   0   1 0.100E+01-0.663E-01 0.443E+00 0.443E+00
   1   1 0.100E+01-0.274E+00 0.222E+02 0.222E+02
   1   3 0.100E+01-0.274E+00 0.222E+02 0.222E+02
   2   3 0.100E+01-0.698E+00 0.209E+03 0.209E+03
   2   5 0.100E+01-0.698E+00 0.209E+03 0.209E+03
   3   5 0.100E+01-0.142E+01 0.691E+03 0.691E+03
   3   7 0.100E+01-0.142E+01 0.691E+03 0.691E+03
 TOTAL ELASTIC CROSS SECTION                     0.922E+03


 ELAB  =  106.000
 ECM   =   53.000
 WN    =    1.126
 ETA   =    0.000


 PARTIAL WAVE INFORMATION

   L  J2 ABS S-MAT PHA S-MAT

   0   1 0.100E+01-0.827E-01 0.677E+00 0.677E+00
   1   1 0.100E+01-0.286E+00 0.237E+02 0.237E+02
   1   3 0.100E+01-0.286E+00 0.237E+02 0.237E+02
   2   3 0.100E+01-0.706E+00 0.209E+03 0.209E+03
   2   5 0.100E+01-0.706E+00 0.209E+03 0.209E+03
   3   5 0.100E+01-0.141E+01 0.675E+03 0.675E+03
   3   7 0.100E+01-0.141E+01 0.675E+03 0.675E+03
 TOTAL ELASTIC CROSS SECTION                     0.908E+03


 ELAB  =  108.000
 ECM   =   54.000
 WN    =    1.137
 ETA   =    0.000


 PARTIAL WAVE INFORMATION

   L  J2 ABS S-MAT PHA S-MAT

   0   1 0.100E+01-0.988E-01 0.947E+00 0.947E+00
   1   1 0.100E+01-0.298E+00 0.251E+02 0.251E+02
   1   3 0.100E+01-0.298E+00 0.251E+02 0.251E+02
   2   3 0.100E+01-0.714E+00 0.208E+03 0.208E+03
   2   5 0.100E+01-0.714E+00 0.208E+03 0.208E+03
   3   5 0.100E+01-0.139E+01 0.660E+03 0.660E+03
   3   7 0.100E+01-0.139E+01 0.660E+03 0.660E+03
 TOTAL ELASTIC CROSS SECTION                     0.894E+03


 ELAB  =  110.000
 ECM   =   55.000
 WN    =    1.147
 ETA   =    0.000


 PARTIAL WAVE INFORMATION

   L  J2 ABS S-MAT PHA S-MAT

   0   1 0.100E+01-0.115E+00 0.125E+01 0.125E+01
   1   1 0.100E+01-0.309E+00 0.265E+02 0.265E+02
   1   3 0.100E+01-0.309E+00 0.265E+02 0.265E+02
   2   3 0.100E+01-0.721E+00 0.208E+03 0.208E+03
   2   5 0.100E+01-0.721E+00 0.208E+03 0.208E+03
   3   5 0.100E+01-0.138E+01 0.645E+03 0.645E+03
   3   7 0.100E+01-0.138E+01 0.645E+03 0.645E+03
 TOTAL ELASTIC CROSS SECTION                     0.881E+03


 ELAB  =  112.000
 ECM   =   56.000
 WN    =    1.157
 ETA   =    0.000


 PARTIAL WAVE INFORMATION

   L  J2 ABS S-MAT PHA S-MAT

   0   1 0.100E+01-0.130E+00 0.158E+01 0.158E+01
   1   1 0.100E+01-0.321E+00 0.279E+02 0.279E+02
   1   3 0.100E+01-0.321E+00 0.279E+02 0.279E+02
   2   3 0.100E+01-0.729E+00 0.208E+03 0.208E+03
   2   5 0.100E+01-0.729E+00 0.208E+03 0.208E+03
   3   5 0.100E+01-0.137E+01 0.631E+03 0.631E+03
   3   7 0.100E+01-0.137E+01 0.631E+03 0.631E+03
 TOTAL ELASTIC CROSS SECTION                     0.869E+03


 ELAB  =  114.000
 ECM   =   57.000
 WN    =    1.168
 ETA   =    0.000


 PARTIAL WAVE INFORMATION

   L  J2 ABS S-MAT PHA S-MAT

   0   1 0.100E+01-0.145E+00 0.194E+01 0.194E+01
   1   1 0.100E+01-0.332E+00 0.293E+02 0.293E+02
   1   3 0.100E+01-0.332E+00 0.293E+02 0.293E+02
   2   3 0.100E+01-0.736E+00 0.208E+03 0.208E+03
   2   5 0.100E+01-0.736E+00 0.208E+03 0.208E+03
   3   5 0.100E+01-0.137E+01 0.618E+03 0.618E+03
   3   7 0.100E+01-0.137E+01 0.618E+03 0.618E+03
 TOTAL ELASTIC CROSS SECTION                     0.857E+03


 ELAB  =  116.000
 ECM   =   58.000
 WN    =    1.178
 ETA   =    0.000


 PARTIAL WAVE INFORMATION

   L  J2 ABS S-MAT PHA S-MAT

   0   1 0.100E+01-0.160E+00 0.231E+01 0.231E+01
   1   1 0.100E+01-0.343E+00 0.307E+02 0.307E+02
   1   3 0.100E+01-0.343E+00 0.307E+02 0.307E+02
   2   3 0.100E+01-0.743E+00 0.207E+03 0.207E+03
   2   5 0.100E+01-0.743E+00 0.207E+03 0.207E+03
   3   5 0.100E+01-0.136E+01 0.606E+03 0.606E+03
   3   7 0.100E+01-0.136E+01 0.606E+03 0.606E+03
 TOTAL ELASTIC CROSS SECTION                     0.846E+03


 ELAB  =  118.000
 ECM   =   59.000
 WN    =    1.188
 ETA   =    0.000


 PARTIAL WAVE INFORMATION

   L  J2 ABS S-MAT PHA S-MAT

   0   1 0.100E+01-0.175E+00 0.270E+01 0.270E+01
   1   1 0.100E+01-0.354E+00 0.321E+02 0.321E+02
   1   3 0.100E+01-0.354E+00 0.321E+02 0.321E+02
   2   3 0.100E+01-0.751E+00 0.207E+03 0.207E+03
   2   5 0.100E+01-0.751E+00 0.207E+03 0.207E+03
   3   5 0.100E+01-0.135E+01 0.594E+03 0.594E+03
   3   7 0.100E+01-0.135E+01 0.594E+03 0.594E+03
 TOTAL ELASTIC CROSS SECTION                     0.836E+03


 ELAB  =  120.000
 ECM   =   60.000
 WN    =    1.198
 ETA   =    0.000


 PARTIAL WAVE INFORMATION

   L  J2 ABS S-MAT PHA S-MAT

   0   1 0.100E+01-0.190E+00 0.311E+01 0.311E+01
   1   1 0.100E+01-0.365E+00 0.335E+02 0.335E+02
   1   3 0.100E+01-0.365E+00 0.335E+02 0.335E+02
   2   3 0.100E+01-0.758E+00 0.207E+03 0.207E+03
   2   5 0.100E+01-0.758E+00 0.207E+03 0.207E+03
   3   5 0.100E+01-0.134E+01 0.582E+03 0.582E+03
   3   7 0.100E+01-0.134E+01 0.582E+03 0.582E+03
 TOTAL ELASTIC CROSS SECTION                     0.825E+03


 ELAB  =  122.000
 ECM   =   61.000
 WN    =    1.208
 ETA   =    0.000


 PARTIAL WAVE INFORMATION

   L  J2 ABS S-MAT PHA S-MAT

   0   1 0.100E+01-0.204E+00 0.353E+01 0.353E+01
   1   1 0.100E+01-0.376E+00 0.348E+02 0.348E+02
   1   3 0.100E+01-0.376E+00 0.348E+02 0.348E+02
   2   3 0.100E+01-0.765E+00 0.206E+03 0.206E+03
   2   5 0.100E+01-0.765E+00 0.206E+03 0.206E+03
   3   5 0.100E+01-0.134E+01 0.571E+03 0.571E+03
   3   7 0.100E+01-0.134E+01 0.571E+03 0.571E+03
 TOTAL ELASTIC CROSS SECTION                     0.816E+03


 ELAB  =  124.000
 ECM   =   62.000
 WN    =    1.218
 ETA   =    0.000


 PARTIAL WAVE INFORMATION

   L  J2 ABS S-MAT PHA S-MAT

   0   1 0.100E+01-0.218E+00 0.395E+01 0.395E+01
   1   1 0.100E+01-0.386E+00 0.361E+02 0.361E+02
   1   3 0.100E+01-0.386E+00 0.361E+02 0.361E+02
   2   3 0.100E+01-0.772E+00 0.206E+03 0.206E+03
   2   5 0.100E+01-0.772E+00 0.206E+03 0.206E+03
   3   5 0.100E+01-0.133E+01 0.561E+03 0.561E+03
   3   7 0.100E+01-0.133E+01 0.561E+03 0.561E+03
 TOTAL ELASTIC CROSS SECTION                     0.807E+03


 ELAB  =  126.000
 ECM   =   63.000
 WN    =    1.228
 ETA   =    0.000


 PARTIAL WAVE INFORMATION

   L  J2 ABS S-MAT PHA S-MAT

   0   1 0.100E+01-0.231E+00 0.439E+01 0.439E+01
   1   1 0.100E+01-0.397E+00 0.374E+02 0.374E+02
   1   3 0.100E+01-0.397E+00 0.374E+02 0.374E+02
   2   3 0.100E+01-0.778E+00 0.206E+03 0.206E+03
   2   5 0.100E+01-0.778E+00 0.206E+03 0.206E+03
   3   5 0.100E+01-0.133E+01 0.551E+03 0.551E+03
   3   7 0.100E+01-0.133E+01 0.551E+03 0.551E+03
 TOTAL ELASTIC CROSS SECTION                     0.798E+03


 ELAB  =  128.000
 ECM   =   64.000
 WN    =    1.237
 ETA   =    0.000


 PARTIAL WAVE INFORMATION

   L  J2 ABS S-MAT PHA S-MAT

   0   1 0.100E+01-0.245E+00 0.483E+01 0.483E+01
   1   1 0.100E+01-0.408E+00 0.387E+02 0.387E+02
   1   3 0.100E+01-0.408E+00 0.387E+02 0.387E+02
   2   3 0.100E+01-0.785E+00 0.205E+03 0.205E+03
   2   5 0.100E+01-0.785E+00 0.205E+03 0.205E+03
   3   5 0.100E+01-0.133E+01 0.541E+03 0.541E+03
   3   7 0.100E+01-0.133E+01 0.541E+03 0.541E+03
 TOTAL ELASTIC CROSS SECTION                     0.790E+03


 ELAB  =  130.000
 ECM   =   65.000
 WN    =    1.247
 ETA   =    0.000


 PARTIAL WAVE INFORMATION

   L  J2 ABS S-MAT PHA S-MAT

   0   1 0.100E+01-0.258E+00 0.527E+01 0.527E+01
   1   1 0.100E+01-0.418E+00 0.399E+02 0.399E+02
   1   3 0.100E+01-0.418E+00 0.399E+02 0.399E+02
   2   3 0.100E+01-0.792E+00 0.205E+03 0.205E+03
   2   5 0.100E+01-0.792E+00 0.205E+03 0.205E+03
   3   5 0.100E+01-0.132E+01 0.532E+03 0.532E+03
   3   7 0.100E+01-0.132E+01 0.532E+03 0.532E+03
 TOTAL ELASTIC CROSS SECTION                     0.782E+03


 ELAB  =  132.000
 ECM   =   66.000
 WN    =    1.257
 ETA   =    0.000


 PARTIAL WAVE INFORMATION

   L  J2 ABS S-MAT PHA S-MAT

   0   1 0.100E+01-0.271E+00 0.571E+01 0.571E+01
   1   1 0.100E+01-0.428E+00 0.412E+02 0.412E+02
   1   3 0.100E+01-0.428E+00 0.412E+02 0.412E+02
   2   3 0.100E+01-0.798E+00 0.204E+03 0.204E+03
   2   5 0.100E+01-0.798E+00 0.204E+03 0.204E+03
   3   5 0.100E+01-0.132E+01 0.523E+03 0.523E+03
   3   7 0.100E+01-0.132E+01 0.523E+03 0.523E+03
 TOTAL ELASTIC CROSS SECTION                     0.774E+03


 ELAB  =  134.000
 ECM   =   67.000
 WN    =    1.266
 ETA   =    0.000


 PARTIAL WAVE INFORMATION

   L  J2 ABS S-MAT PHA S-MAT

   0   1 0.100E+01-0.284E+00 0.616E+01 0.616E+01
   1   1 0.100E+01-0.438E+00 0.424E+02 0.424E+02
   1   3 0.100E+01-0.438E+00 0.424E+02 0.424E+02
   2   3 0.100E+01-0.805E+00 0.204E+03 0.204E+03
   2   5 0.100E+01-0.805E+00 0.204E+03 0.204E+03
   3   5 0.100E+01-0.132E+01 0.515E+03 0.515E+03
   3   7 0.100E+01-0.132E+01 0.515E+03 0.515E+03
 TOTAL ELASTIC CROSS SECTION                     0.767E+03


 ELAB  =  136.000
 ECM   =   68.000
 WN    =    1.275
 ETA   =    0.000


 PARTIAL WAVE INFORMATION

   L  J2 ABS S-MAT PHA S-MAT

   0   1 0.100E+01-0.297E+00 0.661E+01 0.661E+01
   1   1 0.100E+01-0.449E+00 0.436E+02 0.436E+02
   1   3 0.100E+01-0.449E+00 0.436E+02 0.436E+02
   2   3 0.100E+01-0.811E+00 0.203E+03 0.203E+03
   2   5 0.100E+01-0.811E+00 0.203E+03 0.203E+03
   3   5 0.100E+01-0.132E+01 0.507E+03 0.507E+03
   3   7 0.100E+01-0.132E+01 0.507E+03 0.507E+03
 TOTAL ELASTIC CROSS SECTION                     0.760E+03


 ELAB  =  138.000
 ECM   =   69.000
 WN    =    1.285
 ETA   =    0.000


 PARTIAL WAVE INFORMATION

   L  J2 ABS S-MAT PHA S-MAT

   0   1 0.100E+01-0.309E+00 0.705E+01 0.705E+01
   1   1 0.100E+01-0.458E+00 0.447E+02 0.447E+02
   1   3 0.100E+01-0.458E+00 0.447E+02 0.447E+02
   2   3 0.100E+01-0.818E+00 0.203E+03 0.203E+03
   2   5 0.100E+01-0.818E+00 0.203E+03 0.203E+03
   3   5 0.100E+01-0.132E+01 0.499E+03 0.499E+03
   3   7 0.100E+01-0.132E+01 0.499E+03 0.499E+03
 TOTAL ELASTIC CROSS SECTION                     0.753E+03


 ELAB  =  140.000
 ECM   =   70.000
 WN    =    1.294
 ETA   =    0.000


 PARTIAL WAVE INFORMATION

   L  J2 ABS S-MAT PHA S-MAT

   0   1 0.100E+01-0.321E+00 0.749E+01 0.749E+01
   1   1 0.100E+01-0.468E+00 0.459E+02 0.459E+02
   1   3 0.100E+01-0.468E+00 0.459E+02 0.459E+02
   2   3 0.100E+01-0.824E+00 0.202E+03 0.202E+03
   2   5 0.100E+01-0.824E+00 0.202E+03 0.202E+03
   3   5 0.100E+01-0.131E+01 0.492E+03 0.492E+03
   3   7 0.100E+01-0.131E+01 0.492E+03 0.492E+03
 TOTAL ELASTIC CROSS SECTION                     0.747E+03


 ELAB  =  142.000
 ECM   =   71.000
 WN    =    1.303
 ETA   =    0.000


 PARTIAL WAVE INFORMATION

   L  J2 ABS S-MAT PHA S-MAT

   0   1 0.100E+01-0.334E+00 0.793E+01 0.793E+01
   1   1 0.100E+01-0.478E+00 0.470E+02 0.470E+02
   1   3 0.100E+01-0.478E+00 0.470E+02 0.470E+02
   2   3 0.100E+01-0.830E+00 0.201E+03 0.201E+03
   2   5 0.100E+01-0.830E+00 0.201E+03 0.201E+03
   3   5 0.100E+01-0.131E+01 0.484E+03 0.484E+03
   3   7 0.100E+01-0.131E+01 0.484E+03 0.484E+03
 TOTAL ELASTIC CROSS SECTION                     0.741E+03


 ELAB  =  144.000
 ECM   =   72.000
 WN    =    1.312
 ETA   =    0.000


 PARTIAL WAVE INFORMATION

   L  J2 ABS S-MAT PHA S-MAT

   0   1 0.100E+01-0.345E+00 0.837E+01 0.837E+01
   1   1 0.100E+01-0.488E+00 0.481E+02 0.481E+02
   1   3 0.100E+01-0.488E+00 0.481E+02 0.481E+02
   2   3 0.100E+01-0.836E+00 0.201E+03 0.201E+03
   2   5 0.100E+01-0.836E+00 0.201E+03 0.201E+03
   3   5 0.100E+01-0.131E+01 0.477E+03 0.477E+03
   3   7 0.100E+01-0.131E+01 0.477E+03 0.477E+03
 TOTAL ELASTIC CROSS SECTION                     0.735E+03


 ELAB  =  146.000
 ECM   =   73.000
 WN    =    1.321
 ETA   =    0.000


 PARTIAL WAVE INFORMATION

   L  J2 ABS S-MAT PHA S-MAT

   0   1 0.100E+01-0.357E+00 0.880E+01 0.880E+01
   1   1 0.100E+01-0.497E+00 0.491E+02 0.491E+02
   1   3 0.100E+01-0.497E+00 0.491E+02 0.491E+02
   2   3 0.100E+01-0.842E+00 0.200E+03 0.200E+03
   2   5 0.100E+01-0.842E+00 0.200E+03 0.200E+03
   3   5 0.100E+01-0.131E+01 0.471E+03 0.471E+03
   3   7 0.100E+01-0.131E+01 0.471E+03 0.471E+03
 TOTAL ELASTIC CROSS SECTION                     0.729E+03


 ELAB  =  148.000
 ECM   =   74.000
 WN    =    1.331
 ETA   =    0.000


 PARTIAL WAVE INFORMATION

   L  J2 ABS S-MAT PHA S-MAT

   0   1 0.100E+01-0.369E+00 0.922E+01 0.922E+01
   1   1 0.100E+01-0.507E+00 0.502E+02 0.502E+02
   1   3 0.100E+01-0.507E+00 0.502E+02 0.502E+02
   2   3 0.100E+01-0.848E+00 0.200E+03 0.200E+03
   2   5 0.100E+01-0.848E+00 0.200E+03 0.200E+03
   3   5 0.100E+01-0.131E+01 0.464E+03 0.464E+03
   3   7 0.100E+01-0.131E+01 0.464E+03 0.464E+03
 TOTAL ELASTIC CROSS SECTION                     0.723E+03


 ELAB  =  150.000
 ECM   =   75.000
 WN    =    1.339
 ETA   =    0.000


 PARTIAL WAVE INFORMATION

   L  J2 ABS S-MAT PHA S-MAT

   0   1 0.100E+01-0.380E+00 0.964E+01 0.964E+01
   1   1 0.100E+01-0.516E+00 0.512E+02 0.512E+02
   1   3 0.100E+01-0.516E+00 0.512E+02 0.512E+02
   2   3 0.100E+01-0.854E+00 0.199E+03 0.199E+03
   2   5 0.100E+01-0.854E+00 0.199E+03 0.199E+03
   3   5 0.100E+01-0.131E+01 0.458E+03 0.458E+03
   3   7 0.100E+01-0.131E+01 0.458E+03 0.458E+03
 TOTAL ELASTIC CROSS SECTION                     0.718E+03


 ELAB  =  152.000
 ECM   =   76.000
 WN    =    1.348
 ETA   =    0.000


 PARTIAL WAVE INFORMATION

   L  J2 ABS S-MAT PHA S-MAT

   0   1 0.100E+01-0.391E+00 0.101E+02 0.101E+02
   1   1 0.100E+01-0.526E+00 0.522E+02 0.522E+02
   1   3 0.100E+01-0.526E+00 0.522E+02 0.522E+02
   2   3 0.100E+01-0.860E+00 0.198E+03 0.198E+03
   2   5 0.100E+01-0.860E+00 0.198E+03 0.198E+03
   3   5 0.100E+01-0.131E+01 0.452E+03 0.452E+03
   3   7 0.100E+01-0.131E+01 0.452E+03 0.452E+03
 TOTAL ELASTIC CROSS SECTION                     0.713E+03


 ELAB  =  154.000
 ECM   =   77.000
 WN    =    1.357
 ETA   =    0.000


 PARTIAL WAVE INFORMATION

   L  J2 ABS S-MAT PHA S-MAT

   0   1 0.100E+01-0.402E+00 0.105E+02 0.105E+02
   1   1 0.100E+01-0.535E+00 0.531E+02 0.531E+02
   1   3 0.100E+01-0.535E+00 0.531E+02 0.531E+02
   2   3 0.100E+01-0.866E+00 0.198E+03 0.198E+03
   2   5 0.100E+01-0.866E+00 0.198E+03 0.198E+03
   3   5 0.100E+01-0.131E+01 0.446E+03 0.446E+03
   3   7 0.100E+01-0.131E+01 0.446E+03 0.446E+03
 TOTAL ELASTIC CROSS SECTION                     0.708E+03


 ELAB  =  156.000
 ECM   =   78.000
 WN    =    1.366
 ETA   =    0.000


 PARTIAL WAVE INFORMATION

   L  J2 ABS S-MAT PHA S-MAT

   0   1 0.100E+01-0.413E+00 0.109E+02 0.109E+02
   1   1 0.100E+01-0.544E+00 0.541E+02 0.541E+02
   1   3 0.100E+01-0.544E+00 0.541E+02 0.541E+02
   2   3 0.100E+01-0.872E+00 0.197E+03 0.197E+03
   2   5 0.100E+01-0.872E+00 0.197E+03 0.197E+03
   3   5 0.100E+01-0.131E+01 0.441E+03 0.441E+03
   3   7 0.100E+01-0.131E+01 0.441E+03 0.441E+03
 TOTAL ELASTIC CROSS SECTION                     0.703E+03


 ELAB  =  158.000
 ECM   =   79.000
 WN    =    1.375
 ETA   =    0.000


 PARTIAL WAVE INFORMATION

   L  J2 ABS S-MAT PHA S-MAT

   0   1 0.100E+01-0.424E+00 0.113E+02 0.113E+02
   1   1 0.100E+01-0.553E+00 0.550E+02 0.550E+02
   1   3 0.100E+01-0.553E+00 0.550E+02 0.550E+02
   2   3 0.100E+01-0.877E+00 0.197E+03 0.197E+03
   2   5 0.100E+01-0.877E+00 0.197E+03 0.197E+03
   3   5 0.100E+01-0.131E+01 0.435E+03 0.435E+03
   3   7 0.100E+01-0.131E+01 0.435E+03 0.435E+03
 TOTAL ELASTIC CROSS SECTION                     0.698E+03


 ELAB  =  160.000
 ECM   =   80.000
 WN    =    1.383
 ETA   =    0.000


 PARTIAL WAVE INFORMATION

   L  J2 ABS S-MAT PHA S-MAT

   0   1 0.100E+01-0.435E+00 0.116E+02 0.116E+02
   1   1 0.100E+01-0.562E+00 0.559E+02 0.559E+02
   1   3 0.100E+01-0.562E+00 0.559E+02 0.559E+02
   2   3 0.100E+01-0.883E+00 0.196E+03 0.196E+03
   2   5 0.100E+01-0.883E+00 0.196E+03 0.196E+03
   3   5 0.100E+01-0.131E+01 0.430E+03 0.430E+03
   3   7 0.100E+01-0.131E+01 0.430E+03 0.430E+03
 TOTAL ELASTIC CROSS SECTION                     0.693E+03


 ELAB  =  162.000
 ECM   =   81.000
 WN    =    1.392
 ETA   =    0.000


 PARTIAL WAVE INFORMATION

   L  J2 ABS S-MAT PHA S-MAT

   0   1 0.100E+01-0.445E+00 0.120E+02 0.120E+02
   1   1 0.100E+01-0.571E+00 0.568E+02 0.568E+02
   1   3 0.100E+01-0.571E+00 0.568E+02 0.568E+02
   2   3 0.100E+01-0.889E+00 0.195E+03 0.195E+03
   2   5 0.100E+01-0.889E+00 0.195E+03 0.195E+03
   3   5 0.100E+01-0.131E+01 0.425E+03 0.425E+03
   3   7 0.100E+01-0.131E+01 0.425E+03 0.425E+03
 TOTAL ELASTIC CROSS SECTION                     0.689E+03


 ELAB  =  164.000
 ECM   =   82.000
 WN    =    1.401
 ETA   =    0.000


 PARTIAL WAVE INFORMATION

   L  J2 ABS S-MAT PHA S-MAT

   0   1 0.100E+01-0.455E+00 0.124E+02 0.124E+02
   1   1 0.100E+01-0.579E+00 0.576E+02 0.576E+02
   1   3 0.100E+01-0.579E+00 0.576E+02 0.576E+02
   2   3 0.100E+01-0.894E+00 0.195E+03 0.195E+03
   2   5 0.100E+01-0.894E+00 0.195E+03 0.195E+03
   3   5 0.100E+01-0.132E+01 0.420E+03 0.420E+03
   3   7 0.100E+01-0.132E+01 0.420E+03 0.420E+03
 TOTAL ELASTIC CROSS SECTION                     0.684E+03


 ELAB  =  166.000
 ECM   =   83.000
 WN    =    1.409
 ETA   =    0.000


 PARTIAL WAVE INFORMATION

   L  J2 ABS S-MAT PHA S-MAT

   0   1 0.100E+01-0.466E+00 0.128E+02 0.128E+02
   1   1 0.100E+01-0.588E+00 0.584E+02 0.584E+02
   1   3 0.100E+01-0.588E+00 0.584E+02 0.584E+02
   2   3 0.100E+01-0.900E+00 0.194E+03 0.194E+03
   2   5 0.100E+01-0.900E+00 0.194E+03 0.194E+03
   3   5 0.100E+01-0.132E+01 0.415E+03 0.415E+03
   3   7 0.100E+01-0.132E+01 0.415E+03 0.415E+03
 TOTAL ELASTIC CROSS SECTION                     0.680E+03


 ELAB  =  168.000
 ECM   =   84.000
 WN    =    1.418
 ETA   =    0.000


 PARTIAL WAVE INFORMATION

   L  J2 ABS S-MAT PHA S-MAT

   0   1 0.100E+01-0.476E+00 0.131E+02 0.131E+02
   1   1 0.100E+01-0.597E+00 0.592E+02 0.592E+02
   1   3 0.100E+01-0.597E+00 0.592E+02 0.592E+02
   2   3 0.100E+01-0.905E+00 0.193E+03 0.193E+03
   2   5 0.100E+01-0.905E+00 0.193E+03 0.193E+03
   3   5 0.100E+01-0.132E+01 0.410E+03 0.410E+03
   3   7 0.100E+01-0.132E+01 0.410E+03 0.410E+03
 TOTAL ELASTIC CROSS SECTION                     0.676E+03


 ELAB  =  170.000
 ECM   =   85.000
 WN    =    1.426
 ETA   =    0.000


 PARTIAL WAVE INFORMATION

   L  J2 ABS S-MAT PHA S-MAT

   0   1 0.100E+01-0.486E+00 0.135E+02 0.135E+02
   1   1 0.100E+01-0.605E+00 0.600E+02 0.600E+02
   1   3 0.100E+01-0.605E+00 0.600E+02 0.600E+02
   2   3 0.100E+01-0.910E+00 0.193E+03 0.193E+03
   2   5 0.100E+01-0.910E+00 0.193E+03 0.193E+03
   3   5 0.100E+01-0.132E+01 0.406E+03 0.406E+03
   3   7 0.100E+01-0.132E+01 0.406E+03 0.406E+03
 TOTAL ELASTIC CROSS SECTION                     0.672E+03


 ELAB  =  172.000
 ECM   =   86.000
 WN    =    1.434
 ETA   =    0.000


 PARTIAL WAVE INFORMATION

   L  J2 ABS S-MAT PHA S-MAT

   0   1 0.100E+01-0.495E+00 0.138E+02 0.138E+02
   1   1 0.100E+01-0.613E+00 0.607E+02 0.607E+02
   1   3 0.100E+01-0.613E+00 0.607E+02 0.607E+02
   2   3 0.100E+01-0.916E+00 0.192E+03 0.192E+03
   2   5 0.100E+01-0.916E+00 0.192E+03 0.192E+03
   3   5 0.100E+01-0.132E+01 0.401E+03 0.401E+03
   3   7 0.100E+01-0.132E+01 0.401E+03 0.401E+03
 TOTAL ELASTIC CROSS SECTION                     0.668E+03


 ELAB  =  174.000
 ECM   =   87.000
 WN    =    1.443
 ETA   =    0.000


 PARTIAL WAVE INFORMATION

   L  J2 ABS S-MAT PHA S-MAT

   0   1 0.100E+01-0.505E+00 0.141E+02 0.141E+02
   1   1 0.100E+01-0.622E+00 0.615E+02 0.615E+02
   1   3 0.100E+01-0.622E+00 0.615E+02 0.615E+02
   2   3 0.100E+01-0.921E+00 0.191E+03 0.191E+03
   2   5 0.100E+01-0.921E+00 0.191E+03 0.191E+03
   3   5 0.100E+01-0.132E+01 0.397E+03 0.397E+03
   3   7 0.100E+01-0.132E+01 0.397E+03 0.397E+03
 TOTAL ELASTIC CROSS SECTION                     0.664E+03


 ELAB  =  176.000
 ECM   =   88.000
 WN    =    1.451
 ETA   =    0.000


 PARTIAL WAVE INFORMATION

   L  J2 ABS S-MAT PHA S-MAT

   0   1 0.100E+01-0.515E+00 0.145E+02 0.145E+02
   1   1 0.100E+01-0.630E+00 0.622E+02 0.622E+02
   1   3 0.100E+01-0.630E+00 0.622E+02 0.622E+02
   2   3 0.100E+01-0.926E+00 0.191E+03 0.191E+03
   2   5 0.100E+01-0.926E+00 0.191E+03 0.191E+03
   3   5 0.100E+01-0.132E+01 0.393E+03 0.393E+03
   3   7 0.100E+01-0.132E+01 0.393E+03 0.393E+03
 TOTAL ELASTIC CROSS SECTION                     0.660E+03


 ELAB  =  178.000
 ECM   =   89.000
 WN    =    1.459
 ETA   =    0.000


 PARTIAL WAVE INFORMATION

   L  J2 ABS S-MAT PHA S-MAT

   0   1 0.100E+01-0.524E+00 0.148E+02 0.148E+02
   1   1 0.100E+01-0.638E+00 0.628E+02 0.628E+02
   1   3 0.100E+01-0.638E+00 0.628E+02 0.628E+02
   2   3 0.100E+01-0.932E+00 0.190E+03 0.190E+03
   2   5 0.100E+01-0.932E+00 0.190E+03 0.190E+03
   3   5 0.100E+01-0.132E+01 0.389E+03 0.389E+03
   3   7 0.100E+01-0.132E+01 0.389E+03 0.389E+03
 TOTAL ELASTIC CROSS SECTION                     0.656E+03


 ELAB  =  180.000
 ECM   =   90.000
 WN    =    1.467
 ETA   =    0.000


 PARTIAL WAVE INFORMATION

   L  J2 ABS S-MAT PHA S-MAT

   0   1 0.100E+01-0.533E+00 0.151E+02 0.151E+02
   1   1 0.100E+01-0.646E+00 0.635E+02 0.635E+02
   1   3 0.100E+01-0.646E+00 0.635E+02 0.635E+02
   2   3 0.100E+01-0.937E+00 0.189E+03 0.189E+03
   2   5 0.100E+01-0.937E+00 0.189E+03 0.189E+03
   3   5 0.100E+01-0.133E+01 0.384E+03 0.384E+03
   3   7 0.100E+01-0.133E+01 0.384E+03 0.384E+03
 TOTAL ELASTIC CROSS SECTION                     0.652E+03


 ELAB  =  182.000
 ECM   =   91.000
 WN    =    1.475
 ETA   =    0.000


 PARTIAL WAVE INFORMATION

   L  J2 ABS S-MAT PHA S-MAT

   0   1 0.100E+01-0.543E+00 0.154E+02 0.154E+02
   1   1 0.100E+01-0.654E+00 0.641E+02 0.641E+02
   1   3 0.100E+01-0.654E+00 0.641E+02 0.641E+02
   2   3 0.100E+01-0.942E+00 0.189E+03 0.189E+03
   2   5 0.100E+01-0.942E+00 0.189E+03 0.189E+03
   3   5 0.100E+01-0.133E+01 0.381E+03 0.381E+03
   3   7 0.100E+01-0.133E+01 0.381E+03 0.381E+03
 TOTAL ELASTIC CROSS SECTION                     0.649E+03


 ELAB  =  184.000
 ECM   =   92.000
 WN    =    1.484
 ETA   =    0.000


 PARTIAL WAVE INFORMATION

   L  J2 ABS S-MAT PHA S-MAT

   0   1 0.100E+01-0.552E+00 0.157E+02 0.157E+02
   1   1 0.100E+01-0.662E+00 0.648E+02 0.648E+02
   1   3 0.100E+01-0.662E+00 0.648E+02 0.648E+02
   2   3 0.100E+01-0.947E+00 0.188E+03 0.188E+03
   2   5 0.100E+01-0.947E+00 0.188E+03 0.188E+03
   3   5 0.100E+01-0.133E+01 0.377E+03 0.377E+03
   3   7 0.100E+01-0.133E+01 0.377E+03 0.377E+03
 TOTAL ELASTIC CROSS SECTION                     0.645E+03


 ELAB  =  186.000
 ECM   =   93.000
 WN    =    1.492
 ETA   =    0.000


 PARTIAL WAVE INFORMATION

   L  J2 ABS S-MAT PHA S-MAT

   0   1 0.100E+01-0.561E+00 0.160E+02 0.160E+02
   1   1 0.100E+01-0.670E+00 0.654E+02 0.654E+02
   1   3 0.100E+01-0.670E+00 0.654E+02 0.654E+02
   2   3 0.100E+01-0.952E+00 0.187E+03 0.187E+03
   2   5 0.100E+01-0.952E+00 0.187E+03 0.187E+03
   3   5 0.100E+01-0.133E+01 0.373E+03 0.373E+03
   3   7 0.100E+01-0.133E+01 0.373E+03 0.373E+03
 TOTAL ELASTIC CROSS SECTION                     0.642E+03


 ELAB  =  188.000
 ECM   =   94.000
 WN    =    1.500
 ETA   =    0.000


 PARTIAL WAVE INFORMATION

   L  J2 ABS S-MAT PHA S-MAT

   0   1 0.100E+01-0.570E+00 0.163E+02 0.163E+02
   1   1 0.100E+01-0.678E+00 0.659E+02 0.659E+02
   1   3 0.100E+01-0.678E+00 0.659E+02 0.659E+02
   2   3 0.100E+01-0.957E+00 0.187E+03 0.187E+03
   2   5 0.100E+01-0.957E+00 0.187E+03 0.187E+03
   3   5 0.100E+01-0.133E+01 0.369E+03 0.369E+03
   3   7 0.100E+01-0.133E+01 0.369E+03 0.369E+03
 TOTAL ELASTIC CROSS SECTION                     0.638E+03


 ELAB  =  190.000
 ECM   =   95.000
 WN    =    1.508
 ETA   =    0.000


 PARTIAL WAVE INFORMATION

   L  J2 ABS S-MAT PHA S-MAT

   0   1 0.100E+01-0.578E+00 0.165E+02 0.165E+02
   1   1 0.100E+01-0.686E+00 0.665E+02 0.665E+02
   1   3 0.100E+01-0.686E+00 0.665E+02 0.665E+02
   2   3 0.100E+01-0.962E+00 0.186E+03 0.186E+03
   2   5 0.100E+01-0.962E+00 0.186E+03 0.186E+03
   3   5 0.100E+01-0.133E+01 0.366E+03 0.366E+03
   3   7 0.100E+01-0.133E+01 0.366E+03 0.366E+03
 TOTAL ELASTIC CROSS SECTION                     0.635E+03


 ELAB  =  192.000
 ECM   =   96.000
 WN    =    1.515
 ETA   =    0.000


 PARTIAL WAVE INFORMATION

   L  J2 ABS S-MAT PHA S-MAT

   0   1 0.100E+01-0.587E+00 0.168E+02 0.168E+02
   1   1 0.100E+01-0.693E+00 0.670E+02 0.670E+02
   1   3 0.100E+01-0.693E+00 0.670E+02 0.670E+02
   2   3 0.100E+01-0.967E+00 0.185E+03 0.185E+03
   2   5 0.100E+01-0.967E+00 0.185E+03 0.185E+03
   3   5 0.100E+01-0.134E+01 0.362E+03 0.362E+03
   3   7 0.100E+01-0.134E+01 0.362E+03 0.362E+03
 TOTAL ELASTIC CROSS SECTION                     0.631E+03


 ELAB  =  194.000
 ECM   =   97.000
 WN    =    1.523
 ETA   =    0.000


 PARTIAL WAVE INFORMATION

   L  J2 ABS S-MAT PHA S-MAT

   0   1 0.100E+01-0.596E+00 0.171E+02 0.171E+02
   1   1 0.100E+01-0.701E+00 0.675E+02 0.675E+02
   1   3 0.100E+01-0.701E+00 0.675E+02 0.675E+02
   2   3 0.100E+01-0.972E+00 0.185E+03 0.185E+03
   2   5 0.100E+01-0.972E+00 0.185E+03 0.185E+03
   3   5 0.100E+01-0.134E+01 0.359E+03 0.359E+03
   3   7 0.100E+01-0.134E+01 0.359E+03 0.359E+03
 TOTAL ELASTIC CROSS SECTION                     0.628E+03


 ELAB  =  196.000
 ECM   =   98.000
 WN    =    1.531
 ETA   =    0.000


 PARTIAL WAVE INFORMATION

   L  J2 ABS S-MAT PHA S-MAT

   0   1 0.100E+01-0.604E+00 0.173E+02 0.173E+02
   1   1 0.100E+01-0.708E+00 0.681E+02 0.681E+02
   1   3 0.100E+01-0.708E+00 0.681E+02 0.681E+02
   2   3 0.100E+01-0.977E+00 0.184E+03 0.184E+03
   2   5 0.100E+01-0.977E+00 0.184E+03 0.184E+03
   3   5 0.100E+01-0.134E+01 0.356E+03 0.356E+03
   3   7 0.100E+01-0.134E+01 0.356E+03 0.356E+03
 TOTAL ELASTIC CROSS SECTION                     0.625E+03


 ELAB  =  198.000
 ECM   =   99.000
 WN    =    1.539
 ETA   =    0.000


 PARTIAL WAVE INFORMATION

   L  J2 ABS S-MAT PHA S-MAT

   0   1 0.100E+01-0.613E+00 0.175E+02 0.175E+02
   1   1 0.100E+01-0.716E+00 0.685E+02 0.685E+02
   1   3 0.100E+01-0.716E+00 0.685E+02 0.685E+02
   2   3 0.100E+01-0.982E+00 0.183E+03 0.183E+03
   2   5 0.100E+01-0.982E+00 0.183E+03 0.183E+03
   3   5 0.100E+01-0.134E+01 0.352E+03 0.352E+03
   3   7 0.100E+01-0.134E+01 0.352E+03 0.352E+03
 TOTAL ELASTIC CROSS SECTION                     0.622E+03


 ELAB  =  200.000
 ECM   =  100.000
 WN    =    1.547
 ETA   =    0.000


 PARTIAL WAVE INFORMATION

   L  J2 ABS S-MAT PHA S-MAT

   0   1 0.100E+01-0.621E+00 0.178E+02 0.178E+02
   1   1 0.100E+01-0.723E+00 0.690E+02 0.690E+02
   1   3 0.100E+01-0.723E+00 0.690E+02 0.690E+02
   2   3 0.100E+01-0.986E+00 0.183E+03 0.183E+03
   2   5 0.100E+01-0.986E+00 0.183E+03 0.183E+03
   3   5 0.100E+01-0.134E+01 0.349E+03 0.349E+03
   3   7 0.100E+01-0.134E+01 0.349E+03 0.349E+03
 TOTAL ELASTIC CROSS SECTION                     0.619E+03
   0.200E+01   0.100E+01  -0.667E+00   0.149E-01   0.149E-01  -0.262E-02  -0.262E-02   0.737E-05   0.737E-05
   0.400E+01   0.200E+01  -0.927E+00   0.388E-01   0.388E-01  -0.114E-01  -0.114E-01   0.798E-04   0.798E-04
   0.600E+01   0.300E+01  -0.112E+01   0.651E-01   0.651E-01  -0.249E-01  -0.249E-01   0.316E-03   0.316E-03
   0.800E+01   0.400E+01  -0.127E+01   0.909E-01   0.909E-01  -0.415E-01  -0.415E-01   0.832E-03   0.832E-03
   0.100E+02   0.500E+01  -0.140E+01   0.115E+00   0.115E+00  -0.601E-01  -0.601E-01   0.175E-02   0.175E-02
   0.120E+02   0.600E+01  -0.151E+01   0.135E+00   0.135E+00  -0.798E-01  -0.798E-01   0.320E-02   0.320E-02
   0.140E+02   0.700E+01   0.153E+01   0.152E+00   0.152E+00  -0.100E+00  -0.100E+00   0.531E-02   0.531E-02
   0.160E+02   0.800E+01   0.144E+01   0.165E+00   0.165E+00  -0.121E+00  -0.121E+00   0.822E-02   0.822E-02
   0.180E+02   0.900E+01   0.136E+01   0.175E+00   0.175E+00  -0.141E+00  -0.141E+00   0.121E-01   0.121E-01
   0.200E+02   0.100E+02   0.128E+01   0.182E+00   0.182E+00  -0.162E+00  -0.162E+00   0.170E-01   0.170E-01
   0.220E+02   0.110E+02   0.122E+01   0.185E+00   0.185E+00  -0.182E+00  -0.182E+00   0.232E-01   0.232E-01
   0.240E+02   0.120E+02   0.115E+01   0.186E+00   0.186E+00  -0.202E+00  -0.202E+00   0.308E-01   0.308E-01
   0.260E+02   0.130E+02   0.109E+01   0.185E+00   0.185E+00  -0.221E+00  -0.221E+00   0.399E-01   0.399E-01
   0.280E+02   0.140E+02   0.103E+01   0.182E+00   0.182E+00  -0.240E+00  -0.240E+00   0.509E-01   0.509E-01
   0.300E+02   0.150E+02   0.979E+00   0.177E+00   0.177E+00  -0.258E+00  -0.258E+00   0.638E-01   0.638E-01
   0.320E+02   0.160E+02   0.928E+00   0.171E+00   0.171E+00  -0.276E+00  -0.276E+00   0.789E-01   0.789E-01
   0.340E+02   0.170E+02   0.879E+00   0.163E+00   0.163E+00  -0.294E+00  -0.294E+00   0.965E-01   0.965E-01
   0.360E+02   0.180E+02   0.834E+00   0.154E+00   0.154E+00  -0.311E+00  -0.311E+00   0.117E+00   0.117E+00
   0.380E+02   0.190E+02   0.790E+00   0.145E+00   0.145E+00  -0.327E+00  -0.327E+00   0.140E+00   0.140E+00
   0.400E+02   0.200E+02   0.748E+00   0.134E+00   0.134E+00  -0.343E+00  -0.343E+00   0.167E+00   0.167E+00
   0.420E+02   0.210E+02   0.708E+00   0.123E+00   0.123E+00  -0.359E+00  -0.359E+00   0.197E+00   0.197E+00
   0.440E+02   0.220E+02   0.669E+00   0.112E+00   0.112E+00  -0.374E+00  -0.374E+00   0.232E+00   0.232E+00
   0.460E+02   0.230E+02   0.632E+00   0.999E-01   0.999E-01  -0.389E+00  -0.389E+00   0.271E+00   0.271E+00
   0.480E+02   0.240E+02   0.597E+00   0.875E-01   0.875E-01  -0.404E+00  -0.404E+00   0.314E+00   0.314E+00
   0.500E+02   0.250E+02   0.562E+00   0.749E-01   0.749E-01  -0.418E+00  -0.418E+00   0.363E+00   0.363E+00
   0.520E+02   0.260E+02   0.529E+00   0.620E-01   0.620E-01  -0.431E+00  -0.431E+00   0.416E+00   0.416E+00
   0.540E+02   0.270E+02   0.498E+00   0.489E-01   0.489E-01  -0.445E+00  -0.445E+00   0.475E+00   0.475E+00
   0.560E+02   0.280E+02   0.467E+00   0.357E-01   0.357E-01  -0.458E+00  -0.458E+00   0.539E+00   0.539E+00
   0.580E+02   0.290E+02   0.437E+00   0.224E-01   0.224E-01  -0.471E+00  -0.471E+00   0.607E+00   0.607E+00
   0.600E+02   0.300E+02   0.408E+00   0.896E-02   0.896E-02  -0.483E+00  -0.483E+00   0.679E+00   0.679E+00
   0.620E+02   0.310E+02   0.380E+00  -0.450E-02  -0.450E-02  -0.495E+00  -0.495E+00   0.755E+00   0.755E+00
   0.640E+02   0.320E+02   0.353E+00  -0.180E-01  -0.180E-01  -0.507E+00  -0.507E+00   0.832E+00   0.832E+00
   0.660E+02   0.330E+02   0.326E+00  -0.315E-01  -0.315E-01  -0.518E+00  -0.518E+00   0.909E+00   0.909E+00
   0.680E+02   0.340E+02   0.301E+00  -0.450E-01  -0.450E-01  -0.530E+00  -0.530E+00   0.986E+00   0.986E+00
   0.700E+02   0.350E+02   0.276E+00  -0.584E-01  -0.584E-01  -0.541E+00  -0.541E+00   0.106E+01   0.106E+01
   0.720E+02   0.360E+02   0.252E+00  -0.718E-01  -0.718E-01  -0.552E+00  -0.552E+00   0.113E+01   0.113E+01
   0.740E+02   0.370E+02   0.228E+00  -0.851E-01  -0.851E-01  -0.562E+00  -0.562E+00   0.120E+01   0.120E+01
   0.760E+02   0.380E+02   0.205E+00  -0.984E-01  -0.984E-01  -0.573E+00  -0.573E+00   0.126E+01   0.126E+01
   0.780E+02   0.390E+02   0.182E+00  -0.112E+00  -0.112E+00  -0.583E+00  -0.583E+00   0.132E+01   0.132E+01
   0.800E+02   0.400E+02   0.161E+00  -0.125E+00  -0.125E+00  -0.593E+00  -0.593E+00   0.137E+01   0.137E+01
   0.820E+02   0.410E+02   0.139E+00  -0.138E+00  -0.138E+00  -0.602E+00  -0.602E+00   0.142E+01   0.142E+01
   0.840E+02   0.420E+02   0.118E+00  -0.151E+00  -0.151E+00  -0.612E+00  -0.612E+00   0.147E+01   0.147E+01
   0.860E+02   0.430E+02   0.981E-01  -0.164E+00  -0.164E+00  -0.621E+00  -0.621E+00   0.151E+01   0.151E+01
   0.880E+02   0.440E+02   0.782E-01  -0.176E+00  -0.176E+00  -0.630E+00  -0.630E+00   0.154E+01   0.154E+01
   0.900E+02   0.450E+02   0.587E-01  -0.189E+00  -0.189E+00  -0.639E+00  -0.639E+00  -0.157E+01  -0.157E+01
   0.920E+02   0.460E+02   0.397E-01  -0.201E+00  -0.201E+00  -0.648E+00  -0.648E+00  -0.154E+01  -0.154E+01
   0.940E+02   0.470E+02   0.211E-01  -0.214E+00  -0.214E+00  -0.657E+00  -0.657E+00  -0.151E+01  -0.151E+01
   0.960E+02   0.480E+02   0.291E-02  -0.226E+00  -0.226E+00  -0.665E+00  -0.665E+00  -0.149E+01  -0.149E+01
   0.980E+02   0.490E+02  -0.149E-01  -0.238E+00  -0.238E+00  -0.674E+00  -0.674E+00  -0.147E+01  -0.147E+01
   0.100E+03   0.500E+02  -0.324E-01  -0.250E+00  -0.250E+00  -0.682E+00  -0.682E+00  -0.145E+01  -0.145E+01
   0.102E+03   0.510E+02  -0.495E-01  -0.262E+00  -0.262E+00  -0.690E+00  -0.690E+00  -0.143E+01  -0.143E+01
   0.104E+03   0.520E+02  -0.663E-01  -0.274E+00  -0.274E+00  -0.698E+00  -0.698E+00  -0.142E+01  -0.142E+01
   0.106E+03   0.530E+02  -0.827E-01  -0.286E+00  -0.286E+00  -0.706E+00  -0.706E+00  -0.141E+01  -0.141E+01
   0.108E+03   0.540E+02  -0.988E-01  -0.298E+00  -0.298E+00  -0.714E+00  -0.714E+00  -0.139E+01  -0.139E+01
   0.110E+03   0.550E+02  -0.115E+00  -0.309E+00  -0.309E+00  -0.721E+00  -0.721E+00  -0.138E+01  -0.138E+01
   0.112E+03   0.560E+02  -0.130E+00  -0.321E+00  -0.321E+00  -0.729E+00  -0.729E+00  -0.137E+01  -0.137E+01
   0.114E+03   0.570E+02  -0.145E+00  -0.332E+00  -0.332E+00  -0.736E+00  -0.736E+00  -0.137E+01  -0.137E+01
   0.116E+03   0.580E+02  -0.160E+00  -0.343E+00  -0.343E+00  -0.743E+00  -0.743E+00  -0.136E+01  -0.136E+01
   0.118E+03   0.590E+02  -0.175E+00  -0.354E+00  -0.354E+00  -0.751E+00  -0.751E+00  -0.135E+01  -0.135E+01
   0.120E+03   0.600E+02  -0.190E+00  -0.365E+00  -0.365E+00  -0.758E+00  -0.758E+00  -0.134E+01  -0.134E+01
   0.122E+03   0.610E+02  -0.204E+00  -0.376E+00  -0.376E+00  -0.765E+00  -0.765E+00  -0.134E+01  -0.134E+01
   0.124E+03   0.620E+02  -0.218E+00  -0.386E+00  -0.386E+00  -0.772E+00  -0.772E+00  -0.133E+01  -0.133E+01
   0.126E+03   0.630E+02  -0.231E+00  -0.397E+00  -0.397E+00  -0.778E+00  -0.778E+00  -0.133E+01  -0.133E+01
   0.128E+03   0.640E+02  -0.245E+00  -0.408E+00  -0.408E+00  -0.785E+00  -0.785E+00  -0.133E+01  -0.133E+01
   0.130E+03   0.650E+02  -0.258E+00  -0.418E+00  -0.418E+00  -0.792E+00  -0.792E+00  -0.132E+01  -0.132E+01
   0.132E+03   0.660E+02  -0.271E+00  -0.428E+00  -0.428E+00  -0.798E+00  -0.798E+00  -0.132E+01  -0.132E+01
   0.134E+03   0.670E+02  -0.284E+00  -0.438E+00  -0.438E+00  -0.805E+00  -0.805E+00  -0.132E+01  -0.132E+01
   0.136E+03   0.680E+02  -0.297E+00  -0.449E+00  -0.449E+00  -0.811E+00  -0.811E+00  -0.132E+01  -0.132E+01
   0.138E+03   0.690E+02  -0.309E+00  -0.458E+00  -0.458E+00  -0.818E+00  -0.818E+00  -0.132E+01  -0.132E+01
   0.140E+03   0.700E+02  -0.321E+00  -0.468E+00  -0.468E+00  -0.824E+00  -0.824E+00  -0.131E+01  -0.131E+01
   0.142E+03   0.710E+02  -0.334E+00  -0.478E+00  -0.478E+00  -0.830E+00  -0.830E+00  -0.131E+01  -0.131E+01
   0.144E+03   0.720E+02  -0.345E+00  -0.488E+00  -0.488E+00  -0.836E+00  -0.836E+00  -0.131E+01  -0.131E+01
   0.146E+03   0.730E+02  -0.357E+00  -0.497E+00  -0.497E+00  -0.842E+00  -0.842E+00  -0.131E+01  -0.131E+01
   0.148E+03   0.740E+02  -0.369E+00  -0.507E+00  -0.507E+00  -0.848E+00  -0.848E+00  -0.131E+01  -0.131E+01
   0.150E+03   0.750E+02  -0.380E+00  -0.516E+00  -0.516E+00  -0.854E+00  -0.854E+00  -0.131E+01  -0.131E+01
   0.152E+03   0.760E+02  -0.391E+00  -0.526E+00  -0.526E+00  -0.860E+00  -0.860E+00  -0.131E+01  -0.131E+01
   0.154E+03   0.770E+02  -0.402E+00  -0.535E+00  -0.535E+00  -0.866E+00  -0.866E+00  -0.131E+01  -0.131E+01
   0.156E+03   0.780E+02  -0.413E+00  -0.544E+00  -0.544E+00  -0.872E+00  -0.872E+00  -0.131E+01  -0.131E+01
   0.158E+03   0.790E+02  -0.424E+00  -0.553E+00  -0.553E+00  -0.877E+00  -0.877E+00  -0.131E+01  -0.131E+01
   0.160E+03   0.800E+02  -0.435E+00  -0.562E+00  -0.562E+00  -0.883E+00  -0.883E+00  -0.131E+01  -0.131E+01
   0.162E+03   0.810E+02  -0.445E+00  -0.571E+00  -0.571E+00  -0.889E+00  -0.889E+00  -0.131E+01  -0.131E+01
   0.164E+03   0.820E+02  -0.455E+00  -0.579E+00  -0.579E+00  -0.894E+00  -0.894E+00  -0.132E+01  -0.132E+01
   0.166E+03   0.830E+02  -0.466E+00  -0.588E+00  -0.588E+00  -0.900E+00  -0.900E+00  -0.132E+01  -0.132E+01
   0.168E+03   0.840E+02  -0.476E+00  -0.597E+00  -0.597E+00  -0.905E+00  -0.905E+00  -0.132E+01  -0.132E+01
   0.170E+03   0.850E+02  -0.486E+00  -0.605E+00  -0.605E+00  -0.910E+00  -0.910E+00  -0.132E+01  -0.132E+01
   0.172E+03   0.860E+02  -0.495E+00  -0.613E+00  -0.613E+00  -0.916E+00  -0.916E+00  -0.132E+01  -0.132E+01
   0.174E+03   0.870E+02  -0.505E+00  -0.622E+00  -0.622E+00  -0.921E+00  -0.921E+00  -0.132E+01  -0.132E+01
   0.176E+03   0.880E+02  -0.515E+00  -0.630E+00  -0.630E+00  -0.926E+00  -0.926E+00  -0.132E+01  -0.132E+01
   0.178E+03   0.890E+02  -0.524E+00  -0.638E+00  -0.638E+00  -0.932E+00  -0.932E+00  -0.132E+01  -0.132E+01
   0.180E+03   0.900E+02  -0.533E+00  -0.646E+00  -0.646E+00  -0.937E+00  -0.937E+00  -0.133E+01  -0.133E+01
   0.182E+03   0.910E+02  -0.543E+00  -0.654E+00  -0.654E+00  -0.942E+00  -0.942E+00  -0.133E+01  -0.133E+01
   0.184E+03   0.920E+02  -0.552E+00  -0.662E+00  -0.662E+00  -0.947E+00  -0.947E+00  -0.133E+01  -0.133E+01
   0.186E+03   0.930E+02  -0.561E+00  -0.670E+00  -0.670E+00  -0.952E+00  -0.952E+00  -0.133E+01  -0.133E+01
   0.188E+03   0.940E+02  -0.570E+00  -0.678E+00  -0.678E+00  -0.957E+00  -0.957E+00  -0.133E+01  -0.133E+01
   0.190E+03   0.950E+02  -0.578E+00  -0.686E+00  -0.686E+00  -0.962E+00  -0.962E+00  -0.133E+01  -0.133E+01
   0.192E+03   0.960E+02  -0.587E+00  -0.693E+00  -0.693E+00  -0.967E+00  -0.967E+00  -0.134E+01  -0.134E+01
   0.194E+03   0.970E+02  -0.596E+00  -0.701E+00  -0.701E+00  -0.972E+00  -0.972E+00  -0.134E+01  -0.134E+01
   0.196E+03   0.980E+02  -0.604E+00  -0.708E+00  -0.708E+00  -0.977E+00  -0.977E+00  -0.134E+01  -0.134E+01
   0.198E+03   0.990E+02  -0.613E+00  -0.716E+00  -0.716E+00  -0.982E+00  -0.982E+00  -0.134E+01  -0.134E+01
   0.200E+03   0.100E+03  -0.621E+00  -0.723E+00  -0.723E+00  -0.986E+00  -0.986E+00  -0.134E+01  -0.134E+01
   0.200E+01   0.100E+01   0.201E+04   0.349E+01   0.349E+01   0.181E+00   0.181E+00   0.200E-05   0.200E-05
   0.400E+01   0.200E+01   0.168E+04   0.119E+02   0.119E+02   0.171E+01   0.171E+01   0.117E-03   0.117E-03
   0.600E+01   0.300E+01   0.141E+04   0.222E+02   0.222E+02   0.543E+01   0.543E+01   0.123E-02   0.123E-02
   0.800E+01   0.400E+01   0.120E+04   0.325E+02   0.325E+02   0.113E+02   0.113E+02   0.637E-02   0.637E-02
   0.100E+02   0.500E+01   0.102E+04   0.412E+02   0.412E+02   0.190E+02   0.190E+02   0.225E-01   0.225E-01
   0.120E+02   0.600E+01   0.872E+03   0.476E+02   0.476E+02   0.278E+02   0.278E+02   0.628E-01   0.628E-01
   0.140E+02   0.700E+01   0.749E+03   0.515E+02   0.515E+02   0.375E+02   0.375E+02   0.148E+00   0.148E+00
   0.160E+02   0.800E+01   0.646E+03   0.533E+02   0.533E+02   0.476E+02   0.476E+02   0.311E+00   0.311E+00
   0.180E+02   0.900E+01   0.558E+03   0.531E+02   0.531E+02   0.579E+02   0.579E+02   0.595E+00   0.595E+00
   0.200E+02   0.100E+02   0.483E+03   0.514E+02   0.514E+02   0.681E+02   0.681E+02   0.106E+01   0.106E+01
   0.220E+02   0.110E+02   0.420E+03   0.486E+02   0.486E+02   0.780E+02   0.780E+02   0.180E+01   0.180E+01
   0.240E+02   0.120E+02   0.365E+03   0.451E+02   0.451E+02   0.877E+02   0.877E+02   0.290E+01   0.290E+01
   0.260E+02   0.130E+02   0.317E+03   0.411E+02   0.411E+02   0.969E+02   0.969E+02   0.450E+01   0.450E+01
   0.280E+02   0.140E+02   0.277E+03   0.368E+02   0.368E+02   0.106E+03   0.106E+03   0.679E+01   0.679E+01
   0.300E+02   0.150E+02   0.241E+03   0.326E+02   0.326E+02   0.114E+03   0.114E+03   0.996E+01   0.996E+01
   0.320E+02   0.160E+02   0.210E+03   0.284E+02   0.284E+02   0.122E+03   0.122E+03   0.143E+02   0.143E+02
   0.340E+02   0.170E+02   0.183E+03   0.244E+02   0.244E+02   0.129E+03   0.129E+03   0.201E+02   0.201E+02
   0.360E+02   0.180E+02   0.160E+03   0.207E+02   0.207E+02   0.136E+03   0.136E+03   0.278E+02   0.278E+02
   0.380E+02   0.190E+02   0.139E+03   0.173E+02   0.173E+02   0.143E+03   0.143E+03   0.378E+02   0.378E+02
   0.400E+02   0.200E+02   0.121E+03   0.141E+02   0.141E+02   0.149E+03   0.149E+03   0.508E+02   0.508E+02
   0.420E+02   0.210E+02   0.106E+03   0.114E+02   0.114E+02   0.154E+03   0.154E+03   0.673E+02   0.673E+02
   0.440E+02   0.220E+02   0.919E+02   0.893E+01   0.893E+01   0.160E+03   0.160E+03   0.882E+02   0.882E+02
   0.460E+02   0.230E+02   0.798E+02   0.681E+01   0.681E+01   0.164E+03   0.164E+03   0.114E+03   0.114E+03
   0.480E+02   0.240E+02   0.691E+02   0.502E+01   0.502E+01   0.169E+03   0.169E+03   0.146E+03   0.146E+03
   0.500E+02   0.250E+02   0.598E+02   0.353E+01   0.353E+01   0.173E+03   0.173E+03   0.185E+03   0.185E+03
   0.520E+02   0.260E+02   0.515E+02   0.233E+01   0.233E+01   0.177E+03   0.177E+03   0.231E+03   0.231E+03
   0.540E+02   0.270E+02   0.443E+02   0.140E+01   0.140E+01   0.180E+03   0.180E+03   0.285E+03   0.285E+03
   0.560E+02   0.280E+02   0.380E+02   0.717E+00   0.717E+00   0.183E+03   0.183E+03   0.346E+03   0.346E+03
   0.580E+02   0.290E+02   0.324E+02   0.272E+00   0.272E+00   0.186E+03   0.186E+03   0.413E+03   0.413E+03
   0.600E+02   0.300E+02   0.276E+02   0.422E-01   0.422E-01   0.189E+03   0.189E+03   0.484E+03   0.484E+03
   0.620E+02   0.310E+02   0.233E+02   0.103E-01   0.103E-01   0.191E+03   0.191E+03   0.557E+03   0.557E+03
   0.640E+02   0.320E+02   0.196E+02   0.159E+00   0.159E+00   0.193E+03   0.193E+03   0.628E+03   0.628E+03
   0.660E+02   0.330E+02   0.164E+02   0.473E+00   0.473E+00   0.195E+03   0.195E+03   0.694E+03   0.694E+03
   0.680E+02   0.340E+02   0.136E+02   0.936E+00   0.936E+00   0.197E+03   0.197E+03   0.752E+03   0.752E+03
   0.700E+02   0.350E+02   0.111E+02   0.153E+01   0.153E+01   0.199E+03   0.199E+03   0.800E+03   0.800E+03
   0.720E+02   0.360E+02   0.904E+01   0.225E+01   0.225E+01   0.200E+03   0.200E+03   0.837E+03   0.837E+03
   0.740E+02   0.370E+02   0.725E+01   0.308E+01   0.308E+01   0.202E+03   0.202E+03   0.863E+03   0.863E+03
   0.760E+02   0.380E+02   0.572E+01   0.400E+01   0.400E+01   0.203E+03   0.203E+03   0.879E+03   0.879E+03
   0.780E+02   0.390E+02   0.444E+01   0.501E+01   0.501E+01   0.204E+03   0.204E+03   0.885E+03   0.885E+03
   0.800E+02   0.400E+02   0.336E+01   0.610E+01   0.610E+01   0.205E+03   0.205E+03   0.884E+03   0.884E+03
   0.820E+02   0.410E+02   0.247E+01   0.725E+01   0.725E+01   0.206E+03   0.206E+03   0.877E+03   0.877E+03
   0.840E+02   0.420E+02   0.175E+01   0.846E+01   0.846E+01   0.206E+03   0.206E+03   0.866E+03   0.866E+03
   0.860E+02   0.430E+02   0.117E+01   0.972E+01   0.972E+01   0.207E+03   0.207E+03   0.852E+03   0.852E+03
   0.880E+02   0.440E+02   0.728E+00   0.110E+02   0.110E+02   0.207E+03   0.207E+03   0.835E+03   0.835E+03
   0.900E+02   0.450E+02   0.402E+00   0.124E+02   0.124E+02   0.208E+03   0.208E+03   0.817E+03   0.817E+03
   0.920E+02   0.460E+02   0.180E+00   0.137E+02   0.137E+02   0.208E+03   0.208E+03   0.799E+03   0.799E+03
   0.940E+02   0.470E+02   0.498E-01   0.151E+02   0.151E+02   0.208E+03   0.208E+03   0.780E+03   0.780E+03
   0.960E+02   0.480E+02   0.927E-03   0.165E+02   0.165E+02   0.209E+03   0.209E+03   0.761E+03   0.761E+03
   0.980E+02   0.490E+02   0.239E-01   0.179E+02   0.179E+02   0.209E+03   0.209E+03   0.743E+03   0.743E+03
   0.100E+03   0.500E+02   0.110E+00   0.194E+02   0.194E+02   0.209E+03   0.209E+03   0.725E+03   0.725E+03
   0.102E+03   0.510E+02   0.252E+00   0.208E+02   0.208E+02   0.209E+03   0.209E+03   0.708E+03   0.708E+03
   0.104E+03   0.520E+02   0.443E+00   0.222E+02   0.222E+02   0.209E+03   0.209E+03   0.691E+03   0.691E+03
   0.106E+03   0.530E+02   0.677E+00   0.237E+02   0.237E+02   0.209E+03   0.209E+03   0.675E+03   0.675E+03
   0.108E+03   0.540E+02   0.947E+00   0.251E+02   0.251E+02   0.208E+03   0.208E+03   0.660E+03   0.660E+03
   0.110E+03   0.550E+02   0.125E+01   0.265E+02   0.265E+02   0.208E+03   0.208E+03   0.645E+03   0.645E+03
   0.112E+03   0.560E+02   0.158E+01   0.279E+02   0.279E+02   0.208E+03   0.208E+03   0.631E+03   0.631E+03
   0.114E+03   0.570E+02   0.194E+01   0.293E+02   0.293E+02   0.208E+03   0.208E+03   0.618E+03   0.618E+03
   0.116E+03   0.580E+02   0.231E+01   0.307E+02   0.307E+02   0.207E+03   0.207E+03   0.606E+03   0.606E+03
   0.118E+03   0.590E+02   0.270E+01   0.321E+02   0.321E+02   0.207E+03   0.207E+03   0.594E+03   0.594E+03
   0.120E+03   0.600E+02   0.311E+01   0.335E+02   0.335E+02   0.207E+03   0.207E+03   0.582E+03   0.582E+03
   0.122E+03   0.610E+02   0.353E+01   0.348E+02   0.348E+02   0.206E+03   0.206E+03   0.571E+03   0.571E+03
   0.124E+03   0.620E+02   0.395E+01   0.361E+02   0.361E+02   0.206E+03   0.206E+03   0.561E+03   0.561E+03
   0.126E+03   0.630E+02   0.439E+01   0.374E+02   0.374E+02   0.206E+03   0.206E+03   0.551E+03   0.551E+03
   0.128E+03   0.640E+02   0.483E+01   0.387E+02   0.387E+02   0.205E+03   0.205E+03   0.541E+03   0.541E+03
   0.130E+03   0.650E+02   0.527E+01   0.399E+02   0.399E+02   0.205E+03   0.205E+03   0.532E+03   0.532E+03
   0.132E+03   0.660E+02   0.571E+01   0.412E+02   0.412E+02   0.204E+03   0.204E+03   0.523E+03   0.523E+03
   0.134E+03   0.670E+02   0.616E+01   0.424E+02   0.424E+02   0.204E+03   0.204E+03   0.515E+03   0.515E+03
   0.136E+03   0.680E+02   0.661E+01   0.436E+02   0.436E+02   0.203E+03   0.203E+03   0.507E+03   0.507E+03
   0.138E+03   0.690E+02   0.705E+01   0.447E+02   0.447E+02   0.203E+03   0.203E+03   0.499E+03   0.499E+03
   0.140E+03   0.700E+02   0.749E+01   0.459E+02   0.459E+02   0.202E+03   0.202E+03   0.492E+03   0.492E+03
   0.142E+03   0.710E+02   0.793E+01   0.470E+02   0.470E+02   0.201E+03   0.201E+03   0.484E+03   0.484E+03
   0.144E+03   0.720E+02   0.837E+01   0.481E+02   0.481E+02   0.201E+03   0.201E+03   0.477E+03   0.477E+03
   0.146E+03   0.730E+02   0.880E+01   0.491E+02   0.491E+02   0.200E+03   0.200E+03   0.471E+03   0.471E+03
   0.148E+03   0.740E+02   0.922E+01   0.502E+02   0.502E+02   0.200E+03   0.200E+03   0.464E+03   0.464E+03
   0.150E+03   0.750E+02   0.964E+01   0.512E+02   0.512E+02   0.199E+03   0.199E+03   0.458E+03   0.458E+03
   0.152E+03   0.760E+02   0.101E+02   0.522E+02   0.522E+02   0.198E+03   0.198E+03   0.452E+03   0.452E+03
   0.154E+03   0.770E+02   0.105E+02   0.531E+02   0.531E+02   0.198E+03   0.198E+03   0.446E+03   0.446E+03
   0.156E+03   0.780E+02   0.109E+02   0.541E+02   0.541E+02   0.197E+03   0.197E+03   0.441E+03   0.441E+03
   0.158E+03   0.790E+02   0.113E+02   0.550E+02   0.550E+02   0.197E+03   0.197E+03   0.435E+03   0.435E+03
   0.160E+03   0.800E+02   0.116E+02   0.559E+02   0.559E+02   0.196E+03   0.196E+03   0.430E+03   0.430E+03
   0.162E+03   0.810E+02   0.120E+02   0.568E+02   0.568E+02   0.195E+03   0.195E+03   0.425E+03   0.425E+03
   0.164E+03   0.820E+02   0.124E+02   0.576E+02   0.576E+02   0.195E+03   0.195E+03   0.420E+03   0.420E+03
   0.166E+03   0.830E+02   0.128E+02   0.584E+02   0.584E+02   0.194E+03   0.194E+03   0.415E+03   0.415E+03
   0.168E+03   0.840E+02   0.131E+02   0.592E+02   0.592E+02   0.193E+03   0.193E+03   0.410E+03   0.410E+03
   0.170E+03   0.850E+02   0.135E+02   0.600E+02   0.600E+02   0.193E+03   0.193E+03   0.406E+03   0.406E+03
   0.172E+03   0.860E+02   0.138E+02   0.607E+02   0.607E+02   0.192E+03   0.192E+03   0.401E+03   0.401E+03
   0.174E+03   0.870E+02   0.141E+02   0.615E+02   0.615E+02   0.191E+03   0.191E+03   0.397E+03   0.397E+03
   0.176E+03   0.880E+02   0.145E+02   0.622E+02   0.622E+02   0.191E+03   0.191E+03   0.393E+03   0.393E+03
   0.178E+03   0.890E+02   0.148E+02   0.628E+02   0.628E+02   0.190E+03   0.190E+03   0.389E+03   0.389E+03
   0.180E+03   0.900E+02   0.151E+02   0.635E+02   0.635E+02   0.189E+03   0.189E+03   0.384E+03   0.384E+03
   0.182E+03   0.910E+02   0.154E+02   0.641E+02   0.641E+02   0.189E+03   0.189E+03   0.381E+03   0.381E+03
   0.184E+03   0.920E+02   0.157E+02   0.648E+02   0.648E+02   0.188E+03   0.188E+03   0.377E+03   0.377E+03
   0.186E+03   0.930E+02   0.160E+02   0.654E+02   0.654E+02   0.187E+03   0.187E+03   0.373E+03   0.373E+03
   0.188E+03   0.940E+02   0.163E+02   0.659E+02   0.659E+02   0.187E+03   0.187E+03   0.369E+03   0.369E+03
   0.190E+03   0.950E+02   0.165E+02   0.665E+02   0.665E+02   0.186E+03   0.186E+03   0.366E+03   0.366E+03
   0.192E+03   0.960E+02   0.168E+02   0.670E+02   0.670E+02   0.185E+03   0.185E+03   0.362E+03   0.362E+03
   0.194E+03   0.970E+02   0.171E+02   0.675E+02   0.675E+02   0.185E+03   0.185E+03   0.359E+03   0.359E+03
   0.196E+03   0.980E+02   0.173E+02   0.681E+02   0.681E+02   0.184E+03   0.184E+03   0.356E+03   0.356E+03
   0.198E+03   0.990E+02   0.175E+02   0.685E+02   0.685E+02   0.183E+03   0.183E+03   0.352E+03   0.352E+03
   0.200E+03   0.100E+03   0.178E+02   0.690E+02   0.690E+02   0.183E+03   0.183E+03   0.349E+03   0.349E+03
