1
 ELASTIC SCATTERING CROSS SECTIONS AT ELAB=   96.000
      TARGET     MASS=  208.00 CHARGE=   82.00
      PROJECTILE MASS=   12.00 CHARGE=    6.00


      N =  1  2  3  4  5  6  7  8  9 10 
 KTRL(N)=  0  0  1  1  0  0  0  0  0  0
 KOUT(N)=  1 10  1  1  0  0  0  0  0  0


 OPTICAL MODEL PARAMETERS
               DEPTH      DIFF    RADIUS
 REAL     =  40.00000   0.56000   1.25600
 IMAGINARY=  25.00000   0.56000   1.25600
 SUR.IMAG1=   0.00000   0.56000   1.25600
 SUR.IMAG2=   0.00000   0.60000   1.50000
 COULOMB  =                       1.25600


 LMAX             =   100
 NXMAX,XMES       =   400    0.050
 NAMAX,THMIN,THMAX=    31   20.000   80.000


 ELAB  =   96.000
 ECM   =   90.764
 WN    =    7.019
 ETA   =   27.394


 OPTICAL POTENTIAL FROM   0.000 TO  19.950 IN STEPS OF    0.5000

  REAL PART
 -0.40000E+02-0.40000E+02-0.40000E+02-0.40000E+02-0.40000E+02
 -0.40000E+02-0.40000E+02-0.40000E+02-0.39999E+02-0.39999E+02
 -0.39997E+02-0.39993E+02-0.39982E+02-0.39956E+02-0.39893E+02
 -0.39740E+02-0.39372E+02-0.38500E+02-0.36525E+02-0.32458E+02
 -0.25519E+02-0.16766E+02-0.91239E+01-0.43177E+01-0.18884E+01
 -0.79544E+00-0.32959E+00-0.13562E+00-0.55646E-01-0.22805E-01
 -0.93414E-02-0.38257E-02-0.15667E-02-0.64153E-03-0.26270E-03
 -0.10757E-03-0.44049E-04-0.18037E-04-0.73860E-05-0.30245E-05

  COULOMB PART
  0.00000E+00 0.10291E+03 0.10267E+03 0.10227E+03 0.10170E+03
  0.10098E+03 0.10009E+03 0.99043E+02 0.97834E+02 0.96463E+02
  0.94931E+02 0.93238E+02 0.91383E+02 0.89367E+02 0.87190E+02
  0.84852E+02 0.82353E+02 0.79692E+02 0.76870E+02 0.73886E+02
  0.70742E+02 0.67468E+02 0.64401E+02 0.61601E+02 0.59034E+02
  0.56673E+02 0.54493E+02 0.52475E+02 0.50601E+02 0.48856E+02
  0.47228E+02 0.45704E+02 0.44276E+02 0.42934E+02 0.41671E+02
  0.40481E+02 0.39356E+02 0.38293E+02 0.37285E+02 0.36329E+02

  IMAGINARY VOLUME PART
 -0.25000E+02-0.25000E+02-0.25000E+02-0.25000E+02-0.25000E+02
 -0.25000E+02-0.25000E+02-0.25000E+02-0.25000E+02-0.24999E+02
 -0.24998E+02-0.24995E+02-0.24989E+02-0.24973E+02-0.24933E+02
 -0.24838E+02-0.24607E+02-0.24063E+02-0.22828E+02-0.20286E+02
 -0.15950E+02-0.10479E+02-0.57024E+01-0.26985E+01-0.11802E+01
 -0.49715E+00-0.20599E+00-0.84763E-01-0.34779E-01-0.14253E-01
 -0.58384E-02-0.23911E-02-0.97916E-03-0.40096E-03-0.16419E-03
 -0.67232E-04-0.27531E-04-0.11273E-04-0.46163E-05-0.18903E-05

  IMAGINARY SURFACE1 PART
  0.00000E+00 0.00000E+00 0.00000E+00 0.00000E+00 0.00000E+00
  0.00000E+00 0.00000E+00 0.00000E+00 0.00000E+00 0.00000E+00
  0.00000E+00 0.00000E+00 0.00000E+00 0.00000E+00 0.00000E+00
  0.00000E+00 0.00000E+00 0.00000E+00 0.00000E+00 0.00000E+00
  0.00000E+00 0.00000E+00 0.00000E+00 0.00000E+00 0.00000E+00
  0.00000E+00 0.00000E+00 0.00000E+00 0.00000E+00 0.00000E+00
  0.00000E+00 0.00000E+00 0.00000E+00 0.00000E+00 0.00000E+00
  0.00000E+00 0.00000E+00 0.00000E+00 0.00000E+00 0.00000E+00

  IMAGINARY SURFACE2 PART
  0.00000E+00 0.00000E+00 0.00000E+00 0.00000E+00 0.00000E+00
  0.00000E+00 0.00000E+00 0.00000E+00 0.00000E+00 0.00000E+00
  0.00000E+00 0.00000E+00 0.00000E+00 0.00000E+00 0.00000E+00
  0.00000E+00 0.00000E+00 0.00000E+00 0.00000E+00 0.00000E+00
  0.00000E+00 0.00000E+00 0.00000E+00 0.00000E+00 0.00000E+00
  0.00000E+00 0.00000E+00 0.00000E+00 0.00000E+00 0.00000E+00
  0.00000E+00 0.00000E+00 0.00000E+00 0.00000E+00 0.00000E+00
  0.00000E+00 0.00000E+00 0.00000E+00 0.00000E+00 0.00000E+00


   ANGLE  ELASTIC CS    RUTH. CS       RATIO  ANGLE
   (DEG)      (MB)        (MB)                (DEG)

   20.00   0.420E+05   0.419E+05   0.100E+01  20.00
   22.00   0.285E+05   0.287E+05   0.991E+00  22.00
   24.00   0.204E+05   0.204E+05   0.100E+01  24.00
   26.00   0.149E+05   0.149E+05   0.100E+01  26.00
   28.00   0.108E+05   0.111E+05   0.975E+00  28.00
   30.00   0.873E+04   0.849E+04   0.103E+01  30.00
   32.00   0.679E+04   0.660E+04   0.103E+01  32.00
   34.00   0.495E+04   0.521E+04   0.949E+00  34.00
   36.00   0.391E+04   0.418E+04   0.937E+00  36.00
   38.00   0.353E+04   0.339E+04   0.104E+01  38.00
   40.00   0.326E+04   0.278E+04   0.117E+01  40.00
   42.00   0.283E+04   0.231E+04   0.122E+01  42.00
   44.00   0.226E+04   0.193E+04   0.117E+01  44.00
   46.00   0.167E+04   0.163E+04   0.102E+01  46.00
   48.00   0.117E+04   0.139E+04   0.841E+00  48.00
   50.00   0.774E+03   0.119E+04   0.648E+00  50.00
   52.00   0.488E+03   0.103E+04   0.474E+00  52.00
   54.00   0.302E+03   0.896E+03   0.337E+00  54.00
   56.00   0.186E+03   0.784E+03   0.237E+00  56.00
   58.00   0.112E+03   0.689E+03   0.162E+00  58.00
   60.00   0.648E+02   0.609E+03   0.106E+00  60.00
   62.00   0.375E+02   0.541E+03   0.693E-01  62.00
   64.00   0.229E+02   0.483E+03   0.474E-01  64.00
   66.00   0.136E+02   0.433E+03   0.314E-01  66.00
   68.00   0.725E+01   0.389E+03   0.186E-01  68.00
   70.00   0.413E+01   0.352E+03   0.118E-01  70.00
   72.00   0.284E+01   0.319E+03   0.892E-02  72.00
   74.00   0.161E+01   0.290E+03   0.556E-02  74.00
   76.00   0.682E+00   0.265E+03   0.257E-02  76.00
   78.00   0.503E+00   0.243E+03   0.207E-02  78.00
   80.00   0.447E+00   0.223E+03   0.201E-02  80.00


 PARTIAL WAVE INFORMATION

  L ABS S-MAT PHA S-MAT ABS C-MAT PHA C-MAT   T-COEFF    FUSION  REACTION   L
                 (RAD)               (RAD)                 (MB)      (MB)

  0 0.294E-02 0.262E+01 0.501E+00 0.157E+01 0.100E+01 0.637E+00 0.638E+00   0
  1 0.294E-02 0.267E+01 0.501E+00 0.157E+01 0.100E+01 0.191E+01 0.191E+01   1
  2 0.294E-02 0.278E+01 0.501E+00 0.157E+01 0.100E+01 0.318E+01 0.319E+01   2
  3 0.294E-02 0.295E+01 0.501E+00 0.157E+01 0.100E+01 0.446E+01 0.446E+01   3
  4 0.294E-02-0.310E+01 0.501E+00 0.157E+01 0.100E+01 0.573E+01 0.574E+01   4
  5 0.294E-02-0.283E+01 0.501E+00 0.157E+01 0.100E+01 0.700E+01 0.701E+01   5
  6 0.294E-02-0.249E+01 0.501E+00 0.157E+01 0.100E+01 0.827E+01 0.829E+01   6
  7 0.294E-02-0.211E+01 0.501E+00 0.157E+01 0.100E+01 0.955E+01 0.956E+01   7
  8 0.294E-02-0.167E+01 0.500E+00 0.157E+01 0.100E+01 0.108E+02 0.108E+02   8
  9 0.294E-02-0.118E+01 0.499E+00 0.157E+01 0.100E+01 0.121E+02 0.121E+02   9
 10 0.293E-02-0.646E+00 0.499E+00 0.157E+01 0.100E+01 0.134E+02 0.134E+02  10
 11 0.293E-02-0.610E-01 0.499E+00 0.157E+01 0.100E+01 0.146E+02 0.147E+02  11
 12 0.291E-02 0.570E+00 0.499E+00 0.157E+01 0.100E+01 0.159E+02 0.159E+02  12
 13 0.290E-02 0.125E+01 0.500E+00 0.157E+01 0.100E+01 0.172E+02 0.172E+02  13
 14 0.289E-02 0.197E+01 0.501E+00 0.157E+01 0.100E+01 0.185E+02 0.185E+02  14
 15 0.287E-02 0.273E+01 0.501E+00 0.157E+01 0.100E+01 0.197E+02 0.198E+02  15
 16 0.286E-02-0.274E+01 0.501E+00 0.157E+01 0.100E+01 0.210E+02 0.210E+02  16
 17 0.285E-02-0.189E+01 0.500E+00 0.157E+01 0.100E+01 0.223E+02 0.223E+02  17
 18 0.286E-02-0.101E+01 0.499E+00 0.157E+01 0.100E+01 0.236E+02 0.236E+02  18
 19 0.289E-02-0.881E-01 0.499E+00 0.157E+01 0.100E+01 0.248E+02 0.249E+02  19
 20 0.294E-02 0.861E+00 0.499E+00 0.157E+01 0.100E+01 0.261E+02 0.261E+02  20
 21 0.301E-02 0.183E+01 0.500E+00 0.157E+01 0.100E+01 0.274E+02 0.274E+02  21
 22 0.309E-02 0.282E+01 0.501E+00 0.157E+01 0.100E+01 0.286E+02 0.287E+02  22
 23 0.316E-02-0.246E+01 0.501E+00 0.157E+01 0.100E+01 0.299E+02 0.300E+02  23
 24 0.320E-02-0.144E+01 0.500E+00 0.157E+01 0.100E+01 0.312E+02 0.312E+02  24
 25 0.318E-02-0.408E+00 0.499E+00 0.157E+01 0.100E+01 0.325E+02 0.325E+02  25
 26 0.307E-02 0.646E+00 0.499E+00 0.157E+01 0.100E+01 0.337E+02 0.338E+02  26
 27 0.286E-02 0.174E+01 0.500E+00 0.157E+01 0.100E+01 0.350E+02 0.351E+02  27
 28 0.257E-02 0.291E+01 0.501E+00 0.157E+01 0.100E+01 0.363E+02 0.363E+02  28
 29 0.235E-02-0.209E+01 0.501E+00 0.157E+01 0.100E+01 0.376E+02 0.376E+02  29
 30 0.245E-02-0.702E+00 0.499E+00 0.157E+01 0.100E+01 0.388E+02 0.389E+02  30
 31 0.305E-02 0.623E+00 0.499E+00 0.157E+01 0.100E+01 0.401E+02 0.402E+02  31
 32 0.399E-02 0.178E+01 0.500E+00 0.157E+01 0.100E+01 0.414E+02 0.414E+02  32
 33 0.495E-02 0.280E+01 0.502E+00 0.157E+01 0.100E+01 0.426E+02 0.427E+02  33
 34 0.557E-02-0.257E+01 0.502E+00 0.157E+01 0.100E+01 0.439E+02 0.440E+02  34
 35 0.550E-02-0.179E+01 0.501E+00 0.158E+01 0.100E+01 0.452E+02 0.453E+02  35
 36 0.457E-02-0.124E+01 0.499E+00 0.158E+01 0.100E+01 0.465E+02 0.465E+02  36
 37 0.407E-02-0.127E+01 0.499E+00 0.157E+01 0.100E+01 0.477E+02 0.478E+02  37
 38 0.751E-02-0.132E+01 0.499E+00 0.158E+01 0.100E+01 0.490E+02 0.491E+02  38
 39 0.143E-01-0.942E+00 0.496E+00 0.158E+01 0.100E+01 0.503E+02 0.504E+02  39
 40 0.230E-01-0.476E+00 0.490E+00 0.158E+01 0.999E+00 0.515E+02 0.516E+02  40
 41 0.328E-01-0.654E-01 0.484E+00 0.157E+01 0.999E+00 0.528E+02 0.529E+02  41
 42 0.445E-01 0.229E+00 0.478E+00 0.156E+01 0.998E+00 0.540E+02 0.541E+02  42
 43 0.620E-01 0.404E+00 0.472E+00 0.154E+01 0.996E+00 0.552E+02 0.553E+02  43
 44 0.917E-01 0.521E+00 0.461E+00 0.152E+01 0.992E+00 0.562E+02 0.563E+02  44
 45 0.138E+00 0.628E+00 0.446E+00 0.148E+01 0.981E+00 0.568E+02 0.569E+02  45
 46 0.200E+00 0.709E+00 0.429E+00 0.142E+01 0.960E+00 0.568E+02 0.569E+02  46
 47 0.277E+00 0.735E+00 0.408E+00 0.134E+01 0.923E+00 0.558E+02 0.559E+02  47
 48 0.367E+00 0.697E+00 0.378E+00 0.125E+01 0.866E+00 0.534E+02 0.535E+02  48
 49 0.468E+00 0.618E+00 0.338E+00 0.116E+01 0.781E+00 0.492E+02 0.493E+02  49
 50 0.571E+00 0.531E+00 0.292E+00 0.105E+01 0.674E+00 0.433E+02 0.434E+02  50
 51 0.660E+00 0.451E+00 0.249E+00 0.954E+00 0.564E+00 0.370E+02 0.370E+02  51
 52 0.732E+00 0.374E+00 0.208E+00 0.872E+00 0.464E+00 0.310E+02 0.311E+02  52
 53 0.790E+00 0.297E+00 0.168E+00 0.814E+00 0.376E+00 0.256E+02 0.257E+02  53
 54 0.837E+00 0.230E+00 0.133E+00 0.771E+00 0.300E+00 0.208E+02 0.209E+02  54
 55 0.873E+00 0.185E+00 0.107E+00 0.723E+00 0.238E+00 0.168E+02 0.168E+02  55
 56 0.901E+00 0.154E+00 0.885E-01 0.672E+00 0.189E+00 0.136E+02 0.136E+02  56
 57 0.921E+00 0.124E+00 0.715E-01 0.645E+00 0.151E+00 0.111E+02 0.111E+02  57
 58 0.938E+00 0.916E-01 0.542E-01 0.657E+00 0.121E+00 0.898E+01 0.900E+01  58
 59 0.951E+00 0.667E-01 0.407E-01 0.676E+00 0.952E-01 0.721E+01 0.722E+01  59
 60 0.962E+00 0.560E-01 0.335E-01 0.636E+00 0.751E-01 0.578E+01 0.579E+01  60
 61 0.970E+00 0.513E-01 0.295E-01 0.566E+00 0.598E-01 0.468E+01 0.469E+01  61
 62 0.976E+00 0.409E-01 0.235E-01 0.561E+00 0.478E-01 0.381E+01 0.381E+01  62
 63 0.981E+00 0.246E-01 0.155E-01 0.679E+00 0.380E-01 0.307E+01 0.308E+01  63
 64 0.985E+00 0.137E-01 0.102E-01 0.844E+00 0.299E-01 0.246E+01 0.246E+01  64
 65 0.988E+00 0.139E-01 0.912E-02 0.715E+00 0.236E-01 0.197E+01 0.197E+01  65
 66 0.991E+00 0.179E-01 0.101E-01 0.496E+00 0.188E-01 0.159E+01 0.159E+01  66
 67 0.992E+00 0.147E-01 0.823E-02 0.482E+00 0.150E-01 0.129E+01 0.129E+01  67
 68 0.994E+00 0.406E-02 0.361E-02 0.977E+00 0.119E-01 0.104E+01 0.104E+01  68
 69 0.995E+00-0.374E-02 0.300E-02 0.224E+01 0.936E-02 0.828E+00 0.830E+00  69
 70 0.996E+00-0.161E-02 0.201E-02 0.198E+01 0.735E-02 0.660E+00 0.661E+00  70
 71 0.997E+00 0.555E-02 0.313E-02 0.487E+00 0.582E-02 0.530E+00 0.531E+00  71
 72 0.998E+00 0.721E-02 0.379E-02 0.316E+00 0.464E-02 0.428E+00 0.429E+00  72
 73 0.998E+00-0.983E-04 0.925E-03 0.162E+01 0.369E-02 0.345E+00 0.346E+00  73
 74 0.999E+00-0.882E-02 0.447E-02 0.297E+01 0.291E-02 0.276E+00 0.276E+00  74
 75 0.999E+00-0.972E-02 0.489E-02 0.302E+01 0.228E-02 0.219E+00 0.219E+00  75
 76 0.999E+00-0.260E-02 0.137E-02 0.281E+01 0.179E-02 0.174E+00 0.175E+00  76
 77 0.999E+00 0.396E-02 0.201E-02 0.179E+00 0.142E-02 0.140E+00 0.140E+00  77
 78 0.999E+00 0.231E-02 0.119E-02 0.242E+00 0.113E-02 0.113E+00 0.113E+00  78
 79 0.100E+01-0.632E-02 0.317E-02 0.307E+01 0.895E-03 0.906E-01 0.908E-01  79
 80 0.100E+01-0.132E-01 0.662E-02 0.311E+01 0.702E-03 0.719E-01 0.721E-01  80
 81 0.100E+01-0.118E-01 0.591E-02 0.311E+01 0.549E-03 0.569E-01 0.570E-01  81
 82 0.100E+01-0.388E-02 0.194E-02 0.308E+01 0.431E-03 0.453E-01 0.454E-01  82
 83 0.100E+01 0.269E-02 0.135E-02 0.647E-01 0.342E-03 0.363E-01 0.364E-01  83
 84 0.100E+01 0.150E-02 0.755E-03 0.908E-01 0.271E-03 0.292E-01 0.293E-01  84
 85 0.100E+01-0.662E-02 0.331E-02 0.312E+01 0.215E-03 0.234E-01 0.234E-01  85
 86 0.100E+01-0.148E-01 0.738E-02 0.313E+01 0.168E-03 0.185E-01 0.186E-01  86
 87 0.100E+01-0.162E-01 0.812E-02 0.313E+01 0.131E-03 0.146E-01 0.146E-01  87
 88 0.100E+01-0.103E-01 0.513E-02 0.313E+01 0.103E-03 0.116E-01 0.116E-01  88
 89 0.100E+01-0.182E-02 0.908E-03 0.312E+01 0.808E-04 0.920E-02 0.922E-02  89
 90 0.100E+01 0.258E-02 0.129E-02 0.137E-01 0.640E-04 0.737E-02 0.739E-02  90
 91 0.100E+01-0.465E-03 0.233E-03 0.309E+01 0.508E-04 0.591E-02 0.592E-02  91
 92 0.100E+01-0.903E-02 0.451E-02 0.313E+01 0.400E-04 0.471E-02 0.472E-02  92
 93 0.100E+01-0.177E-01 0.883E-02 0.313E+01 0.313E-04 0.373E-02 0.373E-02  93
 94 0.100E+01-0.212E-01 0.106E-01 0.313E+01 0.243E-04 0.293E-02 0.293E-02  94
 95 0.100E+01-0.181E-01 0.905E-02 0.313E+01 0.189E-04 0.230E-02 0.230E-02  95
 96 0.100E+01-0.104E-01 0.520E-02 0.314E+01 0.147E-04 0.181E-02 0.181E-02  96
 97 0.100E+01-0.246E-02 0.123E-02 0.314E+01 0.116E-04 0.144E-02 0.144E-02  97
 98 0.100E+01 0.172E-02 0.859E-03 0.352E-02 0.915E-05 0.115E-02 0.115E-02  98
 99 0.100E+01 0.112E-03 0.559E-04 0.325E-01 0.725E-05 0.918E-03 0.920E-03  99
 TOTAL                                                0.181E+04 0.181E+04
 AVERAGE L-VALUE         = 0.355E+02
 AVERAGE L-SQUARE ROOT   = 0.379E+02
 STRONG ABSORPTION L     =   51
 STRONG ABSORPTION RADIUS= 0.122E+02
