1
 ELASTIC SCATTERING CROSS SECTIONS AT ELAB=    1.000
      TARGET     MASS=    7.00 CHARGE=    3.00
      PROJECTILE MASS=    1.00 CHARGE=    1.00


      N =  1  2  3  4  5  6  7  8  9 10 
 KTRL(N)=  0  0  1  1  0  0  0  0  0  0
 KOUT(N)=  1 10  1  1  0  0  0  0  0  0


 OPTICAL MODEL PARAMETERS
               DEPTH      DIFF    RADIUS
 REAL      =  29.84000   0.52000   2.95000
 IMAGINARY =   0.00000   0.10000   1.22000
 SUR.IMAG1 =   0.00000   0.52000   2.95000
 SUR.IMAG2 =   0.00000   0.10000   1.50000
 SPIN-ORBIT=   8.24000   0.52000   2.95000
 COULOMB   =                       2.95000


 LMAX             =     3
 NXMAX,XMES       =   100    0.100
 NAMAX,THMIN,THMAX=    44    4.000  176.000


 ELAB  =    1.000
 ECM   =    0.875
 WN    =    0.191
 ETA   =    0.472


 OPTICAL POTENTIAL FROM   0.000 TO   9.900 IN STEPS OF    1.0000

  REAL PART
 -0.29839E+02-0.29836E+02-0.29813E+02-0.29656E+02-0.28625E+02
 -0.23126E+02-0.99924E+01-0.20452E+01-0.31751E+00-0.46831E-01

  COULOMB PART
  0.00000E+00 0.11362E+01 0.11001E+01 0.10400E+01 0.95589E+00
  0.84773E+00 0.71993E+00 0.61708E+00 0.53995E+00 0.47995E+00

  IMAGINARY VOLUME PART
  0.00000E+00 0.00000E+00 0.00000E+00 0.00000E+00 0.00000E+00
  0.00000E+00 0.00000E+00 0.00000E+00 0.00000E+00 0.00000E+00

  IMAGINARY SURFACE1 PART
  0.00000E+00 0.00000E+00 0.00000E+00 0.00000E+00 0.00000E+00
  0.00000E+00 0.00000E+00 0.00000E+00 0.00000E+00 0.00000E+00

  IMAGINARY SURFACE2 PART
  0.00000E+00 0.00000E+00 0.00000E+00 0.00000E+00 0.00000E+00
  0.00000E+00 0.00000E+00 0.00000E+00 0.00000E+00 0.00000E+00

  SPIN-ORBIT PART
  0.00000E+00-0.41973E-02-0.14337E-01-0.64708E-01-0.30937E+00
 -0.11052E+01-0.11765E+01-0.28904E+00-0.41703E-01-0.55178E-02


   ANGLE  ELASTIC CS    RUTH. CS       RATIO  ANAL POWER  ANGLE
   (DEG)       (MB)        (MB)                           (DEG)

    4.00   0.101E+08   0.103E+08   0.985E+00   0.713E-03   4.00
    8.00   0.601E+06   0.643E+06   0.935E+00   0.435E-02   8.00
   12.00   0.112E+06   0.128E+06   0.881E+00   0.823E-02  12.00
   16.00   0.344E+05   0.406E+05   0.848E+00   0.408E-02  16.00
   20.00   0.143E+05   0.168E+05   0.853E+00  -0.194E-01  20.00
   24.00   0.740E+04   0.815E+04   0.908E+00  -0.700E-01  24.00
   28.00   0.455E+04   0.445E+04   0.102E+01  -0.146E+00  28.00
   32.00   0.317E+04   0.264E+04   0.120E+01  -0.238E+00  32.00
   36.00   0.242E+04   0.167E+04   0.145E+01  -0.335E+00  36.00
   40.00   0.197E+04   0.111E+04   0.177E+01  -0.430E+00  40.00
   44.00   0.166E+04   0.774E+03   0.214E+01  -0.518E+00  44.00
   48.00   0.144E+04   0.557E+03   0.258E+01  -0.599E+00  48.00
   52.00   0.127E+04   0.413E+03   0.307E+01  -0.673E+00  52.00
   56.00   0.113E+04   0.314E+03   0.359E+01  -0.740E+00  56.00
   60.00   0.101E+04   0.244E+03   0.414E+01  -0.800E+00  60.00
   64.00   0.909E+03   0.193E+03   0.470E+01  -0.853E+00  64.00
   68.00   0.820E+03   0.156E+03   0.526E+01  -0.898E+00  68.00
   72.00   0.741E+03   0.128E+03   0.581E+01  -0.935E+00  72.00
   76.00   0.670E+03   0.106E+03   0.632E+01  -0.964E+00  76.00
   80.00   0.606E+03   0.892E+02   0.679E+01  -0.982E+00  80.00
   84.00   0.548E+03   0.760E+02   0.721E+01  -0.989E+00  84.00
   88.00   0.495E+03   0.654E+02   0.756E+01  -0.983E+00  88.00
   92.00   0.447E+03   0.569E+02   0.785E+01  -0.964E+00  92.00
   96.00   0.403E+03   0.499E+02   0.806E+01  -0.929E+00  96.00
  100.00   0.363E+03   0.442E+02   0.821E+01  -0.877E+00 100.00
  104.00   0.327E+03   0.395E+02   0.827E+01  -0.808E+00 104.00
  108.00   0.294E+03   0.356E+02   0.828E+01  -0.720E+00 108.00
  112.00   0.265E+03   0.322E+02   0.821E+01  -0.613E+00 112.00
  116.00   0.239E+03   0.295E+02   0.810E+01  -0.487E+00 116.00
  120.00   0.215E+03   0.271E+02   0.794E+01  -0.345E+00 120.00
  124.00   0.194E+03   0.251E+02   0.774E+01  -0.188E+00 124.00
  128.00   0.176E+03   0.233E+02   0.752E+01  -0.213E-01 128.00
  132.00   0.159E+03   0.219E+02   0.728E+01   0.150E+00 132.00
  136.00   0.145E+03   0.206E+02   0.704E+01   0.320E+00 136.00
  140.00   0.133E+03   0.195E+02   0.679E+01   0.478E+00 140.00
  144.00   0.122E+03   0.186E+02   0.655E+01   0.616E+00 144.00
  148.00   0.113E+03   0.178E+02   0.633E+01   0.725E+00 148.00
  152.00   0.105E+03   0.172E+02   0.613E+01   0.794E+00 152.00
  156.00   0.989E+02   0.166E+02   0.594E+01   0.817E+00 156.00
  160.00   0.937E+02   0.162E+02   0.579E+01   0.789E+00 160.00
  164.00   0.896E+02   0.158E+02   0.566E+01   0.710E+00 164.00
  168.00   0.865E+02   0.156E+02   0.555E+01   0.582E+00 168.00
  172.00   0.843E+02   0.154E+02   0.548E+01   0.413E+00 172.00
  176.00   0.830E+02   0.153E+02   0.544E+01   0.214E+00 176.00


 PARTIAL WAVE INFORMATION

   L  J2 ABS S-MAT PHA S-MAT   T-COEFF    FUSION  REACTION   L  J2
                     (RAD)                 (MB)      (MB)

   0   1 0.100E+01-0.932E+00 0.000E+00 0.000E+00 0.000E+00   0   1
   1   1 0.100E+01 0.236E+01 0.000E+00 0.000E+00 0.000E+00   1   1
   1   3 0.100E+01-0.799E+00-0.222E-15 0.000E+00-0.381E-12   1   3
   2   3 0.100E+01-0.677E-02 0.111E-15 0.000E+00 0.190E-12   2   3
   2   5 0.100E+01 0.315E-02 0.111E-15 0.000E+00 0.286E-12   2   5
 TOTAL                                 0.000E+00 0.952E-13
