   1.000000       1.000000       1.000000       1.183216       1.000000       1.133893       1.000000       1.105542       1.341641       1.000000       1.087115       1.253566       1.000000       1.074172       1.201850       1.483240       1.000000      0.6324555      0.5345225       1.154701      0.4714045      0.8944272      0.4264014      0.7559289       1.414214      0.3922323      0.6666667       1.095445      0.3651484      0.6030227      0.9258201       1.632993    
 IBDEL           0          28          43          53          56          57
   2.236068      0.0000000E+00  0.0000000E+00  0.0000000E+00  0.0000000E+00
  0.0000000E+00  0.0000000E+00  0.0000000E+00  0.0000000E+00  0.0000000E+00
   4.242641      0.0000000E+00   3.162278      0.0000000E+00  0.0000000E+00
   3.760699       3.872983      0.0000000E+00  0.0000000E+00  0.0000000E+00
  0.0000000E+00  0.0000000E+00  0.0000000E+00  0.0000000E+00  0.0000000E+00
   6.244998      0.0000000E+00   3.585686      -2.449489      0.0000000E+00
   4.806246       4.366539      0.0000000E+00  0.0000000E+00  0.0000000E+00
   5.954372       3.240372      -4.067612      0.0000000E+00  0.0000000E+00
  0.0000000E+00  0.0000000E+00  0.0000000E+00  0.0000000E+00  0.0000000E+00
   8.246212      0.0000000E+00   4.067607      -3.224903      0.6227996    
   5.153031       6.148172      0.0000000E+00  0.0000000E+00  0.0000000E+00
   7.171370       3.388290      -3.633181      0.0000000E+00  0.0000000E+00
   8.037414       3.000000      -5.128430       2.000000      0.0000000E+00
  0.0000000E+00  0.0000000E+00  0.0000000E+00  0.0000000E+00  0.0000000E+00
   10.24695      0.0000000E+00   4.516640      -3.817259      0.8154364    
   5.798824       7.426360      0.0000000E+00  0.0000000E+00  0.0000000E+00
   7.607689       5.318430      -4.517992      0.0000000E+00  0.0000000E+00
   9.331845       2.877856      -4.465990       1.485272      0.0000000E+00
   10.08386       2.872281      -5.914170       2.853573     -0.4804669    
  0.0000000E+00  0.0000000E+00  0.0000000E+00  0.0000000E+00  0.0000000E+00
   12.24745      0.0000000E+00   4.931105      -4.320489      0.9293536    
   6.252585       8.881762      0.0000000E+00  0.0000000E+00  0.0000000E+00
   8.468512       6.411115      -4.778278      0.0000000E+00  0.0000000E+00
   9.806609       4.881938      -5.832630       1.782634      0.0000000E+00
   11.42247       2.550494      -5.018387       2.065007     -0.3233811    
   12.11360       2.792852      -6.581303       3.502376     -0.7204699    
  0.0000000E+00  0.0000000E+00  0.0000000E+00  0.0000000E+00  0.0000000E+00
   14.24781      0.0000000E+00   5.316082      -4.767315       1.005913    
  0.0000000E+00  0.0000000E+00  0.0000000E+00  0.0000000E+00  0.0000000E+00
  0.0000000E+00  0.0000000E+00  0.0000000E+00  0.0000000E+00  0.0000000E+00
  0.0000000E+00  0.0000000E+00  0.0000000E+00  0.0000000E+00  0.0000000E+00
  0.0000000E+00  0.0000000E+00  0.0000000E+00  0.0000000E+00  0.0000000E+00
  0.0000000E+00  0.0000000E+00  0.0000000E+00  0.0000000E+00  0.0000000E+00
  0.0000000E+00  0.0000000E+00  0.0000000E+00  0.0000000E+00  0.0000000E+00
  0.0000000E+00  0.0000000E+00  0.0000000E+00  0.0000000E+00  0.0000000E+00
  0.0000000E+00  0.0000000E+00  0.0000000E+00  0.0000000E+00  0.0000000E+00
  0.0000000E+00  0.0000000E+00  0.0000000E+00  0.0000000E+00  0.0000000E+00
  0.0000000E+00  0.0000000E+00  0.0000000E+00  0.0000000E+00  0.0000000E+00
  0.0000000E+00  0.0000000E+00  0.0000000E+00  0.0000000E+00  0.0000000E+00
  0.0000000E+00  0.0000000E+00  0.0000000E+00  0.0000000E+00  0.0000000E+00
  0.0000000E+00  0.0000000E+00  0.0000000E+00  0.0000000E+00  0.0000000E+00
  0.0000000E+00  0.0000000E+00  0.0000000E+00  0.0000000E+00  0.0000000E+00
  0.0000000E+00  0.0000000E+00  0.0000000E+00  0.0000000E+00  0.0000000E+00
  0.0000000E+00  0.0000000E+00  0.0000000E+00  0.0000000E+00  0.0000000E+00
  0.0000000E+00  0.0000000E+00  0.0000000E+00  0.0000000E+00  0.0000000E+00
  0.0000000E+00  0.0000000E+00  0.0000000E+00  0.0000000E+00  0.0000000E+00
  0.0000000E+00  0.0000000E+00  0.0000000E+00  0.0000000E+00  0.0000000E+00
  0.0000000E+00  0.0000000E+00  0.0000000E+00  0.0000000E+00  0.0000000E+00
  0.0000000E+00  0.0000000E+00  0.0000000E+00  0.0000000E+00  0.0000000E+00
  0.0000000E+00  0.0000000E+00  0.0000000E+00  0.0000000E+00  0.0000000E+00
  0.0000000E+00  0.0000000E+00  0.0000000E+00  0.0000000E+00  0.0000000E+00
  0.0000000E+00  0.0000000E+00  0.0000000E+00  0.0000000E+00  0.0000000E+00
  0.0000000E+00  0.0000000E+00  0.0000000E+00  0.0000000E+00  0.0000000E+00
  0.0000000E+00  0.0000000E+00  0.0000000E+00  0.0000000E+00  0.0000000E+00
  0.0000000E+00  0.0000000E+00  0.0000000E+00  0.0000000E+00  0.0000000E+00
  0.0000000E+00  0.0000000E+00  0.0000000E+00  0.0000000E+00  0.0000000E+00
  0.0000000E+00  0.0000000E+00  0.0000000E+00  0.0000000E+00  0.0000000E+00
       4   0   0   4  36.0000114
       4   0   0   6  51.9999733
       4   0   0   8  68.0000153
       5   0   0   5  55.0000229
       5   0   0   6  64.9999695
       5   0   0   7  75.0000153
       5   0   0   8  85.0000458
       5   0   0  10 104.9999695
       6   0   0   6  77.9999619
       6   0   0   8 102.0000916
       6   0   0   9 113.9999619
       6   0   0  10 125.9999771
       6   0   0  12 150.0000916
       6   0   1   3  42.0000420
       6   0   1   4  53.9999466
       6   0   1   6  78.0000992
       6   1   0   4  54.0000191
       6   1   0   6  77.9999542
       6   1   0   8 102.0000229
                                 7   0   0   8   0.0000007  -0.0000015
       7   0   0   8 119.0001068
       7   0   0   9 132.9998474
       7   0   0  11 161.0000763
       7   0   0  12 174.9999542
       7   0   0  14 203.0001068
       7   0   1   4  62.9999390
       7   0   1   5  77.0000305
       7   0   1   6  91.0001831
                                 7   0   1   8  -0.0000014   3.8972492
       7   0   1   8 118.9996109
       7   0   2   2  35.0000229
       7   1   0   5  77.0000153
       7   1   0   6  90.9999542
       7   1   0   7 105.0000153
                                 7   1   0   8   2.7386143   2.2828562
       7   1   0   8 119.0000534
       7   1   0  10 146.9999542
       7   1   1   4  62.9999886
       7   2   0   4  63.0000114

    1   0   0   2   0   0   4       2.236   0.000   0.000   0.000   0.000   1.00000   0.00000   0.00000   0.00000   0.00000

    2   0   0   2   0   0   4       0.000   0.000   3.162   0.000   0.000   0.00000   0.00000   1.00000   0.00000   0.00000

    2   0   0   4   0   0   6       4.243   0.000   0.000   0.000   0.000   1.00000   0.00000   0.00000   0.00000   0.00000

    2   1   0   0   0   0   2       0.000   0.000   0.000   0.000   1.414   0.00000   0.00000   0.00000   0.00000   1.00000

    3   0   0   3   0   0   5       0.000   3.873   0.000  -2.449   0.000   0.00000   0.84515   0.00000  -0.53452   0.00000

    3   0   0   4   0   0   6       3.761   0.000   3.586   0.000   0.000   0.72375   0.00000   0.69007   0.00000   0.00000

    3   0   0   6   0   0   8       6.245   0.000   0.000   0.000   0.000   1.00000   0.00000   0.00000   0.00000   0.00000

    3   0   1   0   0   0   2       0.000   0.000   0.000   0.000   1.732   0.00000   0.00000   0.00000   0.00000   1.00000

    3   1   0   2   1   0   4       2.646   0.000   0.000   0.000   0.000   0.68313   0.00000   0.00000   0.00000   0.00000
    3   1   0   2   0   0   4       0.000   0.000   1.690   0.000   2.268   0.00000   0.00000   0.43644   0.00000   0.58554

    4   0   0   4   0   0   6       0.000   4.367  -4.068   0.000   0.623   0.00000   0.72776  -0.67794   0.00000   0.10380

    4   0   0   5   0   0   7       4.806   3.240   0.000  -3.225   0.000   0.72457   0.48850   0.00000  -0.48617   0.00000

    4   0   0   6   0   0   8       5.954   0.000   4.068   0.000   0.000   0.82572   0.00000   0.56408   0.00000   0.00000

    4   0   0   8   0   0  10       8.246   0.000   0.000   0.000   0.000   1.00000   0.00000   0.00000   0.00000   0.00000

    4   0   1   2   0   1   4       2.708   0.000   0.000   0.000   0.000   0.60553   0.00000   0.00000   0.00000   0.00000
    4   0   1   2   0   0   4       0.000   0.000   0.000   3.028   1.871   0.00000   0.00000   0.00000   0.67700   0.41833

    4   1   0   2   1   0   4       0.000   0.000   3.586   0.000   0.000   0.00000   0.00000   0.80178   0.00000   0.00000
    4   1   0   2   0   1   4       0.816   0.000   0.000   0.000   0.000   0.18257   0.00000   0.00000   0.00000   0.00000
    4   1   0   2   0   0   4       0.000   0.000   0.000  -1.826   1.773   0.00000   0.00000   0.00000  -0.40825   0.39641

    4   1   0   4   1   0   6       4.811   0.000   0.000   0.000   0.000   0.80178   0.00000   0.00000   0.00000   0.00000
    4   1   0   4   0   0   6       0.000   1.155   1.690   0.000   2.944   0.00000   0.19245   0.28172   0.00000   0.49065

    4   2   0   0   1   0   2       0.000   0.000   0.000   0.000   2.000   0.00000   0.00000   0.00000   0.00000   1.00000

    5   0   0   5   0   0   7       0.000   6.148  -3.633   2.000   0.000   0.00000   0.82902  -0.48990   0.26968   0.00000

    5   0   0   6   0   0   8       5.153   3.388  -5.128   0.000   0.815   0.63915   0.42027  -0.63610   0.00000   0.10114

    5   0   0   7   0   0   9       7.171   3.000   0.000  -3.817   0.000   0.82808   0.34641   0.00000  -0.44078   0.00000

    5   0   0   8   0   0  10       8.037   0.000   4.517   0.000   0.000   0.87178   0.00000   0.48990   0.00000   0.00000

    5   0   0  10   0   0  12      10.247   0.000   0.000   0.000   0.000   1.00000   0.00000   0.00000   0.00000   0.00000

    5   0   1   2   0   1   4       0.000   0.000  -4.309   0.000   0.000   0.00000   0.00000  -0.86189   0.00000   0.00000
    5   0   1   2   0   0   4       0.000   0.000   0.000   0.000   2.535   0.00000   0.00000   0.00000   0.00000   0.50709

    5   0   1   4   0   1   6       4.774   0.000   0.000   0.000   0.000   0.71168   0.00000   0.00000   0.00000   0.00000
    5   0   1   4   0   0   6       0.000   0.000   1.916   3.859   1.909   0.00000   0.00000   0.28567   0.57525   0.28459

    5   1   0   3   1   0   5       0.000   4.282   0.000  -2.708   0.000   0.00000   0.72375   0.00000  -0.45774   0.00000
    5   1   0   3   0   1   5       0.000  -1.291   0.000   0.000   0.000   0.00000  -0.21822   0.00000   0.00000   0.00000
    5   1   0   3   0   0   5       0.000   0.000   0.000  -1.862   2.049   0.00000   0.00000   0.00000  -0.31472   0.34641

    5   1   0   4   1   0   6       4.158   0.000   3.964   0.000   0.000   0.61978   0.00000   0.59094   0.00000   0.00000
    5   1   0   4   0   1   6       0.798   0.000   0.000   0.000   0.000   0.11892   0.00000   0.00000   0.00000   0.00000
    5   1   0   4   0   0   6       0.000   0.000  -1.734  -1.382   2.539   0.00000   0.00000  -0.25855  -0.20597   0.37848

    5   1   0   6   1   0   8       6.904   0.000   0.000   0.000   0.000   0.85635   0.00000   0.00000   0.00000   0.00000
    5   1   0   6   0   0   8       0.266   1.375   1.734   0.000   3.516   0.03294   0.17056   0.21513   0.00000   0.43613

    5   1   1   0   1   0   2       0.000   0.000   0.000   0.000   1.915   0.00000   0.00000   0.00000   0.00000   0.85635
    5   1   1   0   0   1   2       0.000   0.000   0.000   0.000   1.155   0.00000   0.00000   0.00000   0.00000   0.51640

    5   2   0   2   2   0   4       3.000   0.000   0.000   0.000   0.000   0.60000   0.00000   0.00000   0.00000   0.00000
    5   2   0   2   1   0   4       0.000   0.000   2.390   0.000   3.207   0.00000   0.00000   0.47809   0.00000   0.64143

    6   0   0   6   0   0   8       0.000   7.426  -4.518   1.485  -0.480   0.00000   0.84087  -0.51156   0.16817  -0.05440

    6   0   0   7   0   0   9       5.799   5.318  -4.466   2.854   0.000   0.61125   0.56061  -0.47076   0.30079   0.00000

    6   0   0   8   0   0  10       7.608   2.878  -5.914   0.000   0.929   0.75327   0.28495  -0.58559   0.00000   0.09202

    6   0   0   9   0   0  11       9.332   2.872   0.000  -4.320   0.000   0.87401   0.26901   0.00000  -0.40465   0.00000

    6   0   0  10   0   0  12      10.084   0.000   4.931   0.000   0.000   0.89834   0.00000   0.43930   0.00000   0.00000

    6   0   0  12   0   0  14      12.247   0.000   0.000   0.000   0.000   1.00000   0.00000   0.00000   0.00000   0.00000

    6   0   1   3   0   1   5       0.000  -4.743   0.000  -3.633   0.000   0.00000  -0.73193   0.00000  -0.56061   0.00000
    6   0   1   3   0   0   5       0.000   0.000   0.000   0.000  -2.510   0.00000   0.00000   0.00000   0.00000  -0.38730

    6   0   1   4   0   1   6       4.202   0.000  -4.852   0.000   0.000   0.57177   0.00000  -0.66022   0.00000   0.00000
    6   0   1   4   0   0   6       0.000   0.000   0.000   2.426   2.631   0.00000   0.00000   0.00000   0.33011   0.35806

    6   0   1   6   0   1   8       6.807   0.000   0.000   0.000   0.000   0.77077   0.00000   0.00000   0.00000   0.00000
    6   0   1   6   0   0   8       0.000   0.759   2.550   4.577   1.907   0.00000   0.08598   0.28872   0.51820   0.21596

    6   0   2   0   0   1   2       0.000   0.000   0.000   0.000   2.449   0.00000   0.00000   0.00000   0.00000   1.00000

    6   1   0   4   1   0   6       0.000   4.747  -4.422   0.000   0.677   0.00000   0.64598  -0.60175   0.00000   0.09214
    6   1   0   4   0   1   6       0.994   0.000   0.752   0.000   0.000   0.13533   0.00000   0.10229   0.00000   0.00000
    6   1   0   4   0   0   6       0.000   0.000   0.000  -2.412   2.021   0.00000   0.00000   0.00000  -0.32817   0.27505

    6   1   0   5   1   0   7       5.225   3.523   0.000  -3.506   0.000   0.64315   0.43361   0.00000  -0.43154   0.00000
    6   1   0   5   0   1   7       0.000  -1.514   0.000   0.000   0.000   0.00000  -0.18631   0.00000   0.00000   0.00000
    6   1   0   5   0   0   7       0.000   0.000  -1.425  -1.329   2.813   0.00000   0.00000  -0.17541  -0.16359   0.34624

    6   1   0   6   1   0   8       6.473   0.000   4.422   0.000   0.000   0.73293   0.00000   0.50069   0.00000   0.00000
    6   1   0   6   0   1   8       0.749   0.000   0.000   0.000   0.000   0.08479   0.00000   0.00000   0.00000   0.00000
    6   1   0   6   0   0   8       0.000  -0.784  -2.012  -1.177   3.153   0.00000  -0.08882  -0.22776  -0.13323   0.35695

    6   1   0   8   1   0  10       8.965   0.000   0.000   0.000   0.000   0.88763   0.00000   0.00000   0.00000   0.00000
    6   1   0   8   0   0  10       0.320   1.497   1.772   0.000   4.019   0.03167   0.14825   0.17541   0.00000   0.39796

    6   1   1   2   1   1   4       2.944   0.000   0.000   0.000   0.000   0.53748   0.00000   0.00000   0.00000   0.00000
    6   1   1   2   1   0   4       0.000   0.000   0.000   3.291   2.034   0.00000   0.00000   0.00000   0.60093   0.37132
    6   1   1   2   0   1   4       0.000   0.000  -1.690   0.000   1.873   0.00000   0.00000  -0.30861   0.00000   0.34188

    6   2   0   2   2   0   4       0.000   0.000   3.964   0.000   0.000   0.00000   0.00000   0.72375   0.00000   0.00000
    6   2   0   2   1   1   4       1.155   0.000   0.000   0.000   0.000   0.21082   0.00000   0.00000   0.00000   0.00000
    6   2   0   2   1   0   4       0.000   0.000   0.000  -2.582   2.507   0.00000   0.00000   0.00000  -0.47140   0.45774

    6   2   0   4   2   0   6       5.318   0.000   0.000   0.000   0.000   0.72375   0.00000   0.00000   0.00000   0.00000
    6   2   0   4   1   0   6       0.000   1.633   2.390   0.000   4.163   0.00000   0.22222   0.32530   0.00000   0.56656

    6   3   0   0   2   0   2       0.000   0.000   0.000   0.000   2.449   0.00000   0.00000   0.00000   0.00000   1.00000

    7   0   0   7   0   0   9       0.000   8.882  -4.778   1.783  -0.323   0.00000   0.86677  -0.46631   0.17397  -0.03156

    7   0   0   8   0   0  10       6.253   6.411  -5.833   2.065  -0.720   0.57317   0.58771  -0.53468   0.18930  -0.06605

    7   0   0   9   0   0  11       8.469   4.882  -5.018   3.502   0.000   0.73431   0.42332  -0.43515   0.30369   0.00000

    7   0   0  10   0   0  12       9.807   2.550  -6.581   0.000   1.006   0.80884   0.21036  -0.54282   0.00000   0.08297

    7   0   0  11   0   0  13      11.422   2.793   0.000  -4.767   0.000   0.90022   0.22011   0.00000  -0.37572   0.00000

    7   0   0  12   0   0  14      12.114   0.000   5.316   0.000   0.000   0.91570   0.00000   0.40186   0.00000   0.00000

    7   0   0  14   0   0  16      14.248   0.000   0.000   0.000   0.000   1.00000   0.00000   0.00000   0.00000   0.00000

    7   0   1   4   0   1   6       0.000  -5.083  -5.191   0.000  -0.987   0.00000  -0.64044  -0.65399   0.00000  -0.12430
    7   0   1   4   0   0   6       0.000   0.000   0.000   0.000   3.040   0.00000   0.00000   0.00000   0.00000   0.38300

    7   0   1   5   0   1   7       5.344  -3.950   0.000  -4.879   0.000   0.60902  -0.45011   0.00000  -0.55606   0.00000
    7   0   1   5   0   0   7       0.000   0.000   0.000  -1.860  -2.360   0.00000   0.00000   0.00000  -0.21199  -0.26899

    7   0   1   6   0   1   8       6.439   0.000  -5.460   0.000   0.000   0.67494   0.00000  -0.57233   0.00000   0.00000
    7   0   1   6   0   0   8       0.000   0.000   1.375   3.254   2.694   0.00000   0.00000   0.14417   0.34107   0.28245

    7   0   1   8   0   1  10       8.832   0.000   0.000   0.000   0.000   0.80966   0.00000   0.00000   0.00000   0.00000
    7   0   1   8   0   0  10       0.162   1.092   2.990   5.222   1.887   0.01486   0.10012   0.27409   0.47870   0.17300

    7   0   2   2   0   2   4       3.194   0.000   0.000   0.000   0.000   0.53984   0.00000   0.00000   0.00000   0.00000
    7   0   2   2   0   1   4       0.000   0.000   0.000  -4.123   2.793   0.00000   0.00000   0.00000  -0.69693   0.47208

    7   1   0   5   1   0   7       0.000   6.604  -3.903   2.148   0.000   0.00000   0.75262  -0.44475   0.24483   0.00000
    7   1   0   5   0   1   7      -0.917  -0.886   0.000  -0.277   0.000  -0.10445  -0.10094   0.00000  -0.03160   0.00000
    7   1   0   5   0   0   7       0.000   0.000   0.000  -2.712   2.117   0.00000   0.00000   0.00000  -0.30903   0.24130

    7   1   0   6   1   0   8       5.535   3.640  -5.509   0.000   0.876   0.58025   0.38153  -0.57748   0.00000   0.09182
    7   1   0   6   0   1   8       0.961   0.000   0.931   0.000   0.000   0.10072   0.00000   0.09761   0.00000   0.00000
    7   1   0   6   0   0   8       0.000   0.000  -1.650  -1.942   2.778   0.00000   0.00000  -0.17294  -0.20358   0.29121

    7   1   0   7   1   0   9       7.703   3.223   0.000  -4.100   0.000   0.75176   0.31449   0.00000  -0.40016   0.00000
    7   1   0   7   0   1   9       0.000  -1.671   0.000   0.000   0.000   0.00000  -0.16309   0.00000   0.00000   0.00000
    7   1   0   7   0   0   9       0.000  -0.542  -1.631  -1.051   3.408   0.00000  -0.05293  -0.15914  -0.10255   0.33254

    7   1   0   8   1   0  10       8.634   0.000   4.852   0.000   0.000   0.79144   0.00000   0.44475   0.00000   0.00000
    7   1   0   8   0   1  10       0.696   0.000   0.000   0.000   0.000   0.06384   0.00000   0.00000   0.00000   0.00000
    7   1   0   8   0   0  10      -0.175  -1.042  -2.160  -1.049   3.682  -0.01608  -0.09552  -0.19797  -0.09614   0.33754

    7   1   0  10   1   0  12      11.007   0.000   0.000   0.000   0.000   0.90784   0.00000   0.00000   0.00000   0.00000
    7   1   0  10   0   0  12       0.339   1.578   1.801   0.000   4.472   0.02799   0.13012   0.14851   0.00000   0.36886

    7   1   1   2   1   1   4       0.000   0.000  -4.629   0.000   0.000   0.00000   0.00000  -0.78246   0.00000   0.00000
    7   1   1   2   1   0   4       0.000   0.000   0.000   0.000   2.724   0.00000   0.00000   0.00000   0.00000   0.46036
    7   1   1   2   0   2   4       0.894   0.000   0.000   0.000   0.000   0.15119   0.00000   0.00000   0.00000   0.00000
    7   1   1   2   0   1   4       0.000   0.000   0.000   1.732   1.534   0.00000   0.00000   0.00000   0.29277   0.25933

    7   1   1   4   1   1   6       5.128   0.000   0.000   0.000   0.000   0.64610   0.00000   0.00000   0.00000   0.00000
    7   1   1   4   1   0   6       0.000   0.000   2.058   4.145   2.051   0.00000   0.00000   0.25934   0.52223   0.25836
    7   1   1   4   0   1   6       0.000   1.327  -1.772   0.000   2.486   0.00000   0.16714  -0.22320   0.00000   0.31316

    7   2   0   3   2   0   5       0.000   4.655   0.000  -2.944   0.000   0.00000   0.66496   0.00000  -0.42056   0.00000
    7   2   0   3   1   1   5       0.000  -1.826   0.000   0.000   0.000   0.00000  -0.26082   0.00000   0.00000   0.00000
    7   2   0   3   1   0   5       0.000   0.000   0.000  -2.633   2.898   0.00000   0.00000   0.00000  -0.37616   0.41404

    7   2   0   4   2   0   6       4.520   0.000   4.309   0.000   0.000   0.56944   0.00000   0.54294   0.00000   0.00000
    7   2   0   4   1   1   6       1.128   0.000   0.000   0.000   0.000   0.14213   0.00000   0.00000   0.00000   0.00000
    7   2   0   4   1   0   6       0.000   0.000  -2.453  -1.954   3.591   0.00000   0.00000  -0.30903  -0.24618   0.45238

    7   2   0   6   2   0   8       7.506   0.000   0.000   0.000   0.000   0.78680   0.00000   0.00000   0.00000   0.00000
    7   2   0   6   1   0   8       0.376   1.945   2.453   0.000   4.973   0.03937   0.20386   0.25713   0.00000   0.52128

    7   2   1   0   2   0   2       0.000   0.000   0.000   0.000   2.082   0.00000   0.00000   0.00000   0.00000   0.78680
    7   2   1   0   1   1   2       0.000   0.000   0.000   0.000   1.633   0.00000   0.00000   0.00000   0.00000   0.61721

    7   3   0   2   3   0   4       3.317   0.000   0.000   0.000   0.000   0.56061   0.00000   0.00000   0.00000   0.00000
    7   3   0   2   2   0   4       0.000   0.000   2.928   0.000   3.928   0.00000   0.00000   0.49487   0.00000   0.66394
