    DWUCK4 AT YOUR SERVICE ****  INPUT  FILE NAME = DWUCK4.INP                           4-MAR-92  13:23:38
                                 OUTPUT FILE NAME = DWUCK4.OUT

0DWUCK4-DISTORTED WAVES U.COLORADO- PC-VAX-VERSION  31/Jan /1990
 Elapsed time in seconds =   0.00
0CONTROL INTEGERS
  1 2 3 4 5 6 7 8 9 A B C D E F G H I J K    RUN IDENTIFICATION                                             3/04/92  13.23.38
  1 0 0 0 0 0 0 0 3 0 0 0 0 0 0 0 0 0 0 0    Fe56(p,p)Fe56* @22.5 MeV to 4.51 MeV 3- state,  coul. exc.
0ANGLE DATA          THETN=  37.0000   THET1=   0.0000   DTHET=   5.0000   A-ANG=   0.0000   B-ANG=   0.0000
0CARD SET 3 DATA     LMAX =  15          LTR=   3
                     NLTR =   1        2*JTR=   6
0CARD SET 4 DATA     DRF  =   0.1000   RZ   =   0.0000   RMAX =  15.0000   VCE  =   1.0000   FNRNG=   0.0000
 PARTICLE DATA
0PARTICLE 1************************************************************************************************************************
 INPUT DATA          ELAB =  22.5000   RC0  =   1.2500   AC   =   0.0000   2*STR=   1.0000
                     MASSP=   1.0078   MASST=  56.0000   Q    =   0.0000
                     ZP   =   1.0000   ZT   =  26.0000   PNLOC=   0.0000

 DERIVED DATA        ECM  =  22.1022   RC   =   4.7823   RHO  =   4.8932
                     K    =   1.0232   ETA  =   0.8666   DR   =   0.1000
0POTENTIAL PARAMETERS
 NX=4 L*S VOLUME     V RL = -28.2000   R0RL =   1.2500   A RL =   0.7350   R RL =   4.7823   VSOR =   0.0000
                     V IM =   0.0000   R0IM =   1.2500   A IM =   0.4370   R IM =   4.7823   VSOI =   0.0000   POWR =   0.0000
 NX=1 VOLUME  W-S    V RL = -46.3800   R0RL =   1.2500   A RL =   0.7350   R RL =   4.7823   VSOR =   0.0000
                     V IM =   0.0000   R0IM =   1.2500   A IM =   0.4370   R IM =   4.7823   VSOI =   0.0000   POWR =   0.0000
 NX=2 SURFACE W-S    V RL =   0.0000   R0RL =   1.2500   A RL =   0.7350   R RL =   4.7823   VSOR =   0.0000
                     V IM =  61.4000   R0IM =   1.2500   A IM =   0.4370   R IM =   4.7823   VSOI =   0.0000   POWR =   0.0000
0PARTICLE 2************************************************************************************************************************
 INPUT DATA          ELAB =  17.9088   RC0  =   1.2500   AC   =   0.0000   2*STR=   1.0000
                     MASSP=   1.0078   MASST=  56.0000   Q    =  -4.5100
                     ZP   =   1.0000   ZT   =  26.0000   PNLOC=   0.0000

 DERIVED DATA        ECM  =  17.5922   RC   =   4.7823   RHO  =   4.3655
                     K    =   0.9128   ETA  =   0.9713   DR   =   0.1000
0POTENTIAL PARAMETERS
 NX=4 L*S VOLUME     V RL = -28.2000   R0RL =   1.2500   A RL =   0.7350   R RL =   4.7823   VSOR =   0.0000
                     V IM =   0.0000   R0IM =   1.2500   A IM =   0.4370   R IM =   4.7823   VSOI =   0.0000   POWR =   0.0000
 NX=1 VOLUME  W-S    V RL = -46.3800   R0RL =   1.2500   A RL =   0.7350   R RL =   4.7823   VSOR =   0.0000
                     V IM =   0.0000   R0IM =   1.2500   A IM =   0.4370   R IM =   4.7823   VSOI =   0.0000   POWR =   0.0000
 NX=2 SURFACE W-S    V RL =   0.0000   R0RL =   1.2500   A RL =   0.7350   R RL =   4.7823   VSOR =   0.0000
                     V IM =  61.4000   R0IM =   1.2500   A IM =   0.4370   R IM =   4.7823   VSOI =   0.0000   POWR =   0.0000
1Fe56(p,p)Fe56* @22.5 MeV to 4.51 MeV 3- state,  coul. exc.     3/ 4/92
0FORM FACTOR DATA
0PARTICLE 3************************************************************************************************************************
 INPUT DATA          ELAB =   0.0000   RC0  =   1.2500   AC   =   0.0000   2*STR=   0.0000
                     MASSP=   1.0078   MASST=  56.0000   Q    =   0.0000
                     ZP   =   1.0000   ZT   =  26.0000   PNLOC=   0.0000

 DERIVED DATA        ECM  =   0.0000   RC   =   4.7823   RHO  =   0.0000
                     K    =   0.0000   ETA  =   0.0000   DR   =   0.1000
0POTENTIAL PARAMETERS
 NX=2 SURFACE W-S    V RL = -46.3800   R0RL =   1.2500   A RL =   0.7350   R RL =   4.7823   VSOR =   0.0000
                     V IM =   0.0000   R0IM =   1.2500   A IM =   0.4370   R IM =   4.7823   VSOI =   0.0000   POWR =   0.0000
 NX=3 2ND DERIV      V RL =   0.0000   R0RL =   1.2500   A RL =   0.7350   R RL =   4.7823   VSOR =   0.0000
                     V IM =  61.4000   R0IM =   1.2500   A IM =   0.4370   R IM =   4.7823   VSOI =   0.0000   POWR =   0.0000
0FORM FACTOR          LTR =   3        2*STR=   0        2*JTR=   6
0    R    RL,R        IM,R        RL,R+DR*1   IM,R+DR*1   RL,R+DR*2   IM,R+DR*2   RL,R+DR*3   IM,R+DR*3   RL,R+DR*4   IM,R+DR*4
   0.10 -5.1466E-01  1.4926E-02 -5.8937E-01  1.8764E-02 -6.7489E-01  2.3588E-02 -7.7274E-01  2.9652E-02 -8.8470E-01  3.7275E-02
   0.60 -1.0128E+00  4.6857E-02 -1.1592E+00  5.8901E-02 -1.3267E+00  7.4039E-02 -1.5181E+00  9.3067E-02 -1.7368E+00  1.1698E-01
   1.10 -1.9866E+00  1.4703E-01 -2.2717E+00  1.8480E-01 -2.5971E+00  2.3225E-01 -2.9681E+00  2.9187E-01 -3.3908E+00  3.6675E-01
   1.60 -3.8722E+00  4.6079E-01 -4.4197E+00  5.7887E-01 -5.0420E+00  7.2707E-01 -5.7483E+00  9.1300E-01 -6.5490E+00  1.1462E+00
   2.10 -7.4552E+00  1.4383E+00 -8.4790E+00  1.8042E+00 -9.6333E+00  2.2617E+00 -1.0932E+01  2.8334E+00 -1.2389E+01  3.5463E+00
   2.60 -1.4019E+01  4.4336E+00 -1.5835E+01  5.5350E+00 -1.7853E+01  6.8978E+00 -2.0084E+01  8.5769E+00 -2.2537E+01  1.0635E+01
   3.10 -2.5221E+01  1.3141E+01 -2.8137E+01  1.6166E+01 -3.1281E+01  1.9779E+01 -3.4644E+01  2.4034E+01 -3.8206E+01  2.8955E+01
   3.60 -4.1936E+01  3.4513E+01 -4.5795E+01  4.0595E+01 -4.9728E+01  4.6966E+01 -5.3671E+01  5.3230E+01 -5.7547E+01  5.8803E+01
   4.10 -6.1268E+01  6.2914E+01 -6.4741E+01  6.4649E+01 -6.7871E+01  6.3073E+01 -7.0562E+01  5.7422E+01 -7.2728E+01  4.7338E+01
   4.60 -7.4295E+01  3.3083E+01 -7.5208E+01  1.5638E+01 -7.5433E+01 -3.3947E+00 -7.4962E+01 -2.2078E+01 -7.3813E+01 -3.8552E+01
   5.10 -7.2027E+01 -5.1407E+01 -6.9666E+01 -5.9919E+01 -6.6810E+01 -6.4063E+01 -6.3548E+01 -6.4367E+01 -5.9976E+01 -6.1684E+01
   5.60 -5.6190E+01 -5.6957E+01 -5.2281E+01 -5.1060E+01 -4.8333E+01 -4.4702E+01 -4.4420E+01 -3.8398E+01 -4.0601E+01 -3.2481E+01
   6.10 -3.6926E+01 -2.7140E+01 -3.3432E+01 -2.2454E+01 -3.0144E+01 -1.8431E+01 -2.7080E+01 -1.5033E+01 -2.4246E+01 -1.2200E+01
   6.60 -2.1644E+01 -9.8601E+00 -1.9270E+01 -7.9435E+00 -1.7116E+01 -6.3830E+00 -1.5171E+01 -5.1184E+00 -1.3422E+01 -4.0977E+00
   7.10 -1.1855E+01 -3.2762E+00 -1.0456E+01 -2.6167E+00 -9.2095E+00 -2.0882E+00 -8.1029E+00 -1.6654E+00 -7.1221E+00 -1.3275E+00
   7.60 -6.2546E+00 -1.0577E+00 -5.4885E+00 -8.4242E-01 -4.8130E+00 -6.7080E-01 -4.2181E+00 -5.3404E-01 -3.6949E+00 -4.2508E-01
   8.10 -3.2351E+00 -3.3831E-01 -2.8313E+00 -2.6923E-01 -2.4772E+00 -2.1423E-01 -2.1666E+00 -1.7046E-01 -1.8945E+00 -1.3562E-01
   8.60 -1.6562E+00 -1.0790E-01 -1.4475E+00 -8.5839E-02 -1.2649E+00 -6.8289E-02 -1.1052E+00 -5.4326E-02 -9.6553E-01 -4.3217E-02
   9.10 -8.4340E-01 -3.4379E-02 -7.3664E-01 -2.7349E-02 -6.4334E-01 -2.1755E-02 -5.6181E-01 -1.7306E-02 -4.9057E-01 -1.3767E-02
   9.60 -4.2835E-01 -1.0951E-02 -3.7399E-01 -8.7112E-03 -3.2652E-01 -6.9295E-03 -2.8507E-01 -5.5122E-03 -2.4887E-01 -4.3848E-03
  10.10 -2.1725E-01 -3.4879E-03 -1.8965E-01 -2.7745E-03 -1.6555E-01 -2.2070E-03 -1.4452E-01 -1.7556E-03 -1.2615E-01 -1.3965E-03
  10.60 -1.1011E-01 -1.1109E-03 -9.6115E-02 -8.8367E-04 -8.3895E-02 -7.0292E-04 -7.3229E-02 -5.5915E-04 -6.3918E-02 -4.4478E-04
  11.10 -5.5790E-02 -3.5381E-04 -4.8695E-02 -2.8144E-04 -4.2503E-02 -2.2387E-04 -3.7098E-02 -1.7808E-04 -3.2380E-02 -1.4166E-04
  11.60 -2.8262E-02 -1.1268E-04 -2.4667E-02 -8.9636E-05 -2.1530E-02 -7.1302E-05 -1.8791E-02 -5.6718E-05 -1.6401E-02 -4.5117E-05
  12.10 -1.4315E-02 -3.5889E-05 -1.2494E-02 -2.8548E-05 -1.0905E-02 -2.2709E-05 -9.5181E-03 -1.8064E-05 -8.3074E-03 -1.4369E-05
  12.60 -7.2507E-03 -1.1430E-05 -6.3284E-03 -9.0923E-06 -5.5234E-03 -7.2326E-06 -4.8209E-03 -5.7532E-06 -4.2076E-03 -4.5765E-06
  13.10 -3.6724E-03 -3.6404E-06 -3.2053E-03 -2.8958E-06 -2.7976E-03 -2.3035E-06 -2.4417E-03 -1.8323E-06 -2.1311E-03 -1.4576E-06
  13.60 -1.8600E-03 -1.1594E-06 -1.6234E-03 -9.2228E-07 -1.4169E-03 -7.3364E-07 -1.2367E-03 -5.8358E-07 -1.0794E-03 -4.6422E-07
  14.10 -9.4207E-04 -3.6927E-07 -8.2224E-04 -2.9374E-07 -7.1764E-04 -2.3366E-07 -6.2636E-04 -1.8587E-07 -5.4668E-04 -1.4785E-07
  14.60 -4.7714E-04 -1.1761E-07 -4.1645E-04 -9.3553E-08 -3.6347E-04 -7.4417E-08 -3.1724E-04 -5.9196E-08 -2.7688E-04 -4.7088E-08
0                    LMAX =  15        NSTEP= 150        NLTR =   1
0REACSIG 1   1.12775E+02                                             REACSIG 2   1.09310E+02
1Fe56(p,p)Fe56* @22.5 MeV to 4.51 MeV 3- state,  coul. exc.     3/04/92
0BASIC DATA          DR   =   0.1000   RMIN =   0.0000   RMAX =  15.0000   COUEX=   1.0000     IS1=   0.5000
                     FNRNG=   0.0000   PNLC1=   0.0000   PNLC2=   0.0000   PNLC3=   0.0000     IS2=   0.5000
 ANG MOM TRANSFER    LTR  =   3.       2*JTR=   6.       2*STR=   0.       Q    =  -4.5100
0 Theta Inelsig,fm**2      Polz       T22       T21       T20 Inelsig,fm**2      POLZ       T22       T21       T20       AYY  Theta
   0.00    4.5065E+00    0.0000    0.0000    0.0000    0.0000    5.6618E+00    0.0000    0.0000    0.0000    0.0000    0.0000   0.00
   5.00    4.6904E+00    0.2473    0.0000    0.0000    0.0000    5.8928E+00    0.2638    0.0000    0.0000    0.0000    0.0000   5.00
  10.00    5.1160E+00    0.3675    0.0000    0.0000    0.0000    6.4276E+00    0.3952    0.0000    0.0000    0.0000    0.0000  10.00
  15.00    5.4839E+00    0.3579    0.0000    0.0000    0.0000    6.8897E+00    0.3919    0.0000    0.0000    0.0000    0.0000  15.00
  20.00    5.5760E+00    0.2790    0.0000    0.0000    0.0000    7.0055E+00    0.3166    0.0000    0.0000    0.0000    0.0000  20.00
  25.00    5.4919E+00    0.1855    0.0000    0.0000    0.0000    6.8998E+00    0.2251    0.0000    0.0000    0.0000    0.0000  25.00
  30.00    5.5069E+00    0.1183    0.0000    0.0000    0.0000    6.9187E+00    0.1574    0.0000    0.0000    0.0000    0.0000  30.00
  35.00    5.6917E+00    0.0927    0.0000    0.0000    0.0000    7.1508E+00    0.1291    0.0000    0.0000    0.0000    0.0000  35.00
  40.00    5.8284E+00    0.0951    0.0000    0.0000    0.0000    7.3226E+00    0.1284    0.0000    0.0000    0.0000    0.0000  40.00
  45.00    5.6880E+00    0.1092    0.0000    0.0000    0.0000    7.1461E+00    0.1399    0.0000    0.0000    0.0000    0.0000  45.00
  50.00    5.2452E+00    0.1295    0.0000    0.0000    0.0000    6.5898E+00    0.1582    0.0000    0.0000    0.0000    0.0000  50.00
  55.00    4.6407E+00    0.1562    0.0000    0.0000    0.0000    5.8305E+00    0.1832    0.0000    0.0000    0.0000    0.0000  55.00
  60.00    4.0377E+00    0.1836    0.0000    0.0000    0.0000    5.0728E+00    0.2096    0.0000    0.0000    0.0000    0.0000  60.00
  65.00    3.5169E+00    0.1938    0.0000    0.0000    0.0000    4.4185E+00    0.2200    0.0000    0.0000    0.0000    0.0000  65.00
  70.00    3.0563E+00    0.1666    0.0000    0.0000    0.0000    3.8398E+00    0.1951    0.0000    0.0000    0.0000    0.0000  70.00
  75.00    2.5944E+00    0.0975    0.0000    0.0000    0.0000    3.2595E+00    0.1301    0.0000    0.0000    0.0000    0.0000  75.00
  80.00    2.1090E+00   -0.0004    0.0000    0.0000    0.0000    2.6497E+00    0.0377    0.0000    0.0000    0.0000    0.0000  80.00
  85.00    1.6328E+00   -0.1001    0.0000    0.0000    0.0000    2.0514E+00   -0.0560    0.0000    0.0000    0.0000    0.0000  85.00
  90.00    1.2214E+00   -0.1558    0.0000    0.0000    0.0000    1.5345E+00   -0.1051    0.0000    0.0000    0.0000    0.0000  90.00
  95.00    9.2502E-01   -0.1028    0.0000    0.0000    0.0000    1.1622E+00   -0.0434    0.0000    0.0000    0.0000    0.0000  95.00
 100.00    7.6515E-01    0.0773    0.0000    0.0000    0.0000    9.6131E-01    0.1482    0.0000    0.0000    0.0000    0.0000 100.00
 105.00    7.1909E-01    0.2711    0.0000    0.0000    0.0000    9.0344E-01    0.3535    0.0000    0.0000    0.0000    0.0000 105.00
 110.00    7.3574E-01    0.3629    0.0000    0.0000    0.0000    9.2436E-01    0.4526    0.0000    0.0000    0.0000    0.0000 110.00
 115.00    7.6702E-01    0.3629    0.0000    0.0000    0.0000    9.6365E-01    0.4536    0.0000    0.0000    0.0000    0.0000 115.00
 120.00    7.7886E-01    0.3298    0.0000    0.0000    0.0000    9.7853E-01    0.4161    0.0000    0.0000    0.0000    0.0000 120.00
 125.00    7.5029E-01    0.3045    0.0000    0.0000    0.0000    9.4264E-01    0.3835    0.0000    0.0000    0.0000    0.0000 125.00
 130.00    6.8161E-01    0.3029    0.0000    0.0000    0.0000    8.5634E-01    0.3737    0.0000    0.0000    0.0000    0.0000 130.00
 135.00    5.9562E-01    0.3170    0.0000    0.0000    0.0000    7.4831E-01    0.3785    0.0000    0.0000    0.0000    0.0000 135.00
 140.00    5.1919E-01    0.3169    0.0000    0.0000    0.0000    6.5229E-01    0.3665    0.0000    0.0000    0.0000    0.0000 140.00
 145.00    4.6672E-01    0.2766    0.0000    0.0000    0.0000    5.8637E-01    0.3116    0.0000    0.0000    0.0000    0.0000 145.00
 150.00    4.4129E-01    0.2089    0.0000    0.0000    0.0000    5.5443E-01    0.2290    0.0000    0.0000    0.0000    0.0000 150.00
 155.00    4.3980E-01    0.1507    0.0000    0.0000    0.0000    5.5255E-01    0.1604    0.0000    0.0000    0.0000    0.0000 155.00
 160.00    4.5334E-01    0.1208    0.0000    0.0000    0.0000    5.6956E-01    0.1269    0.0000    0.0000    0.0000    0.0000 160.00
 165.00    4.7055E-01    0.1098    0.0000    0.0000    0.0000    5.9118E-01    0.1165    0.0000    0.0000    0.0000    0.0000 165.00
 170.00    4.8403E-01    0.0955    0.0000    0.0000    0.0000    6.0812E-01    0.1030    0.0000    0.0000    0.0000    0.0000 170.00
 175.00    4.9191E-01    0.0589    0.0000    0.0000    0.0000    6.1802E-01    0.0641    0.0000    0.0000    0.0000    0.0000 175.00
 180.00    4.9448E-01    0.0000    0.0000    0.0000    0.0000    6.2125E-01    0.0000    0.0000    0.0000    0.0000    0.0000 180.00
0Tot-sig    2.9046E+01                                            3.6493E+01
1Inelastic  Fe56(p,p)Fe56* @22.5 MeV to 4.51 MeV 3- state,  coul. exc.     3/04/92
    THETA                                                                                                          THETA  cos(theta)
     0.00  ]++++++++++++++++++++++++++++++++]++++++++++++++++++++++++++++++++]+++++++++++++++++++++*++++++++++]+    0.00     1.000
     5.00  +                                                                                       *           +    5.00     0.996
    10.00  +                                                                                        *          +   10.00     0.985
    15.00  +                                                                                         *         +   15.00     0.966
    20.00  +                                                                                          *        +   20.00     0.940
    25.00  +                                                                                         *         +   25.00     0.906
    30.00  +                                                                                         *         +   30.00     0.866
    35.00  +                                                                                          *        +   35.00     0.819
    40.00  +                                                                                          *        +   40.00     0.766
    45.00  +                                                                                          *        +   45.00     0.707
    50.00  +                                                                                         *         +   50.00     0.643
    55.00  +                                                                                       *           +   55.00     0.574
    60.00  +                                                                                     *             +   60.00     0.500
    65.00  +                                                                                   *               +   65.00     0.423
    70.00  +                                                                                 *                 +   70.00     0.342
    75.00  +                                                                               *                   +   75.00     0.259
    80.00  +                                                                            *                      +   80.00     0.174
    85.00  +                                                                        *                          +   85.00     0.087
    90.00  +                                                                    *                              +   90.00     0.000
    95.00  +                                                                *                                  +   95.00    -0.087
   100.00  +                                                             *                                     +  100.00    -0.174
   105.00  +                                                            *                                      +  105.00    -0.259
   110.00  +                                                             *                                     +  110.00    -0.342
   115.00  +                                                             *                                     +  115.00    -0.423
   120.00  +                                                             *                                     +  120.00    -0.500
   125.00  +                                                             *                                     +  125.00    -0.574
   130.00  +                                                            *                                      +  130.00    -0.643
   135.00  +                                                          *                                        +  135.00    -0.707
   140.00  +                                                        *                                          +  140.00    -0.766
   145.00  +                                                      *                                            +  145.00    -0.819
   150.00  +                                                     *                                             +  150.00    -0.866
   155.00  +                                                     *                                             +  155.00    -0.906
   160.00  +                                                      *                                            +  160.00    -0.940
   165.00  +                                                      *                                            +  165.00    -0.966
   170.00  +                                                       *                                           +  170.00    -0.985
   175.00  +                                                       *                                           +  175.00    -0.996
   180.00  ]++++++++++++++++++++++++++++++++]++++++++++++++++++++++*+++++++++]++++++++++++++++++++++++++++++++]+  180.00    -1.000
    THETA                                                                                                          THETA  cos(theta)
1Asymmetry  Fe56(p,p)Fe56* @22.5 MeV to 4.51 MeV 3- state,  coul. exc.     3/04/92
    THETA -1.                                               0.0                                                1.  THETA  cos(theta)
     0.00  ]+++++++++]+++++++++]+++++++++]+++++++++]+++++++++*+++++++++]+++++++++]+++++++++]+++++++++]+++++++++]    0.00     1.000
     5.00  +                                                 +            *                                    +    5.00     0.996
    10.00  +                                                 +                   *                             +   10.00     0.985
    15.00  +                                                 +                   *                             +   15.00     0.966
    20.00  +                                                 +               *                                 +   20.00     0.940
    25.00  +                                                 +          *                                      +   25.00     0.906
    30.00  +                                                 +       *                                         +   30.00     0.866
    35.00  +                                                 +     *                                           +   35.00     0.819
    40.00  +                                                 +     *                                           +   40.00     0.766
    45.00  +                                                 +      *                                          +   45.00     0.707
    50.00  +                                                 +       *                                         +   50.00     0.643
    55.00  +                                                 +        *                                        +   55.00     0.574
    60.00  +                                                 +         *                                       +   60.00     0.500
    65.00  +                                                 +          *                                      +   65.00     0.423
    70.00  +                                                 +         *                                       +   70.00     0.342
    75.00  +                                                 +      *                                          +   75.00     0.259
    80.00  +                                                 + *                                               +   80.00     0.174
    85.00  +                                              *  +                                                 +   85.00     0.087
    90.00  +                                            *    +                                                 +   90.00     0.000
    95.00  +                                               * +                                                 +   95.00    -0.087
   100.00  +                                                 +      *                                          +  100.00    -0.174
   105.00  +                                                 +                 *                               +  105.00    -0.259
   110.00  +                                                 +                      *                          +  110.00    -0.342
   115.00  +                                                 +                      *                          +  115.00    -0.423
   120.00  +                                                 +                    *                            +  120.00    -0.500
   125.00  +                                                 +                  *                              +  125.00    -0.574
   130.00  +                                                 +                  *                              +  130.00    -0.643
   135.00  +                                                 +                  *                              +  135.00    -0.707
   140.00  +                                                 +                 *                               +  140.00    -0.766
   145.00  +                                                 +               *                                 +  145.00    -0.819
   150.00  +                                                 +          *                                      +  150.00    -0.866
   155.00  +                                                 +       *                                         +  155.00    -0.906
   160.00  +                                                 +     *                                           +  160.00    -0.940
   165.00  +                                                 +     *                                           +  165.00    -0.966
   170.00  +                                                 +    *                                            +  170.00    -0.985
   175.00  +                                                 +  *                                              +  175.00    -0.996
   180.00  ]+++++++++]+++++++++]+++++++++]+++++++++]+++++++++*+++++++++]+++++++++]+++++++++]+++++++++]+++++++++]  180.00    -1.000
    THETA -1.                                               0.0                                                1.  THETA  cos(theta)
1DWUCK4-DISTORTED WAVES U.COLORADO- PC-VAX-VERSION  31/Jan /1990
 Elapsed time in seconds =  14.54
0CONTROL INTEGERS
  1 2 3 4 5 6 7 8 9 A B C D E F G H I J K    RUN IDENTIFICATION                                             3/04/92  13.23.56
  1 0 0 0 0 0 0 0 3 0 0 0 0 0 0 0 0 0 0 0    Ca40(d,p)Ca41 @13.7 MeV to 7/2- g.s. local, finite range
0ANGLE DATA          THETN=  37.0000   THET1=   0.0000   DTHET=   5.0000   A-ANG=   0.0000   B-ANG=   0.0000
0CARD SET 3 DATA     LMAX =  15          LTR=   3
                     NLTR =   1        2*JTR=   7
0CARD SET 4 DATA     DRF  =   0.1000   RZ   =   0.0000   RMAX =  12.0000   VCE  =   0.0000   FNRNG=   0.7000
 PARTICLE DATA
0PARTICLE 1************************************************************************************************************************
 INPUT DATA          ELAB =  13.7000   RC0  =   1.4000   AC   =   0.0000   2*STR=   2.0000
                     MASSP=   2.0000   MASST=  40.0000   Q    =   0.0000
                     ZP   =   1.0000   ZT   =  20.0000   PNLOC=   0.0000

 DERIVED DATA        ECM  =  13.0476   RC   =   4.7879   RHO  =   5.2210
                     K    =   1.0904   ETA  =   1.2034   DR   =   0.1000
0POTENTIAL PARAMETERS
 NX=1 VOLUME  W-S    V RL = -97.4000   R0RL =   1.1120   A RL =   0.8750   R RL =   3.8030   VSOR =   0.0000
                     V IM =   0.0000   R0IM =   1.5620   A IM =   0.4770   R IM =   5.3420   VSOI =   0.0000   POWR =   0.0000
 NX=2 SURFACE W-S    V RL =   0.0000   R0RL =   1.1120   A RL =   0.8750   R RL =   3.8030   VSOR =   0.0000
                     V IM =  70.0000   R0IM =   1.5620   A IM =   0.4770   R IM =   5.3420   VSOI =   0.0000   POWR =   0.0000
0PARTICLE 2************************************************************************************************************************
 INPUT DATA          ELAB =  19.6566   RC0  =   1.2500   AC   =   0.0000   2*STR=   1.0000
                     MASSP=   1.0000   MASST=  41.0000   Q    =   6.1410
                     ZP   =   1.0000   ZT   =  20.0000   PNLOC=   0.0000

 DERIVED DATA        ECM  =  19.1886   RC   =   4.3103   RHO  =   4.0805
                     K    =   0.9467   ETA  =   0.7104   DR   =   0.0976
0POTENTIAL PARAMETERS
 NX=1 VOLUME  W-S    V RL = -49.4700   R0RL =   1.1800   A RL =   0.7000   R RL =   4.0689   VSOR =  24.2000
                     V IM =   0.0000   R0IM =   1.1800   A IM =   0.7000   R IM =   4.0689   VSOI =   0.0000   POWR =   0.0000
 NX=2 SURFACE W-S    V RL =   0.0000   R0RL =   1.1800   A RL =   0.7000   R RL =   4.0689   VSOR =   0.0000
                     V IM =  19.8000   R0IM =   1.2520   A IM =   0.7500   R IM =   4.3172   VSOI =   0.0000   POWR =   0.0000
1Ca40(d,p)Ca41 @13.7 MeV to 7/2- g.s. local, finite range       3/ 4/92
0FORM FACTOR DATA
0PARTICLE 3************************************************************************************************************************
 INPUT DATA          ELAB =  -8.3640   RC0  =   1.2500   AC   =   0.0000   2*STR=   1.0000
                     MASSP=   1.0000   MASST=  40.0000   Q    =  -8.3640
                     ZP   =   0.0000   ZT   =  20.0000   PNLOC=   0.0000

 DERIVED DATA        ECM  =  -8.3640   RC   =   4.2749   RHO  =   2.6711
                     K    =   0.6248   ETA  =   0.0000   DR   =   0.1000
0POTENTIAL PARAMETERS
 NX=1 VOLUME  W-S    V RL =  -1.0000   R0RL =   1.1800   A RL =   0.7000   R RL =   4.0355   VSOR =  25.0000
                     V IM =   0.0000   R0IM =   0.0000   A IM =   0.0000   R IM =   0.0000   VSOI =   0.0000   POWR =   0.0000

                     NODES=   0.0000   L    =   3.0000   2*J  =   7.0000   2*S  =   1.0000   FISW =   0.0000

                     V    =  58.4552   DET  =   0.0000   NODES=   0.0000   RM   =   4.6500   E    =  -8.3640   ITER.=   4
0FORM FACTOR          LTR =   3        2*STR=   1        2*JTR=   7
0    R    RL,R        IM,R        RL,R+DR*1   IM,R+DR*1   RL,R+DR*2   IM,R+DR*2   RL,R+DR*3   IM,R+DR*3   RL,R+DR*4   IM,R+DR*4
   0.10  2.6726E-05  0.0000E+00  2.1381E-04  0.0000E+00  7.1679E-04  0.0000E+00  1.6834E-03  0.0000E+00  3.2489E-03  0.0000E+00
   0.60  5.5331E-03  0.0000E+00  8.6364E-03  0.0000E+00  1.2638E-02  0.0000E+00  1.7592E-02  0.0000E+00  2.3527E-02  0.0000E+00
   1.10  3.0447E-02  0.0000E+00  3.8324E-02  0.0000E+00  4.7107E-02  0.0000E+00  5.6717E-02  0.0000E+00  6.7051E-02  0.0000E+00
   1.60  7.7981E-02  0.0000E+00  8.9362E-02  0.0000E+00  1.0103E-01  0.0000E+00  1.1281E-01  0.0000E+00  1.2452E-01  0.0000E+00
   2.10  1.3597E-01  0.0000E+00  1.4698E-01  0.0000E+00  1.5735E-01  0.0000E+00  1.6692E-01  0.0000E+00  1.7552E-01  0.0000E+00
   2.60  1.8302E-01  0.0000E+00  1.8931E-01  0.0000E+00  1.9428E-01  0.0000E+00  1.9787E-01  0.0000E+00  2.0004E-01  0.0000E+00
   3.10  2.0080E-01  0.0000E+00  2.0017E-01  0.0000E+00  1.9819E-01  0.0000E+00  1.9496E-01  0.0000E+00  1.9056E-01  0.0000E+00
   3.60  1.8513E-01  0.0000E+00  1.7880E-01  0.0000E+00  1.7172E-01  0.0000E+00  1.6403E-01  0.0000E+00  1.5590E-01  0.0000E+00
   4.10  1.4746E-01  0.0000E+00  1.3886E-01  0.0000E+00  1.3022E-01  0.0000E+00  1.2165E-01  0.0000E+00  1.1325E-01  0.0000E+00
   4.60  1.0509E-01  0.0000E+00  9.7249E-02  0.0000E+00  8.9763E-02  0.0000E+00  8.2669E-02  0.0000E+00  7.5988E-02  0.0000E+00
   5.10  6.9729E-02  0.0000E+00  6.3895E-02  0.0000E+00  5.8478E-02  0.0000E+00  5.3468E-02  0.0000E+00  4.8847E-02  0.0000E+00
   5.60  4.4598E-02  0.0000E+00  4.0698E-02  0.0000E+00  3.7127E-02  0.0000E+00  3.3861E-02  0.0000E+00  3.0878E-02  0.0000E+00
   6.10  2.8157E-02  0.0000E+00  2.5676E-02  0.0000E+00  2.3416E-02  0.0000E+00  2.1359E-02  0.0000E+00  1.9486E-02  0.0000E+00
   6.60  1.7782E-02  0.0000E+00  1.6231E-02  0.0000E+00  1.4820E-02  0.0000E+00  1.3536E-02  0.0000E+00  1.2367E-02  0.0000E+00
   7.10  1.1303E-02  0.0000E+00  1.0335E-02  0.0000E+00  9.4525E-03  0.0000E+00  8.6489E-03  0.0000E+00  7.9166E-03  0.0000E+00
   7.60  7.2490E-03  0.0000E+00  6.6402E-03  0.0000E+00  6.0849E-03  0.0000E+00  5.5780E-03  0.0000E+00  5.1152E-03  0.0000E+00
   8.10  4.6925E-03  0.0000E+00  4.3063E-03  0.0000E+00  3.9532E-03  0.0000E+00  3.6304E-03  0.0000E+00  3.3350E-03  0.0000E+00
   8.60  3.0647E-03  0.0000E+00  2.8173E-03  0.0000E+00  2.5906E-03  0.0000E+00  2.3829E-03  0.0000E+00  2.1926E-03  0.0000E+00
   9.10  2.0180E-03  0.0000E+00  1.8579E-03  0.0000E+00  1.7110E-03  0.0000E+00  1.5761E-03  0.0000E+00  1.4523E-03  0.0000E+00
   9.60  1.3386E-03  0.0000E+00  1.2341E-03  0.0000E+00  1.1380E-03  0.0000E+00  1.0497E-03  0.0000E+00  9.6848E-04  0.0000E+00
  10.10  8.9376E-04  0.0000E+00  8.2500E-04  0.0000E+00  7.6170E-04  0.0000E+00  7.0341E-04  0.0000E+00  6.4973E-04  0.0000E+00
  10.60  6.0027E-04  0.0000E+00  5.5470E-04  0.0000E+00  5.1269E-04  0.0000E+00  4.7395E-04  0.0000E+00  4.3823E-04  0.0000E+00
  11.10  4.0528E-04  0.0000E+00  3.7488E-04  0.0000E+00  3.4682E-04  0.0000E+00  3.2092E-04  0.0000E+00  2.9701E-04  0.0000E+00
  11.60  2.7493E-04  0.0000E+00  2.5453E-04  0.0000E+00  2.3568E-04  0.0000E+00  2.1827E-04  0.0000E+00  2.0217E-04  0.0000E+00
  12.10  1.8729E-04  0.0000E+00  1.7353E-04  0.0000E+00  1.6081E-04  0.0000E+00  1.4904E-04  0.0000E+00  1.3816E-04  0.0000E+00
  12.60  1.2808E-04  0.0000E+00  1.1876E-04  0.0000E+00  1.1013E-04  0.0000E+00  1.0214E-04  0.0000E+00  9.4747E-05  0.0000E+00
  13.10  8.7897E-05  0.0000E+00  8.1553E-05  0.0000E+00  7.5677E-05  0.0000E+00  7.0232E-05  0.0000E+00  6.5187E-05  0.0000E+00
  13.60  6.0511E-05  0.0000E+00  5.6178E-05  0.0000E+00  5.2160E-05  0.0000E+00  4.8436E-05  0.0000E+00  4.4982E-05  0.0000E+00
  14.10  4.1779E-05  0.0000E+00  3.8808E-05  0.0000E+00  3.6053E-05  0.0000E+00  3.3496E-05  0.0000E+00  3.1124E-05  0.0000E+00
  14.60  2.8922E-05  0.0000E+00  2.6879E-05  0.0000E+00  2.4983E-05  0.0000E+00  2.3223E-05  0.0000E+00  2.1588E-05  0.0000E+00
  15.10  2.0071E-05  0.0000E+00  1.8662E-05  0.0000E+00  1.7353E-05  0.0000E+00  1.6138E-05  0.0000E+00  1.5009E-05  0.0000E+00
  15.60  1.3960E-05  0.0000E+00  1.2985E-05  0.0000E+00  1.2080E-05  0.0000E+00  1.1239E-05  0.0000E+00  1.0457E-05  0.0000E+00
  16.10  9.7298E-06  0.0000E+00  9.0542E-06  0.0000E+00  8.4262E-06  0.0000E+00  7.8423E-06  0.0000E+00  7.2994E-06  0.0000E+00
  16.60  6.7946E-06  0.0000E+00  6.3251E-06  0.0000E+00  5.8886E-06  0.0000E+00  5.4825E-06  0.0000E+00  5.1048E-06  0.0000E+00
  17.10  4.7534E-06  0.0000E+00  4.4265E-06  0.0000E+00  4.1224E-06  0.0000E+00  3.8394E-06  0.0000E+00  3.5760E-06  0.0000E+00
  17.60  3.3310E-06  0.0000E+00  3.1029E-06  0.0000E+00  2.8906E-06  0.0000E+00  2.6931E-06  0.0000E+00  2.5091E-06  0.0000E+00
  18.10  2.3379E-06  0.0000E+00  2.1785E-06  0.0000E+00  2.0301E-06  0.0000E+00  1.8919E-06  0.0000E+00  1.7632E-06  0.0000E+00
  18.60  1.6433E-06  0.0000E+00  1.5317E-06  0.0000E+00  1.4278E-06  0.0000E+00  1.3310E-06  0.0000E+00  1.2408E-06  0.0000E+00
  19.10  1.1568E-06  0.0000E+00  1.0785E-06  0.0000E+00  1.0056E-06  0.0000E+00  9.3768E-07  0.0000E+00  8.7439E-07  0.0000E+00
  19.60  8.1541E-07  0.0000E+00  7.6046E-07  0.0000E+00  7.0925E-07  0.0000E+00  6.6153E-07  0.0000E+00  6.1706E-07  0.0000E+00
  20.10  5.7561E-07  0.0000E+00  5.3698E-07  0.0000E+00  5.0097E-07  0.0000E+00  4.6741E-07  0.0000E+00  4.3613E-07  0.0000E+00
  20.60  4.0697E-07  0.0000E+00  3.7979E-07  0.0000E+00  3.5445E-07  0.0000E+00  3.3083E-07  0.0000E+00  3.0881E-07  0.0000E+00
  21.10  2.8828E-07  0.0000E+00  2.6915E-07  0.0000E+00  2.5131E-07  0.0000E+00  2.3468E-07  0.0000E+00  2.1918E-07  0.0000E+00
  21.60  2.0474E-07  0.0000E+00  1.9127E-07  0.0000E+00  1.7872E-07  0.0000E+00  1.6703E-07  0.0000E+00  1.5613E-07  0.0000E+00
0                    LMAX =  15        NSTEP= 220        NLTR =   1
0REACSIG 1   1.33940E+02                                             REACSIG 2   9.67072E+01
1Ca40(d,p)Ca41 @13.7 MeV to 7/2- g.s. local, finite range       3/04/92
0BASIC DATA          DR   =   0.1000   RMIN =   0.0000   RMAX =  22.0000   COUEX=   0.0000     IS1=   1.0000
                     FNRNG=   0.7000   PNLC1=   0.0000   PNLC2=   0.0000   PNLC3=   0.0000     IS2=   0.5000
 ANG MOM TRANSFER    LTR  =   3.       2*JTR=   7.       2*STR=   1.       Q    =   6.1410
0 Theta Inelsig,fm**2      Polz       T22       T21       T20 Inelsig,fm**2      POLZ       T22       T21       T20       AYY  Theta
   0.00    3.5711E-02    0.0000    0.0000    0.0000    0.0000    4.7380E-02    0.0000    0.0000    0.0000    0.1310   -0.0923   0.00
   5.00    5.1344E-02   -0.0098    0.0000    0.0000    0.0000    6.8122E-02   -0.0428    0.0051   -0.0153    0.0890   -0.0714   5.00
  10.00    9.4425E-02   -0.0537    0.0000    0.0000    0.0000    1.2528E-01   -0.0971    0.0068   -0.0126    0.0425   -0.0414  10.00
  15.00    1.6483E-01   -0.0690    0.0000    0.0000    0.0000    2.1870E-01   -0.0903    0.0012   -0.0070    0.0147   -0.0121  15.00
  20.00    2.6614E-01   -0.0450    0.0000    0.0000    0.0000    3.5311E-01   -0.0247   -0.0066   -0.0034   -0.0024    0.0136  20.00
  25.00    3.7703E-01   -0.0037    0.0000    0.0000    0.0000    5.0023E-01    0.0572   -0.0135   -0.0019   -0.0134    0.0333  25.00
  30.00    4.4792E-01    0.0416    0.0000    0.0000    0.0000    5.9429E-01    0.1361   -0.0194   -0.0016   -0.0217    0.0495  30.00
  35.00    4.4241E-01    0.0911    0.0000    0.0000    0.0000    5.8698E-01    0.2135   -0.0252   -0.0018   -0.0298    0.0651  35.00
  40.00    3.6989E-01    0.1482    0.0000    0.0000    0.0000    4.9076E-01    0.2934   -0.0310   -0.0023   -0.0387    0.0814  40.00
  45.00    2.7310E-01    0.2116    0.0000    0.0000    0.0000    3.6233E-01    0.3699   -0.0361   -0.0029   -0.0477    0.0968  45.00
  50.00    1.9352E-01    0.2616    0.0000    0.0000    0.0000    2.5676E-01    0.4125   -0.0399   -0.0035   -0.0542    0.1078  50.00
  55.00    1.4943E-01    0.2598    0.0000    0.0000    0.0000    1.9826E-01    0.3787   -0.0446   -0.0037   -0.0562    0.1174  55.00
  60.00    1.3658E-01    0.2099    0.0000    0.0000    0.0000    1.8121E-01    0.2968   -0.0571   -0.0034   -0.0600    0.1418  60.00
  65.00    1.4110E-01    0.1738    0.0000    0.0000    0.0000    1.8721E-01    0.2548   -0.0777   -0.0021   -0.0722    0.1862  65.00
  70.00    1.5060E-01    0.1810    0.0000    0.0000    0.0000    1.9981E-01    0.2783   -0.0983    0.0003   -0.0888    0.2336  70.00
  75.00    1.5732E-01    0.2180    0.0000    0.0000    0.0000    2.0873E-01    0.3400   -0.1108    0.0038   -0.1015    0.2642  75.00
  80.00    1.5701E-01    0.2629    0.0000    0.0000    0.0000    2.0832E-01    0.4088   -0.1117    0.0079   -0.1051    0.2683  80.00
  85.00    1.4824E-01    0.2994    0.0000    0.0000    0.0000    1.9669E-01    0.4640   -0.1018    0.0116   -0.0991    0.2469  85.00
  90.00    1.3263E-01    0.3178    0.0000    0.0000    0.0000    1.7597E-01    0.4928   -0.0854    0.0141   -0.0868    0.2098  90.00
  95.00    1.1401E-01    0.3127    0.0000    0.0000    0.0000    1.5126E-01    0.4880   -0.0703    0.0145   -0.0750    0.1752  95.00
 100.00    9.6771E-02    0.2865    0.0000    0.0000    0.0000    1.2839E-01    0.4519   -0.0667    0.0130   -0.0724    0.1672 100.00
 105.00    8.4254E-02    0.2540    0.0000    0.0000    0.0000    1.1178E-01    0.4044   -0.0826    0.0108   -0.0843    0.2031 105.00
 110.00    7.7566E-02    0.2384    0.0000    0.0000    0.0000    1.0291E-01    0.3787   -0.1124    0.0101   -0.1050    0.2694 110.00
 115.00    7.5525E-02    0.2523    0.0000    0.0000    0.0000    1.0020E-01    0.3944   -0.1382    0.0117   -0.1194    0.3244 115.00
 120.00    7.5906E-02    0.2878    0.0000    0.0000    0.0000    1.0071E-01    0.4403   -0.1454    0.0143   -0.1181    0.3358 120.00
 125.00    7.6885E-02    0.3260    0.0000    0.0000    0.0000    1.0201E-01    0.4887   -0.1323    0.0158   -0.1036    0.3029 125.00
 130.00    7.7437E-02    0.3489    0.0000    0.0000    0.0000    1.0274E-01    0.5157   -0.1073    0.0158   -0.0853    0.2466 130.00
 135.00    7.7096E-02    0.3463    0.0000    0.0000    0.0000    1.0229E-01    0.5099   -0.0819    0.0149   -0.0727    0.1937 135.00
 140.00    7.5861E-02    0.3165    0.0000    0.0000    0.0000    1.0065E-01    0.4718   -0.0658    0.0147   -0.0705    0.1642 140.00
 145.00    7.4032E-02    0.2637    0.0000    0.0000    0.0000    9.8222E-02    0.4098   -0.0629    0.0169   -0.0761    0.1632 145.00
 150.00    7.1800E-02    0.1973    0.0000    0.0000    0.0000    9.5262E-02    0.3368   -0.0701    0.0221   -0.0798    0.1783 150.00
 155.00    6.9203E-02    0.1307    0.0000    0.0000    0.0000    9.1816E-02    0.2668   -0.0786    0.0293   -0.0680    0.1846 155.00
 160.00    6.6483E-02    0.0768    0.0000    0.0000    0.0000    8.8208E-02    0.2079   -0.0780    0.0355   -0.0304    0.1570 160.00
 165.00    6.4118E-02    0.0409    0.0000    0.0000    0.0000    8.5069E-02    0.1588   -0.0625    0.0373    0.0328    0.0855 165.00
 170.00    6.2408E-02    0.0201    0.0000    0.0000    0.0000    8.2801E-02    0.1114   -0.0358    0.0317    0.1066   -0.0130 170.00
 175.00    6.1381E-02    0.0081    0.0000    0.0000    0.0000    8.1438E-02    0.0585   -0.0104    0.0184    0.1665   -0.0993 175.00
 180.00    6.1031E-02    0.0000    0.0000    0.0000    0.0000    8.0974E-02    0.0000    0.0000    0.0000    0.1895   -0.1337 180.00
0Tot-sig    1.8393E+00                                            2.4403E+00
1Inelastic  Ca40(d,p)Ca41 @13.7 MeV to 7/2- g.s. local, finite range       3/04/92
    THETA                                                                                                          THETA  cos(theta)
     0.00  ]++++++++++++++++++++++++++++++++]+++++++++++++++++*++++++++++++++]++++++++++++++++++++++++++++++++]+    0.00     1.000
     5.00  +                                                       *                                           +    5.00     0.996
    10.00  +                                                                *                                  +   10.00     0.985
    15.00  +                                                                        *                          +   15.00     0.966
    20.00  +                                                                               *                   +   20.00     0.940
    25.00  +                                                                                    *              +   25.00     0.906
    30.00  +                                                                                      *            +   30.00     0.866
    35.00  +                                                                                      *            +   35.00     0.819
    40.00  +                                                                                    *              +   40.00     0.766
    45.00  +                                                                               *                   +   45.00     0.707
    50.00  +                                                                          *                        +   50.00     0.643
    55.00  +                                                                       *                           +   55.00     0.574
    60.00  +                                                                     *                             +   60.00     0.500
    65.00  +                                                                      *                            +   65.00     0.423
    70.00  +                                                                       *                           +   70.00     0.342
    75.00  +                                                                       *                           +   75.00     0.259
    80.00  +                                                                       *                           +   80.00     0.174
    85.00  +                                                                       *                           +   85.00     0.087
    90.00  +                                                                     *                             +   90.00     0.000
    95.00  +                                                                   *                               +   95.00    -0.087
   100.00  +                                                                 *                                 +  100.00    -0.174
   105.00  +                                                               *                                   +  105.00    -0.259
   110.00  +                                                             *                                     +  110.00    -0.342
   115.00  +                                                             *                                     +  115.00    -0.423
   120.00  +                                                             *                                     +  120.00    -0.500
   125.00  +                                                             *                                     +  125.00    -0.574
   130.00  +                                                             *                                     +  130.00    -0.643
   135.00  +                                                             *                                     +  135.00    -0.707
   140.00  +                                                             *                                     +  140.00    -0.766
   145.00  +                                                             *                                     +  145.00    -0.819
   150.00  +                                                            *                                      +  150.00    -0.866
   155.00  +                                                            *                                      +  155.00    -0.906
   160.00  +                                                           *                                       +  160.00    -0.940
   165.00  +                                                           *                                       +  165.00    -0.966
   170.00  +                                                          *                                        +  170.00    -0.985
   175.00  +                                                          *                                        +  175.00    -0.996
   180.00  ]++++++++++++++++++++++++++++++++]+++++++++++++++++++++++++*++++++]++++++++++++++++++++++++++++++++]+  180.00    -1.000
    THETA                                                                                                          THETA  cos(theta)
1Asymmetry  Ca40(d,p)Ca41 @13.7 MeV to 7/2- g.s. local, finite range       3/04/92
    THETA -1.                                               0.0                                                1.  THETA  cos(theta)
     0.00  ]+++++++++]+++++++++]+++++++++]+++++++++]+++++++++*+++++++++]+++++++++]+++++++++]+++++++++]+++++++++]    0.00     1.000
     5.00  +                                               * +                                                 +    5.00     0.996
    10.00  +                                            *    +                                                 +   10.00     0.985
    15.00  +                                            *    +                                                 +   15.00     0.966
    20.00  +                                                *+                                                 +   20.00     0.940
    25.00  +                                                 +  *                                              +   25.00     0.906
    30.00  +                                                 +      *                                          +   30.00     0.866
    35.00  +                                                 +          *                                      +   35.00     0.819
    40.00  +                                                 +              *                                  +   40.00     0.766
    45.00  +                                                 +                 *                               +   45.00     0.707
    50.00  +                                                 +                    *                            +   50.00     0.643
    55.00  +                                                 +                  *                              +   55.00     0.574
    60.00  +                                                 +              *                                  +   60.00     0.500
    65.00  +                                                 +            *                                    +   65.00     0.423
    70.00  +                                                 +             *                                   +   70.00     0.342
    75.00  +                                                 +                *                                +   75.00     0.259
    80.00  +                                                 +                   *                             +   80.00     0.174
    85.00  +                                                 +                      *                          +   85.00     0.087
    90.00  +                                                 +                        *                        +   90.00     0.000
    95.00  +                                                 +                       *                         +   95.00    -0.087
   100.00  +                                                 +                      *                          +  100.00    -0.174
   105.00  +                                                 +                   *                             +  105.00    -0.259
   110.00  +                                                 +                  *                              +  110.00    -0.342
   115.00  +                                                 +                   *                             +  115.00    -0.423
   120.00  +                                                 +                     *                           +  120.00    -0.500
   125.00  +                                                 +                       *                         +  125.00    -0.574
   130.00  +                                                 +                         *                       +  130.00    -0.643
   135.00  +                                                 +                        *                        +  135.00    -0.707
   140.00  +                                                 +                       *                         +  140.00    -0.766
   145.00  +                                                 +                   *                             +  145.00    -0.819
   150.00  +                                                 +                *                                +  150.00    -0.866
   155.00  +                                                 +            *                                    +  155.00    -0.906
   160.00  +                                                 +         *                                       +  160.00    -0.940
   165.00  +                                                 +       *                                         +  165.00    -0.966
   170.00  +                                                 +     *                                           +  170.00    -0.985
   175.00  +                                                 +  *                                              +  175.00    -0.996
   180.00  ]+++++++++]+++++++++]+++++++++]+++++++++]+++++++++*+++++++++]+++++++++]+++++++++]+++++++++]+++++++++]  180.00    -1.000
    THETA -1.                                               0.0                                                1.  THETA  cos(theta)
1DWUCK4-DISTORTED WAVES U.COLORADO- PC-VAX-VERSION  31/Jan /1990
 Elapsed time in seconds =  26.68
0CONTROL INTEGERS
  1 2 3 4 5 6 7 8 9 A B C D E F G H I J K    RUN IDENTIFICATION                                             3/04/92  13.24.11
  9 0 0 0 0 0 0 0 0 0 0 0 0 0 0 0 0 0 0 0
