\BOOKMARK [0][-]{chapter.1}{\376\377\0001\000\040\000I\000M\000S\000R\000G\000+\000+\000:\000\040\000a\000n\000\040\000i\000m\000p\000l\000e\000m\000e\000n\000t\000a\000t\000i\000o\000n\000\040\000o\000f\000\040\000I\000n\000-\000M\000e\000d\000i\000u\000m\000\040\000S\000i\000m\000i\000l\000a\000r\000i\000t\000y\000\040\000R\000e\000n\000o\000r\000m\000a\000l\000i\000z\000a\000t\000i\000o\000n\000\040\000G\000r\000o\000u\000p\000\040\000f\000o\000r\000\040\000n\000u\000c\000l\000e\000i\000,\000\040\000w\000r\000i\000t\000t\000e\000n\000\040\000i\000n\000\040\000C\000+\000+}{}% 1
\BOOKMARK [0][-]{chapter.2}{\376\377\0002\000\040\000C\000o\000d\000e\000\040\000S\000t\000r\000u\000c\000t\000u\000r\000e\000/\000F\000l\000o\000w}{}% 2
\BOOKMARK [1][-]{section.2.1}{\376\377\0002\000.\0001\000\040\000R\000e\000a\000d\000\040\000i\000n\000\040\000a\000r\000g\000u\000m\000e\000n\000t\000s\000\040\000a\000n\000d\000\040\000i\000n\000p\000u\000t\000\040\000f\000i\000l\000e\000s}{chapter.2}% 3
\BOOKMARK [1][-]{section.2.2}{\376\377\0002\000.\0002\000\040\000p\000r\000e\000p\000a\000r\000e\000\040\000m\000o\000d\000e\000l\000\040\000s\000p\000a\000c\000e}{chapter.2}% 4
\BOOKMARK [1][-]{section.2.3}{\376\377\0002\000.\0003\000\040\000p\000r\000e\000p\000a\000r\000e\000\040\000o\000p\000e\000r\000a\000t\000o\000r}{chapter.2}% 5
\BOOKMARK [1][-]{section.2.4}{\376\377\0002\000.\0004\000\040\000p\000r\000e\000p\000a\000r\000e\000\040\000i\000n\000t\000e\000r\000a\000c\000t\000i\000o\000n}{chapter.2}% 6
\BOOKMARK [1][-]{section.2.5}{\376\377\0002\000.\0005\000\040\000p\000r\000e\000p\000a\000r\000e\000\040\000H\000a\000r\000t\000r\000e\000e\000-\000F\000o\000c\000k\000\040\000b\000a\000s\000i\000s}{chapter.2}% 7
\BOOKMARK [1][-]{section.2.6}{\376\377\0002\000.\0006\000\040\000p\000r\000e\000p\000a\000r\000e\000\040\000H\000a\000m\000i\000l\000t\000o\000n\000i\000a\000n}{chapter.2}% 8
\BOOKMARK [1][-]{section.2.7}{\376\377\0002\000.\0007\000\040\000c\000a\000l\000c\000u\000l\000a\000t\000e\000\040\000o\000p\000e\000r\000a\000t\000o\000r\000s}{chapter.2}% 9
\BOOKMARK [1][-]{section.2.8}{\376\377\0002\000.\0008\000\040\000I\000M\000S\000R\000G\000\040\000s\000o\000l\000v\000e}{chapter.2}% 10
\BOOKMARK [1][-]{section.2.9}{\376\377\0002\000.\0009\000\040\000V\000S\000-\000I\000M\000S\000R\000G\000\040\000s\000o\000l\000v\000e}{chapter.2}% 11
\BOOKMARK [1][-]{section.2.10}{\376\377\0002\000.\0001\0000\000\040\000W\000r\000i\000t\000e\000\040\000o\000u\000t\000p\000u\000t}{chapter.2}% 12
\BOOKMARK [0][-]{chapter.3}{\376\377\0003\000\040\000N\000a\000m\000e\000s\000p\000a\000c\000e\000\040\000I\000n\000d\000e\000x}{}% 13
\BOOKMARK [1][-]{section.3.1}{\376\377\0003\000.\0001\000\040\000N\000a\000m\000e\000s\000p\000a\000c\000e\000\040\000L\000i\000s\000t}{chapter.3}% 14
\BOOKMARK [0][-]{chapter.4}{\376\377\0004\000\040\000H\000i\000e\000r\000a\000r\000c\000h\000i\000c\000a\000l\000\040\000I\000n\000d\000e\000x}{}% 15
\BOOKMARK [1][-]{section.4.1}{\376\377\0004\000.\0001\000\040\000C\000l\000a\000s\000s\000\040\000H\000i\000e\000r\000a\000r\000c\000h\000y}{chapter.4}% 16
\BOOKMARK [0][-]{chapter.5}{\376\377\0005\000\040\000C\000l\000a\000s\000s\000\040\000I\000n\000d\000e\000x}{}% 17
\BOOKMARK [1][-]{section.5.1}{\376\377\0005\000.\0001\000\040\000C\000l\000a\000s\000s\000\040\000L\000i\000s\000t}{chapter.5}% 18
\BOOKMARK [0][-]{chapter.6}{\376\377\0006\000\040\000N\000a\000m\000e\000s\000p\000a\000c\000e\000\040\000D\000o\000c\000u\000m\000e\000n\000t\000a\000t\000i\000o\000n}{}% 19
\BOOKMARK [1][-]{section.6.1}{\376\377\0006\000.\0001\000\040\000i\000m\000s\000r\000g\000\137\000u\000t\000i\000l\000\040\000N\000a\000m\000e\000s\000p\000a\000c\000e\000\040\000R\000e\000f\000e\000r\000e\000n\000c\000e}{chapter.6}% 20
\BOOKMARK [2][-]{subsection.6.1.1}{\376\377\0006\000.\0001\000.\0001\000\040\000D\000e\000t\000a\000i\000l\000e\000d\000\040\000D\000e\000s\000c\000r\000i\000p\000t\000i\000o\000n}{section.6.1}% 21
\BOOKMARK [2][-]{subsection.6.1.2}{\376\377\0006\000.\0001\000.\0002\000\040\000F\000u\000n\000c\000t\000i\000o\000n\000\040\000D\000o\000c\000u\000m\000e\000n\000t\000a\000t\000i\000o\000n}{section.6.1}% 22
\BOOKMARK [3][-]{subsubsection.6.1.2.1}{\376\377\0006\000.\0001\000.\0002\000.\0001\000\040\000A\000l\000l\000o\000w\000e\000d\000G\000a\000m\000o\000w\000T\000e\000l\000l\000e\000r\000\137\000O\000p\000\050\000\051}{subsection.6.1.2}% 23
\BOOKMARK [3][-]{subsubsection.6.1.2.2}{\376\377\0006\000.\0001\000.\0002\000.\0002\000\040\000C\000a\000l\000c\000u\000l\000a\000t\000e\000\137\000p\0001\000p\0002\000\050\000\051}{subsection.6.1.2}% 24
\BOOKMARK [3][-]{subsubsection.6.1.2.3}{\376\377\0006\000.\0001\000.\0002\000.\0003\000\040\000C\000a\000l\000c\000u\000l\000a\000t\000e\000\137\000r\0001\000r\0002\000\050\000\051}{subsection.6.1.2}% 25
\BOOKMARK [3][-]{subsubsection.6.1.2.4}{\376\377\0006\000.\0001\000.\0002\000.\0004\000\040\000C\000a\000l\000c\000u\000l\000a\000t\000e\000\137\000r\0001\000x\000p\0002\000\050\000\051}{subsection.6.1.2}% 26
\BOOKMARK [3][-]{subsubsection.6.1.2.5}{\376\377\0006\000.\0001\000.\0002\000.\0005\000\040\000C\000P\000r\000b\000m\000e\000G\000e\000n\000\050\000\051}{subsection.6.1.2}% 27
\BOOKMARK [3][-]{subsubsection.6.1.2.6}{\376\377\0006\000.\0001\000.\0002\000.\0006\000\040\000E\0000\000O\000p\000\050\000\051}{subsection.6.1.2}% 28
\BOOKMARK [3][-]{subsubsection.6.1.2.7}{\376\377\0006\000.\0001\000.\0002\000.\0007\000\040\000E\000l\000e\000c\000t\000r\000i\000c\000M\000u\000l\000t\000i\000p\000o\000l\000e\000O\000p\000\050\000\051}{subsection.6.1.2}% 29
\BOOKMARK [3][-]{subsubsection.6.1.2.8}{\376\377\0006\000.\0001\000.\0002\000.\0008\000\040\000E\000m\000b\000e\000d\0001\000B\000o\000d\000y\000I\000n\0002\000B\000o\000d\000y\000\050\000\051}{subsection.6.1.2}% 30
\BOOKMARK [3][-]{subsubsection.6.1.2.9}{\376\377\0006\000.\0001\000.\0002\000.\0009\000\040\000G\000e\000t\000E\000m\000b\000e\000d\000d\000e\000d\000T\000B\000M\000E\000\050\000\051}{subsection.6.1.2}% 31
\BOOKMARK [3][-]{subsubsection.6.1.2.10}{\376\377\0006\000.\0001\000.\0002\000.\0001\0000\000\040\000H\000C\000M\000\137\000O\000p\000\050\000\051}{subsection.6.1.2}% 32
\BOOKMARK [3][-]{subsubsection.6.1.2.11}{\376\377\0006\000.\0001\000.\0002\000.\0001\0001\000\040\000I\000n\000t\000r\000i\000n\000s\000i\000c\000E\000l\000e\000c\000t\000r\000i\000c\000M\000u\000l\000t\000i\000p\000o\000l\000e\000O\000p\000\050\000\051}{subsection.6.1.2}% 33
\BOOKMARK [3][-]{subsubsection.6.1.2.12}{\376\377\0006\000.\0001\000.\0002\000.\0001\0002\000\040\000M\0000\000n\000u\000\137\000T\000B\000M\000E\000\137\000O\000p\000\050\000\051}{subsection.6.1.2}% 34
\BOOKMARK [3][-]{subsubsection.6.1.2.13}{\376\377\0006\000.\0001\000.\0002\000.\0001\0003\000\040\000M\000a\000g\000n\000e\000t\000i\000c\000M\000u\000l\000t\000i\000p\000o\000l\000e\000O\000p\000\137\000p\000n\000\050\000\051}{subsection.6.1.2}% 35
\BOOKMARK [3][-]{subsubsection.6.1.2.14}{\376\377\0006\000.\0001\000.\0002\000.\0001\0004\000\040\000N\000e\000u\000t\000r\000o\000n\000E\000l\000e\000c\000t\000r\000i\000c\000M\000u\000l\000t\000i\000p\000o\000l\000e\000O\000p\000\050\000\051}{subsection.6.1.2}% 36
\BOOKMARK [3][-]{subsubsection.6.1.2.15}{\376\377\0006\000.\0001\000.\0002\000.\0001\0005\000\040\000R\0002\000\137\0001\000b\000o\000d\000y\000\137\000O\000p\000\050\000\051}{subsection.6.1.2}% 37
\BOOKMARK [3][-]{subsubsection.6.1.2.16}{\376\377\0006\000.\0001\000.\0002\000.\0001\0006\000\040\000R\0002\000\137\0002\000b\000o\000d\000y\000\137\000O\000p\000\050\000\051}{subsection.6.1.2}% 38
\BOOKMARK [3][-]{subsubsection.6.1.2.17}{\376\377\0006\000.\0001\000.\0002\000.\0001\0007\000\040\000R\0002\000C\000M\000\137\000O\000p\000\050\000\051}{subsection.6.1.2}% 39
\BOOKMARK [3][-]{subsubsection.6.1.2.18}{\376\377\0006\000.\0001\000.\0002\000.\0001\0008\000\040\000R\000a\000d\000i\000a\000l\000I\000n\000t\000e\000g\000r\000a\000l\000\050\000\051}{subsection.6.1.2}% 40
\BOOKMARK [3][-]{subsubsection.6.1.2.19}{\376\377\0006\000.\0001\000.\0002\000.\0001\0009\000\040\000R\000p\0002\000\137\000c\000o\000r\000r\000e\000c\000t\000e\000d\000\137\000O\000p\000\050\000\051}{subsection.6.1.2}% 41
\BOOKMARK [3][-]{subsubsection.6.1.2.20}{\376\377\0006\000.\0001\000.\0002\000.\0002\0000\000\040\000R\000S\000q\000u\000a\000r\000e\000d\000O\000p\000\050\000\051}{subsection.6.1.2}% 42
\BOOKMARK [3][-]{subsubsection.6.1.2.21}{\376\377\0006\000.\0001\000.\0002\000.\0002\0001\000\040\000T\000a\000l\000m\000i\000B\000\050\000\051}{subsection.6.1.2}% 43
\BOOKMARK [3][-]{subsubsection.6.1.2.22}{\376\377\0006\000.\0001\000.\0002\000.\0002\0002\000\040\000T\000a\000l\000m\000i\000I\000\050\000\051}{subsection.6.1.2}% 44
\BOOKMARK [3][-]{subsubsection.6.1.2.23}{\376\377\0006\000.\0001\000.\0002\000.\0002\0003\000\040\000T\000C\000M\000\137\000O\000p\000\050\000\051}{subsection.6.1.2}% 45
\BOOKMARK [3][-]{subsubsection.6.1.2.24}{\376\377\0006\000.\0001\000.\0002\000.\0002\0004\000\040\000T\000r\000e\000l\000\137\000M\000a\000s\000s\000c\000o\000r\000r\000e\000c\000t\000i\000o\000n\000\137\000O\000p\000\050\000\051}{subsection.6.1.2}% 46
\BOOKMARK [3][-]{subsubsection.6.1.2.25}{\376\377\0006\000.\0001\000.\0002\000.\0002\0005\000\040\000T\000r\000e\000l\000\137\000O\000p\000\050\000\051}{subsection.6.1.2}% 47
\BOOKMARK [0][-]{chapter.7}{\376\377\0007\000\040\000C\000l\000a\000s\000s\000\040\000D\000o\000c\000u\000m\000e\000n\000t\000a\000t\000i\000o\000n}{}% 48
\BOOKMARK [1][-]{section.7.1}{\376\377\0007\000.\0001\000\040\000i\000m\000s\000r\000g\000\137\000u\000t\000i\000l\000:\000:\000F\000B\000C\000I\000n\000t\000e\000g\000r\000a\000n\000d\000P\000a\000r\000a\000m\000e\000t\000e\000r\000s\000\040\000S\000t\000r\000u\000c\000t\000\040\000R\000e\000f\000e\000r\000e\000n\000c\000e}{chapter.7}% 49
\BOOKMARK [1][-]{section.7.2}{\376\377\0007\000.\0002\000\040\000G\000e\000n\000e\000r\000a\000t\000o\000r\000\040\000C\000l\000a\000s\000s\000\040\000R\000e\000f\000e\000r\000e\000n\000c\000e}{chapter.7}% 50
\BOOKMARK [1][-]{section.7.3}{\376\377\0007\000.\0003\000\040\000H\000a\000r\000t\000r\000e\000e\000F\000o\000c\000k\000\040\000C\000l\000a\000s\000s\000\040\000R\000e\000f\000e\000r\000e\000n\000c\000e}{chapter.7}% 51
\BOOKMARK [2][-]{subsection.7.3.1}{\376\377\0007\000.\0003\000.\0001\000\040\000M\000e\000m\000b\000e\000r\000\040\000F\000u\000n\000c\000t\000i\000o\000n\000\040\000D\000o\000c\000u\000m\000e\000n\000t\000a\000t\000i\000o\000n}{section.7.3}% 52
\BOOKMARK [3][-]{subsubsection.7.3.1.1}{\376\377\0007\000.\0003\000.\0001\000.\0001\000\040\000B\000u\000i\000l\000d\000M\000o\000n\000o\000p\000o\000l\000e\000V\000\050\000\051}{subsection.7.3.1}% 53
\BOOKMARK [3][-]{subsubsection.7.3.1.2}{\376\377\0007\000.\0003\000.\0001\000.\0002\000\040\000B\000u\000i\000l\000d\000M\000o\000n\000o\000p\000o\000l\000e\000V\0003\000\050\000\051}{subsection.7.3.1}% 54
\BOOKMARK [3][-]{subsubsection.7.3.1.3}{\376\377\0007\000.\0003\000.\0001\000.\0003\000\040\000C\000a\000l\000c\000E\000H\000F\000\050\000\051}{subsection.7.3.1}% 55
\BOOKMARK [3][-]{subsubsection.7.3.1.4}{\376\377\0007\000.\0003\000.\0001\000.\0004\000\040\000C\000h\000e\000c\000k\000C\000o\000n\000v\000e\000r\000g\000e\000n\000c\000e\000\050\000\051}{subsection.7.3.1}% 56
\BOOKMARK [3][-]{subsubsection.7.3.1.5}{\376\377\0007\000.\0003\000.\0001\000.\0005\000\040\000D\000i\000a\000g\000o\000n\000a\000l\000i\000z\000e\000\050\000\051}{subsection.7.3.1}% 57
\BOOKMARK [3][-]{subsubsection.7.3.1.6}{\376\377\0007\000.\0003\000.\0001\000.\0006\000\040\000F\000i\000l\000l\000L\000o\000w\000e\000s\000t\000O\000r\000b\000i\000t\000s\000\050\000\051}{subsection.7.3.1}% 58
\BOOKMARK [3][-]{subsubsection.7.3.1.7}{\376\377\0007\000.\0003\000.\0001\000.\0007\000\040\000G\000e\000t\000N\000o\000r\000m\000a\000l\000O\000r\000d\000e\000r\000e\000d\000H\000\050\000\051}{subsection.7.3.1}% 59
\BOOKMARK [3][-]{subsubsection.7.3.1.8}{\376\377\0007\000.\0003\000.\0001\000.\0008\000\040\000G\000e\000t\000O\000m\000e\000g\000a\000\050\000\051}{subsection.7.3.1}% 60
\BOOKMARK [3][-]{subsubsection.7.3.1.9}{\376\377\0007\000.\0003\000.\0001\000.\0009\000\040\000P\000r\000i\000n\000t\000E\000H\000F\000\050\000\051}{subsection.7.3.1}% 61
\BOOKMARK [3][-]{subsubsection.7.3.1.10}{\376\377\0007\000.\0003\000.\0001\000.\0001\0000\000\040\000P\000r\000i\000n\000t\000S\000P\000E\000\050\000\051}{subsection.7.3.1}% 62
\BOOKMARK [3][-]{subsubsection.7.3.1.11}{\376\377\0007\000.\0003\000.\0001\000.\0001\0001\000\040\000R\000e\000o\000r\000d\000e\000r\000C\000o\000e\000f\000f\000i\000c\000i\000e\000n\000t\000s\000\050\000\051}{subsection.7.3.1}% 63
\BOOKMARK [3][-]{subsubsection.7.3.1.12}{\376\377\0007\000.\0003\000.\0001\000.\0001\0002\000\040\000S\000o\000l\000v\000e\000\050\000\051}{subsection.7.3.1}% 64
\BOOKMARK [3][-]{subsubsection.7.3.1.13}{\376\377\0007\000.\0003\000.\0001\000.\0001\0003\000\040\000T\000r\000a\000n\000s\000f\000o\000r\000m\000T\000o\000H\000F\000B\000a\000s\000i\000s\000\050\000\051}{subsection.7.3.1}% 65
\BOOKMARK [3][-]{subsubsection.7.3.1.14}{\376\377\0007\000.\0003\000.\0001\000.\0001\0004\000\040\000U\000p\000d\000a\000t\000e\000D\000e\000n\000s\000i\000t\000y\000M\000a\000t\000r\000i\000x\000\050\000\051}{subsection.7.3.1}% 66
\BOOKMARK [3][-]{subsubsection.7.3.1.15}{\376\377\0007\000.\0003\000.\0001\000.\0001\0005\000\040\000U\000p\000d\000a\000t\000e\000F\000\050\000\051}{subsection.7.3.1}% 67
\BOOKMARK [3][-]{subsubsection.7.3.1.16}{\376\377\0007\000.\0003\000.\0001\000.\0001\0006\000\040\000V\000m\000o\000n\0003\000H\000a\000s\000h\000\050\000\051}{subsection.7.3.1}% 68
\BOOKMARK [2][-]{subsection.7.3.2}{\376\377\0007\000.\0003\000.\0002\000\040\000M\000e\000m\000b\000e\000r\000\040\000D\000a\000t\000a\000\040\000D\000o\000c\000u\000m\000e\000n\000t\000a\000t\000i\000o\000n}{section.7.3}% 69
\BOOKMARK [3][-]{subsubsection.7.3.2.1}{\376\377\0007\000.\0003\000.\0002\000.\0001\000\040\000e\000n\000e\000r\000g\000i\000e\000s}{subsection.7.3.2}% 70
\BOOKMARK [1][-]{section.7.4}{\376\377\0007\000.\0004\000\040\000s\000t\000d\000:\000:\000h\000a\000s\000h\000<\000\040\000j\000a\000v\000i\000e\000r\000\137\000s\000t\000a\000t\000e\000\137\000t\000\040\000>\000\040\000S\000t\000r\000u\000c\000t\000\040\000T\000e\000m\000p\000l\000a\000t\000e\000\040\000R\000e\000f\000e\000r\000e\000n\000c\000e}{chapter.7}% 71
\BOOKMARK [1][-]{section.7.5}{\376\377\0007\000.\0005\000\040\000I\000M\000S\000R\000G\000P\000r\000o\000f\000i\000l\000e\000r\000\040\000C\000l\000a\000s\000s\000\040\000R\000e\000f\000e\000r\000e\000n\000c\000e}{chapter.7}% 72
\BOOKMARK [2][-]{subsection.7.5.1}{\376\377\0007\000.\0005\000.\0001\000\040\000D\000e\000t\000a\000i\000l\000e\000d\000\040\000D\000e\000s\000c\000r\000i\000p\000t\000i\000o\000n}{section.7.5}% 73
\BOOKMARK [2][-]{subsection.7.5.2}{\376\377\0007\000.\0005\000.\0002\000\040\000M\000e\000m\000b\000e\000r\000\040\000F\000u\000n\000c\000t\000i\000o\000n\000\040\000D\000o\000c\000u\000m\000e\000n\000t\000a\000t\000i\000o\000n}{section.7.5}% 74
\BOOKMARK [3][-]{subsubsection.7.5.2.1}{\376\377\0007\000.\0005\000.\0002\000.\0001\000\040\000C\000h\000e\000c\000k\000M\000e\000m\000\050\000\051}{subsection.7.5.2}% 75
\BOOKMARK [1][-]{section.7.6}{\376\377\0007\000.\0006\000\040\000I\000M\000S\000R\000G\000S\000o\000l\000v\000e\000r\000\040\000C\000l\000a\000s\000s\000\040\000R\000e\000f\000e\000r\000e\000n\000c\000e}{chapter.7}% 76
\BOOKMARK [2][-]{subsection.7.6.1}{\376\377\0007\000.\0006\000.\0001\000\040\000M\000e\000m\000b\000e\000r\000\040\000F\000u\000n\000c\000t\000i\000o\000n\000\040\000D\000o\000c\000u\000m\000e\000n\000t\000a\000t\000i\000o\000n}{section.7.6}% 77
\BOOKMARK [3][-]{subsubsection.7.6.1.1}{\376\377\0007\000.\0006\000.\0001\000.\0001\000\040\000T\000r\000a\000n\000s\000f\000o\000r\000m\000\137\000P\000a\000r\000t\000i\000a\000l\000\050\000\051}{subsection.7.6.1}% 78
\BOOKMARK [1][-]{section.7.7}{\376\377\0007\000.\0007\000\040\000j\000a\000v\000i\000e\000r\000\137\000s\000t\000a\000t\000e\000\137\000t\000\040\000S\000t\000r\000u\000c\000t\000\040\000R\000e\000f\000e\000r\000e\000n\000c\000e}{chapter.7}% 79
\BOOKMARK [1][-]{section.7.8}{\376\377\0007\000.\0008\000\040\000K\000e\000t\000\040\000C\000l\000a\000s\000s\000\040\000R\000e\000f\000e\000r\000e\000n\000c\000e}{chapter.7}% 80
\BOOKMARK [1][-]{section.7.9}{\376\377\0007\000.\0009\000\040\000M\000o\000d\000e\000l\000S\000p\000a\000c\000e\000\040\000C\000l\000a\000s\000s\000\040\000R\000e\000f\000e\000r\000e\000n\000c\000e}{chapter.7}% 81
\BOOKMARK [2][-]{subsection.7.9.1}{\376\377\0007\000.\0009\000.\0001\000\040\000M\000e\000m\000b\000e\000r\000\040\000F\000u\000n\000c\000t\000i\000o\000n\000\040\000D\000o\000c\000u\000m\000e\000n\000t\000a\000t\000i\000o\000n}{section.7.9}% 82
\BOOKMARK [3][-]{subsubsection.7.9.1.1}{\376\377\0007\000.\0009\000.\0001\000.\0001\000\040\000G\000e\000t\0000\000h\000w\000S\000p\000a\000c\000e\000\050\000\051}{subsection.7.9.1}% 83
\BOOKMARK [3][-]{subsubsection.7.9.1.2}{\376\377\0007\000.\0009\000.\0001\000.\0002\000\040\000P\000r\000e\000C\000a\000l\000c\000u\000l\000a\000t\000e\000S\000i\000x\000J\000\050\000\051}{subsection.7.9.1}% 84
\BOOKMARK [2][-]{subsection.7.9.2}{\376\377\0007\000.\0009\000.\0002\000\040\000M\000e\000m\000b\000e\000r\000\040\000D\000a\000t\000a\000\040\000D\000o\000c\000u\000m\000e\000n\000t\000a\000t\000i\000o\000n}{section.7.9}% 85
\BOOKMARK [3][-]{subsubsection.7.9.2.1}{\376\377\0007\000.\0009\000.\0002\000.\0001\000\040\000V\000a\000l\000e\000n\000c\000e\000S\000p\000a\000c\000e\000s}{subsection.7.9.2}% 86
\BOOKMARK [1][-]{section.7.10}{\376\377\0007\000.\0001\0000\000\040\000I\000M\000S\000R\000G\000S\000o\000l\000v\000e\000r\000:\000:\000O\000D\000E\000\137\000M\000o\000n\000i\000t\000o\000r\000\040\000C\000l\000a\000s\000s\000\040\000R\000e\000f\000e\000r\000e\000n\000c\000e}{chapter.7}% 87
\BOOKMARK [1][-]{section.7.11}{\376\377\0007\000.\0001\0001\000\040\000O\000p\000e\000r\000a\000t\000o\000r\000\040\000C\000l\000a\000s\000s\000\040\000R\000e\000f\000e\000r\000e\000n\000c\000e}{chapter.7}% 88
\BOOKMARK [2][-]{subsection.7.11.1}{\376\377\0007\000.\0001\0001\000.\0001\000\040\000D\000e\000t\000a\000i\000l\000e\000d\000\040\000D\000e\000s\000c\000r\000i\000p\000t\000i\000o\000n}{section.7.11}% 89
\BOOKMARK [2][-]{subsection.7.11.2}{\376\377\0007\000.\0001\0001\000.\0002\000\040\000M\000e\000m\000b\000e\000r\000\040\000F\000u\000n\000c\000t\000i\000o\000n\000\040\000D\000o\000c\000u\000m\000e\000n\000t\000a\000t\000i\000o\000n}{section.7.11}% 90
\BOOKMARK [3][-]{subsubsection.7.11.2.1}{\376\377\0007\000.\0001\0001\000.\0002\000.\0001\000\040\000B\000C\000H\000\137\000P\000r\000o\000d\000u\000c\000t\000\050\000\051}{subsection.7.11.2}% 91
\BOOKMARK [3][-]{subsubsection.7.11.2.2}{\376\377\0007\000.\0001\0001\000.\0002\000.\0002\000\040\000B\000C\000H\000\137\000T\000r\000a\000n\000s\000f\000o\000r\000m\000\050\000\051}{subsection.7.11.2}% 92
\BOOKMARK [3][-]{subsubsection.7.11.2.3}{\376\377\0007\000.\0001\0001\000.\0002\000.\0003\000\040\000B\000r\000u\000e\000c\000k\000n\000e\000r\000\137\000B\000C\000H\000\137\000T\000r\000a\000n\000s\000f\000o\000r\000m\000\050\000\051}{subsection.7.11.2}% 93
\BOOKMARK [3][-]{subsubsection.7.11.2.4}{\376\377\0007\000.\0001\0001\000.\0002\000.\0004\000\040\000c\000o\000m\000m\0001\0001\0000\000s\000s\000\050\000\051}{subsection.7.11.2}% 94
\BOOKMARK [3][-]{subsubsection.7.11.2.5}{\376\377\0007\000.\0001\0001\000.\0002\000.\0005\000\040\000c\000o\000m\000m\0001\0001\0001\000s\000s\000\050\000\051}{subsection.7.11.2}% 95
\BOOKMARK [3][-]{subsubsection.7.11.2.6}{\376\377\0007\000.\0001\0001\000.\0002\000.\0006\000\040\000c\000o\000m\000m\0001\0002\0001\000s\000s\000\050\000\051}{subsection.7.11.2}% 96
\BOOKMARK [3][-]{subsubsection.7.11.2.7}{\376\377\0007\000.\0001\0001\000.\0002\000.\0007\000\040\000c\000o\000m\000m\0001\0002\0002\000s\000s\000\050\000\051}{subsection.7.11.2}% 97
\BOOKMARK [3][-]{subsubsection.7.11.2.8}{\376\377\0007\000.\0001\0001\000.\0002\000.\0008\000\040\000c\000o\000m\000m\0002\0002\0000\000s\000s\000\050\000\051}{subsection.7.11.2}% 98
\BOOKMARK [3][-]{subsubsection.7.11.2.9}{\376\377\0007\000.\0001\0001\000.\0002\000.\0009\000\040\000c\000o\000m\000m\0002\0002\0001\000s\000s\000\050\000\051}{subsection.7.11.2}% 99
\BOOKMARK [3][-]{subsubsection.7.11.2.10}{\376\377\0007\000.\0001\0001\000.\0002\000.\0001\0000\000\040\000c\000o\000m\000m\0002\0002\0002\000\137\000p\000h\000s\000s\000\050\000\051}{subsection.7.11.2}% 100
\BOOKMARK [3][-]{subsubsection.7.11.2.11}{\376\377\0007\000.\0001\0001\000.\0002\000.\0001\0001\000\040\000c\000o\000m\000m\0002\0002\0002\000\137\000p\000h\000s\000t\000\050\000\051}{subsection.7.11.2}% 101
\BOOKMARK [3][-]{subsubsection.7.11.2.12}{\376\377\0007\000.\0001\0001\000.\0002\000.\0001\0002\000\040\000c\000o\000m\000m\0002\0002\0002\000\137\000p\000p\000\137\000h\000h\000\137\0002\0002\0001\000s\000s\000\050\000\051}{subsection.7.11.2}% 102
\BOOKMARK [3][-]{subsubsection.7.11.2.13}{\376\377\0007\000.\0001\0001\000.\0002\000.\0001\0003\000\040\000c\000o\000m\000m\0002\0002\0002\000\137\000p\000p\000\137\000h\000h\000s\000s\000\050\000\051}{subsection.7.11.2}% 103
\BOOKMARK [3][-]{subsubsection.7.11.2.14}{\376\377\0007\000.\0001\0001\000.\0002\000.\0001\0004\000\040\000C\000o\000m\000m\000u\000t\000a\000t\000o\000r\000S\000c\000a\000l\000a\000r\000S\000c\000a\000l\000a\000r\000\050\000\051}{subsection.7.11.2}% 104
\BOOKMARK [3][-]{subsubsection.7.11.2.15}{\376\377\0007\000.\0001\0001\000.\0002\000.\0001\0005\000\040\000C\000o\000m\000m\000u\000t\000a\000t\000o\000r\000S\000c\000a\000l\000a\000r\000T\000e\000n\000s\000o\000r\000\050\000\051}{subsection.7.11.2}% 105
\BOOKMARK [3][-]{subsubsection.7.11.2.16}{\376\377\0007\000.\0001\0001\000.\0002\000.\0001\0006\000\040\000D\000o\000N\000o\000r\000m\000a\000l\000O\000r\000d\000e\000r\000i\000n\000g\0002\000\050\000\051}{subsection.7.11.2}% 106
\BOOKMARK [3][-]{subsubsection.7.11.2.17}{\376\377\0007\000.\0001\0001\000.\0002\000.\0001\0007\000\040\000D\000o\000N\000o\000r\000m\000a\000l\000O\000r\000d\000e\000r\000i\000n\000g\0003\000\050\000\051}{subsection.7.11.2}% 107
\BOOKMARK [3][-]{subsubsection.7.11.2.18}{\376\377\0007\000.\0001\0001\000.\0002\000.\0001\0008\000\040\000D\000o\000P\000a\000n\000d\000y\000a\000T\000r\000a\000n\000s\000f\000o\000r\000m\000a\000t\000i\000o\000n\000\137\000S\000i\000n\000g\000l\000e\000C\000h\000a\000n\000n\000e\000l\000\050\000\051}{subsection.7.11.2}% 108
\BOOKMARK [3][-]{subsubsection.7.11.2.19}{\376\377\0007\000.\0001\0001\000.\0002\000.\0001\0009\000\040\000D\000o\000T\000e\000n\000s\000o\000r\000P\000a\000n\000d\000y\000a\000T\000r\000a\000n\000s\000f\000o\000r\000m\000a\000t\000i\000o\000n\000\050\000\051}{subsection.7.11.2}% 109
\BOOKMARK [3][-]{subsubsection.7.11.2.20}{\376\377\0007\000.\0001\0001\000.\0002\000.\0002\0000\000\040\000E\000r\000a\000s\000e\000O\000n\000e\000B\000o\000d\000y\000\050\000\051}{subsection.7.11.2}% 110
\BOOKMARK [3][-]{subsubsection.7.11.2.21}{\376\377\0007\000.\0001\0001\000.\0002\000.\0002\0001\000\040\000G\000e\000t\000M\000P\0002\000\137\000E\000n\000e\000r\000g\000y\000\050\000\051}{subsection.7.11.2}% 111
\BOOKMARK [3][-]{subsubsection.7.11.2.22}{\376\377\0007\000.\0001\0001\000.\0002\000.\0002\0002\000\040\000G\000e\000t\000M\000P\0003\000\137\000E\000n\000e\000r\000g\000y\000\050\000\051}{subsection.7.11.2}% 112
\BOOKMARK [3][-]{subsubsection.7.11.2.23}{\376\377\0007\000.\0001\0001\000.\0002\000.\0002\0003\000\040\000M\000P\0001\000\137\000E\000v\000a\000l\000\050\000\051}{subsection.7.11.2}% 113
\BOOKMARK [3][-]{subsubsection.7.11.2.24}{\376\377\0007\000.\0001\0001\000.\0002\000.\0002\0004\000\040\000N\000o\000r\000m\000\050\000\051}{subsection.7.11.2}% 114
\BOOKMARK [3][-]{subsubsection.7.11.2.25}{\376\377\0007\000.\0001\0001\000.\0002\000.\0002\0005\000\040\000S\000t\000a\000n\000d\000a\000r\000d\000\137\000B\000C\000H\000\137\000T\000r\000a\000n\000s\000f\000o\000r\000m\000\050\000\051}{subsection.7.11.2}% 115
\BOOKMARK [3][-]{subsubsection.7.11.2.26}{\376\377\0007\000.\0001\0001\000.\0002\000.\0002\0006\000\040\000T\000r\000u\000n\000c\000a\000t\000e\000\050\000\051}{subsection.7.11.2}% 116
\BOOKMARK [3][-]{subsubsection.7.11.2.27}{\376\377\0007\000.\0001\0001\000.\0002\000.\0002\0007\000\040\000U\000n\000d\000o\000N\000o\000r\000m\000a\000l\000O\000r\000d\000e\000r\000i\000n\000g\000\050\000\051}{subsection.7.11.2}% 117
\BOOKMARK [2][-]{subsection.7.11.3}{\376\377\0007\000.\0001\0001\000.\0003\000\040\000F\000r\000i\000e\000n\000d\000s\000\040\000A\000n\000d\000\040\000R\000e\000l\000a\000t\000e\000d\000\040\000F\000u\000n\000c\000t\000i\000o\000n\000\040\000D\000o\000c\000u\000m\000e\000n\000t\000a\000t\000i\000o\000n}{section.7.11}% 118
\BOOKMARK [3][-]{subsubsection.7.11.3.1}{\376\377\0007\000.\0001\0001\000.\0003\000.\0001\000\040\000C\000o\000m\000m\000u\000t\000a\000t\000o\000r}{subsection.7.11.3}% 119
\BOOKMARK [1][-]{section.7.12}{\376\377\0007\000.\0001\0002\000\040\000O\000r\000b\000i\000t\000\040\000C\000l\000a\000s\000s\000\040\000R\000e\000f\000e\000r\000e\000n\000c\000e}{chapter.7}% 120
\BOOKMARK [1][-]{section.7.13}{\376\377\0007\000.\0001\0003\000\040\000P\000a\000r\000a\000m\000e\000t\000e\000r\000s\000\040\000C\000l\000a\000s\000s\000\040\000R\000e\000f\000e\000r\000e\000n\000c\000e}{chapter.7}% 121
\BOOKMARK [2][-]{subsection.7.13.1}{\376\377\0007\000.\0001\0003\000.\0001\000\040\000M\000e\000m\000b\000e\000r\000\040\000D\000a\000t\000a\000\040\000D\000o\000c\000u\000m\000e\000n\000t\000a\000t\000i\000o\000n}{section.7.13}% 122
\BOOKMARK [3][-]{subsubsection.7.13.1.1}{\376\377\0007\000.\0001\0003\000.\0001\000.\0001\000\040\000d\000o\000u\000b\000l\000e\000\137\000p\000a\000r}{subsection.7.13.1}% 123
\BOOKMARK [3][-]{subsubsection.7.13.1.2}{\376\377\0007\000.\0001\0003\000.\0001\000.\0002\000\040\000i\000n\000t\000\137\000p\000a\000r}{subsection.7.13.1}% 124
\BOOKMARK [3][-]{subsubsection.7.13.1.3}{\376\377\0007\000.\0001\0003\000.\0001\000.\0003\000\040\000s\000t\000r\000i\000n\000g\000\137\000p\000a\000r}{subsection.7.13.1}% 125
\BOOKMARK [3][-]{subsubsection.7.13.1.4}{\376\377\0007\000.\0001\0003\000.\0001\000.\0004\000\040\000v\000e\000c\000\137\000p\000a\000r}{subsection.7.13.1}% 126
\BOOKMARK [1][-]{section.7.14}{\376\377\0007\000.\0001\0004\000\040\000R\000e\000a\000d\000W\000r\000i\000t\000e\000\040\000C\000l\000a\000s\000s\000\040\000R\000e\000f\000e\000r\000e\000n\000c\000e}{chapter.7}% 127
\BOOKMARK [2][-]{subsection.7.14.1}{\376\377\0007\000.\0001\0004\000.\0001\000\040\000M\000e\000m\000b\000e\000r\000\040\000F\000u\000n\000c\000t\000i\000o\000n\000\040\000D\000o\000c\000u\000m\000e\000n\000t\000a\000t\000i\000o\000n}{section.7.14}% 128
\BOOKMARK [3][-]{subsubsection.7.14.1.1}{\376\377\0007\000.\0001\0004\000.\0001\000.\0001\000\040\000C\000o\000u\000n\000t\000\137\000D\000a\000r\000m\000s\000t\000a\000d\000t\000\137\0003\000b\000o\000d\000y\000\137\000t\000o\000\137\000r\000e\000a\000d\000\050\000\051}{subsection.7.14.1}% 129
\BOOKMARK [3][-]{subsubsection.7.14.1.2}{\376\377\0007\000.\0001\0004\000.\0001\000.\0002\000\040\000G\000e\000t\000H\000D\000F\0005\000B\000a\000s\000i\000s\000\050\000\051}{subsection.7.14.1}% 130
\BOOKMARK [3][-]{subsubsection.7.14.1.3}{\376\377\0007\000.\0001\0004\000.\0001\000.\0003\000\040\000R\000e\000a\000d\0003\000b\000o\000d\000y\000H\000D\000F\0005\000\050\000\051}{subsection.7.14.1}% 131
\BOOKMARK [3][-]{subsubsection.7.14.1.4}{\376\377\0007\000.\0001\0004\000.\0001\000.\0004\000\040\000R\000e\000a\000d\000\137\000D\000a\000r\000m\000s\000t\000a\000d\000t\000\137\0003\000b\000o\000d\000y\000\050\000\051}{subsection.7.14.1}% 132
\BOOKMARK [3][-]{subsubsection.7.14.1.5}{\376\377\0007\000.\0001\0004\000.\0001\000.\0005\000\040\000R\000e\000a\000d\000B\000a\000r\000e\000T\000B\000M\000E\000\137\000D\000a\000r\000m\000s\000t\000a\000d\000t\000\137\000f\000r\000o\000m\000\137\000s\000t\000r\000e\000a\000m\000\050\000\051}{subsection.7.14.1}% 133
\BOOKMARK [3][-]{subsubsection.7.14.1.6}{\376\377\0007\000.\0001\0004\000.\0001\000.\0006\000\040\000R\000e\000a\000d\000B\000a\000r\000e\000T\000B\000M\000E\000\137\000N\000a\000v\000r\000a\000t\000i\000l\000\050\000\051}{subsection.7.14.1}% 134
\BOOKMARK [3][-]{subsubsection.7.14.1.7}{\376\377\0007\000.\0001\0004\000.\0001\000.\0007\000\040\000S\000t\000o\000r\000e\000\137\000D\000a\000r\000m\000s\000t\000a\000d\000t\000\137\0003\000b\000o\000d\000y\000\050\000\051}{subsection.7.14.1}% 135
\BOOKMARK [3][-]{subsubsection.7.14.1.8}{\376\377\0007\000.\0001\0004\000.\0001\000.\0008\000\040\000W\000r\000i\000t\000e\000N\000u\000S\000h\000e\000l\000l\000X\000\137\000i\000n\000t\000f\000i\000l\000e\000\050\000\051}{subsection.7.14.1}% 136
\BOOKMARK [3][-]{subsubsection.7.14.1.9}{\376\377\0007\000.\0001\0004\000.\0001\000.\0009\000\040\000W\000r\000i\000t\000e\000O\000n\000e\000B\000o\000d\000y\000\137\000O\000s\000l\000o\000\050\000\051}{subsection.7.14.1}% 137
\BOOKMARK [1][-]{section.7.15}{\376\377\0007\000.\0001\0005\000\040\000T\000h\000r\000e\000e\000B\000o\000d\000y\000M\000E\000\040\000C\000l\000a\000s\000s\000\040\000R\000e\000f\000e\000r\000e\000n\000c\000e}{chapter.7}% 138
\BOOKMARK [2][-]{subsection.7.15.1}{\376\377\0007\000.\0001\0005\000.\0001\000\040\000D\000e\000t\000a\000i\000l\000e\000d\000\040\000D\000e\000s\000c\000r\000i\000p\000t\000i\000o\000n}{section.7.15}% 139
\BOOKMARK [2][-]{subsection.7.15.2}{\376\377\0007\000.\0001\0005\000.\0002\000\040\000M\000e\000m\000b\000e\000r\000\040\000F\000u\000n\000c\000t\000i\000o\000n\000\040\000D\000o\000c\000u\000m\000e\000n\000t\000a\000t\000i\000o\000n}{section.7.15}% 140
\BOOKMARK [3][-]{subsubsection.7.15.2.1}{\376\377\0007\000.\0001\0005\000.\0002\000.\0001\000\040\000A\000c\000c\000e\000s\000s\000M\000E\000\050\000\051}{subsection.7.15.2}% 141
\BOOKMARK [3][-]{subsubsection.7.15.2.2}{\376\377\0007\000.\0001\0005\000.\0002\000.\0002\000\040\000G\000e\000t\000M\000E\000\050\000\051}{subsection.7.15.2}% 142
\BOOKMARK [3][-]{subsubsection.7.15.2.3}{\376\377\0007\000.\0001\0005\000.\0002\000.\0003\000\040\000G\000e\000t\000M\000E\000\137\000p\000n\000\050\000\051}{subsection.7.15.2}% 143
\BOOKMARK [3][-]{subsubsection.7.15.2.4}{\376\377\0007\000.\0001\0005\000.\0002\000.\0004\000\040\000K\000e\000y\000H\000a\000s\000h\000\050\000\051}{subsection.7.15.2}% 144
\BOOKMARK [3][-]{subsubsection.7.15.2.5}{\376\377\0007\000.\0001\0005\000.\0002\000.\0005\000\040\000S\000e\000t\000M\000E\000\050\000\051}{subsection.7.15.2}% 145
\BOOKMARK [3][-]{subsubsection.7.15.2.6}{\376\377\0007\000.\0001\0005\000.\0002\000.\0006\000\040\000S\000o\000r\000t\000O\000r\000b\000i\000t\000s\000\050\000\051}{subsection.7.15.2}% 146
\BOOKMARK [1][-]{section.7.16}{\376\377\0007\000.\0001\0006\000\040\000T\000w\000o\000B\000o\000d\000y\000C\000h\000a\000n\000n\000e\000l\000\040\000C\000l\000a\000s\000s\000\040\000R\000e\000f\000e\000r\000e\000n\000c\000e}{chapter.7}% 147
\BOOKMARK [1][-]{section.7.17}{\376\377\0007\000.\0001\0007\000\040\000T\000w\000o\000B\000o\000d\000y\000C\000h\000a\000n\000n\000e\000l\000\137\000C\000C\000\040\000C\000l\000a\000s\000s\000\040\000R\000e\000f\000e\000r\000e\000n\000c\000e}{chapter.7}% 148
\BOOKMARK [1][-]{section.7.18}{\376\377\0007\000.\0001\0008\000\040\000T\000w\000o\000B\000o\000d\000y\000M\000E\000\040\000C\000l\000a\000s\000s\000\040\000R\000e\000f\000e\000r\000e\000n\000c\000e}{chapter.7}% 149
\BOOKMARK [2][-]{subsection.7.18.1}{\376\377\0007\000.\0001\0008\000.\0001\000\040\000D\000e\000t\000a\000i\000l\000e\000d\000\040\000D\000e\000s\000c\000r\000i\000p\000t\000i\000o\000n}{section.7.18}% 150
\BOOKMARK [2][-]{subsection.7.18.2}{\376\377\0007\000.\0001\0008\000.\0002\000\040\000M\000e\000m\000b\000e\000r\000\040\000F\000u\000n\000c\000t\000i\000o\000n\000\040\000D\000o\000c\000u\000m\000e\000n\000t\000a\000t\000i\000o\000n}{section.7.18}% 151
\BOOKMARK [3][-]{subsubsection.7.18.2.1}{\376\377\0007\000.\0001\0008\000.\0002\000.\0001\000\040\000E\000r\000a\000s\000e\000\050\000\051}{subsection.7.18.2}% 152
\BOOKMARK [3][-]{subsubsection.7.18.2.2}{\376\377\0007\000.\0001\0008\000.\0002\000.\0002\000\040\000G\000e\000t\000T\000B\000M\000E\000m\000o\000n\000o\000p\000o\000l\000e\000\050\000\051}{subsection.7.18.2}% 153
\BOOKMARK [3][-]{subsubsection.7.18.2.3}{\376\377\0007\000.\0001\0008\000.\0002\000.\0003\000\040\000S\000e\000t\000\137\000p\000n\000\137\000T\000B\000M\000E\000\137\000f\000r\000o\000m\000\137\000i\000s\000o\000\050\000\051}{subsection.7.18.2}% 154
\BOOKMARK [1][-]{section.7.19}{\376\377\0007\000.\0001\0009\000\040\000b\000o\000o\000s\000t\000:\000:\000n\000u\000m\000e\000r\000i\000c\000:\000:\000o\000d\000e\000i\000n\000t\000:\000:\000v\000e\000c\000t\000o\000r\000\137\000s\000p\000a\000c\000e\000\137\000n\000o\000r\000m\000\137\000i\000n\000f\000<\000\040\000d\000e\000q\000u\000e\000<\000\040\000O\000p\000e\000r\000a\000t\000o\000r\000\040\000>\000\040\000>\000\040\000S\000t\000r\000u\000c\000t\000\040\000T\000e\000m\000p\000l\000a\000t\000e\000\040\000R\000e\000f\000e\000r\000e\000n\000c\000e}{chapter.7}% 155
\BOOKMARK [1][-]{section.7.20}{\376\377\0007\000.\0002\0000\000\040\000V\000e\000c\000t\000o\000r\000S\000t\000r\000e\000a\000m\000\040\000C\000l\000a\000s\000s\000\040\000R\000e\000f\000e\000r\000e\000n\000c\000e}{chapter.7}% 156
\BOOKMARK [2][-]{subsection.7.20.1}{\376\377\0007\000.\0002\0000\000.\0001\000\040\000D\000e\000t\000a\000i\000l\000e\000d\000\040\000D\000e\000s\000c\000r\000i\000p\000t\000i\000o\000n}{section.7.20}% 157
\BOOKMARK [0][-]{section*.50}{\376\377\000I\000n\000d\000e\000x}{}% 158
