               DWIA DIRECT-EXCHANGE CROSS SECTION CALCULATION FOR THE REACTION


                                  T       TZ      P       PZ
                    A-CHANNEL  12.000   6.000   1.000   1.000
                    B-CHANNEL  12.000   7.000   1.000   0.000


                    E=200.0 MEV

                    INITIAL STATE JATW,ISATW= 0 1

                    FINAL STATE J,K,E= 1 0   18.1 MEV

                    SPIN TRANSFER IST= 1

                    TOTAL L TRANSFER = 0 2


 KTRLD(1-9)  =  2  0  0  0  0  0  0  0  1
 KTLOUT(1-20)=  0  0  1  0  0  0  0  0  0  0  0  0  0  0  0  0  0  0  0  0

 ** NO-RECOIL CALCULATION IS MADE

 ** RELATIVISTIC KINEMATICS IS USED


 NN INTERACTION POTENTIAL
 KTRL1,VRAN=   1   1.40      0.70      0.55      0.40      0.25      0.15
 K=  1  VSTR=     31.50      0.00      0.00   -193.75   4714.12      0.00
 K=  2  VSTR=    -10.50      0.00      0.00  -1216.75   3567.35      0.00
 K=  3  VSTR=      0.00    -69.71      0.00    654.90 -24728.80 325631.00
 K=  4  VSTR=    -10.50      0.00      0.00  -2615.66   8396.19      0.00
 K=  5  VSTR=      3.50      0.00      0.00  -1439.49   7313.42      0.00
 K=  6  VSTR=      0.00     14.86      0.00    334.91  -4099.14  50904.30
 K=  7  VSTR=      0.00      0.00      0.00   -563.01   -919.82      0.00
 K=  8  VSTR=      0.00      0.00      0.00  -2431.21   7419.73      0.00
 K=  9  VSTR=      0.00     -4.70      0.00    478.42 -15805.00 212453.00
 K= 10  VSTR=      0.00      0.00      0.00   -469.59   1458.53      0.00
 K= 11  VSTR=      0.00      0.00      0.00   -217.83  -1076.89      0.00
 K= 12  VSTR=      0.00      3.34      0.00   -303.69   9392.15-147371.00


 SINGLE P AND H STATES IN THE TARGET SYSTEM
 NOSP,NOSH=  5  2
 
                           N    L   2J   2S    T     BE
          PARTICLE    1    0    0    1    1   -1   26.000
          PARTICLE    2    0    1    3    1   -1   16.000
          PARTICLE    3    0    1    1    1   -1    2.000
          PARTICLE    4    0    2    3    1   -1    2.000
          PARTICLE    5    0    3    5    1   -1    2.000
          HOLE        1    0    0    1    1    1   31.200
          HOLE        2    0    1    3    1    1   18.720
          ** CALCULATED PH WAVEFUNCTION: KTLOUT(1)

 NPAIR=  5
 NP,NH=  1  1   4  1   2  2   3  2   5  2

 NPAIR=  5
 NP,NH=  1  1   4  1   2  2   3  2   5  2

 PAIR STATES (IT IS L1)=( 1 1 0)
             (NP,NH,SF)= 1 1  1.0   4 1  1.0   2 2  1.0   3 2  1.0   5 2  1.0
 

 PAIR STATES (IT IS L1)=( 1 1 2)
             (NP,NH,SF)= 1 1  1.0   4 1  1.0   2 2  1.0   3 2  1.0   5 2  1.0
 


 DISTORTED WAVES FOR INITIAL AND FINAL CHANNELS

 OMP PARAMETERS
               V       A       R       W       AI      RI      RC
 A-CHANNEL  11.000   0.690   1.200  14.000   0.590   1.170   1.200
                                     0.000   0.867   1.260
 B-CHANNEL  11.000   0.690   1.200  14.000   0.590   1.170   1.200
                                     0.000   0.867   1.260

             LDMI LDMX LDST NXMI NXMX XMES
 A-CHANNEL    0   22    1    1  120 0.100
 B-CHANNEL    0   22    1    1  120 0.100


 E,WN,ETA FOR INCIDENT A-CHANNEL=  183.23    2.96    0.08
   ** OUTPUT OF DW : KTLOUT(2)=NXSTEP, ELASITIC SCAT : KTLOUT(5) 
   ** OUTPUT OF COULOMB WF : KTLOUT(7)

   OM POTENTIAL IN STEPS OF   1.000

    -0.605E+01-0.138E+02-0.561E+01-0.131E+02-0.411E+01-0.102E+02-0.134E+01-0.460E+01 0.750E+00-0.115E+01
     0.134E+01-0.227E+00 0.133E+01-0.423E-01 0.120E+01-0.779E-02 0.106E+01-0.143E-02 0.948E+00-0.263E-03
     0.855E+00-0.482E-04 0.778E+00-0.886E-05 0.714E+00-0.163E-05


 E,WN,ETA FOR EXIT B-CHANNEL=  165.39    2.80    0.00

   OM POTENTIAL IN STEPS OF   1.000

    -0.108E+02-0.138E+02-0.101E+02-0.131E+02-0.791E+01-0.102E+02-0.412E+01-0.460E+01-0.136E+01-0.115E+01
    -0.352E+00-0.227E+00-0.847E-01-0.423E-01-0.200E-01-0.779E-02-0.470E-02-0.143E-02-0.110E-02-0.263E-03
    -0.259E-03-0.482E-04-0.608E-04-0.886E-05-0.143E-04-0.163E-05


 ALPHA COEF. PROJ. SYSTEM IN EQ.(13) (AFACAL)
 ALPHA(NLSK,NLT)=
      NLT=  1  ALPHA= -0.33E+00  0.00E+00  0.00E+00 -0.15E+00
      NLT=  2  ALPHA=  0.00E+00 -0.15E+00 -0.15E+00 -0.88E-01


 FFCALD IS CALLED
      INPUT INFORMATION FOR DIRECT FORM FACTOR
      N1MIN,N1MAX,N1STEP,XEMSH=    1  120    1     0.100
      NBMIN,NBMAX,NBSTEP,XEMSH=    1  120    1     0.100
      INTRAN,XMESHD=  300     0.030
      MXMAX=    4


      VV(NH,M1),NH=ISTP(= 30),INTRAN(=300),M1(= 12)  (EFFINT)
 M1=  1-0.307E+03-0.441E+02-0.361E+01-0.296E+00-0.252E-01-0.222E-02-0.200E-03-0.185E-04-0.173E-05-0.163E-06
 M1=  2-0.129E+03-0.879E+01-0.654E+00-0.525E-01-0.444E-02-0.390E-03-0.353E-04-0.325E-05-0.300E-06-0.262E-07
 M1=  3-0.779E+02-0.687E+01 0.511E+01-0.813E+00-0.778E+00-0.326E+00-0.114E+00-0.369E-01-0.116E-01-0.358E-02
 M1=  4 0.484E+02 0.933E+01 0.780E+00 0.642E-01 0.546E-02 0.481E-03 0.435E-04 0.401E-05 0.375E-06 0.357E-07
 M1=  5 0.397E+03 0.465E+02 0.122E+02 0.451E+01 0.187E+01 0.816E+00 0.368E+00 0.169E+00 0.790E-01 0.374E-01
 M1=  6-0.564E+03-0.181E+03-0.489E+02-0.180E+02-0.636E+01-0.213E+01-0.690E+00-0.218E+00-0.680E-01-0.209E-01
 M1=  7-0.358E+03-0.231E+02-0.170E+01-0.136E+00-0.115E-01-0.101E-02-0.913E-04-0.842E-05-0.789E-06-0.748E-07
 M1=  8 0.715E+02 0.410E+01 0.294E+00 0.234E-01 0.197E-02 0.173E-03 0.157E-04 0.145E-05 0.135E-06 0.128E-07
 M1=  9-0.141E+03 0.717E+01-0.144E+01 0.644E-01 0.148E+00 0.667E-01 0.237E-01 0.776E-02 0.244E-02 0.755E-03
 M1= 10-0.215E+03-0.218E+02-0.173E+01-0.140E+00-0.119E-01-0.105E-02-0.948E-04-0.874E-05-0.819E-06-0.777E-07
 M1= 11 0.446E+02 0.109E+02 0.923E+00 0.762E-01 0.649E-02 0.572E-03 0.517E-04 0.477E-05 0.447E-06 0.424E-07
 M1= 12-0.936E+02-0.359E+02 0.486E+01 0.120E+00-0.346E+00-0.169E+00-0.615E-01-0.203E-01-0.641E-02-0.198E-02

 TRHO(N1,NLS)= (AT N1=10,NIMAX,10)
 NLS=  1 0.515E+00 0.318E+00 0.910E-01 0.155E-01 0.231E-02 0.364E-03 0.633E-04 0.121E-04 0.248E-05 0.536E-06
         0.121E-06 0.281E-07

 TRHO(N1,NLS)= (AT N1=10,NIMAX,10)
 NLS=  2 0.102E+00 0.194E+00 0.834E-01 0.154E-01 0.209E-02 0.280E-03 0.396E-04 0.599E-05 0.961E-06 0.161E-06
         0.278E-07 0.490E-08

 DIRECT FORM FACTORS AS A FUNCTION OF RB
      NLT=  1
      0.357E+02-0.247E+02 0.364E+02-0.234E+02 0.374E+02-0.246E+02 0.387E+02-0.227E+02 0.404E+02-0.242E+02
      0.413E+02-0.221E+02 0.443E+02-0.236E+02 0.454E+02-0.213E+02 0.486E+02-0.225E+02 0.492E+02-0.205E+02
      0.521E+02-0.216E+02 0.531E+02-0.189E+02 0.549E+02-0.199E+02 0.556E+02-0.172E+02 0.557E+02-0.185E+02
      0.559E+02-0.153E+02 0.555E+02-0.159E+02 0.535E+02-0.139E+02 0.534E+02-0.137E+02 0.522E+02-0.106E+02
      0.501E+02-0.110E+02 0.478E+02-0.855E+01 0.458E+02-0.844E+01 0.436E+02-0.595E+01 0.408E+02-0.612E+01
      0.378E+02-0.451E+01 0.356E+02-0.402E+01 0.326E+02-0.284E+01 0.300E+02-0.279E+01 0.275E+02-0.164E+01
      0.247E+02-0.193E+01 0.227E+02-0.939E+00 0.203E+02-0.112E+01 0.181E+02-0.771E+00 0.163E+02-0.636E+00
      0.144E+02-0.501E+00 0.129E+02-0.468E+00 0.115E+02-0.203E+00 0.101E+02-0.320E+00 0.895E+01-0.142E+00
      0.791E+01-0.175E+00 0.696E+01-0.124E+00 0.614E+01-0.136E+00 0.540E+01-0.740E-01 0.477E+01-0.685E-01
      0.422E+01-0.518E-02 0.373E+01-0.324E-01 0.329E+01 0.563E-02 0.290E+01 0.128E-02 0.256E+01 0.271E-01
      0.227E+01 0.173E-01 0.201E+01 0.278E-01 0.179E+01 0.281E-01 0.157E+01 0.301E-01 0.139E+01 0.282E-01
      0.124E+01 0.328E-01 0.111E+01 0.259E-01 0.982E+00 0.276E-01 0.873E+00 0.235E-01 0.777E+00 0.242E-01
      0.692E+00 0.197E-01 0.623E+00 0.176E-01 0.558E+00 0.143E-01 0.497E+00 0.130E-01 0.445E+00 0.102E-01
      0.399E+00 0.925E-02 0.363E+00 0.691E-02 0.325E+00 0.579E-02 0.294E+00 0.426E-02 0.264E+00 0.358E-02
      0.239E+00 0.226E-02 0.218E+00 0.161E-02 0.197E+00 0.705E-03 0.179E+00 0.277E-03 0.162E+00-0.289E-03
      0.147E+00-0.499E-03 0.134E+00-0.894E-03 0.122E+00-0.102E-02 0.111E+00-0.128E-02 0.101E+00-0.130E-02
      0.923E-01-0.139E-02 0.833E-01-0.142E-02 0.762E-01-0.144E-02 0.694E-01-0.138E-02 0.627E-01-0.141E-02
      0.572E-01-0.133E-02 0.516E-01-0.132E-02 0.468E-01-0.124E-02 0.425E-01-0.117E-02 0.382E-01-0.111E-02
      0.345E-01-0.104E-02 0.309E-01-0.983E-03 0.278E-01-0.918E-03 0.249E-01-0.847E-03 0.222E-01-0.797E-03
      0.198E-01-0.735E-03 0.175E-01-0.688E-03 0.155E-01-0.628E-03 0.137E-01-0.571E-03 0.121E-01-0.530E-03
      0.106E-01-0.478E-03 0.924E-02-0.444E-03 0.806E-02-0.396E-03 0.700E-02-0.356E-03 0.604E-02-0.325E-03
      0.522E-02-0.288E-03 0.448E-02-0.261E-03 0.385E-02-0.228E-03 0.330E-02-0.201E-03 0.280E-02-0.179E-03
      0.239E-02-0.156E-03 0.203E-02-0.138E-03 0.172E-02-0.119E-03 0.146E-02-0.102E-03 0.123E-02-0.895E-04
      0.104E-02-0.758E-04 0.878E-03-0.656E-04 0.740E-03-0.556E-04 0.625E-03-0.470E-04 0.526E-03-0.400E-04
      NLT=  2
     -0.468E-01-0.262E+00 0.866E+00 0.968E+00-0.443E+00-0.105E+01 0.784E+00 0.331E+00-0.157E+00-0.144E+01
     -0.415E-01-0.171E+01 0.291E+00-0.201E+01 0.446E+00-0.223E+01 0.725E+00-0.268E+01 0.742E+00-0.299E+01
      0.114E+01-0.336E+01 0.150E+01-0.311E+01 0.149E+01-0.387E+01 0.196E+01-0.317E+01 0.146E+01-0.430E+01
      0.172E+01-0.369E+01 0.121E+01-0.465E+01 0.667E+00-0.451E+01 0.748E+00-0.452E+01 0.513E+00-0.393E+01
     -0.372E-01-0.446E+01-0.519E+00-0.392E+01-0.810E+00-0.393E+01-0.118E+01-0.333E+01-0.168E+01-0.347E+01
     -0.214E+01-0.297E+01-0.232E+01-0.279E+01-0.274E+01-0.234E+01-0.295E+01-0.226E+01-0.319E+01-0.181E+01
     -0.337E+01-0.173E+01-0.344E+01-0.133E+01-0.354E+01-0.123E+01-0.361E+01-0.966E+00-0.353E+01-0.840E+00
     -0.354E+01-0.653E+00-0.342E+01-0.561E+00-0.333E+01-0.409E+00-0.321E+01-0.360E+00-0.308E+01-0.253E+00
     -0.293E+01-0.218E+00-0.279E+01-0.156E+00-0.263E+01-0.135E+00-0.248E+01-0.951E-01-0.232E+01-0.836E-01
     -0.216E+01-0.581E-01-0.201E+01-0.574E-01-0.187E+01-0.433E-01-0.173E+01-0.435E-01-0.160E+01-0.358E-01
     -0.147E+01-0.378E-01-0.135E+01-0.346E-01-0.123E+01-0.355E-01-0.113E+01-0.338E-01-0.103E+01-0.345E-01
     -0.942E+00-0.327E-01-0.856E+00-0.336E-01-0.777E+00-0.319E-01-0.705E+00-0.317E-01-0.639E+00-0.299E-01
     -0.578E+00-0.293E-01-0.522E+00-0.279E-01-0.470E+00-0.269E-01-0.424E+00-0.252E-01-0.381E+00-0.240E-01
     -0.343E+00-0.223E-01-0.307E+00-0.210E-01-0.276E+00-0.194E-01-0.247E+00-0.181E-01-0.221E+00-0.165E-01
     -0.197E+00-0.154E-01-0.176E+00-0.141E-01-0.157E+00-0.129E-01-0.139E+00-0.118E-01-0.124E+00-0.108E-01
     -0.110E+00-0.973E-02-0.977E-01-0.887E-02-0.865E-01-0.801E-02-0.765E-01-0.725E-02-0.675E-01-0.651E-02
     -0.595E-01-0.587E-02-0.524E-01-0.526E-02-0.459E-01-0.473E-02-0.402E-01-0.422E-02-0.351E-01-0.378E-02
     -0.306E-01-0.336E-02-0.266E-01-0.300E-02-0.230E-01-0.266E-02-0.198E-01-0.235E-02-0.170E-01-0.208E-02
     -0.145E-01-0.184E-02-0.124E-01-0.162E-02-0.104E-01-0.142E-02-0.877E-02-0.125E-02-0.731E-02-0.109E-02
     -0.605E-02-0.954E-03-0.495E-02-0.831E-03-0.401E-02-0.722E-03-0.322E-02-0.624E-03-0.254E-02-0.541E-03
     -0.197E-02-0.465E-03-0.149E-02-0.401E-03-0.111E-02-0.343E-03-0.798E-03-0.293E-03-0.540E-03-0.251E-03
     -0.345E-03-0.213E-03-0.187E-03-0.181E-03-0.798E-04-0.153E-03 0.461E-05-0.130E-03 0.658E-04-0.110E-03
      0.103E-03-0.924E-04 0.130E-03-0.779E-04 0.138E-03-0.656E-04 0.137E-03-0.549E-04 0.137E-03-0.465E-04
      0.125E-03-0.390E-04 0.116E-03-0.329E-04 0.102E-03-0.277E-04 0.898E-04-0.233E-04 0.786E-04-0.195E-04
      JLSMX IN PACALD=    87

      AMPE(LBP1,NLT,M1) AT NLT,M1=  1  1
       0.619E+02 0.198E+02 0.110E+03 0.357E+02 0.146E+03 0.490E+02 0.175E+03 0.604E+02 0.195E+03 0.694E+02
       0.204E+03 0.752E+02 0.199E+03 0.752E+02 0.183E+03 0.679E+02 0.157E+03 0.549E+02 0.126E+03 0.404E+02
       0.965E+02 0.279E+02 0.709E+02 0.189E+02 0.509E+02 0.129E+02 0.360E+02 0.894E+01 0.254E+02 0.632E+01
       0.180E+02 0.451E+01 0.128E+02 0.323E+01 0.921E+01 0.231E+01 0.669E+01 0.166E+01 0.491E+01 0.119E+01
       0.363E+01 0.864E+00 0.270E+01 0.629E+00 0.201E+01 0.459E+00

      AMPE(LBP1,NLT,M1) AT NLT,M1=  2  1
      -0.902E+00-0.732E+01-0.267E+01-0.126E+02-0.527E+01-0.139E+02-0.833E+01-0.131E+02-0.106E+02-0.108E+02
      -0.110E+02-0.747E+01-0.901E+01-0.392E+01-0.506E+01-0.848E+00-0.115E+00 0.147E+01 0.469E+01 0.294E+01
       0.843E+01 0.362E+01 0.106E+02 0.368E+01 0.113E+02 0.340E+01 0.107E+02 0.298E+01 0.947E+01 0.254E+01
       0.793E+01 0.213E+01 0.637E+01 0.175E+01 0.496E+01 0.141E+01 0.376E+01 0.111E+01 0.278E+01 0.856E+00
       0.202E+01 0.644E+00 0.350E+00 0.870E-01 0.287E+00 0.779E-01

      AMPE(LBP1,NLT,M1) AT NLT,M1=  1  2
       0.000E+00 0.000E+00 0.000E+00 0.000E+00 0.000E+00 0.000E+00 0.000E+00 0.000E+00 0.000E+00 0.000E+00
       0.000E+00 0.000E+00 0.000E+00 0.000E+00 0.000E+00 0.000E+00 0.000E+00 0.000E+00 0.000E+00 0.000E+00
       0.000E+00 0.000E+00 0.000E+00 0.000E+00 0.000E+00 0.000E+00 0.000E+00 0.000E+00 0.000E+00 0.000E+00
       0.000E+00 0.000E+00 0.000E+00 0.000E+00 0.000E+00 0.000E+00 0.000E+00 0.000E+00 0.000E+00 0.000E+00
       0.000E+00 0.000E+00 0.000E+00 0.000E+00 0.000E+00 0.000E+00

      AMPE(LBP1,NLT,M1) AT NLT,M1=  2  2
       0.000E+00 0.000E+00 0.201E+01-0.387E+01 0.313E+01-0.679E+01 0.182E+01-0.979E+01-0.258E+01-0.120E+02
      -0.930E+01-0.129E+02-0.162E+02-0.127E+02-0.210E+02-0.111E+02-0.222E+02-0.862E+01-0.201E+02-0.603E+01
      -0.161E+02-0.401E+01-0.117E+02-0.270E+01-0.782E+01-0.191E+01-0.488E+01-0.138E+01-0.285E+01-0.979E+00
      -0.152E+01-0.661E+00-0.709E+00-0.415E+00-0.234E+00-0.235E+00 0.250E-01-0.113E+00 0.153E+00-0.365E-01
       0.204E+00 0.840E-02 0.108E+01 0.341E+00 0.770E+00 0.251E+00

      AMPE(LBP1,NLT,M1) AT NLT,M1=  1  3
       0.000E+00 0.000E+00 0.000E+00 0.000E+00 0.000E+00 0.000E+00 0.000E+00 0.000E+00 0.000E+00 0.000E+00
       0.000E+00 0.000E+00 0.000E+00 0.000E+00 0.000E+00 0.000E+00 0.000E+00 0.000E+00 0.000E+00 0.000E+00
       0.000E+00 0.000E+00 0.000E+00 0.000E+00 0.000E+00 0.000E+00 0.000E+00 0.000E+00 0.000E+00 0.000E+00
       0.000E+00 0.000E+00 0.000E+00 0.000E+00 0.000E+00 0.000E+00 0.000E+00 0.000E+00 0.000E+00 0.000E+00
       0.000E+00 0.000E+00 0.000E+00 0.000E+00 0.000E+00 0.000E+00

      AMPE(LBP1,NLT,M1) AT NLT,M1=  2  3
       0.000E+00 0.000E+00 0.000E+00 0.000E+00-0.211E+01 0.272E+01-0.403E+01 0.589E+01-0.425E+01 0.984E+01
      -0.118E+01 0.138E+02 0.558E+01 0.171E+02 0.147E+02 0.188E+02 0.236E+02 0.185E+02 0.299E+02 0.164E+02
       0.324E+02 0.136E+02 0.316E+02 0.108E+02 0.284E+02 0.853E+01 0.241E+02 0.673E+01 0.196E+02 0.533E+01
       0.153E+02 0.422E+01 0.117E+02 0.331E+01 0.875E+01 0.255E+01 0.640E+01 0.194E+01 0.460E+01 0.145E+01
       0.325E+01 0.106E+01 0.185E+01 0.613E+00 0.126E+01 0.433E+00

 DIRECT TRANSITION AMPLITUDES
      LT= 0 0.187E+04 0.620E+03 0.000E+00 0.000E+00 0.000E+00 0.000E+00
      LT= 2 0.791E+02-0.637E+01 0.127E+00 0.588E-01 0.238E-03 0.880E-04


 FFCALE IS CALLED
      INPUT INFORMATION FOR EXCHANGE FORM FACTOR
      LAM1MX,LAM2MX,LAMDMX,MXMAX,MAMAX=    2    0    2    4    4
      NAMIN,NAMAX,NASTEP,XEMSH=    1  120    1     0.100
      INTEGRATION RANGE FOR FINAL EXCH FF=   59
      NBCMI,NBCMX,NBSTPE,XMESH=    1  120    1     0.100
      N2MIN,N2MAX,N2STEP,XEMSH=    1   80    1     0.100
      N1MIN,N1MAX,N1STEP,XEMSH=    1  120    1     0.100
      INTRAN,XMESHE=  300     0.150

      KCETN(1),KCETN(2)=  0  0
      DCHECK SAYS LABT,KJL,KTEN=     87    129   1010


      VV(NH,M1),NH=ISTP(= 30),INTRAN(=300),M1(= 12)  (EFFINT)
 M1=  1-0.139E+01-0.280E-01-0.751E-03-0.226E-04-0.728E-06-0.244E-07-0.840E-09-0.295E-10-0.105E-11-0.381E-13
 M1=  2-0.825E+00-0.162E-01-0.434E-03-0.131E-04-0.420E-06-0.141E-07-0.485E-09-0.170E-10-0.609E-12-0.220E-13
 M1=  3-0.253E+00-0.201E-03-0.217E-06-0.262E-09-0.339E-12-0.456E-15-0.631E-18-0.892E-21-0.128E-23-0.186E-26
 M1=  4-0.815E+00-0.162E-01-0.434E-03-0.131E-04-0.420E-06-0.141E-07-0.485E-09-0.170E-10-0.609E-12-0.220E-13
 M1=  5-0.449E+00-0.935E-02-0.250E-03-0.755E-05-0.243E-06-0.813E-08-0.280E-09-0.984E-11-0.352E-12-0.127E-13
 M1=  6-0.190E+00-0.167E-03-0.180E-06-0.218E-09-0.282E-12-0.379E-15-0.525E-18-0.741E-21-0.106E-23-0.155E-26
 M1=  7-0.630E-02-0.412E-07-0.357E-12-0.348E-17-0.362E-22-0.393E-27-0.438E-32-0.499E-37-0.582E-42 0.000E+00
 M1=  8 0.165E-02 0.108E-07 0.933E-13 0.910E-18 0.947E-23 0.103E-27 0.114E-32 0.130E-37 0.154E-42 0.000E+00
 M1=  9-0.185E-01-0.258E-04-0.279E-07-0.338E-10-0.436E-13-0.587E-16-0.813E-19-0.115E-21-0.165E-24-0.240E-27
 M1= 10-0.122E-01-0.798E-07-0.692E-12-0.675E-17-0.703E-22-0.762E-27-0.849E-32-0.966E-37-0.112E-41 0.000E+00
 M1= 11 0.113E-01 0.736E-07 0.638E-12 0.623E-17 0.648E-22 0.702E-27 0.783E-32 0.891E-37 0.103E-41 0.000E+00
 M1= 12-0.221E-02-0.415E-05-0.449E-08-0.544E-11-0.703E-14-0.945E-17-0.131E-19-0.185E-22-0.265E-25-0.386E-28

 TRANSITION DENSITY FOR KB=  1  INTRAN,ISTP=300 30  (TRECAL)
 N1=  10-0.512E+00-0.734E-02 0.133E-04 0.000E+00 0.000E+00 0.000E+00 0.000E+00 0.000E+00 0.000E+00 0.000E+00
 N1=  50-0.232E-02-0.217E-02 0.162E-03 0.209E-05 0.000E+00 0.000E+00 0.000E+00 0.000E+00 0.000E+00 0.000E+00

 TRANSITION DENSITY FOR KB=  2  INTRAN,ISTP=300 30  (TRECAL)
 N1=  10 0.353E-02-0.477E-02-0.927E-04 0.000E+00 0.000E+00 0.000E+00 0.000E+00 0.000E+00 0.000E+00 0.000E+00
 N1=  50 0.221E-03 0.297E-02-0.264E-03-0.328E-05 0.000E+00 0.000E+00 0.000E+00 0.000E+00 0.000E+00 0.000E+00

 TRANSITION DENSITY FOR KB=  3  INTRAN,ISTP=300 30  (TRECAL)
 N1=  10 0.176E-03 0.469E-02 0.524E-04 0.000E+00 0.000E+00 0.000E+00 0.000E+00 0.000E+00 0.000E+00 0.000E+00
 N1=  50-0.114E-04-0.251E-02 0.300E-03 0.347E-05 0.000E+00 0.000E+00 0.000E+00 0.000E+00 0.000E+00 0.000E+00

 TRANSITION DENSITY FOR KB=  4  INTRAN,ISTP=300 30  (TRECAL)
 N1=  10-0.102E+00-0.129E-02 0.374E-05 0.000E+00 0.000E+00 0.000E+00 0.000E+00 0.000E+00 0.000E+00 0.000E+00
 N1=  50-0.210E-02-0.354E-02 0.463E-04 0.121E-05 0.000E+00 0.000E+00 0.000E+00 0.000E+00 0.000E+00 0.000E+00

 TRANSITION DENSITY FOR KB=  5  INTRAN,ISTP=300 30  (TRECAL)
 N1=  10-0.110E-02 0.103E-03 0.724E-05 0.000E+00 0.000E+00 0.000E+00 0.000E+00 0.000E+00 0.000E+00 0.000E+00
 N1=  50-0.158E-03-0.425E-02-0.122E-05 0.713E-06 0.000E+00 0.000E+00 0.000E+00 0.000E+00 0.000E+00 0.000E+00

 TRANSITION DENSITY FOR KB=  6  INTRAN,ISTP=300 30  (TRECAL)
 N1=  10-0.309E-03-0.152E-02-0.208E-04 0.000E+00 0.000E+00 0.000E+00 0.000E+00 0.000E+00 0.000E+00 0.000E+00
 N1=  50 0.143E-03 0.316E-02-0.104E-03-0.187E-05 0.000E+00 0.000E+00 0.000E+00 0.000E+00 0.000E+00 0.000E+00

 TRANSITION DENSITY FOR KB=  7  INTRAN,ISTP=300 30  (TRECAL)
 N1=  10 0.103E-05 0.176E-03 0.280E-05 0.000E+00 0.000E+00 0.000E+00 0.000E+00 0.000E+00 0.000E+00 0.000E+00
 N1=  50-0.681E-05-0.352E-02-0.296E-04 0.190E-06 0.000E+00 0.000E+00 0.000E+00 0.000E+00 0.000E+00 0.000E+00

 TRANSITION DENSITY FOR KB=  8  INTRAN,ISTP=300 30  (TRECAL)
 N1=  10-0.120E-04-0.397E-03-0.476E-05 0.000E+00 0.000E+00 0.000E+00 0.000E+00 0.000E+00 0.000E+00 0.000E+00
 N1=  50 0.709E-05 0.339E-02-0.856E-05-0.651E-06 0.000E+00 0.000E+00 0.000E+00 0.000E+00 0.000E+00 0.000E+00

 TRANSITION DENSITY FOR KB=  9  INTRAN,ISTP=300 30  (TRECAL)
 N1=  10 0.496E-04 0.112E-02 0.108E-04 0.000E+00 0.000E+00 0.000E+00 0.000E+00 0.000E+00 0.000E+00 0.000E+00
 N1=  50-0.623E-05-0.201E-02 0.149E-03 0.220E-05 0.000E+00 0.000E+00 0.000E+00 0.000E+00 0.000E+00 0.000E+00

      CENTRAL EXCHANGE FORM FACTOR CALCULATION, KCT=  1
      (FFCALE)LAM1MX,LAM2MX,LAMMXD(1,2),NGAUS=  3  1  2  0 32
      (GFAC)LAM3MX,LAMP1X=  3  1
      (GFAC)KGMAX,KCMAX,KAMAX=  6 15  1
      (GFAC)JLSMX,KCT=      87         1

      TENSOR EXCHANGE FORM FACTOR CALCULATION, KCT=  2
      (FFCALE)LAM1MX,LAM2MX,LAMMXD(1,2),NGAUS=  3  1  2  0 32
      (GFAC)LAM3MX,LAMP1X=  3  3
      (GFAC)KGMAX,KCMAX,KAMAX= 18 15  6
      (GFAC)JLSMX,KCT=     129         2
      JLSMX IN PACALD=    87

      AMPE(LBP1,NLT,M1) AT NLT,M1=  1  1
      -0.473E+02 0.166E+02-0.804E+02 0.284E+02-0.997E+02 0.357E+02-0.108E+03 0.412E+02-0.106E+03 0.456E+02
      -0.957E+02 0.483E+02-0.788E+02 0.486E+02-0.582E+02 0.462E+02-0.384E+02 0.409E+02-0.226E+02 0.330E+02
      -0.120E+02 0.244E+02-0.581E+01 0.167E+02-0.264E+01 0.109E+02-0.114E+01 0.689E+01-0.470E+00 0.424E+01
      -0.188E+00 0.256E+01-0.744E-01 0.153E+01-0.306E-01 0.902E+00-0.145E-01 0.530E+00-0.848E-02 0.311E+00
      -0.591E-02 0.182E+00-0.445E-02 0.107E+00-0.332E-02 0.625E-01

      AMPE(LBP1,NLT,M1) AT NLT,M1=  2  1
       0.100E+02-0.225E+01 0.151E+02-0.381E+01 0.149E+02-0.413E+01 0.108E+02-0.359E+01 0.488E+01-0.244E+01
      -0.830E+00-0.738E+00-0.497E+01 0.128E+01-0.686E+01 0.300E+01-0.663E+01 0.415E+01-0.511E+01 0.469E+01
      -0.321E+01 0.460E+01-0.157E+01 0.399E+01-0.490E+00 0.310E+01 0.749E-01 0.223E+01 0.286E+00 0.151E+01
       0.310E+00 0.972E+00 0.257E+00 0.605E+00 0.187E+00 0.366E+00 0.126E+00 0.217E+00 0.797E-01 0.126E+00
       0.485E-01 0.721E-01 0.140E-01 0.205E-01 0.836E-02 0.117E-01

      AMPE(LBP1,NLT,M1) AT NLT,M1=  1  2
       0.000E+00 0.000E+00 0.000E+00 0.000E+00 0.000E+00 0.000E+00 0.000E+00 0.000E+00 0.000E+00 0.000E+00
       0.000E+00 0.000E+00 0.000E+00 0.000E+00 0.000E+00 0.000E+00 0.000E+00 0.000E+00 0.000E+00 0.000E+00
       0.000E+00 0.000E+00 0.000E+00 0.000E+00 0.000E+00 0.000E+00 0.000E+00 0.000E+00 0.000E+00 0.000E+00
       0.000E+00 0.000E+00 0.000E+00 0.000E+00 0.000E+00 0.000E+00 0.000E+00 0.000E+00 0.000E+00 0.000E+00
       0.000E+00 0.000E+00 0.000E+00 0.000E+00 0.000E+00 0.000E+00

      AMPE(LBP1,NLT,M1) AT NLT,M1=  2  2
       0.000E+00 0.000E+00 0.641E+01-0.168E+01 0.127E+02-0.312E+01 0.169E+02-0.465E+01 0.175E+02-0.603E+01
       0.143E+02-0.695E+01 0.844E+01-0.729E+01 0.258E+01-0.675E+01-0.137E+01-0.512E+01-0.295E+01-0.294E+01
      -0.283E+01-0.108E+01-0.199E+01 0.206E-01-0.113E+01 0.470E+00-0.527E+00 0.546E+00-0.185E+00 0.465E+00
      -0.225E-01 0.346E+00 0.384E-01 0.236E+00 0.501E-01 0.152E+00 0.430E-01 0.937E-01 0.313E-01 0.562E-01
       0.208E-01 0.329E-01 0.246E-01 0.352E-01 0.142E-01 0.197E-01

      AMPE(LBP1,NLT,M1) AT NLT,M1=  1  3
       0.000E+00 0.000E+00 0.000E+00 0.000E+00 0.000E+00 0.000E+00 0.000E+00 0.000E+00 0.000E+00 0.000E+00
       0.000E+00 0.000E+00 0.000E+00 0.000E+00 0.000E+00 0.000E+00 0.000E+00 0.000E+00 0.000E+00 0.000E+00
       0.000E+00 0.000E+00 0.000E+00 0.000E+00 0.000E+00 0.000E+00 0.000E+00 0.000E+00 0.000E+00 0.000E+00
       0.000E+00 0.000E+00 0.000E+00 0.000E+00 0.000E+00 0.000E+00 0.000E+00 0.000E+00 0.000E+00 0.000E+00
       0.000E+00 0.000E+00 0.000E+00 0.000E+00 0.000E+00 0.000E+00

      AMPE(LBP1,NLT,M1) AT NLT,M1=  2  3
       0.000E+00 0.000E+00 0.000E+00 0.000E+00-0.528E+01 0.133E+01-0.121E+02 0.306E+01-0.192E+02 0.539E+01
      -0.241E+02 0.813E+01-0.251E+02 0.109E+02-0.219E+02 0.131E+02-0.160E+02 0.139E+02-0.974E+01 0.131E+02
      -0.478E+01 0.109E+02-0.163E+01 0.827E+01-0.166E-01 0.581E+01 0.606E+00 0.386E+01 0.711E+00 0.246E+01
       0.604E+00 0.152E+01 0.445E+00 0.911E+00 0.300E+00 0.535E+00 0.191E+00 0.309E+00 0.116E+00 0.176E+00
       0.685E-01 0.991E-01 0.339E-01 0.478E-01 0.191E-01 0.265E-01
 EXCHANGE TRANSITION AMPLITUDES (NO-RECOIL APPRO.)
      LT= 0-0.621E+03 0.440E+03 0.000E+00 0.000E+00 0.000E+00 0.000E+00
      LT= 2-0.250E+00 0.298E+02-0.121E-01 0.194E-01-0.211E-04 0.454E-04



 ANGLE=  0.0100

               DIRECT      EXCHANGE    TOTAL

 LT=  0       .767E+03    .114E+03    .530E+03
 LT=  2       .124E+01    .175E+00    .133E+01
 TOTAL CS=    .768E+03    .114E+03    .531E+03
