1


                                                       ********************


                                             FORM FACTOR CALCULATION ON PROGRAM SATURN (EFR)


                                                FOR NI( 64)( O( 16), N( 15))CU( 65)
                                                     0  (+)( 0  (+), 1/2(-)) 1/2(-)


                                                       ********************


                                                  KTRLST=  0  0  0  0  0  0  0  0  0  0
                                                  KEXCST=  0  0  0  0  0  0
                                                  KOUTST=  0  0  0  0  0  0  0  0


                              (2J,2L,2S)= ( 1, 2, 1) , ( 1, 0, 1) , (


                              NATOTL,NBMIN,NBMAX         =   15    4   21
                              MESFCA,MESFCB,MGAUS,LDWMAX =    1   10    3   61
                              XMESA=   0.100     XMESB=   1.000
1                                                        BSAXON IS CALLED


          KTRL2,3,4,8=  1  0  2  0   KEX2,4=  300  100

          MOTION BETWEEN NUCLEI WITH (A,Z)=(   1.00   1.00) AND (  64.00  28.00)
          WITH EGES=  6.679  LTR=1  2S=1  2J= 1  NODER=1

                 VSX      VSOR      DFNR     DFNSO       RZR      RZSO       RZC
              60.000     7.000     0.650     0.650     1.200     1.200     1.200

          AMUPMU= 0.0  ACCURACY=0.000100
          NXRAWF=300   NXRA=400   NXRM= 48  XMES2= 0.1000  XBAR= 4.8000

          FINAL VALUE OF THE PARAMETERS. B.E.=   6.67900 VSX=  64.28893
          VSX  HAS VARIED AS  60.0000 62.6145 63.5380 63.9339 64.1181 64.2072 64.2510 64.2727 64.2835


 WAVE FUNCTIONS AT   1.00 FERMI INTERVAL
  -0.3516E-01  -0.2971E+00  -0.2444E+00  -0.5598E-03   0.1289E+00   0.9799E-01   0.4574E-01   0.1900E-01   0.7902E-02   0.3375E-02
   0.1480E-02   0.6648E-03   0.3045E-03   0.1418E-03   0.6702E-04   0.3207E-04   0.1551E-04   0.7576E-05   0.3732E-05   0.1853E-05
   0.9260E-06   0.4658E-06   0.2356E-06   0.1198E-06   0.6121E-07   0.3141E-07   0.1618E-07   0.8370E-08   0.4344E-08   0.2262E-08


 WAVE FUNCTION TIMES R**(-LBTR)
  -0.3516E+00  -0.2701E+00  -0.1164E+00  -0.1806E-03   0.3144E-01   0.1921E-01   0.7499E-02   0.2675E-02   0.9756E-03   0.3708E-03
   0.1466E-03   0.5989E-04   0.2517E-04   0.1083E-04   0.4753E-05   0.2124E-05   0.9634E-06   0.4430E-06   0.2062E-06   0.9699E-07
   0.4607E-07   0.2207E-07   0.1066E-07   0.5186E-08   0.2540E-08   0.1251E-08   0.6201E-09   0.3089E-09   0.1546E-09   0.7773E-10
1                                                        BSAXON IS CALLED


          KTRL2,3,4,8=  1  0  3  0   KEX2,4=  300  100

          MOTION BETWEEN NUCLEI WITH (A,Z)=(   1.00   1.00) AND (  15.00   7.00)
          WITH EGES= 12.126  LTR=1  2S=1  2J= 1  NODER=0

                 VSX      VSOR      DFNR     DFNSO       RZR      RZSO       RZC
              60.000     7.000     0.650     0.650     1.200     1.200     1.200

          AMUPMU= 0.0  ACCURACY=0.000100
          NXRAWF=300   NXRA=400   NXRM= 29  XMES2= 0.1000  XBAR= 2.9595

          FINAL VALUE OF THE PARAMETERS. B.E.=  12.12600 VSX=  61.23841
          VSX  HAS VARIED AS  60.0000 60.6604 60.9602 61.1035 61.1736 61.2083 61.2255 61.2341


 WAVE FUNCTIONS AT   1.00 FERMI INTERVAL
   0.3613E-01   0.3175E+00   0.3258E+00   0.1779E+00   0.7087E-01   0.2611E-01   0.9764E-02   0.3767E-02   0.1495E-02   0.6068E-03
   0.2508E-03   0.1052E-03   0.4464E-04   0.1913E-04   0.8270E-05   0.3601E-05   0.1578E-05   0.6951E-06   0.3077E-06   0.1368E-06
   0.6107E-07   0.2735E-07   0.1229E-07   0.5538E-08   0.2502E-08   0.1133E-08   0.5142E-09   0.2338E-09   0.1065E-09   0.4863E-10


 WAVE FUNCTION TIMES VCENTR+VSPIN
  -0.1999E+01  -0.1776E+02  -0.1464E+02  -0.4249E+01  -0.5463E+00  -0.4964E-01  -0.4189E-02  -0.3553E-03  -0.3072E-04  -0.2706E-05
  -0.2422E-06  -0.2195E-07  -0.2011E-08  -0.1860E-09  -0.1733E-10  -0.1626E-11  -0.1534E-12  -0.1455E-13  -0.1386E-14  -0.1326E-15
  -0.1273E-16  -0.1227E-17  -0.1185E-18  -0.1148E-19  -0.1115E-20  -0.1086E-21  -0.1059E-22  -0.1035E-23  -0.1014E-24  -0.9943E-26


 WAVE FUNCTION TIMES VCENTR+VSPIN TIMES R**(-LBTR)
  -0.1999E+02  -0.1614E+02  -0.6972E+01  -0.1371E+01  -0.1333E+00  -0.9734E-02  -0.6867E-03  -0.5004E-04  -0.3793E-05  -0.2974E-06
  -0.2398E-07  -0.1978E-08  -0.1662E-09  -0.1420E-10  -0.1229E-11  -0.1077E-12  -0.9528E-14  -0.8509E-15  -0.7659E-16  -0.6944E-17
  -0.6335E-18  -0.5814E-19  -0.5363E-20  -0.4971E-21  -0.4628E-22  -0.4326E-23  -0.4058E-24  -0.3820E-25  -0.3608E-26  -0.3417E-27
1                    THE FOLLOWING STATEMENTS ARE ISSUED FROM MONITR



 ******************** THE FOLLOWING QUANTITIES ARE WRITTEN ON TAPE-12


 MASCA,NZCA,KPCA,ICATW,MASCB,NZCB,KPCB,ICBTW=   64   28    0    0   65   29    1    1
 MASCA,NZSA,KPSA,ISATW,MASSB,NZSB,KPSB,ISBTW=   16    8    0    0   15    7    1    1
 JLSMAX,LDWMAX,NBREAD,LBSTTL,KEX1,KEX2      =    2   61   18    2    0    0


 JJTWR(N),LLTWR(N),ISTWR(N)=    1    2    1    1    0    1

 NATOTL,NBMIN,NBMAX,MESFCA,MESFCB,XMESA,XMESB,QVALGR=   15    4   21    1   10      0.10000      1.00000     -5.44700
 ENEPT,VNEPT,VSOR,DFNR,DFNSO,RZR,RZSO,RZC,XMES=   6.68  64.29   7.00   0.65   0.65   1.20   1.20   1.20   0.10
 ENEPT,VNEPT,VSOR,DFNR,DFNSO,RZR,RZSO,RZC,XMES=  12.13  61.24   7.00   0.65   0.65   1.20   1.20   1.20   0.10
1                              ***************     FINITE RANGE KERNEL IS CALLED     ***************


                    NBMIN,NBMAX,NBREAD,NBTOTL,NATOTL,MESFCA,MESFCB=    4   21   18   18   15    1   10
                    KMAX,N1MAX,N2MAX,NGAUS,MGAUS,NGTPMX,NBUFER    =   63  300  300   12    3 8192   4096
                    XMESA,XMESB,XMES(1),XMES(2)=   0.1000   1.0000   0.1000   0.1000
                    S1,S2,T1,T2,XBARSB         =  13.0000  12.8000 -12.1875 -13.0000   2.9595

                    ITAP13,     NBREPT,NBSTEP,NBSTPF=    0    1   18   18
                    KREPT,KSTEP,KSTPF=    5   15    3
 K=  0  RB= 10.0  0.6041E-13  0.1973E-10 -0.4960E-08 -0.2575E-06 -0.4918E-06 -0.2175E-07 -0.1806E-10 -0.4101E-14
 K= 10  RB= 10.0  0.6035E-13  0.1973E-10 -0.4929E-08 -0.2563E-06 -0.4895E-06 -0.2165E-07 -0.1796E-10 -0.4068E-14
 K=  0  RB= 20.0 -0.2528E-17 -0.1102E-15 -0.6070E-14 -0.4175E-12 -0.1909E-10 -0.2475E-10 -0.6855E-12 -0.4088E-15
 K= 10  RB= 20.0 -0.2521E-17 -0.1099E-15 -0.6056E-14 -0.4168E-12 -0.1907E-10 -0.2472E-10 -0.6847E-12 -0.4082E-15
1                                    ********************  FRFMFC IS CALLED  ********************


                    NBMIN,NBMAX,NBREAD,NBTOTL,NATOTL,MESFCA,MESFCB=    4   21   18   18   15    1   10
                    NFBLOK,NGBLOK,KRANGE,NGAB,NGUSE,KMAX          =  540   63    5  270 1350   63
                    LBSTTL               XMESA,XMESB              =    2  0.100  1.000




 DCOE= -0.333333E+00  0.408248E+00
                    OUTPUT OF FORM FACTOR FOR A GIVEN RB AND (LB,L) FROM NA=1 TO NATOTL AT STEPS OF  2

          LA=    0        (LB,L)= (  0, 0)(
  RB=  4.0   0.000E+00  0.000E+00  0.000E+00  0.000E+00 -0.546E-03 -0.150E-04 -0.672E-08 -0.218E-11
  RB=  4.0   0.000E+00  0.000E+00  0.000E+00  0.000E+00  0.000E+00  0.000E+00  0.000E+00  0.000E+00
  RB=  9.0   0.289E-12 -0.154E-09  0.554E-07  0.615E-05  0.788E-06 -0.384E-06 -0.619E-09 -0.248E-12
  RB=  9.0   0.000E+00  0.000E+00  0.000E+00  0.000E+00  0.000E+00  0.000E+00  0.000E+00  0.000E+00
  RB= 14.0  -0.482E-14  0.566E-11  0.306E-09  0.130E-07  0.524E-07 -0.103E-07 -0.118E-09 -0.633E-13
  RB= 14.0   0.000E+00  0.000E+00  0.000E+00  0.000E+00  0.000E+00  0.000E+00  0.000E+00  0.000E+00
  RB= 19.0   0.263E-15  0.124E-13  0.639E-12  0.350E-10  0.769E-09 -0.699E-10 -0.210E-10 -0.226E-13
  RB= 19.0   0.000E+00  0.000E+00  0.000E+00  0.000E+00  0.000E+00  0.000E+00  0.000E+00  0.000E+00

          LA=   15        (LB,L)= ( 15, 1)( 15, 0)(
  RB=  4.0   0.000E+00  0.000E+00  0.000E+00  0.000E+00 -0.568E-03 -0.299E-05 -0.812E-09 -0.203E-12
  RB=  4.0   0.000E+00  0.000E+00  0.000E+00  0.000E+00 -0.277E-02 -0.788E-04 -0.344E-07 -0.108E-10
  RB=  9.0  -0.865E-13  0.729E-10 -0.328E-07 -0.188E-05 -0.274E-05 -0.814E-07 -0.636E-10 -0.207E-13
  RB=  9.0   0.167E-11 -0.843E-09  0.303E-06  0.339E-04  0.443E-05 -0.211E-05 -0.339E-08 -0.135E-11
  RB= 14.0  -0.628E-14 -0.131E-11 -0.542E-10 -0.208E-08 -0.182E-07 -0.324E-08 -0.108E-10 -0.451E-14
  RB= 14.0  -0.272E-13  0.313E-10  0.169E-08  0.720E-07  0.290E-06 -0.569E-07 -0.654E-09 -0.349E-12
  RB= 19.0  -0.423E-16 -0.174E-14 -0.789E-13 -0.388E-11 -0.110E-09 -0.111E-09 -0.202E-11 -0.140E-14
  RB= 19.0   0.146E-14  0.687E-13  0.354E-11  0.194E-09  0.427E-08 -0.387E-09 -0.116E-09 -0.125E-12

          LA=   30        (LB,L)= ( 30, 1)( 30, 0)(
  RB=  4.0   0.000E+00  0.000E+00  0.000E+00  0.000E+00 -0.133E-02 -0.700E-05 -0.177E-08 -0.406E-12
  RB=  4.0   0.000E+00  0.000E+00  0.000E+00  0.000E+00 -0.292E-02 -0.925E-04 -0.379E-07 -0.109E-10
  RB=  9.0  -0.190E-12  0.210E-09 -0.857E-07 -0.501E-05 -0.730E-05 -0.217E-06 -0.168E-09 -0.534E-13
  RB=  9.0   0.252E-11 -0.120E-08  0.414E-06  0.472E-04  0.743E-05 -0.281E-05 -0.452E-08 -0.177E-11
  RB= 14.0  -0.165E-13 -0.352E-11 -0.147E-09 -0.566E-08 -0.496E-07 -0.883E-08 -0.293E-10 -0.122E-13
  RB= 14.0  -0.398E-13  0.436E-10  0.236E-08  0.101E-06  0.420E-06 -0.752E-07 -0.892E-09 -0.475E-12
  RB= 19.0  -0.115E-15 -0.471E-14 -0.215E-12 -0.106E-10 -0.304E-09 -0.306E-09 -0.555E-11 -0.384E-14
  RB= 19.0   0.204E-14  0.961E-13  0.497E-11  0.275E-09  0.615E-08 -0.349E-09 -0.158E-09 -0.172E-12

          LA=   45        (LB,L)= ( 45, 1)( 45, 0)(
  RB=  4.0   0.000E+00  0.000E+00  0.000E+00  0.000E+00 -0.183E-02 -0.975E-05 -0.219E-08 -0.437E-12
  RB=  4.0   0.000E+00  0.000E+00  0.000E+00  0.000E+00 -0.223E-02 -0.851E-04 -0.313E-07 -0.782E-11
  RB=  9.0  -0.219E-12  0.398E-09 -0.142E-06 -0.860E-05 -0.125E-04 -0.372E-06 -0.282E-09 -0.871E-13
  RB=  9.0   0.347E-11 -0.128E-08  0.457E-06  0.538E-04  0.764E-05 -0.327E-05 -0.515E-08 -0.194E-11
  RB= 14.0  -0.275E-13 -0.610E-11 -0.255E-09 -0.993E-08 -0.874E-07 -0.156E-07 -0.514E-10 -0.211E-13
  RB= 14.0  -0.502E-13  0.502E-10  0.273E-08  0.118E-06  0.476E-06 -0.936E-07 -0.107E-08 -0.560E-12
  RB= 19.0  -0.201E-15 -0.827E-14 -0.378E-12 -0.188E-10 -0.538E-09 -0.541E-09 -0.982E-11 -0.677E-14
  RB= 19.0   0.238E-14  0.112E-12  0.582E-11  0.322E-09  0.711E-08 -0.690E-09 -0.196E-09 -0.208E-12

          LA=   60        (LB,L)= ( 60, 1)( 60, 0)(
  RB=  4.0   0.000E+00  0.000E+00  0.000E+00  0.000E+00 -0.190E-02 -0.104E-04 -0.199E-08 -0.327E-12
  RB=  4.0   0.000E+00  0.000E+00  0.000E+00  0.000E+00 -0.116E-02 -0.662E-04 -0.212E-07 -0.437E-11
  RB=  9.0  -0.112E-12  0.639E-09 -0.193E-06 -0.122E-04 -0.177E-04 -0.528E-06 -0.390E-09 -0.115E-12
  RB=  9.0   0.437E-11 -0.133E-08  0.468E-06  0.578E-04  0.849E-05 -0.347E-05 -0.535E-08 -0.192E-11
  RB= 14.0  -0.372E-13 -0.882E-11 -0.372E-09 -0.147E-07 -0.130E-06 -0.232E-07 -0.762E-10 -0.307E-13
  RB= 14.0  -0.608E-13  0.544E-10  0.299E-08  0.130E-06  0.521E-06 -0.105E-06 -0.120E-08 -0.611E-12
  RB= 19.0  -0.297E-15 -0.122E-13 -0.563E-12 -0.283E-10 -0.818E-09 -0.822E-09 -0.149E-10 -0.102E-13
  RB= 19.0   0.261E-14  0.123E-12  0.644E-11  0.359E-09  0.793E-08 -0.885E-09 -0.224E-09 -0.235E-12
