\BOOKMARK [0][-]{chapter.1}{Basic Conventions}{}% 1
\BOOKMARK [1][-]{section.1.1}{Box normalization}{chapter.1}% 2
\BOOKMARK [1][-]{section.1.2}{Normalization convention of bra-ket}{chapter.1}% 3
\BOOKMARK [1][-]{section.1.3}{Note: Resolution}{chapter.1}% 4
\BOOKMARK [0][-]{chapter.2}{Kinematics}{}% 5
\BOOKMARK [1][-]{section.2.1}{Laboratory frame}{chapter.2}% 6
\BOOKMARK [1][-]{section.2.2}{ Lab frame and CM frame}{chapter.2}% 7
\BOOKMARK [2][-]{subsection.2.2.1}{Differential cross section between c.m. frame and lab. frame}{section.2.2}% 8
\BOOKMARK [2][-]{subsection.2.2.2}{Inverse kinematics}{section.2.2}% 9
\BOOKMARK [0][-]{chapter.3}{Formal scattering theory: In momentum space }{}% 10
\BOOKMARK [1][-]{section.3.1}{Formal scattering theory: In-, Out- state and Moller operator}{chapter.3}% 11
\BOOKMARK [1][-]{section.3.2}{LS equation for scattering}{chapter.3}% 12
\BOOKMARK [2][-]{subsection.3.2.1}{Examples}{section.3.2}% 13
\BOOKMARK [2][-]{subsection.3.2.2}{Differential cross section, total cross section and Optical theorem}{section.3.2}% 14
\BOOKMARK [2][-]{subsection.3.2.3}{cross section again: relativistic}{section.3.2}% 15
\BOOKMARK [2][-]{subsection.3.2.4}{LS equation for bound state}{section.3.2}% 16
\BOOKMARK [2][-]{subsection.3.2.5}{Bound-state . scattering state . ...}{section.3.2}% 17
\BOOKMARK [2][-]{subsection.3.2.6}{\(-\)\(R\)?}{section.3.2}% 18
\BOOKMARK [0][-]{chapter.4}{Partial wave decomposition}{}% 19
\BOOKMARK [1][-]{section.4.1}{Basic relations}{chapter.4}% 20
\BOOKMARK [1][-]{section.4.2}{Partial wave expansion of plane wave}{chapter.4}% 21
\BOOKMARK [1][-]{section.4.3}{Scattering wave for short range interaction}{chapter.4}% 22
\BOOKMARK [2][-]{subsection.4.3.1}{How to get the phase shift from the Schr\366dinger equation}{section.4.3}% 23
\BOOKMARK [2][-]{subsection.4.3.2}{Phase shift and potential}{section.4.3}% 24
\BOOKMARK [2][-]{subsection.4.3.3}{Resonance}{section.4.3}% 25
\BOOKMARK [2][-]{subsection.4.3.4}{Bra-Ket representation in partial wave expansion}{section.4.3}% 26
\BOOKMARK [1][-]{section.4.4}{Time reversal invariance and the choice of convention}{chapter.4}% 27
\BOOKMARK [2][-]{subsection.4.4.1}{Relation between incoming and outgoing boundary condition wave function.}{section.4.4}% 28
\BOOKMARK [1][-]{section.4.5}{Partial wave Decomposition}{chapter.4}% 29
\BOOKMARK [2][-]{subsection.4.5.1}{Partial wave decomposition convention }{section.4.5}% 30
\BOOKMARK [2][-]{subsection.4.5.2}{Partial wave expressions}{section.4.5}% 31
\BOOKMARK [2][-]{subsection.4.5.3}{Partial wave decomposition of LS equation and convention dependence }{section.4.5}% 32
\BOOKMARK [2][-]{subsection.4.5.4}{Relation between T-matrix and K-matrix}{section.4.5}% 33
\BOOKMARK [2][-]{subsection.4.5.5}{Integral representation of scattering amplitudes}{section.4.5}% 34
\BOOKMARK [1][-]{section.4.6}{Optical potential case:}{chapter.4}% 35
\BOOKMARK [2][-]{subsection.4.6.1}{s=0 case}{section.4.6}% 36
\BOOKMARK [2][-]{subsection.4.6.2}{s=12 case}{section.4.6}% 37
\BOOKMARK [2][-]{subsection.4.6.3}{s=1 case}{section.4.6}% 38
\BOOKMARK [0][-]{chapter.5}{Distorted Wave Born Approximation}{}% 39
\BOOKMARK [1][-]{section.5.1}{Derivation of DWBA}{chapter.5}% 40
\BOOKMARK [2][-]{subsection.5.1.1}{Green's function method in DWBA}{section.5.1}% 41
\BOOKMARK [1][-]{section.5.2}{Two potential formula and DWBA}{chapter.5}% 42
\BOOKMARK [2][-]{subsection.5.2.1}{derivation of DWBA for 2-body scattering: method 1}{section.5.2}% 43
\BOOKMARK [2][-]{subsection.5.2.2}{derivation of DWBA for 2-body scattering: method 2}{section.5.2}% 44
\BOOKMARK [1][-]{section.5.3}{Watson's series}{chapter.5}% 45
\BOOKMARK [0][-]{chapter.6}{NN potential}{}% 46
\BOOKMARK [1][-]{section.6.1}{NN potential}{chapter.6}% 47
\BOOKMARK [2][-]{subsection.6.1.1}{spin and isospin}{section.6.1}% 48
\BOOKMARK [2][-]{subsection.6.1.2}{Isospin structures}{section.6.1}% 49
\BOOKMARK [2][-]{subsection.6.1.3}{Operators}{section.6.1}% 50
\BOOKMARK [2][-]{subsection.6.1.4}{Partial wave decomposition of two-body potential in momentum space}{section.6.1}% 51
\BOOKMARK [2][-]{subsection.6.1.5}{Partial wave matrix elements in coordinate space}{section.6.1}% 52
\BOOKMARK [2][-]{subsection.6.1.6}{Separable potential solution}{section.6.1}% 53
\BOOKMARK [1][-]{section.6.2}{Bethe-Salpeter equation: Relativistic scattering amplitude}{chapter.6}% 54
\BOOKMARK [1][-]{section.6.3}{Meson exchange potential}{chapter.6}% 55
\BOOKMARK [0][-]{chapter.7}{NN phase shift}{}% 56
\BOOKMARK [1][-]{section.7.1}{NN phase shift}{chapter.7}% 57
\BOOKMARK [2][-]{subsection.7.1.1}{Effective Range Theory}{section.7.1}% 58
\BOOKMARK [2][-]{subsection.7.1.2}{Levinson's theorem }{section.7.1}% 59
\BOOKMARK [2][-]{subsection.7.1.3}{Unitarity and parametrization of S-matrix }{section.7.1}% 60
\BOOKMARK [2][-]{subsection.7.1.4}{Uncoupled channel}{section.7.1}% 61
\BOOKMARK [2][-]{subsection.7.1.5}{Stapp parametrization or bar parametrization}{section.7.1}% 62
\BOOKMARK [2][-]{subsection.7.1.6}{Blatt parametrization}{section.7.1}% 63
\BOOKMARK [2][-]{subsection.7.1.7}{Analytic property}{section.7.1}% 64
\BOOKMARK [2][-]{subsection.7.1.8}{Jost function}{section.7.1}% 65
\BOOKMARK [2][-]{subsection.7.1.9}{In K-matrix}{section.7.1}% 66
\BOOKMARK [2][-]{subsection.7.1.10}{Effective range function}{section.7.1}% 67
\BOOKMARK [2][-]{subsection.7.1.11}{partial wave decompose for s-matrix, scattering amplitude}{section.7.1}% 68
\BOOKMARK [2][-]{subsection.7.1.12}{Differential equation}{section.7.1}% 69
\BOOKMARK [2][-]{subsection.7.1.13}{K-matrix equation}{section.7.1}% 70
\BOOKMARK [1][-]{section.7.2}{Asymptotic form of scattering wave}{chapter.7}% 71
\BOOKMARK [2][-]{subsection.7.2.1}{cross section}{section.7.2}% 72
\BOOKMARK [2][-]{subsection.7.2.2}{Coupled equations}{section.7.2}% 73
\BOOKMARK [2][-]{subsection.7.2.3}{Deuteron . ..}{section.7.2}% 74
\BOOKMARK [1][-]{section.7.3}{Electromagnetic Interaction between nucleon}{chapter.7}% 75
\BOOKMARK [1][-]{section.7.4}{Coulomb scattering}{chapter.7}% 76
\BOOKMARK [2][-]{subsection.7.4.1}{Classical Mechanics}{section.7.4}% 77
\BOOKMARK [2][-]{subsection.7.4.2}{Full Solution: Parabolic Coordinate}{section.7.4}% 78
\BOOKMARK [2][-]{subsection.7.4.3}{Coulomb wave function: Spherical Coordinates, partial wave}{section.7.4}% 79
\BOOKMARK [2][-]{subsection.7.4.4}{Partial Wave expansion}{section.7.4}% 80
\BOOKMARK [2][-]{subsection.7.4.5}{Screening}{section.7.4}% 81
\BOOKMARK [2][-]{subsection.7.4.6}{Strong interaction+Coulomb}{section.7.4}% 82
\BOOKMARK [2][-]{subsection.7.4.7}{Differential Cross Section}{section.7.4}% 83
\BOOKMARK [2][-]{subsection.7.4.8}{Identical particle scattering}{section.7.4}% 84
\BOOKMARK [2][-]{subsection.7.4.9}{identical fermion with spin scattering }{section.7.4}% 85
\BOOKMARK [0][-]{chapter.8}{Cross Section}{}% 86
\BOOKMARK [1][-]{section.8.1}{S-matrix phase shift parametrization}{chapter.8}% 87
\BOOKMARK [1][-]{section.8.2}{S-matrix and scattering amplitude}{chapter.8}% 88
\BOOKMARK [1][-]{section.8.3}{pp scattering case}{chapter.8}% 89
\BOOKMARK [1][-]{section.8.4}{total cross section}{chapter.8}% 90
\BOOKMARK [1][-]{section.8.5}{N-D scattering case}{chapter.8}% 91
\BOOKMARK [0][-]{chapter.9}{Numerical Method}{}% 92
\BOOKMARK [1][-]{section.9.1}{Numerical method}{chapter.9}% 93
\BOOKMARK [2][-]{subsection.9.1.1}{Configuration space}{section.9.1}% 94
\BOOKMARK [2][-]{subsection.9.1.2}{How to solve differential equation: Homogeneous equation }{section.9.1}% 95
\BOOKMARK [2][-]{subsection.9.1.3}{How to solve differential equation: Inhomogeneous equation }{section.9.1}% 96
\BOOKMARK [2][-]{subsection.9.1.4}{Coupled Equation}{section.9.1}% 97
\BOOKMARK [2][-]{subsection.9.1.5}{Bound state case}{section.9.1}% 98
\BOOKMARK [2][-]{subsection.9.1.6}{Coupled channel bound state in reaction theory}{section.9.1}% 99
\BOOKMARK [2][-]{subsection.9.1.7}{Numerov method}{section.9.1}% 100
\BOOKMARK [2][-]{subsection.9.1.8}{Short distance behavior in Schrodinger equation }{section.9.1}% 101
\BOOKMARK [1][-]{section.9.2}{Momentum space calculation}{chapter.9}% 102
\BOOKMARK [2][-]{subsection.9.2.1}{Momentum space LS equation}{section.9.2}% 103
\BOOKMARK [1][-]{section.9.3}{BHF\(Bruckner Hartree-Fock\) calculation for nuclear matter}{chapter.9}% 104
\BOOKMARK [1][-]{section.9.4}{Identical particles scattering}{chapter.9}% 105
\BOOKMARK [1][-]{section.9.5}{Spline method}{chapter.9}% 106
\BOOKMARK [2][-]{subsection.9.5.1}{Cubic Hermite spline}{section.9.5}% 107
\BOOKMARK [2][-]{subsection.9.5.2}{Discretizing Differential equation}{section.9.5}% 108
\BOOKMARK [2][-]{subsection.9.5.3}{Explicit form of matrix equation}{section.9.5}% 109
\BOOKMARK [2][-]{subsection.9.5.4}{Special case: perturbation}{section.9.5}% 110
\BOOKMARK [2][-]{subsection.9.5.5}{Practical implementation }{section.9.5}% 111
\BOOKMARK [2][-]{subsection.9.5.6}{Lanczos method: iteration method}{section.9.5}% 112
\BOOKMARK [1][-]{section.9.6}{T-amplitude with two different potential \(Alternate derivation of DWBA\) }{chapter.9}% 113
\BOOKMARK [1][-]{section.9.7}{Chiral EFT potential up to NLO}{chapter.9}% 114
\BOOKMARK [0][-]{chapter.10}{Semi-classical scattering}{}% 115
\BOOKMARK [1][-]{section.10.1}{Classical scattering}{chapter.10}% 116
\BOOKMARK [2][-]{subsection.10.1.1}{deflection function}{section.10.1}% 117
\BOOKMARK [1][-]{section.10.2}{Semiclassical \(WKB\)}{chapter.10}% 118
\BOOKMARK [0][-]{chapter.11}{Supplements}{}% 119
\BOOKMARK [1][-]{section.11.1}{Common special functions}{chapter.11}% 120
\BOOKMARK [2][-]{subsection.11.1.1}{Coulomb functions}{section.11.1}% 121
\BOOKMARK [2][-]{subsection.11.1.2}{Spherical Bessel functions}{section.11.1}% 122
\BOOKMARK [2][-]{subsection.11.1.3}{Spherical Harmonics and Legendre Polynomial}{section.11.1}% 123
