This is pdfTeX, Version 3.14159265-2.6-1.40.20 (TeX Live 2019/W32TeX) (preloaded format=pdflatex 2019.8.13)  29 JAN 2021 13:21
entering extended mode
 restricted \write18 enabled.
 %&-line parsing enabled.
**scattering_theory_note_1_2body_150612.tex
(./scattering_theory_note_1_2body_150612.tex
LaTeX2e <2018-12-01>
(c:/texlive/2019/texmf-dist/tex/latex/base/book.cls
Document Class: book 2018/09/03 v1.4i Standard LaTeX document class
(c:/texlive/2019/texmf-dist/tex/latex/base/bk10.clo
File: bk10.clo 2018/09/03 v1.4i Standard LaTeX file (size option)
)
\c@part=\count80
\c@chapter=\count81
\c@section=\count82
\c@subsection=\count83
\c@subsubsection=\count84
\c@paragraph=\count85
\c@subparagraph=\count86
\c@figure=\count87
\c@table=\count88
\abovecaptionskip=\skip41
\belowcaptionskip=\skip42
\bibindent=\dimen102
)
(c:/texlive/2019/texmf-dist/tex/latex/hyperref/hyperref.sty
Package: hyperref 2019/06/12 v6.88h Hypertext links for LaTeX

(c:/texlive/2019/texmf-dist/tex/generic/oberdiek/hobsub-hyperref.sty
Package: hobsub-hyperref 2016/05/16 v1.14 Bundle oberdiek, subset hyperref (HO)


(c:/texlive/2019/texmf-dist/tex/generic/oberdiek/hobsub-generic.sty
Package: hobsub-generic 2016/05/16 v1.14 Bundle oberdiek, subset generic (HO)
Package: hobsub 2016/05/16 v1.14 Construct package bundles (HO)
Package: infwarerr 2016/05/16 v1.4 Providing info/warning/error messages (HO)
Package: ltxcmds 2016/05/16 v1.23 LaTeX kernel commands for general use (HO)
Package: ifluatex 2016/05/16 v1.4 Provides the ifluatex switch (HO)
Package ifluatex Info: LuaTeX not detected.
Package: ifvtex 2016/05/16 v1.6 Detect VTeX and its facilities (HO)
Package ifvtex Info: VTeX not detected.
Package: intcalc 2016/05/16 v1.2 Expandable calculations with integers (HO)
Package: ifpdf 2018/09/07 v3.3 Provides the ifpdf switch
Package: etexcmds 2016/05/16 v1.6 Avoid name clashes with e-TeX commands (HO)
Package: kvsetkeys 2016/05/16 v1.17 Key value parser (HO)
Package: kvdefinekeys 2016/05/16 v1.4 Define keys (HO)
Package: pdftexcmds 2019/07/25 v0.30 Utility functions of pdfTeX for LuaTeX (HO
)
Package pdftexcmds Info: LuaTeX not detected.
Package pdftexcmds Info: \pdf@primitive is available.
Package pdftexcmds Info: \pdf@ifprimitive is available.
Package pdftexcmds Info: \pdfdraftmode found.
Package: pdfescape 2016/05/16 v1.14 Implements pdfTeX's escape features (HO)
Package: bigintcalc 2016/05/16 v1.4 Expandable calculations on big integers (HO
)
Package: bitset 2016/05/16 v1.2 Handle bit-vector datatype (HO)
Package: uniquecounter 2016/05/16 v1.3 Provide unlimited unique counter (HO)
)
Package hobsub Info: Skipping package `hobsub' (already loaded).
Package: letltxmacro 2016/05/16 v1.5 Let assignment for LaTeX macros (HO)
Package: hopatch 2016/05/16 v1.3 Wrapper for package hooks (HO)
Package: xcolor-patch 2016/05/16 xcolor patch
Package: atveryend 2016/05/16 v1.9 Hooks at the very end of document (HO)
Package atveryend Info: \enddocument detected (standard20110627).
Package: atbegshi 2016/06/09 v1.18 At begin shipout hook (HO)
Package: refcount 2016/05/16 v3.5 Data extraction from label references (HO)
Package: hycolor 2016/05/16 v1.8 Color options for hyperref/bookmark (HO)
)
(c:/texlive/2019/texmf-dist/tex/latex/graphics/keyval.sty
Package: keyval 2014/10/28 v1.15 key=value parser (DPC)
\KV@toks@=\toks14
)
(c:/texlive/2019/texmf-dist/tex/generic/ifxetex/ifxetex.sty
Package: ifxetex 2010/09/12 v0.6 Provides ifxetex conditional
)
(c:/texlive/2019/texmf-dist/tex/latex/oberdiek/auxhook.sty
Package: auxhook 2016/05/16 v1.4 Hooks for auxiliary files (HO)
)
(c:/texlive/2019/texmf-dist/tex/latex/oberdiek/kvoptions.sty
Package: kvoptions 2016/05/16 v3.12 Key value format for package options (HO)
)
\@linkdim=\dimen103
\Hy@linkcounter=\count89
\Hy@pagecounter=\count90

(c:/texlive/2019/texmf-dist/tex/latex/hyperref/pd1enc.def
File: pd1enc.def 2019/06/12 v6.88h Hyperref: PDFDocEncoding definition (HO)
Now handling font encoding PD1 ...
... no UTF-8 mapping file for font encoding PD1
)
\Hy@SavedSpaceFactor=\count91

(c:/texlive/2019/texmf-dist/tex/latex/latexconfig/hyperref.cfg
File: hyperref.cfg 2002/06/06 v1.2 hyperref configuration of TeXLive
)
Package hyperref Info: Option `bookmarks' set `true' on input line 4424.
Package hyperref Info: Hyper figures OFF on input line 4550.
Package hyperref Info: Link nesting OFF on input line 4555.
Package hyperref Info: Hyper index ON on input line 4558.
Package hyperref Info: Plain pages OFF on input line 4565.
Package hyperref Info: Backreferencing OFF on input line 4570.
Package hyperref Info: Implicit mode ON; LaTeX internals redefined.
Package hyperref Info: Bookmarks ON on input line 4803.
\c@Hy@tempcnt=\count92

(c:/texlive/2019/texmf-dist/tex/latex/url/url.sty
\Urlmuskip=\muskip10
Package: url 2013/09/16  ver 3.4  Verb mode for urls, etc.
)
LaTeX Info: Redefining \url on input line 5156.
\XeTeXLinkMargin=\dimen104
\Fld@menulength=\count93
\Field@Width=\dimen105
\Fld@charsize=\dimen106
Package hyperref Info: Hyper figures OFF on input line 6411.
Package hyperref Info: Link nesting OFF on input line 6416.
Package hyperref Info: Hyper index ON on input line 6419.
Package hyperref Info: backreferencing OFF on input line 6426.
Package hyperref Info: Link coloring OFF on input line 6431.
Package hyperref Info: Link coloring with OCG OFF on input line 6436.
Package hyperref Info: PDF/A mode OFF on input line 6441.
LaTeX Info: Redefining \ref on input line 6481.
LaTeX Info: Redefining \pageref on input line 6485.
\Hy@abspage=\count94
\c@Item=\count95
\c@Hfootnote=\count96
)
Package hyperref Info: Driver (autodetected): hpdftex.

(c:/texlive/2019/texmf-dist/tex/latex/hyperref/hpdftex.def
File: hpdftex.def 2019/06/12 v6.88h Hyperref driver for pdfTeX
\Fld@listcount=\count97
\c@bookmark@seq@number=\count98

(c:/texlive/2019/texmf-dist/tex/latex/oberdiek/rerunfilecheck.sty
Package: rerunfilecheck 2016/05/16 v1.8 Rerun checks for auxiliary files (HO)
Package uniquecounter Info: New unique counter `rerunfilecheck' on input line 2
82.
)
\Hy@SectionHShift=\skip43
)
(c:/texlive/2019/texmf-dist/tex/latex/cjk-ko/kotex.sty
Package: kotex 2015/04/19 v1.6 Korean TeX (ko.TeX)

(c:/texlive/2019/texmf-dist/tex/latex/kotex-utf/kotex.cfg)
(c:/texlive/2019/texmf-dist/tex/latex/kotex-utf/kotexutf.sty
Package: kotexutf 2015/07/18 v2.1.1 typesetting UTF-8 Korean documents

(c:/texlive/2019/texmf-dist/tex/latex/base/inputenc.sty
Package: inputenc 2018/08/11 v1.3c Input encoding file
\inpenc@prehook=\toks15
\inpenc@posthook=\toks16
)
(c:/texlive/2019/texmf-dist/tex/plain/kotex-plain/kotexutf-core.tex
\unih@ngulpoint=\count99
\dhucs@emph@raise=\dimen107
)
Now handling font encoding LUC ...
... processing UTF-8 mapping file for font encoding LUC

(c:/texlive/2019/texmf-dist/tex/latex/kotex-utf/lucenc.dfu
File: lucenc.dfu 2007/09/05 UTF-8 support for dhucs
   defining Unicode char U+00B7 (decimal 183)
   defining Unicode char U+2018 (decimal 8216)
   defining Unicode char U+2019 (decimal 8217)
   defining Unicode char U+201C (decimal 8220)
   defining Unicode char U+201D (decimal 8221)
   defining Unicode char U+3001 (decimal 12289)
   defining Unicode char U+3002 (decimal 12290)
   defining Unicode char U+3008 (decimal 12296)
   defining Unicode char U+3009 (decimal 12297)
   defining Unicode char U+300A (decimal 12298)
   defining Unicode char U+300B (decimal 12299)
   defining Unicode char U+300C (decimal 12300)
   defining Unicode char U+300D (decimal 12301)
   defining Unicode char U+300E (decimal 12302)
   defining Unicode char U+300F (decimal 12303)
   defining Unicode char U+3010 (decimal 12304)
   defining Unicode char U+3011 (decimal 12305)
   defining Unicode char U+3014 (decimal 12308)
   defining Unicode char U+3015 (decimal 12309)
   defining Unicode char U+3016 (decimal 12310)
   defining Unicode char U+3017 (decimal 12311)
   defining Unicode char U+3018 (decimal 12312)
   defining Unicode char U+3019 (decimal 12313)
   defining Unicode char U+301A (decimal 12314)
   defining Unicode char U+301B (decimal 12315)
   defining Unicode char U+FF01 (decimal 65281)
   defining Unicode char U+FF08 (decimal 65288)
   defining Unicode char U+FF09 (decimal 65289)
   defining Unicode char U+FF0C (decimal 65292)
   defining Unicode char U+FF0E (decimal 65294)
   defining Unicode char U+FF1A (decimal 65306)
   defining Unicode char U+FF1B (decimal 65307)
   defining Unicode char U+FF1C (decimal 65308)
   defining Unicode char U+FF1D (decimal 65309)
   defining Unicode char U+FF1E (decimal 65310)
   defining Unicode char U+FF1F (decimal 65311)
   defining Unicode char U+FF3B (decimal 65339)
   defining Unicode char U+FF3D (decimal 65341)
   defining Unicode char U+FF5B (decimal 65371)
   defining Unicode char U+FF5D (decimal 65373)
   defining Unicode char U+FF61 (decimal 65377)
   defining Unicode char U+FF62 (decimal 65378)
   defining Unicode char U+FF63 (decimal 65379)
   defining Unicode char U+FF64 (decimal 65380)
   defining Unicode char U+FF65 (decimal 65381)
)
\@josa=\count100
\josatoks=\toks17

(c:/texlive/2019/texmf-dist/tex/latex/cjk-ko/kolabels-utf.sty
Package: kolabels-utf 2015/03/20 v1.5 UTF-8 Hangul item labels
)))
(c:/texlive/2019/texmf-dist/tex/latex/geometry/geometry.sty
Package: geometry 2018/04/16 v5.8 Page Geometry
\Gm@cnth=\count101
\Gm@cntv=\count102
\c@Gm@tempcnt=\count103
\Gm@bindingoffset=\dimen108
\Gm@wd@mp=\dimen109
\Gm@odd@mp=\dimen110
\Gm@even@mp=\dimen111
\Gm@layoutwidth=\dimen112
\Gm@layoutheight=\dimen113
\Gm@layouthoffset=\dimen114
\Gm@layoutvoffset=\dimen115
\Gm@dimlist=\toks18
)
(c:/texlive/2019/texmf-dist/tex/latex/graphics/graphicx.sty
Package: graphicx 2017/06/01 v1.1a Enhanced LaTeX Graphics (DPC,SPQR)

(c:/texlive/2019/texmf-dist/tex/latex/graphics/graphics.sty
Package: graphics 2017/06/25 v1.2c Standard LaTeX Graphics (DPC,SPQR)

(c:/texlive/2019/texmf-dist/tex/latex/graphics/trig.sty
Package: trig 2016/01/03 v1.10 sin cos tan (DPC)
)
(c:/texlive/2019/texmf-dist/tex/latex/graphics-cfg/graphics.cfg
File: graphics.cfg 2016/06/04 v1.11 sample graphics configuration
)
Package graphics Info: Driver file: pdftex.def on input line 99.

(c:/texlive/2019/texmf-dist/tex/latex/graphics-def/pdftex.def
File: pdftex.def 2018/01/08 v1.0l Graphics/color driver for pdftex
))
\Gin@req@height=\dimen116
\Gin@req@width=\dimen117
)
(c:/texlive/2019/texmf-dist/tex/latex/booktabs/booktabs.sty
Package: booktabs 2016/04/27 v1.618033 publication quality tables
\heavyrulewidth=\dimen118
\lightrulewidth=\dimen119
\cmidrulewidth=\dimen120
\belowrulesep=\dimen121
\belowbottomsep=\dimen122
\aboverulesep=\dimen123
\abovetopsep=\dimen124
\cmidrulesep=\dimen125
\cmidrulekern=\dimen126
\defaultaddspace=\dimen127
\@cmidla=\count104
\@cmidlb=\count105
\@aboverulesep=\dimen128
\@belowrulesep=\dimen129
\@thisruleclass=\count106
\@lastruleclass=\count107
\@thisrulewidth=\dimen130
)
(c:/texlive/2019/texmf-dist/tex/latex/tools/array.sty
Package: array 2018/12/30 v2.4k Tabular extension package (FMi)
\col@sep=\dimen131
\ar@mcellbox=\box27
\extrarowheight=\dimen132
\NC@list=\toks19
\extratabsurround=\skip44
\backup@length=\skip45
\ar@cellbox=\box28
)
(c:/texlive/2019/texmf-dist/tex/latex/paralist/paralist.sty
Package: paralist 2017/01/22 v2.7 Extended list environments
\pltopsep=\skip46
\plpartopsep=\skip47
\plitemsep=\skip48
\plparsep=\skip49
\pl@lab=\toks20
)
(c:/texlive/2019/texmf-dist/tex/latex/tools/verbatim.sty
Package: verbatim 2014/10/28 v1.5q LaTeX2e package for verbatim enhancements
\every@verbatim=\toks21
\verbatim@line=\toks22
\verbatim@in@stream=\read1
)
(c:/texlive/2019/texmf-dist/tex/latex/subfig/subfig.sty
Package: subfig 2005/06/28 ver: 1.3 subfig package

(c:/texlive/2019/texmf-dist/tex/latex/caption/caption.sty
Package: caption 2018/10/06 v3.3-154 Customizing captions (AR)

(c:/texlive/2019/texmf-dist/tex/latex/caption/caption3.sty
Package: caption3 2018/09/12 v1.8c caption3 kernel (AR)
Package caption3 Info: TeX engine: e-TeX on input line 64.
\captionmargin=\dimen133
\captionmargin@=\dimen134
\captionwidth=\dimen135
\caption@tempdima=\dimen136
\caption@indent=\dimen137
\caption@parindent=\dimen138
\caption@hangindent=\dimen139
)
\c@caption@flags=\count108
\c@ContinuedFloat=\count109
Package caption Info: hyperref package is loaded.
)
\c@KVtest=\count110
\sf@farskip=\skip50
\sf@captopadj=\dimen140
\sf@capskip=\skip51
\sf@nearskip=\skip52
\c@subfigure=\count111
\c@subfigure@save=\count112
\c@lofdepth=\count113
\c@subtable=\count114
\c@subtable@save=\count115
\c@lotdepth=\count116
\sf@top=\skip53
\sf@bottom=\skip54
)
(c:/texlive/2019/texmf-dist/tex/latex/fancyhdr/fancyhdr.sty
Package: fancyhdr 2019/01/31 v3.10 Extensive control of page headers and footer
s
\f@nch@headwidth=\skip55
\f@nch@O@elh=\skip56
\f@nch@O@erh=\skip57
\f@nch@O@olh=\skip58
\f@nch@O@orh=\skip59
\f@nch@O@elf=\skip60
\f@nch@O@erf=\skip61
\f@nch@O@olf=\skip62
\f@nch@O@orf=\skip63
)
(c:/texlive/2019/texmf-dist/tex/latex/sectsty/sectsty.sty
Package: sectsty 2002/02/25 v2.0.2 Commands to change all sectional heading sty
les
)
(c:/texlive/2019/texmf-dist/tex/latex/tocbibind/tocbibind.sty
Package: tocbibind 2010/10/13 v1.5k extra ToC listings
Package tocbibind Info: The document has chapter divisions on input line 50.


Package tocbibind Note: Using chapter style headings, unless overridden.

) (c:/texlive/2019/texmf-dist/tex/latex/tocloft/tocloft.sty
Package: tocloft 2017/08/31 v2.3i parameterised ToC, etc., typesetting
Package tocloft Info: The document has chapter divisions on input line 51.
\cftparskip=\skip64
\cftbeforetoctitleskip=\skip65
\cftaftertoctitleskip=\skip66
\cftbeforepartskip=\skip67
\cftpartnumwidth=\skip68
\cftpartindent=\skip69
\cftbeforechapskip=\skip70
\cftchapindent=\skip71
\cftchapnumwidth=\skip72
\cftbeforesecskip=\skip73
\cftsecindent=\skip74
\cftsecnumwidth=\skip75
\cftbeforesubsecskip=\skip76
\cftsubsecindent=\skip77
\cftsubsecnumwidth=\skip78
\cftbeforesubsubsecskip=\skip79
\cftsubsubsecindent=\skip80
\cftsubsubsecnumwidth=\skip81
\cftbeforeparaskip=\skip82
\cftparaindent=\skip83
\cftparanumwidth=\skip84
\cftbeforesubparaskip=\skip85
\cftsubparaindent=\skip86
\cftsubparanumwidth=\skip87
\cftbeforeloftitleskip=\skip88
\cftafterloftitleskip=\skip89
\cftbeforefigskip=\skip90
\cftfigindent=\skip91
\cftfignumwidth=\skip92
\cftbeforelottitleskip=\skip93
\cftafterlottitleskip=\skip94
\cftbeforetabskip=\skip95
\cfttabindent=\skip96
\cfttabnumwidth=\skip97
\cftbeforesubfigskip=\skip98
\cftsubfigindent=\skip99
\cftsubfignumwidth=\skip100
\cftbeforesubtabskip=\skip101
\cftsubtabindent=\skip102
\cftsubtabnumwidth=\skip103
)
(c:/texlive/2019/texmf-dist/tex/latex/amsmath/amsmath.sty
Package: amsmath 2018/12/01 v2.17b AMS math features
\@mathmargin=\skip104

For additional information on amsmath, use the `?' option.
(c:/texlive/2019/texmf-dist/tex/latex/amsmath/amstext.sty
Package: amstext 2000/06/29 v2.01 AMS text

(c:/texlive/2019/texmf-dist/tex/latex/amsmath/amsgen.sty
File: amsgen.sty 1999/11/30 v2.0 generic functions
\@emptytoks=\toks23
\ex@=\dimen141
))
(c:/texlive/2019/texmf-dist/tex/latex/amsmath/amsbsy.sty
Package: amsbsy 1999/11/29 v1.2d Bold Symbols
\pmbraise@=\dimen142
)
(c:/texlive/2019/texmf-dist/tex/latex/amsmath/amsopn.sty
Package: amsopn 2016/03/08 v2.02 operator names
)
\inf@bad=\count117
LaTeX Info: Redefining \frac on input line 223.
\uproot@=\count118
\leftroot@=\count119
LaTeX Info: Redefining \overline on input line 385.
\classnum@=\count120
\DOTSCASE@=\count121
LaTeX Info: Redefining \ldots on input line 482.
LaTeX Info: Redefining \dots on input line 485.
LaTeX Info: Redefining \cdots on input line 606.
\Mathstrutbox@=\box29
\strutbox@=\box30
\big@size=\dimen143
LaTeX Font Info:    Redeclaring font encoding OML on input line 729.
LaTeX Font Info:    Redeclaring font encoding OMS on input line 730.
\macc@depth=\count122
\c@MaxMatrixCols=\count123
\dotsspace@=\muskip11
\c@parentequation=\count124
\dspbrk@lvl=\count125
\tag@help=\toks24
\row@=\count126
\column@=\count127
\maxfields@=\count128
\andhelp@=\toks25
\eqnshift@=\dimen144
\alignsep@=\dimen145
\tagshift@=\dimen146
\tagwidth@=\dimen147
\totwidth@=\dimen148
\lineht@=\dimen149
\@envbody=\toks26
\multlinegap=\skip105
\multlinetaggap=\skip106
\mathdisplay@stack=\toks27
LaTeX Info: Redefining \[ on input line 2844.
LaTeX Info: Redefining \] on input line 2845.
)
(c:/texlive/2019/texmf-dist/tex/latex/amsfonts/amssymb.sty
Package: amssymb 2013/01/14 v3.01 AMS font symbols

(c:/texlive/2019/texmf-dist/tex/latex/amsfonts/amsfonts.sty
Package: amsfonts 2013/01/14 v3.01 Basic AMSFonts support
\symAMSa=\mathgroup4
\symAMSb=\mathgroup5
LaTeX Font Info:    Overwriting math alphabet `\mathfrak' in version `bold'
(Font)                  U/euf/m/n --> U/euf/b/n on input line 106.
))
(c:/texlive/2019/texmf-dist/tex/latex/graphics/epsfig.sty
Package: epsfig 2017/06/25 v1.7b (e)psfig emulation (SPQR)
\epsfxsize=\dimen150
\epsfysize=\dimen151
)
(c:/texlive/2019/texmf-dist/tex/latex/graphics/color.sty
Package: color 2016/07/10 v1.1e Standard LaTeX Color (DPC)

(c:/texlive/2019/texmf-dist/tex/latex/graphics-cfg/color.cfg
File: color.cfg 2016/01/02 v1.6 sample color configuration
)
Package color Info: Driver file: pdftex.def on input line 147.
)
(c:/texlive/2019/texmf-dist/tex/latex/framed/framed.sty
Package: framed 2011/10/22 v 0.96: framed or shaded text with page breaks
\OuterFrameSep=\skip107
\fb@frw=\dimen152
\fb@frh=\dimen153
\FrameRule=\dimen154
\FrameSep=\dimen155
)
(c:/texlive/2019/texmf-dist/tex/latex/mathtools/empheq.sty
Package: empheq 2017/03/31 v2.15 Emphasizing equations

(c:/texlive/2019/texmf-dist/tex/latex/mathtools/mhsetup.sty
Package: mhsetup 2017/03/31 v1.3 programming setup (MH)
)
(c:/texlive/2019/texmf-dist/tex/latex/mathtools/mathtools.sty
Package: mathtools 2019/07/31 v1.22 mathematical typesetting tools

(c:/texlive/2019/texmf-dist/tex/latex/tools/calc.sty
Package: calc 2017/05/25 v4.3 Infix arithmetic (KKT,FJ)
\calc@Acount=\count129
\calc@Bcount=\count130
\calc@Adimen=\dimen156
\calc@Bdimen=\dimen157
\calc@Askip=\skip108
\calc@Bskip=\skip109
LaTeX Info: Redefining \setlength on input line 80.
LaTeX Info: Redefining \addtolength on input line 81.
\calc@Ccount=\count131
\calc@Cskip=\skip110
)
LaTeX Info: Thecontrolsequence`\('isalreadyrobust on input line 129.
LaTeX Info: Thecontrolsequence`\)'isalreadyrobust on input line 129.
LaTeX Info: Thecontrolsequence`\['isalreadyrobust on input line 129.
LaTeX Info: Thecontrolsequence`\]'isalreadyrobust on input line 129.
\g_MT_multlinerow_int=\count132
\l_MT_multwidth_dim=\dimen158
\origjot=\skip111
\l_MT_shortvdotswithinadjustabove_dim=\dimen159
\l_MT_shortvdotswithinadjustbelow_dim=\dimen160
\l_MT_above_intertext_sep=\dimen161
\l_MT_below_intertext_sep=\dimen162
\l_MT_above_shortintertext_sep=\dimen163
\l_MT_below_shortintertext_sep=\dimen164
)
\l_EQ_equationtype_int=\count133
\l_EQ_alignmentmode_int=\count134
\l_EQ_totalwidth_dim=\dimen165
\l_EQ_displaywidth_dim=\dimen166
\l_EQ_temp_linewidth_dim=\dimen167
\EmphEqdelimitershortfall=\dimen168
\EmphEqdelimiterfactor=\count135
\g_EQ_toptag_height_dim=\dimen169
\g_EQ_bottomtag_depth_dim=\dimen170
\g_EQ_toprow_height_dim=\dimen171
\g_EQ_bottomrow_depth_dim=\dimen172
\g_EQ_widesttag_dim=\dimen173
\EQ_mathdisplay_box=\box31
\EQ_tag_box=\box32
\g_EQ_temprow_int=\count136
)
(./scattering_theory_note_1_2body_150612.aux)
\openout1 = `scattering_theory_note_1_2body_150612.aux'.

LaTeX Font Info:    Checking defaults for OML/cmm/m/it on input line 108.
LaTeX Font Info:    ... okay on input line 108.
LaTeX Font Info:    Checking defaults for T1/cmr/m/n on input line 108.
LaTeX Font Info:    ... okay on input line 108.
LaTeX Font Info:    Checking defaults for OT1/cmr/m/n on input line 108.
LaTeX Font Info:    ... okay on input line 108.
LaTeX Font Info:    Checking defaults for OMS/cmsy/m/n on input line 108.
LaTeX Font Info:    ... okay on input line 108.
LaTeX Font Info:    Checking defaults for OMX/cmex/m/n on input line 108.
LaTeX Font Info:    ... okay on input line 108.
LaTeX Font Info:    Checking defaults for U/cmr/m/n on input line 108.
LaTeX Font Info:    ... okay on input line 108.
LaTeX Font Info:    Checking defaults for PD1/pdf/m/n on input line 108.
LaTeX Font Info:    ... okay on input line 108.
LaTeX Font Info:    Checking defaults for LUC/nanummj/m/n on input line 108.
LaTeX Font Info:    Try loading font information for LUC+nanummj on input line 
108.

(c:/texlive/2019/texmf-dist/tex/latex/nanumtype1/lucnanummj.fd
File: lucnanummj.fd 2013/02/12 v0.1 Nanum Myeongjo font definitions
)
LaTeX Font Info:    ... okay on input line 108.
\AtBeginShipoutBox=\box33
Package hyperref Info: Link coloring OFF on input line 108.

(c:/texlive/2019/texmf-dist/tex/latex/hyperref/nameref.sty
Package: nameref 2016/05/21 v2.44 Cross-referencing by name of section

(c:/texlive/2019/texmf-dist/tex/generic/oberdiek/gettitlestring.sty
Package: gettitlestring 2016/05/16 v1.5 Cleanup title references (HO)
)
\c@section@level=\count137
)
LaTeX Info: Redefining \ref on input line 108.
LaTeX Info: Redefining \pageref on input line 108.
LaTeX Info: Redefining \nameref on input line 108.

(./scattering_theory_note_1_2body_150612.out)
(./scattering_theory_note_1_2body_150612.out)
\@outlinefile=\write3
\openout3 = `scattering_theory_note_1_2body_150612.out'.


*geometry* driver: auto-detecting
*geometry* detected driver: pdftex
*geometry* verbose mode - [ preamble ] result:
* driver: pdftex
* paper: letterpaper
* layout: <same size as paper>
* layoutoffset:(h,v)=(0.0pt,0.0pt)
* modes: twoside 
* h-part:(L,W,R)=(73.71613pt, 430.00462pt, 110.57425pt)
* v-part:(T,H,B)=(95.39737pt, 556.47656pt, 143.09605pt)
* \paperwidth=614.295pt
* \paperheight=794.96999pt
* \textwidth=433.62pt
* \textheight=650.43pt
* \oddsidemargin=18.06749pt
* \evensidemargin=0.0pt
* \topmargin=-28.90755pt
* \headheight=12.0pt
* \headsep=18.06749pt
* \topskip=10.0pt
* \footskip=25.29494pt
* \marginparwidth=125.0pt
* \marginparsep=7.0pt
* \columnsep=10.0pt
* \skip\footins=9.0pt plus 4.0pt minus 2.0pt
* \hoffset=0.0pt
* \voffset=0.0pt
* \mag=1000
* \@twocolumnfalse
* \@twosidetrue
* \@mparswitchtrue
* \@reversemarginfalse
* (1in=72.27pt=25.4mm, 1cm=28.453pt)

(c:/texlive/2019/texmf-dist/tex/context/base/mkii/supp-pdf.mkii
[Loading MPS to PDF converter (version 2006.09.02).]
\scratchcounter=\count138
\scratchdimen=\dimen174
\scratchbox=\box34
\nofMPsegments=\count139
\nofMParguments=\count140
\everyMPshowfont=\toks28
\MPscratchCnt=\count141
\MPscratchDim=\dimen175
\MPnumerator=\count142
\makeMPintoPDFobject=\count143
\everyMPtoPDFconversion=\toks29
) (c:/texlive/2019/texmf-dist/tex/latex/oberdiek/epstopdf-base.sty
Package: epstopdf-base 2016/05/15 v2.6 Base part for package epstopdf

(c:/texlive/2019/texmf-dist/tex/latex/oberdiek/grfext.sty
Package: grfext 2016/05/16 v1.2 Manage graphics extensions (HO)
)
Package epstopdf-base Info: Redefining graphics rule for `.eps' on input line 4
38.
Package grfext Info: Graphics extension search list:
(grfext)             [.pdf,.png,.jpg,.mps,.jpeg,.jbig2,.jb2,.PDF,.PNG,.JPG,.JPE
G,.JBIG2,.JB2,.eps]
(grfext)             \AppendGraphicsExtensions on input line 456.

(c:/texlive/2019/texmf-dist/tex/latex/latexconfig/epstopdf-sys.cfg
File: epstopdf-sys.cfg 2010/07/13 v1.3 Configuration of (r)epstopdf for TeX Liv
e
))
Package caption Info: Begin \AtBeginDocument code.
Package caption Info: subfig package v1.3 is loaded.
Package caption Info: End \AtBeginDocument code.
LaTeX Font Info:    Try loading font information for U+msa on input line 110.

(c:/texlive/2019/texmf-dist/tex/latex/amsfonts/umsa.fd
File: umsa.fd 2013/01/14 v3.01 AMS symbols A
)
LaTeX Font Info:    Try loading font information for U+msb on input line 110.

(c:/texlive/2019/texmf-dist/tex/latex/amsfonts/umsb.fd
File: umsb.fd 2013/01/14 v3.01 AMS symbols B
) [1


{c:/texlive/2019/texmf-var/fonts/map/pdftex/updmap/pdftex.map}] [2

]
(./scattering_theory_note_1_2body_150612.toc [3] [4])
\tf@toc=\write4
\openout4 = `scattering_theory_note_1_2body_150612.toc'.

 [5] [6

]
Chapter 1.
[7] [8] [9] [10

]
Chapter 2.
LaTeX Font Info:    Try loading font information for OMS+cmr on input line 286.

(c:/texlive/2019/texmf-dist/tex/latex/base/omscmr.fd
File: omscmr.fd 2014/09/29 v2.5h Standard LaTeX font definitions
)
LaTeX Font Info:    Font shape `OMS/cmr/m/n' in size <10> not available
(Font)              Font shape `OMS/cmsy/m/n' tried instead on input line 286.
 [11] [12]
Overfull \hbox (1.10135pt too wide) in alignment at lines 420--428
 [][][] []
 []

[13] [14]
<labcm.png, id=808, 274.626pt x 166.221pt>
File: labcm.png Graphic file (type png)
<use labcm.png>
Package pdftex.def Info: labcm.png  used on input line 546.
(pdftex.def)             Requested size: 216.81pt x 131.22688pt.
 [15 <./labcm.png>] [16] [17] [18] [19] [20

]
Chapter 3.
[21]
<inout_taylor.png, id=895, 710.655pt x 267.24844pt>
File: inout_taylor.png Graphic file (type png)
<use inout_taylor.png>
Package pdftex.def Info: inout_taylor.png  used on input line 879.
(pdftex.def)             Requested size: 303.53267pt x 114.14795pt.
 [22 <./inout_taylor.png>] [23] [24]
Overfull \hbox (0.47408pt too wide) in paragraph at lines 1125--1128
[]\OT1/cmr/bx/n/10 S-matrix: \LUC/nanummj/m/n/10/b9 Ì\LUC/nanummj/m/n/10/c5 } $
[][] \OMS/cmsy/m/n/10 ! []$ \LUC/nanummj/m/n/10/c7 X \OT1/cmr/m/n/10 S-matrix\L
UC/nanummj/m/n/10/b9 | \LUC/nanummj/m/n/10/c0 Ý\LUC/nanummj/m/n/10/ac ^^A\LUC/n
anummj/m/n/10/d5 X\LUC/nanummj/m/n/10/ba t\OT1/cmr/m/n/10 , S-matrix\LUC/nanumm
j/m/n/10/c7 X \LUC/nanummj/m/n/10/c8 ^^U\LUC/nanummj/m/n/10/c7 X\LUC/nanummj/m/
n/10/b8 \\LUC/nanummj/m/n/10/bd €\LUC/nanummj/m/n/10/d1 0\OT1/cmr/m/n/10 , $\OM
L/cmm/m/it/10 S \OT1/cmr/m/n/10 = 
[]
[]$, $\OMS/cmsy/m/n/10 h[]j[]j[][]i \OT1/cmr/m/n/10 =
 []

[25] [26] [27] [28] [29] [30] [31]
Overfull \hbox (45.44882pt too wide) in alignment at lines 1585--1589
 [][][] []
 []

[32] [33] [34]
LaTeX Font Info:    Try loading font information for LUC+nanumgt on input line 
1815.
 (c:/texlive/2019/texmf-dist/tex/latex/nanumtype1/lucnanumgt.fd
File: lucnanumgt.fd 2013/02/12 v0.1 Nanum Gothic font definitions
)
[35]

Package hyperref Warning: Token not allowed in a PDF string (PDFDocEncoding):
(hyperref)                removing `math shift' on input line 1871.


Package hyperref Warning: Token not allowed in a PDF string (PDFDocEncoding):
(hyperref)                removing `\chi' on input line 1871.


Package hyperref Warning: Token not allowed in a PDF string (PDFDocEncoding):
(hyperref)                removing `superscript' on input line 1871.


Package hyperref Warning: Token not allowed in a PDF string (PDFDocEncoding):
(hyperref)                removing `math shift' on input line 1871.

[36] [37] [38

]
Chapter 4.
[39] [40] [41] [42]
Overfull \hbox (27.42308pt too wide) in alignment at lines 2200--2214
 [][][] []
 []

[43] [44] [45] [46] [47] [48] [49] [50] [51] [52]
Overfull \hbox (11.35948pt too wide) in alignment at lines 2817--2833
 [][][] []
 []

[53] [54] [55] [56] [57] [58] [59] [60] [61] [62] [63pdfTeX warning (ext4): des
tination with the same identifier (name{equation.4.5.188}) has been already use
d, duplicate ignored

\AtBegShi@Output ...ipout \box \AtBeginShipoutBox 
                                                  \fi \fi 
l.3622 \eea
           ] [64]

Package hyperref Warning: Token not allowed in a PDF string (PDFDocEncoding):
(hyperref)                removing `math shift' on input line 3733.


Package hyperref Warning: Token not allowed in a PDF string (PDFDocEncoding):
(hyperref)                removing `math shift' on input line 3733.


Package hyperref Warning: Token not allowed in a PDF string (PDFDocEncoding):
(hyperref)                removing `math shift' on input line 3742.


Package hyperref Warning: Token not allowed in a PDF string (PDFDocEncoding):
(hyperref)                removing `\begingroup' on input line 3742.


Package hyperref Warning: Token not allowed in a PDF string (PDFDocEncoding):
(hyperref)                removing `\endgroup' on input line 3742.


Package hyperref Warning: Token not allowed in a PDF string (PDFDocEncoding):
(hyperref)                removing `\@@over' on input line 3742.


Package hyperref Warning: Token not allowed in a PDF string (PDFDocEncoding):
(hyperref)                removing `math shift' on input line 3742.

[65]

Package hyperref Warning: Token not allowed in a PDF string (PDFDocEncoding):
(hyperref)                removing `math shift' on input line 3756.


Package hyperref Warning: Token not allowed in a PDF string (PDFDocEncoding):
(hyperref)                removing `math shift' on input line 3756.


Overfull \hbox (51.12865pt too wide) in alignment at lines 3759--3780
 [][][] []
 []

[66]
Chapter 5.
[67

] [68] [69pdfTeX warning (ext4): destination with the same identifier (name{equ
ation.5.2.12}) has been already used, duplicate ignored

\AtBegShi@Output ...ipout \box \AtBeginShipoutBox 
                                                  \fi \fi 
l.3996 L
        et us denote $V=V_s+V_w$ and] [70] [71] [72]
Chapter 6.
[73

]
Overfull \hbox (5.92584pt too wide) in alignment at lines 4301--4317
 [][][] []
 []

[74]
Underfull \vbox (badness 1997) has occurred while \output is active []

 [75]
[76] [77] [78]
Chapter 7.
[79

] [80]
<scattering_length_repulsive.png, id=1650, 436.63126pt x 289.83281pt>
File: scattering_length_repulsive.png Graphic file (type png)
<use scattering_length_repulsive.png>
Package pdftex.def Info: scattering_length_repulsive.png  used on input line 47
22.
(pdftex.def)             Requested size: 173.44534pt x 115.13058pt.
<scattering_length_attractive.png, id=1651, 843.90282pt x 502.87875pt>
File: scattering_length_attractive.png Graphic file (type png)
<use scattering_length_attractive.png>
Package pdftex.def Info: scattering_length_attractive.png  used on input line 4
723.
(pdftex.def)             Requested size: 216.81pt x 129.19537pt.
 [81 <./scattering_length_repulsive.png> <./scattering_length_attractive.png>] 
[82] [83] [84] [85] [86] [87] [88] [89] [90] [91] [92]
Overfull \hbox (52.38507pt too wide) in alignment at lines 5620--5625
 [][][] []
 []

[93] [94] [95]
Overfull \hbox (52.82625pt too wide) in alignment at lines 5814--5823
 [][][] []
 []

[96] [97] [98] [99] [100] [101]
Overfull \hbox (0.4886pt too wide) in paragraph at lines 6237--6239
[]\OT1/cmr/m/n/10 We can de-fine pa-ram-e-ter a, which is $[]$ of the dis-tance
 of clos-est ap-proach in a \OT1/cmr/bx/n/10 head-on \OT1/cmr/m/n/10 collision$
(\OML/cmm/m/it/10 ^^R \OT1/cmr/m/n/10 =
 []

[102] [103]
Underfull \vbox (badness 10000) has occurred while \output is active []

 [104]
Overfull \hbox (72.26678pt too wide) in alignment at lines 6415--6427
 [][][] []
 []

[105] [106] [107]
Overfull \hbox (27.62822pt too wide) in alignment at lines 6626--6641
 [][][] []
 []

[108] [109] [110] [111] [112] [113pdfTeX warning (ext4): destination with the s
ame identifier (name{equation.7.4.256}) has been already used, duplicate ignore
d

\AtBegShi@Output ...ipout \box \AtBeginShipoutBox 
                                                  \fi \fi 
l.7050 \eea
           ] [114]

LaTeX Warning: `h' float specifier changed to `ht'.

[115] [116]
Overfull \hbox (20.49112pt too wide) in alignment at lines 7330--7337
 [][][] []
 []

[117] [118]
Chapter 8.

Overfull \hbox (47.65874pt too wide) in paragraph at lines 7437--7439
[]\OT1/cmr/m/n/10 the re-la-tion be-tween M-matrix to S-matrix can be found in 
the pa-per, eq.(17) of (Stoks+PRC48(1993)792). 
 []

[119

] [120] [121] [122

]
Chapter 9.

Overfull \hbox (11.91356pt too wide) in paragraph at lines 7572--7578
\OT1/cmr/m/n/10 Schrodinger eq.\LUC/nanummj/m/n/10/c7 D \LUC/nanummj/m/n/10/d4 
€\LUC/nanummj/m/n/10/ba t\LUC/nanummj/m/n/10/b4 ^^X\LUC/nanummj/m/n/10/ac à\OT1
/cmr/m/n/10 , scat-ter-ing \LUC/nanummj/m/n/10/bb 8\LUC/nanummj/m/n/10/c8 ^^\\L
UC/nanummj/m/n/10/c7 X \LUC/nanummj/m/n/10/ac ½\LUC/nanummj/m/n/10/c6 °\LUC/nan
ummj/m/n/10/b2 ” \OT1/cmr/m/n/10 t-matrix\LUC/nanummj/m/n/10/c5 Ð \LUC/nanummj/
m/n/10/b3 ^^@\LUC/nanummj/m/n/10/d5 \ \OT1/cmr/m/n/10 LS equa-tion\LUC/nanummj/
m/n/10/c7 D \LUC/nanummj/m/n/10/d4 €\LUC/nanummj/m/n/10/ac p\LUC/nanummj/m/n/10
/b0 ˜\OT1/cmr/m/n/10 , Schrodinger
 []

[123]
Overfull \hbox (80.89462pt too wide) in alignment at lines 7601--7611
 [][][] []
 []


Overfull \hbox (83.52654pt too wide) in alignment at lines 7634--7644
 [][][] []
 []

[124] [125] [126] [127] [128] [129] [130] [131] [132] [133] [134] [135]
[136]
Overfull \hbox (31.11678pt too wide) in alignment at lines 8552--8557
 [][][] []
 []

[137]
Overfull \hbox (32.51933pt too wide) in alignment at lines 8597--8615
 [][][] []
 []

[138] [139] [140] [141]
Overfull \hbox (3.57906pt too wide) in alignment at lines 8790--8796
 [][][] []
 []


Overfull \hbox (26.59798pt too wide) in alignment at lines 8817--8822
 [][][] []
 []

[142]
Overfull \hbox (22.31972pt too wide) in alignment at lines 8841--8845
 [][][] []
 []

[143] [144] [145]
<CubicHermite1.png, id=2453, 620.5584pt x 479.391pt>
File: CubicHermite1.png Graphic file (type png)
<use CubicHermite1.png>
Package pdftex.def Info: CubicHermite1.png  used on input line 9031.
(pdftex.def)             Requested size: 220.98627pt x 170.71652pt.

Overfull \hbox (14.59973pt too wide) in paragraph at lines 9068--9072
\LUC/nanummj/m/n/10/b5 0\LUC/nanummj/m/n/10/b7 |\LUC/nanummj/m/n/10/c1 ^^\\OT1/
cmr/m/n/10 , $\OML/cmm/m/it/10 x[] < x < x[]$ \LUC/nanummj/m/n/10/c5 Ð\LUC/nanu
mmj/m/n/10/c1 ^^\\LUC/nanummj/m/n/10/c7 X \LUC/nanummj/m/n/10/d5 h\LUC/nanummj/
m/n/10/c2 ^^X\LUC/nanummj/m/n/10/ac ^^R\LUC/nanummj/m/n/10/c7 D \OT1/cmr/m/n/10
 in-ter-po-late\LUC/nanummj/m/n/10/d5 X\LUC/nanummj/m/n/10/ae 0 \LUC/nanummj/m/
n/10/c7 ^^D\LUC/nanummj/m/n/10/d5 t\LUC/nanummj/m/n/10/c1 ^^\\LUC/nanummj/m/n/1
0/b2 ”\OT1/cmr/m/n/10 , $\OML/cmm/m/it/10 y[]; y[]; y[]; y[]$ \LUC/nanummj/m/n/
10/b6 ^^P\LUC/nanummj/m/n/10/b2 ”\OT1/cmr/m/n/10 , $\OML/cmm/m/it/10 y[]; y[]; 
y[]; y[]$
 []

[146 <./CubicHermite1.png>] [147]
Overfull \hbox (12.49416pt too wide) in paragraph at lines 9229--9238
[]\LUC/nanummj/m/n/10/d6 ^^U\LUC/nanummj/m/n/10/c2 Ý\LUC/nanummj/m/n/10/c7 <\LU
C/nanummj/m/n/10/b8 \ \LUC/nanummj/m/n/10/c4 ø \LUC/nanummj/m/n/10/c2 ^^X \LUC/
nanummj/m/n/10/c7 ˆ\LUC/nanummj/m/n/10/b2 ä\OT1/cmr/m/n/10 . \LUC/nanummj/m/n/1
0/b2 è\OT1/cmr/m/n/10 , \LUC/nanummj/m/n/10/c7 t\LUC/nanummj/m/n/10/ac ½\LUC/na
nummj/m/n/10/c6 °\OT1/cmr/m/n/10 , \LUC/nanummj/m/n/10/b9 È\LUC/nanummj/m/n/10/
c9 À\LUC/nanummj/m/n/10/b9 É \OT1/cmr/m/n/10 spline func-tion $[](\OML/cmm/m/it
/10 r\OT1/cmr/m/n/10 )\OML/cmm/m/it/10 ; []\OT1/cmr/m/n/10 (\OML/cmm/m/it/10 r\
OT1/cmr/m/n/10 )$ \LUC/nanummj/m/n/10/c7 @ \LUC/nanummj/m/n/10/c2 ä\LUC/nanummj
/m/n/10/c8 ^^\\LUC/nanummj/m/n/10/b8 \\LUC/nanummj/m/n/10/b2 ” $\OML/cmm/m/it/1
0 S[]\OT1/cmr/m/n/10 (\OML/cmm/m/it/10 r\OT1/cmr/m/n/10 )\OML/cmm/m/it/10 ; S[]
\OT1/cmr/m/n/10 (\OML/cmm/m/it/10 r\OT1/cmr/m/n/10 )$
 []

[148] [149] [150]
Overfull \hbox (2.29932pt too wide) in alignment at lines 9385--9390
 [][][] []
 []


LaTeX Warning: Command \l invalid in math mode on input line 9431.

[151] [152] [153] [154]
Overfull \hbox (17.40749pt too wide) in paragraph at lines 9641--9641
[]\OT1/cmss/m/n/14.4 T-amplitude with two dif-fer-ent po-ten-tial (Al-ter-nate 
deriva-tion of DWBA) 
 []

[155] [156] [157] [158

]
Chapter 10.
LaTeX Font Info:    Try loading font information for LUC+uhcmj on input line 98
18.
(c:/texlive/2019/texmf-dist/tex/latex/kotex-utf/lucuhcmj.fd
File: lucuhcmj.fd 2013/09/26 UHC Myeongjo font definitions
)
<figs/classical_scattering.png, id=2611, 399.74344pt x 204.01219pt>
File: figs/classical_scattering.png Graphic file (type png)
<use figs/classical_scattering.png>
Package pdftex.def Info: figs/classical_scattering.png  used on input line 9827
.
(pdftex.def)             Requested size: 303.53267pt x 154.917pt.
 [159 <./figs/classical_scattering.png>]
<figs/classical_deflection_function.png, id=2621, 425.33907pt x 233.37187pt>
File: figs/classical_deflection_function.png Graphic file (type png)
<use figs/classical_deflection_function.png>
Package pdftex.def Info: figs/classical_deflection_function.png  used on input 
line 9875.
(pdftex.def)             Requested size: 303.53267pt x 166.5498pt.
 [160 <./figs/classical_deflection_function.png>]
<figs/classical_trajectories.png, id=2636, 417.05812pt x 440.39531pt>
File: figs/classical_trajectories.png Graphic file (type png)
<use figs/classical_trajectories.png>
Package pdftex.def Info: figs/classical_trajectories.png  used on input line 98
98.
(pdftex.def)             Requested size: 303.53267pt x 320.53168pt.
 [161 <./figs/classical_trajectories.png>] [162]
Chapter 11.
[163

]
Package atveryend Info: Empty hook `BeforeClearDocument' on input line 10051.
 [164]
Package atveryend Info: Empty hook `AfterLastShipout' on input line 10051.
 (./scattering_theory_note_1_2body_150612.aux)
Package atveryend Info: Executing hook `AtVeryEndDocument' on input line 10051.

Package atveryend Info: Executing hook `AtEndAfterFileList' on input line 10051
.
Package rerunfilecheck Info: File `scattering_theory_note_1_2body_150612.out' h
as not changed.
(rerunfilecheck)             Checksum: 74D1A8767F25B4820835584BD96B874F;9764.
Package atveryend Info: Empty hook `AtVeryVeryEnd' on input line 10051.
 ) 
Here is how much of TeX's memory you used:
 11572 strings out of 492609
 174056 string characters out of 6132818
 279855 words of memory out of 5000000
 13792 multiletter control sequences out of 15000+600000
 50337 words of font info for 176 fonts, out of 8000000 for 9000
 1141 hyphenation exceptions out of 8191
 44i,19n,43p,391b,596s stack positions out of 5000i,500n,10000p,200000b,80000s
<c:/texlive/2019/texmf-dist/fonts/type1/public/amsfonts/cm/cmbx10.pfb><c:/tex
live/2019/texmf-dist/fonts/type1/public/amsfonts/cm/cmbx8.pfb><c:/texlive/2019/
texmf-dist/fonts/type1/public/amsfonts/cm/cmex10.pfb><c:/texlive/2019/texmf-dis
t/fonts/type1/public/amsfonts/cmextra/cmex8.pfb><c:/texlive/2019/texmf-dist/fon
ts/type1/public/amsfonts/cm/cmmi10.pfb><c:/texlive/2019/texmf-dist/fonts/type1/
public/amsfonts/cm/cmmi12.pfb><c:/texlive/2019/texmf-dist/fonts/type1/public/am
sfonts/cm/cmmi5.pfb><c:/texlive/2019/texmf-dist/fonts/type1/public/amsfonts/cm/
cmmi6.pfb><c:/texlive/2019/texmf-dist/fonts/type1/public/amsfonts/cm/cmmi7.pfb>
<c:/texlive/2019/texmf-dist/fonts/type1/public/amsfonts/cm/cmmi8.pfb><c:/texliv
e/2019/texmf-dist/fonts/type1/public/amsfonts/cm/cmmib10.pfb><c:/texlive/2019/t
exmf-dist/fonts/type1/public/amsfonts/cmextra/cmmib5.pfb><c:/texlive/2019/texmf
-dist/fonts/type1/public/amsfonts/cmextra/cmmib6.pfb><c:/texlive/2019/texmf-dis
t/fonts/type1/public/amsfonts/cmextra/cmmib7.pfb><c:/texlive/2019/texmf-dist/fo
nts/type1/public/amsfonts/cmextra/cmmib8.pfb><c:/texlive/2019/texmf-dist/fonts/
type1/public/amsfonts/cm/cmr10.pfb><c:/texlive/2019/texmf-dist/fonts/type1/publ
ic/amsfonts/cm/cmr12.pfb><c:/texlive/2019/texmf-dist/fonts/type1/public/amsfont
s/cm/cmr17.pfb><c:/texlive/2019/texmf-dist/fonts/type1/public/amsfonts/cm/cmr5.
pfb><c:/texlive/2019/texmf-dist/fonts/type1/public/amsfonts/cm/cmr6.pfb><c:/tex
live/2019/texmf-dist/fonts/type1/public/amsfonts/cm/cmr7.pfb><c:/texlive/2019/t
exmf-dist/fonts/type1/public/amsfonts/cm/cmr8.pfb><c:/texlive/2019/texmf-dist/f
onts/type1/public/amsfonts/cm/cmss10.pfb><c:/texlive/2019/texmf-dist/fonts/type
1/public/amsfonts/cm/cmss12.pfb><c:/texlive/2019/texmf-dist/fonts/type1/public/
amsfonts/cm/cmss17.pfb><c:/texlive/2019/texmf-dist/fonts/type1/public/amsfonts/
cm/cmsy10.pfb><c:/texlive/2019/texmf-dist/fonts/type1/public/amsfonts/cm/cmsy5.
pfb><c:/texlive/2019/texmf-dist/fonts/type1/public/amsfonts/cm/cmsy6.pfb><c:/te
xlive/2019/texmf-dist/fonts/type1/public/amsfonts/cm/cmsy7.pfb><c:/texlive/2019
/texmf-dist/fonts/type1/public/amsfonts/cm/cmsy8.pfb><c:/texlive/2019/texmf-dis
t/fonts/type1/public/amsfonts/cm/cmti10.pfb><c:/texlive/2019/texmf-dist/fonts/t
ype1/public/amsfonts/cm/cmtt10.pfb><c:/texlive/2019/texmf-dist/fonts/type1/publ
ic/amsfonts/symbols/msbm10.pfb><c:/texlive/2019/texmf-dist/fonts/type1/public/a
msfonts/symbols/msbm5.pfb><c:/texlive/2019/texmf-dist/fonts/type1/public/amsfon
ts/symbols/msbm7.pfb><c:/texlive/2019/texmf-dist/fonts/type1/public/nanumtype1/
nanumgtmac.pfb><c:/texlive/2019/texmf-dist/fonts/type1/public/nanumtype1/nanumg
tmad.pfb><c:/texlive/2019/texmf-dist/fonts/type1/public/nanumtype1/nanumgtmc6.p
fb><c:/texlive/2019/texmf-dist/fonts/type1/public/nanumtype1/nanumgtmc7.pfb><c:
/texlive/2019/texmf-dist/fonts/type1/public/nanumtype1/nanumgtmcc.pfb><c:/texli
ve/2019/texmf-dist/fonts/type1/public/nanumtype1/nanummjbac.pfb><c:/texlive/201
9/texmf-dist/fonts/type1/public/nanumtype1/nanummjbb0.pfb><c:/texlive/2019/texm
f-dist/fonts/type1/public/nanumtype1/nanummjbb2.pfb><c:/texlive/2019/texmf-dist
/fonts/type1/public/nanumtype1/nanummjbb5.pfb><c:/texlive/2019/texmf-dist/fonts
/type1/public/nanumtype1/nanummjbb9.pfb><c:/texlive/2019/texmf-dist/fonts/type1
/public/nanumtype1/nanummjbbb.pfb><c:/texlive/2019/texmf-dist/fonts/type1/publi
c/nanumtype1/nanummjbc7.pfb><c:/texlive/2019/texmf-dist/fonts/type1/public/nanu
mtype1/nanummjbc8.pfb><c:/texlive/2019/texmf-dist/fonts/type1/public/nanumtype1
/nanummjbc9.pfb><c:/texlive/2019/texmf-dist/fonts/type1/public/nanumtype1/nanum
mjbd0.pfb><c:/texlive/2019/texmf-dist/fonts/type1/public/nanumtype1/nanummjmac.
pfb><c:/texlive/2019/texmf-dist/fonts/type1/public/nanumtype1/nanummjmad.pfb><c
:/texlive/2019/texmf-dist/fonts/type1/public/nanumtype1/nanummjmae.pfb><c:/texl
ive/2019/texmf-dist/fonts/type1/public/nanumtype1/nanummjmaf.pfb><c:/texlive/20
19/texmf-dist/fonts/type1/public/nanumtype1/nanummjmb0.pfb><c:/texlive/2019/tex
mf-dist/fonts/type1/public/nanumtype1/nanummjmb1.pfb><c:/texlive/2019/texmf-dis
t/fonts/type1/public/nanumtype1/nanummjmb2.pfb><c:/texlive/2019/texmf-dist/font
s/type1/public/nanumtype1/nanummjmb3.pfb><c:/texlive/2019/texmf-dist/fonts/type
1/public/nanumtype1/nanummjmb4.pfb><c:/texlive/2019/texmf-dist/fonts/type1/publ
ic/nanumtype1/nanummjmb5.pfb><c:/texlive/2019/texmf-dist/fonts/type1/public/nan
umtype1/nanummjmb6.pfb><c:/texlive/2019/texmf-dist/fonts/type1/public/nanumtype
1/nanummjmb7.pfb><c:/texlive/2019/texmf-dist/fonts/type1/public/nanumtype1/nanu
mmjmb8.pfb><c:/texlive/2019/texmf-dist/fonts/type1/public/nanumtype1/nanummjmb9
.pfb><c:/texlive/2019/texmf-dist/fonts/type1/public/nanumtype1/nanummjmba.pfb><
c:/texlive/2019/texmf-dist/fonts/type1/public/nanumtype1/nanummjmbb.pfb><c:/tex
live/2019/texmf-dist/fonts/type1/public/nanumtype1/nanummjmbc.pfb><c:/texlive/2
019/texmf-dist/fonts/type1/public/nanumtype1/nanummjmbd.pfb><c:/texlive/2019/te
xmf-dist/fonts/type1/public/nanumtype1/nanummjmbe.pfb><c:/texlive/2019/texmf-di
st/fonts/type1/public/nanumtype1/nanummjmbf.pfb><c:/texlive/2019/texmf-dist/fon
ts/type1/public/nanumtype1/nanummjmc0.pfb><c:/texlive/2019/texmf-dist/fonts/typ
e1/public/nanumtype1/nanummjmc1.pfb><c:/texlive/2019/texmf-dist/fonts/type1/pub
lic/nanumtype1/nanummjmc2.pfb><c:/texlive/2019/texmf-dist/fonts/type1/public/na
numtype1/nanummjmc3.pfb><c:/texlive/2019/texmf-dist/fonts/type1/public/nanumtyp
e1/nanummjmc4.pfb><c:/texlive/2019/texmf-dist/fonts/type1/public/nanumtype1/nan
ummjmc5.pfb><c:/texlive/2019/texmf-dist/fonts/type1/public/nanumtype1/nanummjmc
6.pfb><c:/texlive/2019/texmf-dist/fonts/type1/public/nanumtype1/nanummjmc7.pfb>
<c:/texlive/2019/texmf-dist/fonts/type1/public/nanumtype1/nanummjmc8.pfb><c:/te
xlive/2019/texmf-dist/fonts/type1/public/nanumtype1/nanummjmc9.pfb><c:/texlive/
2019/texmf-dist/fonts/type1/public/nanumtype1/nanummjmca.pfb><c:/texlive/2019/t
exmf-dist/fonts/type1/public/nanumtype1/nanummjmcc.pfb><c:/texlive/2019/texmf-d
ist/fonts/type1/public/nanumtype1/nanummjmcd.pfb><c:/texlive/2019/texmf-dist/fo
nts/type1/public/nanumtype1/nanummjmce.pfb><c:/texlive/2019/texmf-dist/fonts/ty
pe1/public/nanumtype1/nanummjmcf.pfb><c:/texlive/2019/texmf-dist/fonts/type1/pu
blic/nanumtype1/nanummjmd0.pfb><c:/texlive/2019/texmf-dist/fonts/type1/public/n
anumtype1/nanummjmd1.pfb><c:/texlive/2019/texmf-dist/fonts/type1/public/nanumty
pe1/nanummjmd2.pfb><c:/texlive/2019/texmf-dist/fonts/type1/public/nanumtype1/na
nummjmd3.pfb><c:/texlive/2019/texmf-dist/fonts/type1/public/nanumtype1/nanummjm
d4.pfb><c:/texlive/2019/texmf-dist/fonts/type1/public/nanumtype1/nanummjmd5.pfb
><c:/texlive/2019/texmf-dist/fonts/type1/public/nanumtype1/nanummjmd6.pfb><c:/t
exlive/2019/texmf-dist/fonts/type1/public/nanumtype1/nanummjmd7.pfb><c:/texlive
/2019/texmf-dist/fonts/type1/uhc/umj/umj01.pfb>
Output written on scattering_theory_note_1_2body_150612.pdf (164 pages, 3862352
 bytes).
PDF statistics:
 3268 PDF objects out of 3580 (max. 8388607)
 2964 compressed objects within 30 object streams
 1457 named destinations out of 1728 (max. 500000)
 1025 words of extra memory for PDF output out of 10000 (max. 10000000)

