This is pdfTeX, Version 3.14159265-2.6-1.40.20 (TeX Live 2019/W32TeX) (preloaded format=pdflatex 2019.8.13)  9 FEB 2021 15:14
entering extended mode
 restricted \write18 enabled.
 %&-line parsing enabled.
**scattering_theory_note_3_reaction.tex
(./scattering_theory_note_3_reaction.tex
LaTeX2e <2018-12-01>
(c:/texlive/2019/texmf-dist/tex/latex/base/book.cls
Document Class: book 2018/09/03 v1.4i Standard LaTeX document class
(c:/texlive/2019/texmf-dist/tex/latex/base/bk11.clo
File: bk11.clo 2018/09/03 v1.4i Standard LaTeX file (size option)
)
\c@part=\count80
\c@chapter=\count81
\c@section=\count82
\c@subsection=\count83
\c@subsubsection=\count84
\c@paragraph=\count85
\c@subparagraph=\count86
\c@figure=\count87
\c@table=\count88
\abovecaptionskip=\skip41
\belowcaptionskip=\skip42
\bibindent=\dimen102
)
(c:/texlive/2019/texmf-dist/tex/latex/cjk-ko/kotex.sty
Package: kotex 2015/04/19 v1.6 Korean TeX (ko.TeX)

(c:/texlive/2019/texmf-dist/tex/latex/kotex-utf/kotex.cfg)
(c:/texlive/2019/texmf-dist/tex/latex/kotex-utf/kotexutf.sty
Package: kotexutf 2015/07/18 v2.1.1 typesetting UTF-8 Korean documents

(c:/texlive/2019/texmf-dist/tex/latex/base/inputenc.sty
Package: inputenc 2018/08/11 v1.3c Input encoding file
\inpenc@prehook=\toks14
\inpenc@posthook=\toks15
)
(c:/texlive/2019/texmf-dist/tex/plain/kotex-plain/kotexutf-core.tex
\unih@ngulpoint=\count89
\dhucs@emph@raise=\dimen103
)
Now handling font encoding LUC ...
... processing UTF-8 mapping file for font encoding LUC

(c:/texlive/2019/texmf-dist/tex/latex/kotex-utf/lucenc.dfu
File: lucenc.dfu 2007/09/05 UTF-8 support for dhucs
   defining Unicode char U+00B7 (decimal 183)
   defining Unicode char U+2018 (decimal 8216)
   defining Unicode char U+2019 (decimal 8217)
   defining Unicode char U+201C (decimal 8220)
   defining Unicode char U+201D (decimal 8221)
   defining Unicode char U+3001 (decimal 12289)
   defining Unicode char U+3002 (decimal 12290)
   defining Unicode char U+3008 (decimal 12296)
   defining Unicode char U+3009 (decimal 12297)
   defining Unicode char U+300A (decimal 12298)
   defining Unicode char U+300B (decimal 12299)
   defining Unicode char U+300C (decimal 12300)
   defining Unicode char U+300D (decimal 12301)
   defining Unicode char U+300E (decimal 12302)
   defining Unicode char U+300F (decimal 12303)
   defining Unicode char U+3010 (decimal 12304)
   defining Unicode char U+3011 (decimal 12305)
   defining Unicode char U+3014 (decimal 12308)
   defining Unicode char U+3015 (decimal 12309)
   defining Unicode char U+3016 (decimal 12310)
   defining Unicode char U+3017 (decimal 12311)
   defining Unicode char U+3018 (decimal 12312)
   defining Unicode char U+3019 (decimal 12313)
   defining Unicode char U+301A (decimal 12314)
   defining Unicode char U+301B (decimal 12315)
   defining Unicode char U+FF01 (decimal 65281)
   defining Unicode char U+FF08 (decimal 65288)
   defining Unicode char U+FF09 (decimal 65289)
   defining Unicode char U+FF0C (decimal 65292)
   defining Unicode char U+FF0E (decimal 65294)
   defining Unicode char U+FF1A (decimal 65306)
   defining Unicode char U+FF1B (decimal 65307)
   defining Unicode char U+FF1C (decimal 65308)
   defining Unicode char U+FF1D (decimal 65309)
   defining Unicode char U+FF1E (decimal 65310)
   defining Unicode char U+FF1F (decimal 65311)
   defining Unicode char U+FF3B (decimal 65339)
   defining Unicode char U+FF3D (decimal 65341)
   defining Unicode char U+FF5B (decimal 65371)
   defining Unicode char U+FF5D (decimal 65373)
   defining Unicode char U+FF61 (decimal 65377)
   defining Unicode char U+FF62 (decimal 65378)
   defining Unicode char U+FF63 (decimal 65379)
   defining Unicode char U+FF64 (decimal 65380)
   defining Unicode char U+FF65 (decimal 65381)
)
\@josa=\count90
\josatoks=\toks16

(c:/texlive/2019/texmf-dist/tex/latex/cjk-ko/kolabels-utf.sty
Package: kolabels-utf 2015/03/20 v1.5 UTF-8 Hangul item labels
)))
(c:/texlive/2019/texmf-dist/tex/latex/float/float.sty
Package: float 2001/11/08 v1.3d Float enhancements (AL)
\c@float@type=\count91
\float@exts=\toks17
\float@box=\box27
\@float@everytoks=\toks18
\@floatcapt=\box28
)
(c:/texlive/2019/texmf-dist/tex/latex/tools/longtable.sty
Package: longtable 2014/10/28 v4.11 Multi-page Table package (DPC)+ FMi change
\LTleft=\skip43
\LTright=\skip44
\LTpre=\skip45
\LTpost=\skip46
\LTchunksize=\count92
\LTcapwidth=\dimen104
\LT@head=\box29
\LT@firsthead=\box30
\LT@foot=\box31
\LT@lastfoot=\box32
\LT@cols=\count93
\LT@rows=\count94
\c@LT@tables=\count95
\c@LT@chunks=\count96
\LT@p@ftn=\toks19
)
(c:/texlive/2019/texmf-dist/tex/latex/hyperref/hyperref.sty
Package: hyperref 2019/06/12 v6.88h Hypertext links for LaTeX

(c:/texlive/2019/texmf-dist/tex/generic/oberdiek/hobsub-hyperref.sty
Package: hobsub-hyperref 2016/05/16 v1.14 Bundle oberdiek, subset hyperref (HO)


(c:/texlive/2019/texmf-dist/tex/generic/oberdiek/hobsub-generic.sty
Package: hobsub-generic 2016/05/16 v1.14 Bundle oberdiek, subset generic (HO)
Package: hobsub 2016/05/16 v1.14 Construct package bundles (HO)
Package: infwarerr 2016/05/16 v1.4 Providing info/warning/error messages (HO)
Package: ltxcmds 2016/05/16 v1.23 LaTeX kernel commands for general use (HO)
Package: ifluatex 2016/05/16 v1.4 Provides the ifluatex switch (HO)
Package ifluatex Info: LuaTeX not detected.
Package: ifvtex 2016/05/16 v1.6 Detect VTeX and its facilities (HO)
Package ifvtex Info: VTeX not detected.
Package: intcalc 2016/05/16 v1.2 Expandable calculations with integers (HO)
Package: ifpdf 2018/09/07 v3.3 Provides the ifpdf switch
Package: etexcmds 2016/05/16 v1.6 Avoid name clashes with e-TeX commands (HO)
Package: kvsetkeys 2016/05/16 v1.17 Key value parser (HO)
Package: kvdefinekeys 2016/05/16 v1.4 Define keys (HO)
Package: pdftexcmds 2019/07/25 v0.30 Utility functions of pdfTeX for LuaTeX (HO
)
Package pdftexcmds Info: LuaTeX not detected.
Package pdftexcmds Info: \pdf@primitive is available.
Package pdftexcmds Info: \pdf@ifprimitive is available.
Package pdftexcmds Info: \pdfdraftmode found.
Package: pdfescape 2016/05/16 v1.14 Implements pdfTeX's escape features (HO)
Package: bigintcalc 2016/05/16 v1.4 Expandable calculations on big integers (HO
)
Package: bitset 2016/05/16 v1.2 Handle bit-vector datatype (HO)
Package: uniquecounter 2016/05/16 v1.3 Provide unlimited unique counter (HO)
)
Package hobsub Info: Skipping package `hobsub' (already loaded).
Package: letltxmacro 2016/05/16 v1.5 Let assignment for LaTeX macros (HO)
Package: hopatch 2016/05/16 v1.3 Wrapper for package hooks (HO)
Package: xcolor-patch 2016/05/16 xcolor patch
Package: atveryend 2016/05/16 v1.9 Hooks at the very end of document (HO)
Package atveryend Info: \enddocument detected (standard20110627).
Package: atbegshi 2016/06/09 v1.18 At begin shipout hook (HO)
Package: refcount 2016/05/16 v3.5 Data extraction from label references (HO)
Package: hycolor 2016/05/16 v1.8 Color options for hyperref/bookmark (HO)
)
(c:/texlive/2019/texmf-dist/tex/latex/graphics/keyval.sty
Package: keyval 2014/10/28 v1.15 key=value parser (DPC)
\KV@toks@=\toks20
)
(c:/texlive/2019/texmf-dist/tex/generic/ifxetex/ifxetex.sty
Package: ifxetex 2010/09/12 v0.6 Provides ifxetex conditional
)
(c:/texlive/2019/texmf-dist/tex/latex/oberdiek/auxhook.sty
Package: auxhook 2016/05/16 v1.4 Hooks for auxiliary files (HO)
)
(c:/texlive/2019/texmf-dist/tex/latex/oberdiek/kvoptions.sty
Package: kvoptions 2016/05/16 v3.12 Key value format for package options (HO)
)
\@linkdim=\dimen105
\Hy@linkcounter=\count97
\Hy@pagecounter=\count98

(c:/texlive/2019/texmf-dist/tex/latex/hyperref/pd1enc.def
File: pd1enc.def 2019/06/12 v6.88h Hyperref: PDFDocEncoding definition (HO)
Now handling font encoding PD1 ...
... no UTF-8 mapping file for font encoding PD1
)
\Hy@SavedSpaceFactor=\count99

(c:/texlive/2019/texmf-dist/tex/latex/latexconfig/hyperref.cfg
File: hyperref.cfg 2002/06/06 v1.2 hyperref configuration of TeXLive
)
Package hyperref Info: Option `bookmarks' set `true' on input line 4424.
Package hyperref Info: Hyper figures OFF on input line 4550.
Package hyperref Info: Link nesting OFF on input line 4555.
Package hyperref Info: Hyper index ON on input line 4558.
Package hyperref Info: Plain pages OFF on input line 4565.
Package hyperref Info: Backreferencing OFF on input line 4570.
Package hyperref Info: Implicit mode ON; LaTeX internals redefined.
Package hyperref Info: Bookmarks ON on input line 4803.
\c@Hy@tempcnt=\count100

(c:/texlive/2019/texmf-dist/tex/latex/url/url.sty
\Urlmuskip=\muskip10
Package: url 2013/09/16  ver 3.4  Verb mode for urls, etc.
)
LaTeX Info: Redefining \url on input line 5156.
\XeTeXLinkMargin=\dimen106
\Fld@menulength=\count101
\Field@Width=\dimen107
\Fld@charsize=\dimen108
Package hyperref Info: Hyper figures OFF on input line 6411.
Package hyperref Info: Link nesting OFF on input line 6416.
Package hyperref Info: Hyper index ON on input line 6419.
Package hyperref Info: backreferencing OFF on input line 6426.
Package hyperref Info: Link coloring OFF on input line 6431.
Package hyperref Info: Link coloring with OCG OFF on input line 6436.
Package hyperref Info: PDF/A mode OFF on input line 6441.
LaTeX Info: Redefining \ref on input line 6481.
LaTeX Info: Redefining \pageref on input line 6485.
\Hy@abspage=\count102
\c@Item=\count103
\c@Hfootnote=\count104
)
Package hyperref Info: Driver (autodetected): hpdftex.

(c:/texlive/2019/texmf-dist/tex/latex/hyperref/hpdftex.def
File: hpdftex.def 2019/06/12 v6.88h Hyperref driver for pdfTeX
\Fld@listcount=\count105
\c@bookmark@seq@number=\count106

(c:/texlive/2019/texmf-dist/tex/latex/oberdiek/rerunfilecheck.sty
Package: rerunfilecheck 2016/05/16 v1.8 Rerun checks for auxiliary files (HO)
Package uniquecounter Info: New unique counter `rerunfilecheck' on input line 2
82.
)
\Hy@SectionHShift=\skip47
)
(c:/texlive/2019/texmf-dist/tex/latex/listings/listings.sty
\lst@mode=\count107
\lst@gtempboxa=\box33
\lst@token=\toks21
\lst@length=\count108
\lst@currlwidth=\dimen109
\lst@column=\count109
\lst@pos=\count110
\lst@lostspace=\dimen110
\lst@width=\dimen111
\lst@newlines=\count111
\lst@lineno=\count112
\lst@maxwidth=\dimen112

(c:/texlive/2019/texmf-dist/tex/latex/listings/lstmisc.sty
File: lstmisc.sty 2019/02/27 1.8b (Carsten Heinz)
\c@lstnumber=\count113
\lst@skipnumbers=\count114
\lst@framebox=\box34
)
(c:/texlive/2019/texmf-dist/tex/latex/listings/listings.cfg
File: listings.cfg 2019/02/27 1.8b listings configuration
))
Package: listings 2019/02/27 1.8b (Carsten Heinz)

(c:/texlive/2019/texmf-dist/tex/latex/listings/lstlang1.sty
File: lstlang1.sty 2019/02/27 1.8b listings language file
)
(c:/texlive/2019/texmf-dist/tex/latex/listings/lstlang1.sty
File: lstlang1.sty 2019/02/27 1.8b listings language file
)
(c:/texlive/2019/texmf-dist/tex/latex/listings/lstlang1.sty
File: lstlang1.sty 2019/02/27 1.8b listings language file
)
(c:/texlive/2019/texmf-dist/tex/latex/geometry/geometry.sty
Package: geometry 2018/04/16 v5.8 Page Geometry
\Gm@cnth=\count115
\Gm@cntv=\count116
\c@Gm@tempcnt=\count117
\Gm@bindingoffset=\dimen113
\Gm@wd@mp=\dimen114
\Gm@odd@mp=\dimen115
\Gm@even@mp=\dimen116
\Gm@layoutwidth=\dimen117
\Gm@layoutheight=\dimen118
\Gm@layouthoffset=\dimen119
\Gm@layoutvoffset=\dimen120
\Gm@dimlist=\toks22
)
(c:/texlive/2019/texmf-dist/tex/latex/graphics/graphicx.sty
Package: graphicx 2017/06/01 v1.1a Enhanced LaTeX Graphics (DPC,SPQR)

(c:/texlive/2019/texmf-dist/tex/latex/graphics/graphics.sty
Package: graphics 2017/06/25 v1.2c Standard LaTeX Graphics (DPC,SPQR)

(c:/texlive/2019/texmf-dist/tex/latex/graphics/trig.sty
Package: trig 2016/01/03 v1.10 sin cos tan (DPC)
)
(c:/texlive/2019/texmf-dist/tex/latex/graphics-cfg/graphics.cfg
File: graphics.cfg 2016/06/04 v1.11 sample graphics configuration
)
Package graphics Info: Driver file: pdftex.def on input line 99.

(c:/texlive/2019/texmf-dist/tex/latex/graphics-def/pdftex.def
File: pdftex.def 2018/01/08 v1.0l Graphics/color driver for pdftex
))
\Gin@req@height=\dimen121
\Gin@req@width=\dimen122
)
(c:/texlive/2019/texmf-dist/tex/latex/booktabs/booktabs.sty
Package: booktabs 2016/04/27 v1.618033 publication quality tables
\heavyrulewidth=\dimen123
\lightrulewidth=\dimen124
\cmidrulewidth=\dimen125
\belowrulesep=\dimen126
\belowbottomsep=\dimen127
\aboverulesep=\dimen128
\abovetopsep=\dimen129
\cmidrulesep=\dimen130
\cmidrulekern=\dimen131
\defaultaddspace=\dimen132
\@cmidla=\count118
\@cmidlb=\count119
\@aboverulesep=\dimen133
\@belowrulesep=\dimen134
\@thisruleclass=\count120
\@lastruleclass=\count121
\@thisrulewidth=\dimen135
)
(c:/texlive/2019/texmf-dist/tex/latex/tools/array.sty
Package: array 2018/12/30 v2.4k Tabular extension package (FMi)
\col@sep=\dimen136
\ar@mcellbox=\box35
\extrarowheight=\dimen137
\NC@list=\toks23
\extratabsurround=\skip48
\backup@length=\skip49
\ar@cellbox=\box36
)
(c:/texlive/2019/texmf-dist/tex/latex/paralist/paralist.sty
Package: paralist 2017/01/22 v2.7 Extended list environments
\pltopsep=\skip50
\plpartopsep=\skip51
\plitemsep=\skip52
\plparsep=\skip53
\pl@lab=\toks24
)
(c:/texlive/2019/texmf-dist/tex/latex/tools/verbatim.sty
Package: verbatim 2014/10/28 v1.5q LaTeX2e package for verbatim enhancements
\every@verbatim=\toks25
\verbatim@line=\toks26
\verbatim@in@stream=\read1
)
(c:/texlive/2019/texmf-dist/tex/latex/subfig/subfig.sty
Package: subfig 2005/06/28 ver: 1.3 subfig package

(c:/texlive/2019/texmf-dist/tex/latex/caption/caption.sty
Package: caption 2018/10/06 v3.3-154 Customizing captions (AR)

(c:/texlive/2019/texmf-dist/tex/latex/caption/caption3.sty
Package: caption3 2018/09/12 v1.8c caption3 kernel (AR)
Package caption3 Info: TeX engine: e-TeX on input line 64.
\captionmargin=\dimen138
\captionmargin@=\dimen139
\captionwidth=\dimen140
\caption@tempdima=\dimen141
\caption@indent=\dimen142
\caption@parindent=\dimen143
\caption@hangindent=\dimen144
)
\c@caption@flags=\count122
\c@ContinuedFloat=\count123
Package caption Info: float package is loaded.
Package caption Info: hyperref package is loaded.
Package caption Info: listings package is loaded.
Package caption Info: longtable package is loaded.

(c:/texlive/2019/texmf-dist/tex/latex/caption/ltcaption.sty
Package: ltcaption 2018/08/26 v1.4-95 longtable captions (AR)
))
\c@KVtest=\count124
\sf@farskip=\skip54
\sf@captopadj=\dimen145
\sf@capskip=\skip55
\sf@nearskip=\skip56
\c@subfigure=\count125
\c@subfigure@save=\count126
\c@lofdepth=\count127
\c@subtable=\count128
\c@subtable@save=\count129
\c@lotdepth=\count130
\sf@top=\skip57
\sf@bottom=\skip58
)
(c:/texlive/2019/texmf-dist/tex/latex/fancyhdr/fancyhdr.sty
Package: fancyhdr 2019/01/31 v3.10 Extensive control of page headers and footer
s
\f@nch@headwidth=\skip59
\f@nch@O@elh=\skip60
\f@nch@O@erh=\skip61
\f@nch@O@olh=\skip62
\f@nch@O@orh=\skip63
\f@nch@O@elf=\skip64
\f@nch@O@erf=\skip65
\f@nch@O@olf=\skip66
\f@nch@O@orf=\skip67
)
(c:/texlive/2019/texmf-dist/tex/latex/sectsty/sectsty.sty
Package: sectsty 2002/02/25 v2.0.2 Commands to change all sectional heading sty
les
)
(c:/texlive/2019/texmf-dist/tex/latex/tocbibind/tocbibind.sty
Package: tocbibind 2010/10/13 v1.5k extra ToC listings
Package tocbibind Info: The document has chapter divisions on input line 50.


Package tocbibind Note: Using chapter style headings, unless overridden.

) (c:/texlive/2019/texmf-dist/tex/latex/tocloft/tocloft.sty
Package: tocloft 2017/08/31 v2.3i parameterised ToC, etc., typesetting
Package tocloft Info: The document has chapter divisions on input line 51.
\cftparskip=\skip68
\cftbeforetoctitleskip=\skip69
\cftaftertoctitleskip=\skip70
\cftbeforepartskip=\skip71
\cftpartnumwidth=\skip72
\cftpartindent=\skip73
\cftbeforechapskip=\skip74
\cftchapindent=\skip75
\cftchapnumwidth=\skip76
\cftbeforesecskip=\skip77
\cftsecindent=\skip78
\cftsecnumwidth=\skip79
\cftbeforesubsecskip=\skip80
\cftsubsecindent=\skip81
\cftsubsecnumwidth=\skip82
\cftbeforesubsubsecskip=\skip83
\cftsubsubsecindent=\skip84
\cftsubsubsecnumwidth=\skip85
\cftbeforeparaskip=\skip86
\cftparaindent=\skip87
\cftparanumwidth=\skip88
\cftbeforesubparaskip=\skip89
\cftsubparaindent=\skip90
\cftsubparanumwidth=\skip91
\cftbeforeloftitleskip=\skip92
\cftafterloftitleskip=\skip93
\cftbeforefigskip=\skip94
\cftfigindent=\skip95
\cftfignumwidth=\skip96
\cftbeforelottitleskip=\skip97
\cftafterlottitleskip=\skip98
\cftbeforetabskip=\skip99
\cfttabindent=\skip100
\cfttabnumwidth=\skip101
\cftbeforesubfigskip=\skip102
\cftsubfigindent=\skip103
\cftsubfignumwidth=\skip104
\cftbeforesubtabskip=\skip105
\cftsubtabindent=\skip106
\cftsubtabnumwidth=\skip107
)
(c:/texlive/2019/texmf-dist/tex/latex/amsmath/amsmath.sty
Package: amsmath 2018/12/01 v2.17b AMS math features
\@mathmargin=\skip108

For additional information on amsmath, use the `?' option.
(c:/texlive/2019/texmf-dist/tex/latex/amsmath/amstext.sty
Package: amstext 2000/06/29 v2.01 AMS text

(c:/texlive/2019/texmf-dist/tex/latex/amsmath/amsgen.sty
File: amsgen.sty 1999/11/30 v2.0 generic functions
\@emptytoks=\toks27
\ex@=\dimen146
))
(c:/texlive/2019/texmf-dist/tex/latex/amsmath/amsbsy.sty
Package: amsbsy 1999/11/29 v1.2d Bold Symbols
\pmbraise@=\dimen147
)
(c:/texlive/2019/texmf-dist/tex/latex/amsmath/amsopn.sty
Package: amsopn 2016/03/08 v2.02 operator names
)
\inf@bad=\count131
LaTeX Info: Redefining \frac on input line 223.
\uproot@=\count132
\leftroot@=\count133
LaTeX Info: Redefining \overline on input line 385.
\classnum@=\count134
\DOTSCASE@=\count135
LaTeX Info: Redefining \ldots on input line 482.
LaTeX Info: Redefining \dots on input line 485.
LaTeX Info: Redefining \cdots on input line 606.
\Mathstrutbox@=\box37
\strutbox@=\box38
\big@size=\dimen148
LaTeX Font Info:    Redeclaring font encoding OML on input line 729.
LaTeX Font Info:    Redeclaring font encoding OMS on input line 730.
\macc@depth=\count136
\c@MaxMatrixCols=\count137
\dotsspace@=\muskip11
\c@parentequation=\count138
\dspbrk@lvl=\count139
\tag@help=\toks28
\row@=\count140
\column@=\count141
\maxfields@=\count142
\andhelp@=\toks29
\eqnshift@=\dimen149
\alignsep@=\dimen150
\tagshift@=\dimen151
\tagwidth@=\dimen152
\totwidth@=\dimen153
\lineht@=\dimen154
\@envbody=\toks30
\multlinegap=\skip109
\multlinetaggap=\skip110
\mathdisplay@stack=\toks31
LaTeX Info: Redefining \[ on input line 2844.
LaTeX Info: Redefining \] on input line 2845.
)
(c:/texlive/2019/texmf-dist/tex/latex/amsfonts/amssymb.sty
Package: amssymb 2013/01/14 v3.01 AMS font symbols

(c:/texlive/2019/texmf-dist/tex/latex/amsfonts/amsfonts.sty
Package: amsfonts 2013/01/14 v3.01 Basic AMSFonts support
\symAMSa=\mathgroup4
\symAMSb=\mathgroup5
LaTeX Font Info:    Overwriting math alphabet `\mathfrak' in version `bold'
(Font)                  U/euf/m/n --> U/euf/b/n on input line 106.
))
(c:/texlive/2019/texmf-dist/tex/latex/graphics/epsfig.sty
Package: epsfig 2017/06/25 v1.7b (e)psfig emulation (SPQR)
\epsfxsize=\dimen155
\epsfysize=\dimen156
)
(c:/texlive/2019/texmf-dist/tex/latex/graphics/color.sty
Package: color 2016/07/10 v1.1e Standard LaTeX Color (DPC)

(c:/texlive/2019/texmf-dist/tex/latex/graphics-cfg/color.cfg
File: color.cfg 2016/01/02 v1.6 sample color configuration
)
Package color Info: Driver file: pdftex.def on input line 147.
)
(./scattering_theory_note_3_reaction.aux)
\openout1 = `scattering_theory_note_3_reaction.aux'.

LaTeX Font Info:    Checking defaults for OML/cmm/m/it on input line 103.
LaTeX Font Info:    ... okay on input line 103.
LaTeX Font Info:    Checking defaults for T1/cmr/m/n on input line 103.
LaTeX Font Info:    ... okay on input line 103.
LaTeX Font Info:    Checking defaults for OT1/cmr/m/n on input line 103.
LaTeX Font Info:    ... okay on input line 103.
LaTeX Font Info:    Checking defaults for OMS/cmsy/m/n on input line 103.
LaTeX Font Info:    ... okay on input line 103.
LaTeX Font Info:    Checking defaults for OMX/cmex/m/n on input line 103.
LaTeX Font Info:    ... okay on input line 103.
LaTeX Font Info:    Checking defaults for U/cmr/m/n on input line 103.
LaTeX Font Info:    ... okay on input line 103.
LaTeX Font Info:    Checking defaults for LUC/nanummj/m/n on input line 103.
LaTeX Font Info:    Try loading font information for LUC+nanummj on input line 
103.

(c:/texlive/2019/texmf-dist/tex/latex/nanumtype1/lucnanummj.fd
File: lucnanummj.fd 2013/02/12 v0.1 Nanum Myeongjo font definitions
)
LaTeX Font Info:    ... okay on input line 103.
LaTeX Font Info:    Checking defaults for PD1/pdf/m/n on input line 103.
LaTeX Font Info:    ... okay on input line 103.
\AtBeginShipoutBox=\box39
Package hyperref Info: Link coloring OFF on input line 103.

(c:/texlive/2019/texmf-dist/tex/latex/hyperref/nameref.sty
Package: nameref 2016/05/21 v2.44 Cross-referencing by name of section

(c:/texlive/2019/texmf-dist/tex/generic/oberdiek/gettitlestring.sty
Package: gettitlestring 2016/05/16 v1.5 Cleanup title references (HO)
)
\c@section@level=\count143
)
LaTeX Info: Redefining \ref on input line 103.
LaTeX Info: Redefining \pageref on input line 103.
LaTeX Info: Redefining \nameref on input line 103.

(./scattering_theory_note_3_reaction.out)
(./scattering_theory_note_3_reaction.out)
\@outlinefile=\write3
\openout3 = `scattering_theory_note_3_reaction.out'.

\c@lstlisting=\count144

*geometry* driver: auto-detecting
*geometry* detected driver: pdftex
*geometry* verbose mode - [ preamble ] result:
* driver: pdftex
* paper: letterpaper
* layout: <same size as paper>
* layoutoffset:(h,v)=(0.0pt,0.0pt)
* modes: twoside 
* h-part:(L,W,R)=(73.71613pt, 430.00462pt, 110.57425pt)
* v-part:(T,H,B)=(95.39737pt, 556.47656pt, 143.09605pt)
* \paperwidth=614.295pt
* \paperheight=794.96999pt
* \textwidth=433.62pt
* \textheight=650.43pt
* \oddsidemargin=18.06749pt
* \evensidemargin=0.0pt
* \topmargin=-28.90755pt
* \headheight=12.0pt
* \headsep=19.8738pt
* \topskip=11.0pt
* \footskip=27.46295pt
* \marginparwidth=116.0pt
* \marginparsep=7.0pt
* \columnsep=10.0pt
* \skip\footins=10.0pt plus 4.0pt minus 2.0pt
* \hoffset=0.0pt
* \voffset=0.0pt
* \mag=1000
* \@twocolumnfalse
* \@twosidetrue
* \@mparswitchtrue
* \@reversemarginfalse
* (1in=72.27pt=25.4mm, 1cm=28.453pt)

(c:/texlive/2019/texmf-dist/tex/context/base/mkii/supp-pdf.mkii
[Loading MPS to PDF converter (version 2006.09.02).]
\scratchcounter=\count145
\scratchdimen=\dimen157
\scratchbox=\box40
\nofMPsegments=\count146
\nofMParguments=\count147
\everyMPshowfont=\toks32
\MPscratchCnt=\count148
\MPscratchDim=\dimen158
\MPnumerator=\count149
\makeMPintoPDFobject=\count150
\everyMPtoPDFconversion=\toks33
) (c:/texlive/2019/texmf-dist/tex/latex/oberdiek/epstopdf-base.sty
Package: epstopdf-base 2016/05/15 v2.6 Base part for package epstopdf

(c:/texlive/2019/texmf-dist/tex/latex/oberdiek/grfext.sty
Package: grfext 2016/05/16 v1.2 Manage graphics extensions (HO)
)
Package epstopdf-base Info: Redefining graphics rule for `.eps' on input line 4
38.
Package grfext Info: Graphics extension search list:
(grfext)             [.pdf,.png,.jpg,.mps,.jpeg,.jbig2,.jb2,.PDF,.PNG,.JPG,.JPE
G,.JBIG2,.JB2,.eps]
(grfext)             \AppendGraphicsExtensions on input line 456.

(c:/texlive/2019/texmf-dist/tex/latex/latexconfig/epstopdf-sys.cfg
File: epstopdf-sys.cfg 2010/07/13 v1.3 Configuration of (r)epstopdf for TeX Liv
e
))
Package caption Info: Begin \AtBeginDocument code.
Package caption Info: subfig package v1.3 is loaded.
Package caption Info: End \AtBeginDocument code.
LaTeX Font Info:    Try loading font information for U+msa on input line 105.

(c:/texlive/2019/texmf-dist/tex/latex/amsfonts/umsa.fd
File: umsa.fd 2013/01/14 v3.01 AMS symbols A
)
LaTeX Font Info:    Try loading font information for U+msb on input line 105.

(c:/texlive/2019/texmf-dist/tex/latex/amsfonts/umsb.fd
File: umsb.fd 2013/01/14 v3.01 AMS symbols B
) [1


{c:/texlive/2019/texmf-var/fonts/map/pdftex/updmap/pdftex.map}]

Package Fancyhdr Warning: \headheight is too small (12.0pt): 
Make it at least 13.59999pt.
We now make it that large for the rest of the document.
This may cause the page layout to be inconsistent, however.

[2

] (./scattering_theory_note_3_reaction.toc [3] [4]
Overfull \hbox (18.96997pt too wide) in paragraph at lines 111--111
 [][] [][]\OT1/cmr/bx/n/10.95 Resonating Group Method(RGM) and Gen-er-a-tor Co-
or-di-nate Method(GCM)[] []  
 []

[5]
Overfull \hbox (18.00734pt too wide) in paragraph at lines 165--165
 [][] [][]\OT1/cmr/m/n/10.95 Card 11: For TYPEs 12-13 or TYPE=10-13 with SHAPE=
7,8,9 (&STEP) 
 []

)
\tf@toc=\write4
\openout4 = `scattering_theory_note_3_reaction.toc'.

 [6]
Chapter 1.
LaTeX Font Info:    Try loading font information for LUC+nanumgt on input line 
128.
(c:/texlive/2019/texmf-dist/tex/latex/nanumtype1/lucnanumgt.fd
File: lucnanumgt.fd 2013/02/12 v0.1 Nanum Gothic font definitions
)
<Glend_fig1_1.png, id=856, 585.18625pt x 347.2975pt>
File: Glend_fig1_1.png Graphic file (type png)
<use Glend_fig1_1.png>
Package pdftex.def Info: Glend_fig1_1.png  used on input line 130.
(pdftex.def)             Requested size: 216.81pt x 128.67293pt.
<talys_fig3_2.png, id=857, 425.59pt x 280.04625pt>
File: talys_fig3_2.png Graphic file (type png)
<use talys_fig3_2.png>
Package pdftex.def Info: talys_fig3_2.png  used on input line 131.
(pdftex.def)             Requested size: 216.81pt x 142.66785pt.

Overfull \hbox (2.43333pt too wide) in paragraph at lines 130--141
[][] [] 
 []

<Glend_fig1_2.png, id=858, 819.06pt x 562.1pt>
File: Glend_fig1_2.png Graphic file (type png)
<use Glend_fig1_2.png>
Package pdftex.def Info: Glend_fig1_2.png  used on input line 146.
(pdftex.def)             Requested size: 216.81pt x 148.79283pt.
<talys_fig3_1.png, id=859, 538.01pt x 320.19624pt>
File: talys_fig3_1.png Graphic file (type png)
<use talys_fig3_1.png>
Package pdftex.def Info: talys_fig3_1.png  used on input line 147.
(pdftex.def)             Requested size: 216.81pt x 129.03383pt.

Overfull \hbox (2.43333pt too wide) in paragraph at lines 146--150
[][] [] 
 []

<Ne20.pdf, id=860, 575.14874pt x 691.58376pt>
File: Ne20.pdf Graphic file (type pdf)
<use Ne20.pdf>
Package pdftex.def Info: Ne20.pdf  used on input line 156.
(pdftex.def)             Requested size: 346.89731pt x 417.13786pt.
<HI_reaction_impact_para.png, id=861, 606.01407pt x 431.36156pt>
File: HI_reaction_impact_para.png Graphic file (type png)
<use HI_reaction_impact_para.png>
Package pdftex.def Info: HI_reaction_impact_para.png  used on input line 169.
(pdftex.def)             Requested size: 303.53267pt x 216.05542pt.
LaTeX Font Info:    Try loading font information for OMS+cmr on input line 177.

(c:/texlive/2019/texmf-dist/tex/latex/base/omscmr.fd
File: omscmr.fd 2014/09/29 v2.5h Standard LaTeX font definitions
)
LaTeX Font Info:    Font shape `OMS/cmr/m/n' in size <10.95> not available
(Font)              Font shape `OMS/cmsy/m/n' tried instead on input line 177.
 [7

] [8 <./Glend_fig1_1.png> <./talys_fig3_2.png> <./Glend_fig1_2.png> <./talys_fi
g3_1.png>] [9 <./Ne20.pdf>] [10 <./HI_reaction_impact_para.png>] [11] [12]
Overfull \hbox (25.71431pt too wide) in paragraph at lines 404--409
[]\OT1/cmr/m/n/10.95 Direct re-ac-tion \LUC/nanummj/m/n/10.95/ac Ä\LUC/nanummj/
m/n/10.95/c0 °\LUC/nanummj/m/n/10.95/c5 Ð\LUC/nanummj/m/n/10.95/c1 ^^\\LUC/nanu
mmj/m/n/10.95/b2 ” \LUC/nanummj/m/n/10.95/ac ^^A \OT1/cmr/m/n/10.95 chan-nel $\
OML/cmm/m/it/10.95 $\LUC/nanummj/m/n/10.95/c5 Ð\LUC/nanummj/m/n/10.95/c1 ^^\\L
UC/nanummj/m/n/10.95/c7 X \OT1/cmr/m/n/10.95 wave func-tion\LUC/nanummj/m/n/10.
95/c7 t \OT1/cmr/m/n/10.95 pro-jec-tile wave function($\OML/cmm/m/it/10.95 ^^^[
]$\OT1/cmr/m/n/10.95 ),
 []

[13] [14] [15] [16]
Overfull \hbox (12.47154pt too wide) in alignment at lines 696--699
 [][][] []
 []

[17] [18] [19]
<figs/Fraunhoffer.png, id=1077, 338.01282pt x 225.84375pt>
File: figs/Fraunhoffer.png Graphic file (type png)
<use figs/Fraunhoffer.png>
Package pdftex.def Info: figs/Fraunhoffer.png  used on input line 842.
(pdftex.def)             Requested size: 173.44534pt x 115.88867pt.
<figs/Fresnel_example.png, id=1078, 270.25969pt x 173.89969pt>
File: figs/Fresnel_example.png Graphic file (type png)
<use figs/Fresnel_example.png>
Package pdftex.def Info: figs/Fresnel_example.png  used on input line 843.
(pdftex.def)             Requested size: 173.44534pt x 111.60587pt.
<figs/strong_absorption_model.png, id=1079, 317.68687pt x 149.05687pt>
File: figs/strong_absorption_model.png Graphic file (type png)
<use figs/strong_absorption_model.png>
Package pdftex.def Info: figs/strong_absorption_model.png  used on input line 8
62.
(pdftex.def)             Requested size: 173.44534pt x 81.38107pt.


LaTeX Warning: `h' float specifier changed to `ht'.

[20] [21 <./figs/Fraunhoffer.png> <./figs/Fresnel_example.png> <./figs/strong_a
bsorption_model.png>] [22

]
Chapter 2.
[23] [24]
Overfull \hbox (84.1282pt too wide) in alignment at lines 1018--1023
 [][][] []
 []


Overfull \hbox (68.9342pt too wide) in alignment at lines 1025--1028
 [][][] []
 []

[25] [26] [27] [28]
Underfull \vbox (badness 2142) has occurred while \output is active []

 [29]
Overfull \hbox (19.18279pt too wide) in alignment at lines 1286--1290
 [][][] []
 []

[30]
Chapter 3.
[31

] [32] [33]
Overfull \hbox (48.69026pt too wide) in alignment at lines 1505--1514
 [][][] []
 []

[34] [35] [36]
Overfull \hbox (56.23076pt too wide) in alignment at lines 1681--1689
 [][][] []
 []

[37]
Overfull \hbox (76.45119pt too wide) in alignment at lines 1701--1706
 [][][] []
 []

[38pdfTeX warning (ext4): destination with the same identifier (name{equation.3
.3.48}) has been already used, duplicate ignored

\AtBegShi@Output ...ipout \box \AtBeginShipoutBox 
                                                  \fi \fi 
l.1752 \eea
           ]
Overfull \hbox (52.09949pt too wide) in alignment at lines 1765--1776
 [][][] []
 []


Overfull \hbox (12.16524pt too wide) in alignment at lines 1790--1794
 [][][] []
 []

[39] [40] [41] [42] [43]
Overfull \hbox (91.44637pt too wide) in alignment at lines 2061--2065
 [][][] []
 []

[44]
Overfull \hbox (6.93292pt too wide) in alignment at lines 2149--2158
 [][][] []
 []

[45]
Overfull \hbox (59.4103pt too wide) in alignment at lines 2206--2215
 [][][] []
 []

[46]
Overfull \hbox (3.28558pt too wide) in paragraph at lines 2286--2292
[]\OT1/cmr/m/n/10.95 One global parametriza-tion is avail-able from Sao Paulo p
o-ten-tial. They use 2-parameter
 []

[47]
Overfull \hbox (2.63359pt too wide) in alignment at lines 2351--2355
 [][][] []
 []

[48]
Overfull \hbox (15.96562pt too wide) in alignment at lines 2394--2400
 [][][] []
 []

<stripping.png, id=1422, 428.3202pt x 358.4592pt>
File: stripping.png Graphic file (type png)
<use stripping.png>
Package pdftex.def Info: stripping.png  used on input line 2421.
(pdftex.def)             Requested size: 216.81pt x 181.44983pt.

Overfull \hbox (84.92685pt too wide) in alignment at lines 2435--2440
 [][][] []
 []

[49]
Overfull \hbox (30.39722pt too wide) in paragraph at lines 2450--2454
[]\OT1/cmr/m/n/10.95 Thus, the most im-por-tant in-for-ma-tion we need to com-p
ute is $\OMS/cmsy/m/n/10.95 h\OML/cmm/m/it/10.95 I[]M[]s[]^^[[]\OMS/cmsy/m/n/10
.95 j\OML/cmm/m/it/10.95 V[]\OMS/cmsy/m/n/10.95 j\OML/cmm/m/it/10.95 I[]M[]s[]^
^[[]\OMS/cmsy/m/n/10.95 i\OT1/cmr/m/n/10.95 ([][]\OML/cmm/m/it/10.95 ; [][]\OT1
/cmr/m/n/10.95 )$
 []

[50 <./stripping.png>] [51] [52]
Overfull \hbox (3.05862pt too wide) in alignment at lines 2618--2622
 [][][] []
 []


Underfull \vbox (badness 2005) has occurred while \output is active []

 [53]
[54] [55] [56] [57]
Overfull \hbox (1.72006pt too wide) in alignment at lines 2910--2914
 [][][] []
 []

[58] [59] [60] [61] [62]
Chapter 4.

Overfull \hbox (62.92563pt too wide) in alignment at lines 3090--3094
 [][][] []
 []

[63

] [64

]
Chapter 5.

Overfull \hbox (4.99686pt too wide) in paragraph at lines 3117--3120
\LUC/nanummj/m/n/10.95/c5 ´\LUC/nanummj/m/n/10.95/b5 ¤ \OT1/cmr/m/n/10.95 Re-ac
-tion\LUC/nanummj/m/n/10.95/c7 D \LUC/nanummj/m/n/10.95/ac Ä\LUC/nanummj/m/n/10
.95/c0 °\LUC/nanummj/m/n/10.95/d5 X\LUC/nanummj/m/n/10.95/ae 0 \LUC/nanummj/m/n
/10.95/c7 ^^D\LUC/nanummj/m/n/10.95/d5 t\LUC/nanummj/m/n/10.95/c1 ^^\\LUC/nanum
mj/m/n/10.95/b2 ” \LUC/nanummj/m/n/10.95/ac ^^A \OT1/cmr/m/n/10.95 chan-nel\LUC
/nanummj/m/n/10.95/c7 X \OT1/cmr/m/n/10.95 bound state\LUC/nanummj/m/n/10.95/b4
 ä\LUC/nanummj/m/n/10.95/c7 X \OT1/cmr/m/n/10.95 wave func-tion \LUC/nanummj/m/
n/10.95/ac ü\OT1/cmr/m/n/10.95 , projectile-
 []

[65] [66pdfTeX warning (ext4): destination with the same identifier (name{equat
ion.5.1.7}) has been already used, duplicate ignored

\AtBegShi@Output ...ipout \box \AtBeginShipoutBox 
                                                  \fi \fi 
l.3233 \eea
           ] [67] [68] [69] [70] [71] [72] [73] [74] [75]
<rotor.png, id=1717, 336.50719pt x 260.47313pt>
File: rotor.png Graphic file (type png)
<use rotor.png>
Package pdftex.def Info: rotor.png  used on input line 3809.
(pdftex.def)             Requested size: 303.53267pt x 234.95226pt.
 [76] [77 <./rotor.png>] [78] [79] [80]
Overfull \hbox (14.3101pt too wide) in alignment at lines 4098--4108
 [][][] []
 []

[81] [82] [83] [84pdfTeX warning (ext4): destination with the same identifier (
name{equation.5.11.115}) has been already used, duplicate ignored

\AtBegShi@Output ...ipout \box \AtBeginShipoutBox 
                                                  \fi \fi 
l.4281 \item
             Nuclear Mean Squared Charge Radius: second radial moment]
Overfull \hbox (6.53897pt too wide) in paragraph at lines 4335--4340
\OT1/cmr/m/n/10.95 with K be-ing the pro-jec-tion of nu-clear spin on the de-fo
r-ma-tion axis. In-trin-sic quadrupole
 []

[85]
Overfull \hbox (13.74185pt too wide) in paragraph at lines 4364--4366
[]\OT1/cmr/m/n/10.95 Information of de-for-ma-tion is de-scribed in Po-ten-tial
s (Type=10,11, Shape=7,8,9)of FRESCO
 []


Overfull \hbox (3.95325pt too wide) in paragraph at lines 4391--4394
[]\OT1/cmr/m/n/10.95 Fresco man-ual\LUC/nanummj/m/n/10.95/c5 Ð \OT1/cmr/m/n/10.
95 typo\LUC/nanummj/m/n/10.95/ac ^^@ \LUC/nanummj/m/n/10.95/c7 ˆ\LUC/nanummj/m/
n/10.95/b2 ” \LUC/nanummj/m/n/10.95/ac ƒ\LUC/nanummj/m/n/10.95/c7 <\LUC/nanummj
/m/n/10.95/b8 \ \LUC/nanummj/m/n/10.95/c0 Ý\LUC/nanummj/m/n/10.95/ac ^^A\LUC/na
nummj/m/n/10.95/b4 ^^\\LUC/nanummj/m/n/10.95/b2 ä\OT1/cmr/m/n/10.95 . []Coulomb
 de-for-ma-tion \LUC/nanummj/m/n/10.95/c7 X \LUC/nanummj/m/n/10.95/ac ½\LUC/nan
ummj/m/n/10.95/c6 °\OT1/cmr/m/n/10.95 , TYPE=10,11
 []

[86] [87] [88]
Overfull \hbox (6.87712pt too wide) in paragraph at lines 4537--4541
\LUC/nanummj/m/n/10.95/ba t\OT1/cmr/m/n/10.95 , nor-mal-ized wave func-tion \LU
C/nanummj/m/n/10.95/c7 \LUC/nanummj/m/n/10.95/cc ´\LUC/nanummj/m/n/10.95/ac ^^
@ \OT1/cmr/m/n/10.95 sin-gle par-ti-cle ANC\LUC/nanummj/m/n/10.95/b9 | \LUC/nan
ummj/m/n/10.95/ac ^^@\LUC/nanummj/m/n/10.95/c9 À\LUC/nanummj/m/n/10.95/ac à\OT1
/cmr/m/n/10.95 , $(\OML/cmm/m/it/10.95 ANC\OT1/cmr/m/n/10.95 ) = (\OML/cmm/m/it
/10.95 s:a:\OT1/cmr/m/n/10.95 )(\OML/cmm/m/it/10.95 s:p:ANC\OT1/cmr/m/n/10.95 )
$
 []

[89]
Overfull \hbox (15.2447pt too wide) in paragraph at lines 4631--4633
\OT1/cmr/m/n/10.95 Or, if it is a bound state of core and two par-ti-cles, for 
cou-pling or-der $\OMS/cmsy/m/n/10.95 jf\OML/cmm/m/it/10.95 L; \OT1/cmr/m/n/10.
95 (\OML/cmm/m/it/10.95 l; \OT1/cmr/m/n/10.95 (\OML/cmm/m/it/10.95 s[]s[]\OT1/c
mr/m/n/10.95 )\OML/cmm/m/it/10.95 S\OT1/cmr/m/n/10.95 )\OML/cmm/m/it/10.95 j\OM
S/cmsy/m/n/10.95 g\OML/cmm/m/it/10.95 J[]; I[]\OT1/cmr/m/n/10.95 ; \OML/cmm/m/i
t/10.95 J\OMS/cmsy/m/n/10.95 i$\OT1/cmr/m/n/10.95 , 
 []

[90] [91]
Overfull \hbox (12.52513pt too wide) in paragraph at lines 4741--4744
[]\OT1/cmr/m/n/10.95 Mean-field are for ground state. For ex-cited states, time
-dependent anal-y-sis (Time-dependent
 []

[92] [93] [94]
Overfull \hbox (1.82294pt too wide) in paragraph at lines 4910--4912
[]\LUC/nanummj/m/n/10.95/bc ô\LUC/nanummj/m/n/10.95/d1 µ \OT1/cmr/m/n/10.95 She
ll model\LUC/nanummj/m/n/10.95/cf T\LUC/nanummj/m/n/10.95/b4 Ü\LUC/nanummj/m/n/
10.95/c5 Ð\LUC/nanummj/m/n/10.95/c1 ^^\ \OT1/cmr/m/n/10.95 spec-tro-scopic fac-
tor\LUC/nanummj/m/n/10.95/b6 ^^P\LUC/nanummj/m/n/10.95/b2 ” \OT1/cmr/m/n/10.95 
spec-tro-scopic am-pli-tude\LUC/nanummj/m/n/10.95/b9 | \LUC/nanummj/m/n/10.95/c
8 ü\LUC/nanummj/m/n/10.95/c9 À\LUC/nanummj/m/n/10.95/b9 Ì\OT1/cmr/m/n/10.95 , s
pec-
 []

[95] [96] [97] [98] [99] [100] [101] [102]
Overfull \hbox (7.01971pt too wide) in paragraph at lines 5386--5391
[]\OT1/cmr/m/n/10.95 Similar method also works for adi-a-batic po-ten-tial cal-
cu-la-tion. The front end code FRONT19
 []


Overfull \hbox (7.07147pt too wide) in paragraph at lines 5399--5402
[]\OT1/cmr/bx/n/10.95 Note: \OT1/cmr/m/n/10.95 Since the FOLDER only uses given
 deuteron wave func-tions for REID, HULTHIN(?),
 []

[103] [104

]
Chapter 6.
[105]
Overfull \hbox (31.90788pt too wide) in alignment at lines 5493--5501
 [][][] []
 []

[106] [107] [108]
Chapter 7.
[109

] [110

]
Chapter 8.
[111] [112] [113] [114] [115] [116]
Overfull \hbox (6.41446pt too wide) in alignment at lines 5950--5963
 [][][] []
 []

[117] [118] [119] [120] [121]
Overfull \hbox (53.92503pt too wide) in alignment at lines 6220--6225
 [][][] []
 []

[122] [123] [124] [125] [126] [127] [128

]
Chapter 9.

Overfull \hbox (24.76688pt too wide) in alignment at lines 6544--6550
 [][][] []
 []


Overfull \hbox (17.46619pt too wide) in alignment at lines 6557--6561
 [][][] []
 []

[129] [130]
Chapter 10.
[131

]
Overfull \hbox (10.4244pt too wide) in alignment at lines 6640--6649
 [][][] []
 []

[132] [133] [134] [135] [136]
Overfull \hbox (87.54623pt too wide) in alignment at lines 6949--6958
 [][][] []
 []

[137] [138]
Chapter 11.
[139

] [140] [141] [142] [143] [144

]
Chapter 12.
[145]

Package hyperref Warning: Token not allowed in a PDF string (PDFDocEncoding):
(hyperref)                removing `math shift' on input line 7364.


Package hyperref Warning: Token not allowed in a PDF string (PDFDocEncoding):
(hyperref)                removing `\alpha' on input line 7364.


Package hyperref Warning: Token not allowed in a PDF string (PDFDocEncoding):
(hyperref)                removing `\alpha' on input line 7364.


Package hyperref Warning: Token not allowed in a PDF string (PDFDocEncoding):
(hyperref)                removing `math shift' on input line 7364.


Package hyperref Warning: Token not allowed in a PDF string (PDFDocEncoding):
(hyperref)                removing `math shift' on input line 7364.


Package hyperref Warning: Token not allowed in a PDF string (PDFDocEncoding):
(hyperref)                removing `superscript' on input line 7364.


Package hyperref Warning: Token not allowed in a PDF string (PDFDocEncoding):
(hyperref)                removing `math shift' on input line 7364.


Overfull \hbox (1.07916pt too wide) in paragraph at lines 7389--7390
[][][][][][][][][][][][][][][][][][][][][][][][][][][][][][][][][][][][][][][][
][][][][][][][][][][][][][][][][][][][][][][][] 
 []

[146] [147]
Overfull \hbox (65.28325pt too wide) in paragraph at lines 7465--7476
[][] 
 []


Package hyperref Warning: Token not allowed in a PDF string (PDFDocEncoding):
(hyperref)                removing `math shift' on input line 7491.


Package hyperref Warning: Token not allowed in a PDF string (PDFDocEncoding):
(hyperref)                removing `superscript' on input line 7491.


Package hyperref Warning: Token not allowed in a PDF string (PDFDocEncoding):
(hyperref)                removing `superscript' on input line 7491.


Package hyperref Warning: Token not allowed in a PDF string (PDFDocEncoding):
(hyperref)                removing `math shift' on input line 7491.

[148]
Overfull \hbox (26.27911pt too wide) in paragraph at lines 7526--7527
[][][][][][][][][][][][][][][][][][][][][][][][][][][][][][][][][][][][][][][][
][][][][][][][][][][][][][] 
 []


Overfull \hbox (76.67902pt too wide) in paragraph at lines 7540--7541
[][][][][][][][][][][][][][][][][][][][][][][][][][][][][][][][][][][][][][][][
][][][][][][][][][][][][][][][][][][] 
 []


Underfull \vbox (badness 10000) has occurred while \output is active []

 [149]
[150]

Package hyperref Warning: Token not allowed in a PDF string (PDFDocEncoding):
(hyperref)                removing `math shift' on input line 7660.


Package hyperref Warning: Token not allowed in a PDF string (PDFDocEncoding):
(hyperref)                removing `superscript' on input line 7660.


Package hyperref Warning: Token not allowed in a PDF string (PDFDocEncoding):
(hyperref)                removing `math shift' on input line 7660.

[151] [152] [153]
LaTeX Font Info:    Try loading font information for LUC+uhcmj on input line 78
49.
 (c:/texlive/2019/texmf-dist/tex/latex/kotex-utf/lucuhcmj.fd
File: lucuhcmj.fd 2013/09/26 UHC Myeongjo font definitions
)
[154]
Overfull \hbox (34.1282pt too wide) in paragraph at lines 7895--7901
[]\OT1/cmr/m/n/10.95 Nuclear de-for-ma-tion $\OML/cmm/m/it/10.95 RDEF\OT1/cmr/m
/n/10.95 (\OML/cmm/m/it/10.95 E\OT1/cmr/m/n/10.95 2; 0 \OMS/cmsy/m/n/10.95 ! \O
T1/cmr/m/n/10.95 2) = 0\OML/cmm/m/it/10.95 :\OT1/cmr/m/n/10.95 9925 = \OML/cmm/
m/it/10.95 RDEF\OT1/cmr/m/n/10.95 (\OML/cmm/m/it/10.95 E\OT1/cmr/m/n/10.95 2; 2
 \OMS/cmsy/m/n/10.95 ! \OT1/cmr/m/n/10.95 0)$ and $\OML/cmm/m/it/10.95 RDEF\OT1
/cmr/m/n/10.95 (\OML/cmm/m/it/10.95 E\OT1/cmr/m/n/10.95 2; 2 \OMS/cmsy/m/n/10.9
5 !
 []


Package hyperref Warning: Token not allowed in a PDF string (PDFDocEncoding):
(hyperref)                removing `math shift' on input line 7905.


Package hyperref Warning: Token not allowed in a PDF string (PDFDocEncoding):
(hyperref)                removing `superscript' on input line 7905.


Package hyperref Warning: Token not allowed in a PDF string (PDFDocEncoding):
(hyperref)                removing `superscript' on input line 7905.


Package hyperref Warning: Token not allowed in a PDF string (PDFDocEncoding):
(hyperref)                removing `superscript' on input line 7905.


Package hyperref Warning: Token not allowed in a PDF string (PDFDocEncoding):
(hyperref)                removing `superscript' on input line 7905.


Package hyperref Warning: Token not allowed in a PDF string (PDFDocEncoding):
(hyperref)                removing `superscript' on input line 7905.


Package hyperref Warning: Token not allowed in a PDF string (PDFDocEncoding):
(hyperref)                removing `math shift' on input line 7905.


Overfull \hbox (38.87909pt too wide) in paragraph at lines 7933--7934
[][][][][][][][][][][][][][][][][][][][][][][][][][][][][][][][][][][][][][][][
][][][][][][][][][][][][][][][][][] 
 []


Overfull \hbox (26.27911pt too wide) in paragraph at lines 7934--7935
[][][][][][][][][][][][][][][][][][][][][][][][][][][][][][][][][][][][][][][][
][][][][][][][][][][][][][][] 
 []


Overfull \hbox (26.27911pt too wide) in paragraph at lines 7935--7936
[][][][][][][][][][][][][][][][][][][][][][][][][][][][][][][][][][][][][][][][
][][][][][][][][][][][][][][] 
 []


Overfull \hbox (114.47894pt too wide) in paragraph at lines 7937--7939
[][][][][][][][][][][][][][][][][][][][][][][][][][][][][][][][][][][][][][][][
][][][][][][][][][][][][][][][][][][][][][][][][][][][][][][][] 
 []


Overfull \hbox (108.17896pt too wide) in paragraph at lines 7942--7944
[][][][][][][][][][][][][][][][][][][][][][][][][][][][][][][][][][][][][][][][
][][][][][][][][][][][][][][][][][][][][][][][][][][][][][][][][][][] 
 []


Overfull \hbox (57.77905pt too wide) in paragraph at lines 7945--7946
[][][][][][][][][][][][][][][][][][][][][][][][][][][][][][][][][][][][][][][][
][][][][][][][][][] 
 []

[155]
Overfull \hbox (89.27899pt too wide) in paragraph at lines 7949--7950
[][][][][][][][][][][][][][][][][][][][][][][][][][][][][][][][][][][][][][][][
][][][][][][][][][][][][][][][][][][][][][][][][][] 
 []


Overfull \hbox (45.17908pt too wide) in paragraph at lines 7953--7954
[][][][][][][][][][][][][][][][][][][][][][][][][][][][][][][][][][][][][][][][
][][][][][][][][][][][][][][][][][][] 
 []


Overfull \hbox (13.67914pt too wide) in paragraph at lines 7959--7960
[][][][][][][][][][][][][][][][][][][][][][][][][][][][][][][][][][][][][][][][
][][][][][][][][][][][][][][][][][][][][][][][][][][][][][][][][][][][][][][][]
[][][][][] 
 []


Overfull \hbox (38.87909pt too wide) in paragraph at lines 7962--7963
[][][][][][][][][][][][][][][][][][][][][][][][][][][][][][][][][][][][][][][][
][][][][][][][][][][][][][][][][][][][][][][][][][][][][][] 
 []


Overfull \hbox (45.17908pt too wide) in paragraph at lines 7964--7965
[][][][][][][][][][][][][][][][][][][][][][][][][][][][][][][][][][][][][][][][
][][][][][][][][][][][][][][][][][] 
 []


Overfull \hbox (1.07916pt too wide) in paragraph at lines 7973--7974
[][][][][][][][][][][][][][][][][][][][][][][][][][][][][][][][][][][][][][][][
][][][][][][][][][][][][][][][] 
 []


Overfull \hbox (57.77905pt too wide) in paragraph at lines 7976--7977
[][][][][][][][][][][][][][][][][][][][][][][][][][][][][][][][][][][][][][][][
][][][][][][][][][][][][][][][][][][][][] 
 []

[156]

Package hyperref Warning: Token not allowed in a PDF string (PDFDocEncoding):
(hyperref)                removing `math shift' on input line 8065.


Package hyperref Warning: Token not allowed in a PDF string (PDFDocEncoding):
(hyperref)                removing `superscript' on input line 8065.


Package hyperref Warning: Token not allowed in a PDF string (PDFDocEncoding):
(hyperref)                removing `superscript' on input line 8065.


Package hyperref Warning: Token not allowed in a PDF string (PDFDocEncoding):
(hyperref)                removing `math shift' on input line 8065.

[157] [158]
Overfull \hbox (13.67914pt too wide) in paragraph at lines 8158--8159
[][][][][][][][][][][][][][][][][][][][][][][][][][][][][][][][]
 []


Overfull \hbox (13.67914pt too wide) in paragraph at lines 8162--8163
[][][][][][][][][][][][][][][][][][][][][][][][][][][][][][][][]
 []

[159]
Overfull \hbox (13.67914pt too wide) in paragraph at lines 8210--8211
[][][][][][][][][][][][][][][][][][][][][][][][][][][][] 
 []

[160] [161]

Package hyperref Warning: Token not allowed in a PDF string (PDFDocEncoding):
(hyperref)                removing `math shift' on input line 8309.


Package hyperref Warning: Token not allowed in a PDF string (PDFDocEncoding):
(hyperref)                removing `superscript' on input line 8309.


Package hyperref Warning: Token not allowed in a PDF string (PDFDocEncoding):
(hyperref)                removing `math shift' on input line 8309.


Overfull \hbox (70.37903pt too wide) in paragraph at lines 8312--8313
[][][][][][][][][][][][][][][][][][][][][][][][][][][][][][][][][][][][][][][][
][][][][][][][][][][] 
 []


Overfull \hbox (7.37915pt too wide) in paragraph at lines 8321--8322
[][][][][][][][][][][][][][][][][][][][][][][][][][][][][][][][][][][][][][][][
][][][] 
 []

[162]
Overfull \hbox (70.37903pt too wide) in paragraph at lines 8383--8384
[][][][][][][][][][][][][][][][][][][][][][][][][][][][][][][][][][][][][][][][
][][][][][][][][][][] 
 []


Overfull \hbox (7.37915pt too wide) in paragraph at lines 8395--8396
[][][][][][][][][][][][][][][][][][][][][][][][][][][][][][][][][][][]
 []

[163]

Package hyperref Warning: Token not allowed in a PDF string (PDFDocEncoding):
(hyperref)                removing `math shift' on input line 8410.


Package hyperref Warning: Token not allowed in a PDF string (PDFDocEncoding):
(hyperref)                removing `superscript' on input line 8410.


Package hyperref Warning: Token not allowed in a PDF string (PDFDocEncoding):
(hyperref)                removing `superscript' on input line 8410.


Package hyperref Warning: Token not allowed in a PDF string (PDFDocEncoding):
(hyperref)                removing `superscript' on input line 8410.


Package hyperref Warning: Token not allowed in a PDF string (PDFDocEncoding):
(hyperref)                removing `superscript' on input line 8410.


Package hyperref Warning: Token not allowed in a PDF string (PDFDocEncoding):
(hyperref)                removing `math shift' on input line 8410.


Overfull \hbox (7.37915pt too wide) in paragraph at lines 8446--8447
[][][][][][][][][][][][][][][][][][][][][][][][][][][][][][][][][][][][][][][][
][][][][][][][][][][][][][][][][][][][][][][][][][][] 
 []

[164]
Overfull \hbox (48.78436pt too wide) in paragraph at lines 8496--8500
[]\OT1/cmr/m/n/10.95 Because the core has non-zero spin, over-lap re-quires KIN
D=3 cou-pling scheme, $\OMS/cmsy/m/n/10.95 j\OT1/cmr/m/n/10.95 (\OML/cmm/m/it/1
0.95 l[]; s[]\OT1/cmr/m/n/10.95 )\OML/cmm/m/it/10.95 j[]; I[]\OT1/cmr/m/n/10.95
 ; \OML/cmm/m/it/10.95 I[]\OMS/cmsy/m/n/10.95 i$
 []

[165]

Package hyperref Warning: Token not allowed in a PDF string (PDFDocEncoding):
(hyperref)                removing `math shift' on input line 8540.


Package hyperref Warning: Token not allowed in a PDF string (PDFDocEncoding):
(hyperref)                removing `\alpha' on input line 8540.


Package hyperref Warning: Token not allowed in a PDF string (PDFDocEncoding):
(hyperref)                removing `math shift' on input line 8540.

[166]

Package hyperref Warning: Token not allowed in a PDF string (PDFDocEncoding):
(hyperref)                removing `math shift' on input line 8591.


Package hyperref Warning: Token not allowed in a PDF string (PDFDocEncoding):
(hyperref)                removing `superscript' on input line 8591.


Package hyperref Warning: Token not allowed in a PDF string (PDFDocEncoding):
(hyperref)                removing `superscript' on input line 8591.


Package hyperref Warning: Token not allowed in a PDF string (PDFDocEncoding):
(hyperref)                removing `superscript' on input line 8591.


Package hyperref Warning: Token not allowed in a PDF string (PDFDocEncoding):
(hyperref)                removing `superscript' on input line 8591.


Package hyperref Warning: Token not allowed in a PDF string (PDFDocEncoding):
(hyperref)                removing `math shift' on input line 8591.


Overfull \hbox (19.97913pt too wide) in paragraph at lines 8629--8631
[][][][][][][][][][][][][][][][][][][][][][][][][][][][][][][][][][][][][][][][
][][][][][][][][][][][][][][][][][][][][][][][][][][][][][][][][][][][][] 
 []

[167]
Overfull \hbox (9.39943pt too wide) in paragraph at lines 8649--8651
[]\OT1/cmr/m/n/10.95 Finite Range trans-fer (Kind=7) is added in Post(IP1=0) fo
rm with-out rem-nant (IP2=0). 
 []

[168]
Overfull \hbox (19.97913pt too wide) in paragraph at lines 8737--8738
[][][][][][][][][][][][][][][][][][][][][][][][][][][][][][][][][][] 
 []


Overfull \hbox (19.97913pt too wide) in paragraph at lines 8742--8743
[][][][][][][][][][][][][][][][][][][][][][][][][][][][][][][][][][][][] 
 []


Overfull \hbox (19.97913pt too wide) in paragraph at lines 8744--8745
[][][][][][][][][][][][][][][][][][][][][][][][][][][][][][][][][][] 
 []


Overfull \hbox (19.97913pt too wide) in paragraph at lines 8749--8750
[][][][][][][][][][][][][][][][][][][][][][][][][][][][][][][][][][][][] 
 []


Overfull \hbox (19.97913pt too wide) in paragraph at lines 8751--8752
[][][][][][][][][][][][][][][][][][][][][][][][][][][][][][][][][][][][] 
 []


Overfull \hbox (19.97913pt too wide) in paragraph at lines 8754--8755
[][][][][][][][][][][][][][][][][][][][][][][][][][][][][][][][][][][][] 
 []


Overfull \hbox (19.97913pt too wide) in paragraph at lines 8757--8758
[][][][][][][][][][][][][][][][][][][][][][][][][][][][][][][][][][][][] 
 []

[169]
LaTeX Font Info:    Font shape `OMS/cmr/m/n' in size <10> not available
(Font)              Font shape `OMS/cmsy/m/n' tried instead on input line 8791.

 [170]
Overfull \hbox (53.8726pt too wide) in paragraph at lines 8839--8874
[][] 
 []


Overfull \hbox (20.40927pt too wide) in paragraph at lines 8905--8913
[]\OT1/cmr/m/n/10.95 In case of over-lap kn=6 $\OMS/cmsy/m/n/10.95 h\OT1/cmr/m/
n/10.95 10\OML/cmm/m/it/10.95 Li\OT1/cmr/m/n/10.95 (0\OML/cmm/m/it/10.95 :\OT1/
cmr/m/n/10.95 5\OMS/cmsy/m/n/10.95 ^^@\OT1/cmr/m/n/10.95 ) = 9\OML/cmm/m/it/10.
95 Li\OT1/cmr/m/n/10.95 (0+) + \OML/cmm/m/it/10.95 p\OT1/cmr/m/n/10.95 (1\OML/c
mm/m/it/10.95 p[]\OT1/cmr/m/n/10.95 )\OMS/cmsy/m/n/10.95 j\OT1/cmr/m/n/10.95 9\
OML/cmm/m/it/10.95 Li\OT1/cmr/m/n/10.95 (0+)\OMS/cmsy/m/n/10.95 i$ \OT1/cmr/m/n
/10.95 and kn=7 $\OMS/cmsy/m/n/10.95 h\OT1/cmr/m/n/10.95 11\OML/cmm/m/it/10.95 
Li\OT1/cmr/m/n/10.95 (0+) =
 []

[171]
Overfull \hbox (13.67914pt too wide) in paragraph at lines 8975--8976
[][][][][][][][][][][][][][][][][][][][][][][][][][][][][][][][][][][][][][][][
][][][][][][][][][][] 
 []

[172]
Overfull \hbox (32.5791pt too wide) in paragraph at lines 8983--8984
[][][][][][][][][][][][][][][][][][][][][][][][][][][][][][][] 
 []


Overfull \hbox (26.27911pt too wide) in paragraph at lines 8988--8989
[][][][][][][][][][][][][][][][][][][][][][][][][][][][][][][][][] 
 []


Overfull \hbox (26.27911pt too wide) in paragraph at lines 8996--8997
[][][][][][][][][][][][][][][][][][][][][][][][][][][][][][][][][] 
 []


Overfull \hbox (26.27911pt too wide) in paragraph at lines 9005--9006
[][][][][][][][][][][][][][][][][][][][][][][][][][][][][][][][][] 
 []

[173]
Overfull \hbox (19.97913pt too wide) in paragraph at lines 9078--9079
[][][][][][][][][][][][][][][][][][][][][][][][][][][][][][][][][][][][][][][][
][][][][][][][][][][][][] 
 []


Overfull \hbox (13.67914pt too wide) in paragraph at lines 9086--9087
[][][][][][][][][][][][][][][][][][][][][][][][][][][][][][][][][][][][][][][][
][][][][][][][][][][][][] 
 []

[174] [175]
Overfull \hbox (13.67914pt too wide) in paragraph at lines 9149--9150
[][][][][][][][][][][][][][][][][][][][][][][][][][][][][][][][][][][][][][][][
][][][][][][] 
 []


Overfull \hbox (19.97913pt too wide) in paragraph at lines 9153--9154
[][][][][][][][][][][][][][][][][][][][][][][][][][][][][][][][][][][][][][][] 

 []


Overfull \hbox (32.5791pt too wide) in paragraph at lines 9156--9157
[][][][][][][][][][][][][][][][][][][][][][][][][][][][][][][][][][][][][][] 
 []


Overfull \hbox (1.07916pt too wide) in paragraph at lines 9159--9160
[][][][][][][][][][][][][][][][][][][][][][][][][][][][][][][][][][][][][][] 
 []


Underfull \vbox (badness 3668) has occurred while \output is active []

 [176]
Overfull \hbox (19.97913pt too wide) in paragraph at lines 9217--9218
[][][][][][][][][][][][][][][][][][][][][][][][][][][][][][][][][][] 
 []


Overfull \hbox (19.97913pt too wide) in paragraph at lines 9219--9220
[][][][][][][][][][][][][][][][][][][][][][][][][][][][][][][][][][][][][][][][
][][][][][][][][][][] 
 []


Overfull \hbox (19.97913pt too wide) in paragraph at lines 9223--9224
[][][][][][][][][][][][][][][][][][][][][][][][][][][][][][][][][][][][] 
 []


Overfull \hbox (19.97913pt too wide) in paragraph at lines 9231--9232
[][][][][][][][][][][][][][][][][][][][][][][][][][][][][][][][][][] 
 []


Overfull \hbox (19.97913pt too wide) in paragraph at lines 9235--9236
[][][][][][][][][][][][][][][][][][][][][][][][][][][][][][][][][][][][] 
 []


Overfull \hbox (19.97913pt too wide) in paragraph at lines 9237--9238
[][][][][][][][][][][][][][][][][][][][][][][][][][][][][][][][][][] 
 []


Overfull \hbox (19.97913pt too wide) in paragraph at lines 9241--9242
[][][][][][][][][][][][][][][][][][][][][][][][][][][][][][][][][][][][] 
 []


Overfull \hbox (19.97913pt too wide) in paragraph at lines 9243--9244
[][][][][][][][][][][][][][][][][][][][][][][][][][][][][][][][][][] 
 []


Underfull \vbox (badness 10000) has occurred while \output is active []

 [177]
Overfull \hbox (19.97913pt too wide) in paragraph at lines 9271--9272
[][][][][][][][][][][][][][][][][][][][][][][][][][][][][][][][][][][][] 
 []


Overfull \hbox (19.97913pt too wide) in paragraph at lines 9273--9274
[][][][][][][][][][][][][][][][][][][][][][][][][][][][][][][][][][] 
 []


Overfull \hbox (7.37915pt too wide) in paragraph at lines 9286--9287
[][][][][][][][][][][][][][][][][][][][][][][][][][][][][][][][][][][][][][][][
][][][][][][][]
 []


Overfull \hbox (7.37915pt too wide) in paragraph at lines 9289--9290
[][][][][][][][][][][][][][][][][][][][][][][][][][][][][][][][][][][][][][][][
][][][][][][][]
 []


Overfull \hbox (7.37915pt too wide) in paragraph at lines 9292--9293
[][][][][][][][][][][][][][][][][][][][][][][][][][][][][][][][][][][][][][][][
][][][][][][][]
 []


Overfull \hbox (7.37915pt too wide) in paragraph at lines 9295--9296
[][][][][][][][][][][][][][][][][][][][][][][][][][][][][][][][][][][][][][][][
][][][][][][][]
 []


Overfull \hbox (7.37915pt too wide) in paragraph at lines 9298--9299
[][][][][][][][][][][][][][][][][][][][][][][][][][][][][][][][][][][][][][][][
][][][][][][][]
 []


Overfull \hbox (7.37915pt too wide) in paragraph at lines 9301--9302
[][][][][][][][][][][][][][][][][][][][][][][][][][][][][][][][][][][][][][][][
][][][][][]
 []


Underfull \vbox (badness 10000) has occurred while \output is active []

 [178]
Overfull \hbox (7.37915pt too wide) in paragraph at lines 9304--9305
[][][][][][][][][][][][][][][][][][][][][][][][][][][][][][][][][][][][][][][][
][][][][][][][]
 []


Overfull \hbox (7.37915pt too wide) in paragraph at lines 9307--9308
[][][][][][][][][][][][][][][][][][][][][][][][][][][][][][][][][][][][][][][][
][][][][][][][]
 []


Overfull \hbox (7.37915pt too wide) in paragraph at lines 9310--9311
[][][][][][][][][][][][][][][][][][][][][][][][][][][][][][][][][][][][][][][][
][][][][][]
 []


Overfull \hbox (7.37915pt too wide) in paragraph at lines 9313--9314
[][][][][][][][][][][][][][][][][][][][][][][][][][][][][][][][][][][][][][][][
][][][][][]
 []


Underfull \vbox (badness 10000) has occurred while \output is active []

 [179]

Package hyperref Warning: Token not allowed in a PDF string (PDFDocEncoding):
(hyperref)                removing `math shift' on input line 9371.


Package hyperref Warning: Token not allowed in a PDF string (PDFDocEncoding):
(hyperref)                removing `superscript' on input line 9371.


Package hyperref Warning: Token not allowed in a PDF string (PDFDocEncoding):
(hyperref)                removing `\gamma' on input line 9371.


Package hyperref Warning: Token not allowed in a PDF string (PDFDocEncoding):
(hyperref)                removing `superscript' on input line 9371.


Package hyperref Warning: Token not allowed in a PDF string (PDFDocEncoding):
(hyperref)                removing `math shift' on input line 9371.

[180]

Package hyperref Warning: Token not allowed in a PDF string (PDFDocEncoding):
(hyperref)                removing `math shift' on input line 9419.


Package hyperref Warning: Token not allowed in a PDF string (PDFDocEncoding):
(hyperref)                removing `superscript' on input line 9419.


Package hyperref Warning: Token not allowed in a PDF string (PDFDocEncoding):
(hyperref)                removing `superscript' on input line 9419.


Package hyperref Warning: Token not allowed in a PDF string (PDFDocEncoding):
(hyperref)                removing `superscript' on input line 9419.


Package hyperref Warning: Token not allowed in a PDF string (PDFDocEncoding):
(hyperref)                removing `superscript' on input line 9419.


Package hyperref Warning: Token not allowed in a PDF string (PDFDocEncoding):
(hyperref)                removing `math shift' on input line 9419.

[181]
Overfull \hbox (70.37897pt too wide) in paragraph at lines 9446--9447
[][][][][][][][][][][][][][][][][][][][][][][][][][][][][][][][][][][][][][][][
][][][][][][][][][][][][][][][][][][][][][][][][] 
 []


Overfull \hbox (19.97906pt too wide) in paragraph at lines 9460--9461
[][][][][][][][][][][][][][][][][][][][][][][][][][][][][][][][][][][][][][][][
][][][][][][][][][][][][] 
 []


Overfull \hbox (19.97906pt too wide) in paragraph at lines 9473--9474
[][][][][][][][][][][][][][][][][][][][][][] 
 []

[182]
Overfull \hbox (38.87909pt too wide) in paragraph at lines 9516--9517
[][][][][][][][][][][][][][][][][][][][][][][][][][][][][][][][][][][][][][][][
][][][][][][][][][] 
 []


Overfull \hbox (7.37915pt too wide) in paragraph at lines 9519--9520
[][][][][][][][][][][][][][][][][][][][][][][][][][][][][][][][][][][][][][][][
][][][]
 []


Overfull \hbox (7.37915pt too wide) in paragraph at lines 9520--9521
[][][][][][][][][][][][][][][][][][][][][][][][][][][][][][][][][][][][][][][][
][][][]
 []


Overfull \hbox (13.67914pt too wide) in paragraph at lines 9528--9529
[][][][][][][][][][][][][][][][][][][][][][][][][][][][][][][][][][][][][][][][
][][][][][][][][][][][][][][][][][][][][][][][][][][][][][][] 
 []


Overfull \hbox (7.37915pt too wide) in paragraph at lines 9530--9531
[][][][][][][][][][][][][][][][][][][][][][][][][][][][][][][][][][] 
 []


Overfull \hbox (76.67902pt too wide) in paragraph at lines 9533--9534
[][][][][][][][][][][][][][][][][][][][][][][][][][][][][][][][][][][][][][][][
][][][][][][][][][][][][][][][][][][][][][][][][][][][][][][][][][][][][][][][]
[][][][][][][][][][][][] 
 []


Overfull \hbox (13.67914pt too wide) in paragraph at lines 9534--9535
[][][][][][][][][][][][][][][][][][][][][][][][][][][][][][][][][][] 
 []


Overfull \hbox (1.07916pt too wide) in paragraph at lines 9535--9536
[][][][][][][][][][][][][][][][][][][][][][][][][][][][][][][][][][] 
 []


Overfull \hbox (7.37915pt too wide) in paragraph at lines 9536--9537
[][][][][][][][][][][][][][][][][][][][][][][][][][][][][][][][][][] 
 []

[183]
Overfull \hbox (1.07916pt too wide) in paragraph at lines 9594--9595
[][][][][][][][][][][][][][][][][][][][][][][][][][][][][][][][][][][][][][][][
][][][][][][][][][][][][][][][][][][][][][][][][][][][][][][][][][][][][][][][]
[][][][][][][][][][][][][][][][][][][][][][][] 
 []


Overfull \hbox (51.47906pt too wide) in paragraph at lines 9595--9596
[][][][][][][][][][][][][][][][][][][][][][][][][][][][][][][][][][][][][][][][
][][][][][][][][][][][][][][][][][][][][][][][][][][][][][][][][][][][][][][][]
[][][] 
 []


Overfull \hbox (51.47906pt too wide) in paragraph at lines 9596--9597
[][][][][][][][][][][][][][][][][][][][][][][][][][][][][][][][][][][][][][][][
][][][][][][][][][][][][][][][][][][][][][][][][][][][][][][][][][][][][][][][]
[][][] 
 []

[184]
Overfull \hbox (70.37903pt too wide) in paragraph at lines 9611--9612
[][][][][][][][][][][][][][][][][][][][][][][][][][][][][][][][][][][][][][][][
][][][][][][][][][][][][][][][][][][][][][][][][][][][][][][][][][][][][]
 []


Overfull \hbox (70.37903pt too wide) in paragraph at lines 9612--9613
[][][][][][][][][][][][][][][][][][][][][][][][][][][][][][][][][][][][][][][][
][][][][][][][][][][][][][][][][][][][][][][][][][][][][][][][][][][]
 []


Overfull \hbox (38.87909pt too wide) in paragraph at lines 9613--9615
[][][][][][][][][][][][][][][][][][][][][][][][][][][][][][][][][][][][][][][][
][]
 []

[185] [186

]
Chapter 13.
[187] [188]
Chapter 14.

Overfull \hbox (44.2413pt too wide) in paragraph at lines 9763--9778
[][] 
 []


Package hyperref Warning: Token not allowed in a PDF string (PDFDocEncoding):
(hyperref)                removing `math shift' on input line 9785.


Package hyperref Warning: Token not allowed in a PDF string (PDFDocEncoding):
(hyperref)                removing `math shift' on input line 9785.

[189

]
Overfull \hbox (74.90132pt too wide) in paragraph at lines 9791--9809
[][] 
 []


Overfull \hbox (66.07707pt too wide) in paragraph at lines 9818--9843
[][] 
 []


Overfull \hbox (9.02896pt too wide) in paragraph at lines 9847--9847
[]\OT1/cmtt/m/n/10.95 2I1,F6.4,F8.4,F7.4,I1,3F8.4  KQMAX,PP,THMIN,THMAX,THINC,K
OORDS,CUTL,CUTR,CUTC 
 []


Overfull \hbox (51.84554pt too wide) in paragraph at lines 9851--9888
[][] 
 []


LaTeX Warning: `h' float specifier changed to `ht'.

[190]
Overfull \hbox (25.19997pt too wide) in alignment at lines 9899--9940
 [] [] 
 []


Underfull \vbox (badness 10000) detected at line 9940
 []


Overfull \hbox (25.19997pt too wide) in alignment at lines 9940--9965
 [] [] 
 []

[191]

Package hyperref Warning: Token not allowed in a PDF string (PDFDocEncoding):
(hyperref)                removing `math shift' on input line 9967.


Package hyperref Warning: Token not allowed in a PDF string (PDFDocEncoding):
(hyperref)                removing `math shift' on input line 9967.

[192]
Overfull \hbox (25.19997pt too wide) in alignment at lines 9973--9995
 [] [] 
 []


Underfull \vbox (badness 10000) detected at line 9995
 []


Overfull \hbox (25.19997pt too wide) in alignment at lines 10008--10046
 [] [] 
 []


Underfull \vbox (badness 10000) detected at line 10046
 []

[193]
Overfull \hbox (4.95844pt too wide) in paragraph at lines 10063--10076
\OML/cmm/m/it/10.95 <$\OT1/cmr/m/n/10.95 0 : only print out on file 37 the am-p
li-tudes $\OML/cmm/m/it/10.95 f$\OT1/cmr/m/n/10.95 , not the $\OML/cmm/m/it/10.
95 A$\OT1/cmr/m/n/10.95 's, for par-ti-tion abs(LAMPL). 
 []

[194]
Underfull \hbox (badness 10000) in paragraph at lines 10125--10132

 []


Overfull \hbox (7.37616pt too wide) in paragraph at lines 10159--10159
[]\OT1/cmtt/m/n/10 card A: (F10.4,3F8.4)   ENLAB,Bproj,H2SM,e^2    lab energy,p
rojectile binding energy 
 []


Overfull \hbox (28.37598pt too wide) in paragraph at lines 10161--10161
[]\OT1/cmtt/m/n/10 card B: (4f8.4)         massp,masst,massc,massv masses proje
ctile, target, core, valence[] 
 []


Overfull \hbox (23.12602pt too wide) in paragraph at lines 10178--10178
[]         \OT1/cmtt/m/n/10 card J: (10f8.4) delta(IK): nuclear phase shift use
d in bin integral (radians)[] 
 []

[195] [196]
Package atveryend Info: Empty hook `BeforeClearDocument' on input line 10264.
 [197]
Package atveryend Info: Empty hook `AfterLastShipout' on input line 10264.
 (./scattering_theory_note_3_reaction.aux)
Package atveryend Info: Executing hook `AtVeryEndDocument' on input line 10264.

Package atveryend Info: Executing hook `AtEndAfterFileList' on input line 10264
.
Package rerunfilecheck Info: File `scattering_theory_note_3_reaction.out' has n
ot changed.
(rerunfilecheck)             Checksum: 5BE05522BE0C1A072757578121E215A7;12213.
Package atveryend Info: Empty hook `AtVeryVeryEnd' on input line 10264.
 ) 
Here is how much of TeX's memory you used:
 13989 strings out of 492609
 203894 string characters out of 6132818
 474498 words of memory out of 5000000
 15186 multiletter control sequences out of 15000+600000
 62679 words of font info for 218 fonts, out of 8000000 for 9000
 1141 hyphenation exceptions out of 8191
 44i,18n,58p,972b,1993s stack positions out of 5000i,500n,10000p,200000b,80000s
<c:/texlive/2019/texmf-dist/fonts/type1/public/amsfonts/cm/cmbsy10.pfb><c:/te
xlive/2019/texmf-dist/fonts/type1/public/amsfonts/cm/cmbx10.pfb><c:/texlive/201
9/texmf-dist/fonts/type1/public/amsfonts/cm/cmbx9.pfb><c:/texlive/2019/texmf-di
st/fonts/type1/public/amsfonts/cm/cmex10.pfb><c:/texlive/2019/texmf-dist/fonts/
type1/public/amsfonts/cmextra/cmex9.pfb><c:/texlive/2019/texmf-dist/fonts/type1
/public/amsfonts/cm/cmmi10.pfb><c:/texlive/2019/texmf-dist/fonts/type1/public/a
msfonts/cm/cmmi12.pfb><c:/texlive/2019/texmf-dist/fonts/type1/public/amsfonts/c
m/cmmi5.pfb><c:/texlive/2019/texmf-dist/fonts/type1/public/amsfonts/cm/cmmi6.pf
b><c:/texlive/2019/texmf-dist/fonts/type1/public/amsfonts/cm/cmmi7.pfb><c:/texl
ive/2019/texmf-dist/fonts/type1/public/amsfonts/cm/cmmi8.pfb><c:/texlive/2019/t
exmf-dist/fonts/type1/public/amsfonts/cm/cmmi9.pfb><c:/texlive/2019/texmf-dist/
fonts/type1/public/amsfonts/cm/cmmib10.pfb><c:/texlive/2019/texmf-dist/fonts/ty
pe1/public/amsfonts/cmextra/cmmib6.pfb><c:/texlive/2019/texmf-dist/fonts/type1/
public/amsfonts/cmextra/cmmib8.pfb><c:/texlive/2019/texmf-dist/fonts/type1/publ
ic/amsfonts/cmextra/cmmib9.pfb><c:/texlive/2019/texmf-dist/fonts/type1/public/a
msfonts/cm/cmr10.pfb><c:/texlive/2019/texmf-dist/fonts/type1/public/amsfonts/cm
/cmr12.pfb><c:/texlive/2019/texmf-dist/fonts/type1/public/amsfonts/cm/cmr17.pfb
><c:/texlive/2019/texmf-dist/fonts/type1/public/amsfonts/cm/cmr5.pfb><c:/texliv
e/2019/texmf-dist/fonts/type1/public/amsfonts/cm/cmr6.pfb><c:/texlive/2019/texm
f-dist/fonts/type1/public/amsfonts/cm/cmr7.pfb><c:/texlive/2019/texmf-dist/font
s/type1/public/amsfonts/cm/cmr8.pfb><c:/texlive/2019/texmf-dist/fonts/type1/pub
lic/amsfonts/cm/cmr9.pfb><c:/texlive/2019/texmf-dist/fonts/type1/public/amsfont
s/cm/cmss10.pfb><c:/texlive/2019/texmf-dist/fonts/type1/public/amsfonts/cm/cmss
12.pfb><c:/texlive/2019/texmf-dist/fonts/type1/public/amsfonts/cm/cmss17.pfb><c
:/texlive/2019/texmf-dist/fonts/type1/public/amsfonts/cm/cmsy10.pfb><c:/texlive
/2019/texmf-dist/fonts/type1/public/amsfonts/cm/cmsy5.pfb><c:/texlive/2019/texm
f-dist/fonts/type1/public/amsfonts/cm/cmsy6.pfb><c:/texlive/2019/texmf-dist/fon
ts/type1/public/amsfonts/cm/cmsy8.pfb><c:/texlive/2019/texmf-dist/fonts/type1/p
ublic/amsfonts/cm/cmsy9.pfb><c:/texlive/2019/texmf-dist/fonts/type1/public/amsf
onts/cm/cmti10.pfb><c:/texlive/2019/texmf-dist/fonts/type1/public/amsfonts/cm/c
mtt10.pfb><c:/texlive/2019/texmf-dist/fonts/type1/public/amsfonts/symbols/msbm1
0.pfb><c:/texlive/2019/texmf-dist/fonts/type1/public/amsfonts/symbols/msbm7.pfb
><c:/texlive/2019/texmf-dist/fonts/type1/public/nanumtype1/nanumgtmac.pfb><c:/t
exlive/2019/texmf-dist/fonts/type1/public/nanumtype1/nanumgtmae.pfb><c:/texlive
/2019/texmf-dist/fonts/type1/public/nanumtype1/nanumgtmb2.pfb><c:/texlive/2019/
texmf-dist/fonts/type1/public/nanumtype1/nanumgtmb4.pfb><c:/texlive/2019/texmf-
dist/fonts/type1/public/nanumtype1/nanumgtmb7.pfb><c:/texlive/2019/texmf-dist/f
onts/type1/public/nanumtype1/nanumgtmb9.pfb><c:/texlive/2019/texmf-dist/fonts/t
ype1/public/nanumtype1/nanumgtmbb.pfb><c:/texlive/2019/texmf-dist/fonts/type1/p
ublic/nanumtype1/nanumgtmbc.pfb><c:/texlive/2019/texmf-dist/fonts/type1/public/
nanumtype1/nanumgtmc1.pfb><c:/texlive/2019/texmf-dist/fonts/type1/public/nanumt
ype1/nanumgtmc2.pfb><c:/texlive/2019/texmf-dist/fonts/type1/public/nanumtype1/n
anumgtmc5.pfb><c:/texlive/2019/texmf-dist/fonts/type1/public/nanumtype1/nanumgt
mc6.pfb><c:/texlive/2019/texmf-dist/fonts/type1/public/nanumtype1/nanumgtmc7.pf
b><c:/texlive/2019/texmf-dist/fonts/type1/public/nanumtype1/nanumgtmc8.pfb><c:/
texlive/2019/texmf-dist/fonts/type1/public/nanumtype1/nanumgtmce.pfb><c:/texliv
e/2019/texmf-dist/fonts/type1/public/nanumtype1/nanumgtmd5.pfb><c:/texlive/2019
/texmf-dist/fonts/type1/public/nanumtype1/nanummjbac.pfb><c:/texlive/2019/texmf
-dist/fonts/type1/public/nanumtype1/nanummjbc6.pfb><c:/texlive/2019/texmf-dist/
fonts/type1/public/nanumtype1/nanummjbc7.pfb><c:/texlive/2019/texmf-dist/fonts/
type1/public/nanumtype1/nanummjmac.pfb><c:/texlive/2019/texmf-dist/fonts/type1/
public/nanumtype1/nanummjmad.pfb><c:/texlive/2019/texmf-dist/fonts/type1/public
/nanumtype1/nanummjmae.pfb><c:/texlive/2019/texmf-dist/fonts/type1/public/nanum
type1/nanummjmaf.pfb><c:/texlive/2019/texmf-dist/fonts/type1/public/nanumtype1/
nanummjmb0.pfb><c:/texlive/2019/texmf-dist/fonts/type1/public/nanumtype1/nanumm
jmb1.pfb><c:/texlive/2019/texmf-dist/fonts/type1/public/nanumtype1/nanummjmb2.p
fb><c:/texlive/2019/texmf-dist/fonts/type1/public/nanumtype1/nanummjmb3.pfb><c:
/texlive/2019/texmf-dist/fonts/type1/public/nanumtype1/nanummjmb4.pfb><c:/texli
ve/2019/texmf-dist/fonts/type1/public/nanumtype1/nanummjmb5.pfb><c:/texlive/201
9/texmf-dist/fonts/type1/public/nanumtype1/nanummjmb6.pfb><c:/texlive/2019/texm
f-dist/fonts/type1/public/nanumtype1/nanummjmb7.pfb><c:/texlive/2019/texmf-dist
/fonts/type1/public/nanumtype1/nanummjmb8.pfb><c:/texlive/2019/texmf-dist/fonts
/type1/public/nanumtype1/nanummjmb9.pfb><c:/texlive/2019/texmf-dist/fonts/type1
/public/nanumtype1/nanummjmba.pfb><c:/texlive/2019/texmf-dist/fonts/type1/publi
c/nanumtype1/nanummjmbb.pfb><c:/texlive/2019/texmf-dist/fonts/type1/public/nanu
mtype1/nanummjmbc.pfb><c:/texlive/2019/texmf-dist/fonts/type1/public/nanumtype1
/nanummjmbd.pfb><c:/texlive/2019/texmf-dist/fonts/type1/public/nanumtype1/nanum
mjmbe.pfb><c:/texlive/2019/texmf-dist/fonts/type1/public/nanumtype1/nanummjmbf.
pfb><c:/texlive/2019/texmf-dist/fonts/type1/public/nanumtype1/nanummjmc0.pfb><c
:/texlive/2019/texmf-dist/fonts/type1/public/nanumtype1/nanummjmc1.pfb><c:/texl
ive/2019/texmf-dist/fonts/type1/public/nanumtype1/nanummjmc2.pfb><c:/texlive/20
19/texmf-dist/fonts/type1/public/nanumtype1/nanummjmc3.pfb><c:/texlive/2019/tex
mf-dist/fonts/type1/public/nanumtype1/nanummjmc4.pfb><c:/texlive/2019/texmf-dis
t/fonts/type1/public/nanumtype1/nanummjmc5.pfb><c:/texlive/2019/texmf-dist/font
s/type1/public/nanumtype1/nanummjmc6.pfb><c:/texlive/2019/texmf-dist/fonts/type
1/public/nanumtype1/nanummjmc7.pfb><c:/texlive/2019/texmf-dist/fonts/type1/publ
ic/nanumtype1/nanummjmc8.pfb><c:/texlive/2019/texmf-dist/fonts/type1/public/nan
umtype1/nanummjmc9.pfb><c:/texlive/2019/texmf-dist/fonts/type1/public/nanumtype
1/nanummjmca.pfb><c:/texlive/2019/texmf-dist/fonts/type1/public/nanumtype1/nanu
mmjmcc.pfb><c:/texlive/2019/texmf-dist/fonts/type1/public/nanumtype1/nanummjmcd
.pfb><c:/texlive/2019/texmf-dist/fonts/type1/public/nanumtype1/nanummjmce.pfb><
c:/texlive/2019/texmf-dist/fonts/type1/public/nanumtype1/nanummjmcf.pfb><c:/tex
live/2019/texmf-dist/fonts/type1/public/nanumtype1/nanummjmd0.pfb><c:/texlive/2
019/texmf-dist/fonts/type1/public/nanumtype1/nanummjmd1.pfb><c:/texlive/2019/te
xmf-dist/fonts/type1/public/nanumtype1/nanummjmd2.pfb><c:/texlive/2019/texmf-di
st/fonts/type1/public/nanumtype1/nanummjmd3.pfb><c:/texlive/2019/texmf-dist/fon
ts/type1/public/nanumtype1/nanummjmd4.pfb><c:/texlive/2019/texmf-dist/fonts/typ
e1/public/nanumtype1/nanummjmd5.pfb><c:/texlive/2019/texmf-dist/fonts/type1/pub
lic/nanumtype1/nanummjmd6.pfb><c:/texlive/2019/texmf-dist/fonts/type1/public/na
numtype1/nanummjmd7.pfb><c:/texlive/2019/texmf-dist/fonts/type1/uhc/umj/umj04.p
fb>
Output written on scattering_theory_note_3_reaction.pdf (197 pages, 4082941 byt
es).
PDF statistics:
 4789 PDF objects out of 5155 (max. 8388607)
 4362 compressed objects within 44 object streams
 2447 named destinations out of 2487 (max. 500000)
 1328 words of extra memory for PDF output out of 10000 (max. 10000000)

