                                                         BSAXON IS CALLED


          KTRL2,3,4,8=  1  0  0  0   KEX2,4=    0    0

          MOTION BETWEEN NUCLEI WITH (A,Z)=(   1.00   1.00) AND ( 209.00  83.00)
          WITH EGES=  0.981  LTR=3  2S=1  2J= 5  NODER=1

                 VSX      VSOR      DFNR     DFNSO       RZR      RZSO       RZC
              65.000     5.800     0.750     0.750     1.190     1.190     1.190

          AMUPMU= 0.0  ACCURACY=0.003000
          NXRAWF=  145   NXRA=  175   NXRM=   74  XMES2= 0.1000  XBAR= 7.0620
 X   
  0.1250E-01  0.2500E-01  0.3750E-01  0.5000E-01  0.6250E-01  0.7500E-01  0.8750E-01  0.1000E+00  0.1250E+00  0.1500E+00
  0.1750E+00  0.2000E+00  0.2500E+00  0.3000E+00  0.3500E+00  0.4000E+00  0.5000E+00  0.6000E+00  0.7000E+00  0.8000E+00
  0.9000E+00  0.1000E+01  0.1100E+01  0.1200E+01  0.1300E+01  0.1400E+01  0.1500E+01  0.1600E+01  0.1700E+01  0.1800E+01
  0.1900E+01  0.2000E+01  0.2100E+01  0.2200E+01  0.2300E+01  0.2400E+01  0.2500E+01  0.2600E+01  0.2700E+01  0.2800E+01
  0.2900E+01  0.3000E+01  0.3100E+01  0.3200E+01  0.3300E+01  0.3400E+01  0.3500E+01  0.3600E+01  0.3700E+01  0.3800E+01
  0.3900E+01  0.4000E+01  0.4100E+01  0.4200E+01  0.4300E+01  0.4400E+01  0.4500E+01  0.4600E+01  0.4700E+01  0.4800E+01
  0.4900E+01  0.5000E+01  0.5100E+01  0.5200E+01  0.5300E+01  0.5400E+01  0.5500E+01  0.5600E+01  0.5700E+01  0.5800E+01
  0.5900E+01  0.6000E+01  0.6100E+01  0.6200E+01  0.6300E+01  0.6400E+01  0.6500E+01  0.6600E+01  0.6700E+01  0.6800E+01
  0.6900E+01  0.7000E+01  0.7100E+01  0.7200E+01  0.7300E+01  0.7400E+01  0.7500E+01  0.7600E+01  0.7700E+01  0.7800E+01
  0.7900E+01  0.8000E+01  0.8100E+01  0.8200E+01  0.8300E+01  0.8400E+01  0.8500E+01  0.8600E+01  0.8700E+01  0.8800E+01
  0.8900E+01  0.9000E+01  0.9100E+01  0.9200E+01  0.9300E+01  0.9400E+01  0.9500E+01  0.9600E+01  0.9700E+01  0.9800E+01
  0.9900E+01  0.1000E+02  0.1010E+02  0.1020E+02  0.1030E+02  0.1040E+02  0.1050E+02  0.1060E+02  0.1070E+02  0.1080E+02
  0.1090E+02  0.1100E+02  0.1110E+02  0.1120E+02  0.1130E+02  0.1140E+02  0.1150E+02  0.1160E+02  0.1170E+02  0.1180E+02
  0.1190E+02  0.1200E+02  0.1210E+02  0.1220E+02  0.1230E+02  0.1240E+02  0.1250E+02  0.1260E+02  0.1270E+02  0.1280E+02
  0.1290E+02  0.1300E+02  0.1310E+02  0.1320E+02  0.1330E+02  0.1340E+02  0.1350E+02  0.1360E+02  0.1370E+02  0.1380E+02
  0.1390E+02  0.1400E+02  0.1410E+02  0.1420E+02  0.1430E+02  0.1440E+02  0.1450E+02  0.1460E+02  0.1470E+02  0.1480E+02
  0.1490E+02  0.1500E+02  0.1510E+02  0.1520E+02  0.1530E+02  0.1540E+02  0.1550E+02  0.1560E+02  0.1570E+02  0.1580E+02
  0.1590E+02  0.1600E+02  0.1610E+02  0.1620E+02  0.1630E+02  0.1640E+02  0.1650E+02  0.1660E+02  0.1670E+02  0.1680E+02
  0.1690E+02  0.1700E+02  0.1710E+02  0.1720E+02  0.1730E+02  0.1740E+02  0.1750E+02  0.1760E+02  0.1770E+02
 VCEN
 -0.6499E+02 -0.6499E+02 -0.6499E+02 -0.6499E+02 -0.6499E+02 -0.6499E+02 -0.6499E+02 -0.6499E+02 -0.6499E+02 -0.6499E+02
 -0.6499E+02 -0.6499E+02 -0.6499E+02 -0.6499E+02 -0.6499E+02 -0.6499E+02 -0.6499E+02 -0.6499E+02 -0.6499E+02 -0.6498E+02
 -0.6498E+02 -0.6498E+02 -0.6498E+02 -0.6497E+02 -0.6497E+02 -0.6497E+02 -0.6496E+02 -0.6496E+02 -0.6495E+02 -0.6494E+02
 -0.6493E+02 -0.6492E+02 -0.6491E+02 -0.6490E+02 -0.6489E+02 -0.6487E+02 -0.6485E+02 -0.6483E+02 -0.6481E+02 -0.6478E+02
 -0.6475E+02 -0.6471E+02 -0.6467E+02 -0.6462E+02 -0.6457E+02 -0.6451E+02 -0.6444E+02 -0.6436E+02 -0.6427E+02 -0.6417E+02
 -0.6405E+02 -0.6392E+02 -0.6377E+02 -0.6360E+02 -0.6341E+02 -0.6318E+02 -0.6293E+02 -0.6265E+02 -0.6233E+02 -0.6196E+02
 -0.6155E+02 -0.6109E+02 -0.6057E+02 -0.5999E+02 -0.5934E+02 -0.5861E+02 -0.5780E+02 -0.5690E+02 -0.5591E+02 -0.5481E+02
 -0.5361E+02 -0.5231E+02 -0.5089E+02 -0.4936E+02 -0.4772E+02 -0.4598E+02 -0.4414E+02 -0.4221E+02 -0.4019E+02 -0.3812E+02
 -0.3600E+02 -0.3384E+02 -0.3168E+02 -0.2952E+02 -0.2739E+02 -0.2530E+02 -0.2327E+02 -0.2132E+02 -0.1945E+02 -0.1769E+02
 -0.1602E+02 -0.1447E+02 -0.1302E+02 -0.1169E+02 -0.1047E+02 -0.9348E+01 -0.8331E+01 -0.7409E+01 -0.6578E+01 -0.5830E+01
 -0.5160E+01 -0.4562E+01 -0.4027E+01 -0.3552E+01 -0.3130E+01 -0.2756E+01 -0.2425E+01 -0.2132E+01 -0.1874E+01 -0.1646E+01
 -0.1445E+01 -0.1268E+01 -0.1112E+01 -0.9756E+00 -0.8554E+00 -0.7499E+00 -0.6572E+00 -0.5759E+00 -0.5046E+00 -0.4420E+00
 -0.3872E+00 -0.3391E+00 -0.2970E+00 -0.2600E+00 -0.2277E+00 -0.1994E+00 -0.1745E+00 -0.1528E+00 -0.1338E+00 -0.1171E+00
 -0.1025E+00 -0.8973E-01 -0.7854E-01 -0.6875E-01 -0.6017E-01 -0.5267E-01 -0.4610E-01 -0.4035E-01 -0.3531E-01 -0.3091E-01
 -0.2705E-01 -0.2368E-01 -0.2072E-01 -0.1814E-01 -0.1587E-01 -0.1389E-01 -0.1216E-01 -0.1064E-01 -0.9313E-02 -0.8150E-02
 -0.7133E-02 -0.6243E-02 -0.5463E-02 -0.4782E-02 -0.4185E-02 -0.3662E-02 -0.3205E-02 -0.2805E-02 -0.2455E-02 -0.2149E-02
 -0.1880E-02 -0.1646E-02 -0.1440E-02 -0.1260E-02 -0.1103E-02 -0.9654E-03 -0.8449E-03 -0.7395E-03 -0.6472E-03 -0.5664E-03
 -0.4957E-03 -0.4338E-03 -0.3797E-03 -0.3323E-03 -0.2908E-03 -0.2545E-03 -0.2227E-03 -0.1949E-03 -0.1706E-03 -0.1493E-03
 -0.1307E-03 -0.1143E-03 -0.1001E-03 -0.8758E-04 -0.7665E-04 -0.6708E-04 -0.5871E-04 -0.5138E-04 -0.4497E-04
 VSPI
  0.1024E+00  0.5206E-01  0.3529E-01  0.2691E-01  0.2189E-01  0.1855E-01  0.1617E-01  0.1438E-01  0.1190E-01  0.1025E-01
  0.9084E-02  0.8218E-02  0.7027E-02  0.6260E-02  0.5735E-02  0.5364E-02  0.4903E-02  0.4669E-02  0.4572E-02  0.4571E-02
  0.4642E-02  0.4774E-02  0.4958E-02  0.5193E-02  0.5476E-02  0.5810E-02  0.6195E-02  0.6635E-02  0.7134E-02  0.7697E-02
  0.8330E-02  0.9039E-02  0.9834E-02  0.1072E-01  0.1171E-01  0.1282E-01  0.1405E-01  0.1543E-01  0.1697E-01  0.1868E-01
  0.2059E-01  0.2271E-01  0.2508E-01  0.2773E-01  0.3067E-01  0.3395E-01  0.3760E-01  0.4167E-01  0.4620E-01  0.5123E-01
  0.5683E-01  0.6306E-01  0.6996E-01  0.7762E-01  0.8609E-01  0.9547E-01  0.1058E+00  0.1172E+00  0.1297E+00  0.1435E+00
  0.1585E+00  0.1748E+00  0.1925E+00  0.2116E+00  0.2321E+00  0.2539E+00  0.2770E+00  0.3013E+00  0.3265E+00  0.3525E+00
  0.3788E+00  0.4051E+00  0.4309E+00  0.4558E+00  0.4791E+00  0.5002E+00  0.5186E+00  0.5336E+00  0.5448E+00  0.5516E+00
  0.5539E+00  0.5514E+00  0.5443E+00  0.5325E+00  0.5166E+00  0.4969E+00  0.4740E+00  0.4486E+00  0.4213E+00  0.3927E+00
  0.3637E+00  0.3346E+00  0.3059E+00  0.2782E+00  0.2517E+00  0.2267E+00  0.2033E+00  0.1816E+00  0.1617E+00  0.1435E+00
  0.1270E+00  0.1121E+00  0.9878E-01  0.8685E-01  0.7623E-01  0.6681E-01  0.5847E-01  0.5111E-01  0.4463E-01  0.3894E-01
  0.3395E-01  0.2958E-01  0.2576E-01  0.2242E-01  0.1950E-01  0.1696E-01  0.1474E-01  0.1281E-01  0.1113E-01  0.9672E-02
  0.8402E-02  0.7297E-02  0.6337E-02  0.5503E-02  0.4778E-02  0.4148E-02  0.3602E-02  0.3127E-02  0.2715E-02  0.2357E-02
  0.2046E-02  0.1777E-02  0.1543E-02  0.1339E-02  0.1163E-02  0.1010E-02  0.8769E-03  0.7615E-03  0.6613E-03  0.5743E-03
  0.4988E-03  0.4332E-03  0.3763E-03  0.3268E-03  0.2839E-03  0.2466E-03  0.2143E-03  0.1861E-03  0.1617E-03  0.1405E-03
  0.1221E-03  0.1061E-03  0.9219E-04  0.8012E-04  0.6963E-04  0.6051E-04  0.5260E-04  0.4572E-04  0.3974E-04  0.3454E-04
  0.3003E-04  0.2610E-04  0.2270E-04  0.1973E-04  0.1716E-04  0.1492E-04  0.1297E-04  0.1128E-04  0.9808E-05  0.8530E-05
  0.7418E-05  0.6451E-05  0.5611E-05  0.4880E-05  0.4245E-05  0.3692E-05  0.3212E-05  0.2794E-05  0.2431E-05  0.2115E-05
  0.1840E-05  0.1601E-05  0.1393E-05  0.1212E-05  0.1054E-05  0.9174E-06  0.7983E-06  0.6947E-06  0.6045E-06
 COUL
  0.2538E+02  0.2538E+02  0.2538E+02  0.2538E+02  0.2538E+02  0.2538E+02  0.2538E+02  0.2538E+02  0.2538E+02  0.2538E+02
  0.2538E+02  0.2538E+02  0.2537E+02  0.2537E+02  0.2536E+02  0.2536E+02  0.2534E+02  0.2532E+02  0.2530E+02  0.2528E+02
  0.2525E+02  0.2521E+02  0.2518E+02  0.2514E+02  0.2510E+02  0.2505E+02  0.2500E+02  0.2495E+02  0.2489E+02  0.2483E+02
  0.2477E+02  0.2471E+02  0.2464E+02  0.2456E+02  0.2449E+02  0.2441E+02  0.2432E+02  0.2424E+02  0.2415E+02  0.2405E+02
  0.2396E+02  0.2386E+02  0.2375E+02  0.2365E+02  0.2354E+02  0.2342E+02  0.2331E+02  0.2319E+02  0.2306E+02  0.2293E+02
  0.2280E+02  0.2267E+02  0.2253E+02  0.2239E+02  0.2225E+02  0.2210E+02  0.2195E+02  0.2179E+02  0.2164E+02  0.2148E+02
  0.2131E+02  0.2114E+02  0.2097E+02  0.2080E+02  0.2062E+02  0.2044E+02  0.2025E+02  0.2006E+02  0.1987E+02  0.1968E+02
  0.1948E+02  0.1928E+02  0.1907E+02  0.1886E+02  0.1865E+02  0.1843E+02  0.1822E+02  0.1799E+02  0.1777E+02  0.1754E+02
  0.1731E+02  0.1707E+02  0.1683E+02  0.1660E+02  0.1637E+02  0.1615E+02  0.1593E+02  0.1572E+02  0.1552E+02  0.1532E+02
  0.1513E+02  0.1494E+02  0.1475E+02  0.1457E+02  0.1440E+02  0.1423E+02  0.1406E+02  0.1390E+02  0.1374E+02  0.1358E+02
  0.1343E+02  0.1328E+02  0.1313E+02  0.1299E+02  0.1285E+02  0.1271E+02  0.1258E+02  0.1245E+02  0.1232E+02  0.1219E+02
  0.1207E+02  0.1195E+02  0.1183E+02  0.1172E+02  0.1160E+02  0.1149E+02  0.1138E+02  0.1127E+02  0.1117E+02  0.1107E+02
  0.1096E+02  0.1086E+02  0.1077E+02  0.1067E+02  0.1058E+02  0.1048E+02  0.1039E+02  0.1030E+02  0.1021E+02  0.1013E+02
  0.1004E+02  0.9959E+01  0.9877E+01  0.9796E+01  0.9716E+01  0.9638E+01  0.9561E+01  0.9485E+01  0.9410E+01  0.9337E+01
  0.9264E+01  0.9193E+01  0.9123E+01  0.9054E+01  0.8986E+01  0.8919E+01  0.8853E+01  0.8787E+01  0.8723E+01  0.8660E+01
  0.8598E+01  0.8536E+01  0.8476E+01  0.8416E+01  0.8357E+01  0.8299E+01  0.8242E+01  0.8186E+01  0.8130E+01  0.8075E+01
  0.8021E+01  0.7967E+01  0.7914E+01  0.7862E+01  0.7811E+01  0.7760E+01  0.7710E+01  0.7661E+01  0.7612E+01  0.7564E+01
  0.7516E+01  0.7469E+01  0.7423E+01  0.7377E+01  0.7332E+01  0.7287E+01  0.7243E+01  0.7199E+01  0.7156E+01  0.7114E+01
  0.7072E+01  0.7030E+01  0.6989E+01  0.6948E+01  0.6908E+01  0.6868E+01  0.6829E+01  0.6790E+01  0.6752E+01
         1  65.51291   0.98100   0.98100  64.01900  -0.51291  65.51291
         2  65.89427   0.98100   0.98100  64.53191  -0.38136  65.89427

          FINAL VALUE OF THE PARAMETERS. B.E.=   0.98100 VSX=  66.04762
          VSX  HAS VARIES AS   65.0000  65.5129  65.8943


 WAVE FUNCTIONS AT   0.10 FERMI INTERVAL
  -0.1595E-04  -0.1272E-03  -0.4270E-03  -0.1005E-02  -0.1944E-02  -0.3320E-02  -0.5201E-02  -0.7640E-02  -0.1068E-01  -0.1436E-01
  -0.1869E-01  -0.2366E-01  -0.2928E-01  -0.3550E-01  -0.4229E-01  -0.4959E-01  -0.5733E-01  -0.6542E-01  -0.7377E-01  -0.8226E-01
  -0.9080E-01  -0.9925E-01  -0.1075E+00  -0.1154E+00  -0.1229E+00  -0.1297E+00  -0.1359E+00  -0.1412E+00  -0.1456E+00  -0.1490E+00
  -0.1513E+00  -0.1525E+00  -0.1524E+00  -0.1510E+00  -0.1485E+00  -0.1446E+00  -0.1395E+00  -0.1332E+00  -0.1258E+00  -0.1173E+00
  -0.1079E+00  -0.9757E-01  -0.8654E-01  -0.7492E-01  -0.6286E-01  -0.5049E-01  -0.3799E-01  -0.2549E-01  -0.1316E-01  -0.1147E-02
   0.1041E-01   0.2138E-01   0.3165E-01   0.4112E-01   0.4969E-01   0.5731E-01   0.6392E-01   0.6951E-01   0.7405E-01   0.7757E-01
   0.8009E-01   0.8167E-01   0.8236E-01   0.8223E-01   0.8137E-01   0.7986E-01   0.7780E-01   0.7528E-01   0.7239E-01   0.6922E-01
   0.6584E-01   0.6234E-01   0.5877E-01   0.5519E-01   0.5205E-01   0.4841E-01   0.4488E-01   0.4150E-01   0.3829E-01   0.3525E-01
   0.3239E-01   0.2972E-01   0.2723E-01   0.2493E-01   0.2279E-01   0.2082E-01   0.1901E-01   0.1735E-01   0.1582E-01   0.1443E-01
   0.1316E-01   0.1199E-01   0.1093E-01   0.9968E-02   0.9088E-02   0.8286E-02   0.7557E-02   0.6893E-02   0.6289E-02   0.5740E-02
   0.5240E-02   0.4785E-02   0.4371E-02   0.3995E-02   0.3652E-02   0.3340E-02   0.3055E-02   0.2796E-02   0.2560E-02   0.2344E-02
   0.2148E-02   0.1969E-02   0.1805E-02   0.1656E-02   0.1520E-02   0.1395E-02   0.1281E-02   0.1177E-02   0.1082E-02   0.9944E-03
   0.9146E-03   0.8415E-03   0.7745E-03   0.7130E-03   0.6567E-03   0.6050E-03   0.5576E-03   0.5140E-03   0.4740E-03   0.4373E-03
   0.4035E-03   0.3724E-03   0.3438E-03   0.3175E-03   0.2933E-03   0.2710E-03   0.2504E-03   0.2314E-03   0.2140E-03   0.1978E-03
   0.1829E-03   0.1692E-03   0.1564E-03   0.1447E-03   0.1338E-03
