

 ABS OF SPHERICAL HARMONICS FOR L=   0
   1.0000  0.28209E+00
   0.9900  0.28209E+00
   0.9800  0.28209E+00
   0.9700  0.28209E+00
   0.9600  0.28209E+00
   0.9500  0.28209E+00
   0.9400  0.28209E+00
   0.9300  0.28209E+00
   0.9200  0.28209E+00
   0.9100  0.28209E+00
   0.9000  0.28209E+00
   0.8900  0.28209E+00
   0.8800  0.28209E+00
   0.8700  0.28209E+00
   0.8600  0.28209E+00
   0.8500  0.28209E+00
   0.8400  0.28209E+00
   0.8300  0.28209E+00
   0.8200  0.28209E+00
   0.8100  0.28209E+00
   0.8000  0.28209E+00
   0.7900  0.28209E+00
   0.7800  0.28209E+00
   0.7700  0.28209E+00
   0.7600  0.28209E+00
   0.7500  0.28209E+00
   0.7400  0.28209E+00
   0.7300  0.28209E+00
   0.7200  0.28209E+00
   0.7100  0.28209E+00
   0.7000  0.28209E+00
   0.6900  0.28209E+00
   0.6800  0.28209E+00
   0.6700  0.28209E+00
   0.6600  0.28209E+00
   0.6500  0.28209E+00
   0.6400  0.28209E+00
   0.6300  0.28209E+00
   0.6200  0.28209E+00
   0.6100  0.28209E+00
   0.6000  0.28209E+00
   0.5900  0.28209E+00
   0.5800  0.28209E+00
   0.5700  0.28209E+00
   0.5600  0.28209E+00
   0.5500  0.28209E+00
   0.5400  0.28209E+00
   0.5300  0.28209E+00
   0.5200  0.28209E+00
   0.5100  0.28209E+00
   0.5000  0.28209E+00
   0.4900  0.28209E+00
   0.4800  0.28209E+00
   0.4700  0.28209E+00
   0.4600  0.28209E+00
   0.4500  0.28209E+00
   0.4400  0.28209E+00
   0.4300  0.28209E+00
   0.4200  0.28209E+00
   0.4100  0.28209E+00
   0.4000  0.28209E+00
   0.3900  0.28209E+00
   0.3800  0.28209E+00
   0.3700  0.28209E+00
   0.3600  0.28209E+00
   0.3500  0.28209E+00
   0.3400  0.28209E+00
   0.3300  0.28209E+00
   0.3200  0.28209E+00
   0.3100  0.28209E+00
   0.3000  0.28209E+00
   0.2900  0.28209E+00
   0.2800  0.28209E+00
   0.2700  0.28209E+00
   0.2600  0.28209E+00
   0.2500  0.28209E+00
   0.2400  0.28209E+00
   0.2300  0.28209E+00
   0.2200  0.28209E+00
   0.2100  0.28209E+00
   0.2000  0.28209E+00
   0.1900  0.28209E+00
   0.1800  0.28209E+00
   0.1700  0.28209E+00
   0.1600  0.28209E+00
   0.1500  0.28209E+00
   0.1400  0.28209E+00
   0.1300  0.28209E+00
   0.1200  0.28209E+00
   0.1100  0.28209E+00
   0.1000  0.28209E+00
   0.0900  0.28209E+00
   0.0800  0.28209E+00
   0.0700  0.28209E+00
   0.0600  0.28209E+00
   0.0500  0.28209E+00
   0.0400  0.28209E+00
   0.0300  0.28209E+00
   0.0200  0.28209E+00
   0.0100  0.28209E+00
   0.0000  0.28209E+00
  -0.0100  0.28209E+00
  -0.0200  0.28209E+00
  -0.0300  0.28209E+00
  -0.0400  0.28209E+00
  -0.0500  0.28209E+00
  -0.0600  0.28209E+00
  -0.0700  0.28209E+00
  -0.0800  0.28209E+00
  -0.0900  0.28209E+00
  -0.1000  0.28209E+00
  -0.1100  0.28209E+00
  -0.1200  0.28209E+00
  -0.1300  0.28209E+00
  -0.1400  0.28209E+00
  -0.1500  0.28209E+00
  -0.1600  0.28209E+00
  -0.1700  0.28209E+00
  -0.1800  0.28209E+00
  -0.1900  0.28209E+00
  -0.2000  0.28209E+00
  -0.2100  0.28209E+00
  -0.2200  0.28209E+00
  -0.2300  0.28209E+00
  -0.2400  0.28209E+00
  -0.2500  0.28209E+00
  -0.2600  0.28209E+00
  -0.2700  0.28209E+00
  -0.2800  0.28209E+00
  -0.2900  0.28209E+00
  -0.3000  0.28209E+00
  -0.3100  0.28209E+00
  -0.3200  0.28209E+00
  -0.3300  0.28209E+00
  -0.3400  0.28209E+00
  -0.3500  0.28209E+00
  -0.3600  0.28209E+00
  -0.3700  0.28209E+00
  -0.3800  0.28209E+00
  -0.3900  0.28209E+00
  -0.4000  0.28209E+00
  -0.4100  0.28209E+00
  -0.4200  0.28209E+00
  -0.4300  0.28209E+00
  -0.4400  0.28209E+00
  -0.4500  0.28209E+00
  -0.4600  0.28209E+00
  -0.4700  0.28209E+00
  -0.4800  0.28209E+00
  -0.4900  0.28209E+00
  -0.5000  0.28209E+00
  -0.5100  0.28209E+00
  -0.5200  0.28209E+00
  -0.5300  0.28209E+00
  -0.5400  0.28209E+00
  -0.5500  0.28209E+00
  -0.5600  0.28209E+00
  -0.5700  0.28209E+00
  -0.5800  0.28209E+00
  -0.5900  0.28209E+00
  -0.6000  0.28209E+00
  -0.6100  0.28209E+00
  -0.6200  0.28209E+00
  -0.6300  0.28209E+00
  -0.6400  0.28209E+00
  -0.6500  0.28209E+00
  -0.6600  0.28209E+00
  -0.6700  0.28209E+00
  -0.6800  0.28209E+00
  -0.6900  0.28209E+00
  -0.7000  0.28209E+00
  -0.7100  0.28209E+00
  -0.7200  0.28209E+00
  -0.7300  0.28209E+00
  -0.7400  0.28209E+00
  -0.7500  0.28209E+00
  -0.7600  0.28209E+00
  -0.7700  0.28209E+00
  -0.7800  0.28209E+00
  -0.7900  0.28209E+00
  -0.8000  0.28209E+00
  -0.8100  0.28209E+00
  -0.8200  0.28209E+00
  -0.8300  0.28209E+00
  -0.8400  0.28209E+00
  -0.8500  0.28209E+00
  -0.8600  0.28209E+00
  -0.8700  0.28209E+00
  -0.8800  0.28209E+00
  -0.8900  0.28209E+00
  -0.9000  0.28209E+00
  -0.9100  0.28209E+00
  -0.9200  0.28209E+00
  -0.9300  0.28209E+00
  -0.9400  0.28209E+00
  -0.9500  0.28209E+00
  -0.9600  0.28209E+00
  -0.9700  0.28209E+00
  -0.9800  0.28209E+00
  -0.9900  0.28209E+00
  -1.0000  0.28209E+00


 ABS OF SPHERICAL HARMONICS FOR L=   1
   1.0000  0.48860E+00 -0.00000E+00
   0.9900  0.48372E+00 -0.48738E-01
   0.9800  0.47883E+00 -0.68752E-01
   0.9700  0.47394E+00 -0.83991E-01
   0.9600  0.46906E+00 -0.96738E-01
   0.9500  0.46417E+00 -0.10788E+00
   0.9400  0.45929E+00 -0.11787E+00
   0.9300  0.45440E+00 -0.12699E+00
   0.9200  0.44951E+00 -0.13541E+00
   0.9100  0.44463E+00 -0.14324E+00
   0.9000  0.43974E+00 -0.15060E+00
   0.8900  0.43486E+00 -0.15753E+00
   0.8800  0.42997E+00 -0.16410E+00
   0.8700  0.42508E+00 -0.17035E+00
   0.8600  0.42020E+00 -0.17630E+00
   0.8500  0.41531E+00 -0.18200E+00
   0.8400  0.41043E+00 -0.18746E+00
   0.8300  0.40554E+00 -0.19270E+00
   0.8200  0.40065E+00 -0.19775E+00
   0.8100  0.39577E+00 -0.20261E+00
   0.8000  0.39088E+00 -0.20730E+00
   0.7900  0.38600E+00 -0.21182E+00
   0.7800  0.38111E+00 -0.21620E+00
   0.7700  0.37622E+00 -0.22044E+00
   0.7600  0.37134E+00 -0.22454E+00
   0.7500  0.36645E+00 -0.22852E+00
   0.7400  0.36157E+00 -0.23238E+00
   0.7300  0.35668E+00 -0.23613E+00
   0.7200  0.35179E+00 -0.23976E+00
   0.7100  0.34691E+00 -0.24330E+00
   0.7000  0.34202E+00 -0.24673E+00
   0.6900  0.33714E+00 -0.25007E+00
   0.6800  0.33225E+00 -0.25332E+00
   0.6700  0.32736E+00 -0.25648E+00
   0.6600  0.32248E+00 -0.25956E+00
   0.6500  0.31759E+00 -0.26255E+00
   0.6400  0.31271E+00 -0.26547E+00
   0.6300  0.30782E+00 -0.26831E+00
   0.6200  0.30293E+00 -0.27108E+00
   0.6100  0.29805E+00 -0.27377E+00
   0.6000  0.29316E+00 -0.27640E+00
   0.5900  0.28828E+00 -0.27895E+00
   0.5800  0.28339E+00 -0.28145E+00
   0.5700  0.27850E+00 -0.28387E+00
   0.5600  0.27362E+00 -0.28624E+00
   0.5500  0.26873E+00 -0.28854E+00
   0.5400  0.26385E+00 -0.29079E+00
   0.5300  0.25896E+00 -0.29298E+00
   0.5200  0.25407E+00 -0.29511E+00
   0.5100  0.24919E+00 -0.29719E+00
   0.5000  0.24430E+00 -0.29921E+00
   0.4900  0.23942E+00 -0.30117E+00
   0.4800  0.23453E+00 -0.30309E+00
   0.4700  0.22964E+00 -0.30496E+00
   0.4600  0.22476E+00 -0.30677E+00
   0.4500  0.21987E+00 -0.30854E+00
   0.4400  0.21499E+00 -0.31025E+00
   0.4300  0.21010E+00 -0.31192E+00
   0.4200  0.20521E+00 -0.31354E+00
   0.4100  0.20033E+00 -0.31512E+00
   0.4000  0.19544E+00 -0.31665E+00
   0.3900  0.19055E+00 -0.31814E+00
   0.3800  0.18567E+00 -0.31958E+00
   0.3700  0.18078E+00 -0.32098E+00
   0.3600  0.17590E+00 -0.32233E+00
   0.3500  0.17101E+00 -0.32364E+00
   0.3400  0.16612E+00 -0.32491E+00
   0.3300  0.16124E+00 -0.32614E+00
   0.3200  0.15635E+00 -0.32733E+00
   0.3100  0.15147E+00 -0.32847E+00
   0.3000  0.14658E+00 -0.32958E+00
   0.2900  0.14169E+00 -0.33065E+00
   0.2800  0.13681E+00 -0.33167E+00
   0.2700  0.13192E+00 -0.33266E+00
   0.2600  0.12704E+00 -0.33361E+00
   0.2500  0.12215E+00 -0.33452E+00
   0.2400  0.11726E+00 -0.33540E+00
   0.2300  0.11238E+00 -0.33623E+00
   0.2200  0.10749E+00 -0.33703E+00
   0.2100  0.10261E+00 -0.33779E+00
   0.2000  0.97721E-01 -0.33851E+00
   0.1900  0.92834E-01 -0.33920E+00
   0.1800  0.87948E-01 -0.33985E+00
   0.1700  0.83062E-01 -0.34047E+00
   0.1600  0.78176E-01 -0.34104E+00
   0.1500  0.73290E-01 -0.34159E+00
   0.1400  0.68404E-01 -0.34209E+00
   0.1300  0.63518E-01 -0.34256E+00
   0.1200  0.58632E-01 -0.34300E+00
   0.1100  0.53746E-01 -0.34340E+00
   0.1000  0.48860E-01 -0.34376E+00
   0.0900  0.43974E-01 -0.34409E+00
   0.0800  0.39088E-01 -0.34439E+00
   0.0700  0.34202E-01 -0.34465E+00
   0.0600  0.29316E-01 -0.34487E+00
   0.0500  0.24430E-01 -0.34506E+00
   0.0400  0.19544E-01 -0.34522E+00
   0.0300  0.14658E-01 -0.34534E+00
   0.0200  0.97721E-02 -0.34543E+00
   0.0100  0.48860E-02 -0.34548E+00
   0.0000  0.10921E-07 -0.34549E+00
  -0.0100 -0.48860E-02 -0.34548E+00
  -0.0200 -0.97720E-02 -0.34543E+00
  -0.0300 -0.14658E-01 -0.34534E+00
  -0.0400 -0.19544E-01 -0.34522E+00
  -0.0500 -0.24430E-01 -0.34506E+00
  -0.0600 -0.29316E-01 -0.34487E+00
  -0.0700 -0.34202E-01 -0.34465E+00
  -0.0800 -0.39088E-01 -0.34439E+00
  -0.0900 -0.43974E-01 -0.34409E+00
  -0.1000 -0.48860E-01 -0.34376E+00
  -0.1100 -0.53746E-01 -0.34340E+00
  -0.1200 -0.58632E-01 -0.34300E+00
  -0.1300 -0.63518E-01 -0.34256E+00
  -0.1400 -0.68404E-01 -0.34209E+00
  -0.1500 -0.73290E-01 -0.34159E+00
  -0.1600 -0.78176E-01 -0.34104E+00
  -0.1700 -0.83062E-01 -0.34047E+00
  -0.1800 -0.87948E-01 -0.33985E+00
  -0.1900 -0.92834E-01 -0.33920E+00
  -0.2000 -0.97720E-01 -0.33851E+00
  -0.2100 -0.10261E+00 -0.33779E+00
  -0.2200 -0.10749E+00 -0.33703E+00
  -0.2300 -0.11238E+00 -0.33623E+00
  -0.2400 -0.11726E+00 -0.33540E+00
  -0.2500 -0.12215E+00 -0.33452E+00
  -0.2600 -0.12704E+00 -0.33361E+00
  -0.2700 -0.13192E+00 -0.33266E+00
  -0.2800 -0.13681E+00 -0.33167E+00
  -0.2900 -0.14169E+00 -0.33065E+00
  -0.3000 -0.14658E+00 -0.32958E+00
  -0.3100 -0.15147E+00 -0.32847E+00
  -0.3200 -0.15635E+00 -0.32733E+00
  -0.3300 -0.16124E+00 -0.32614E+00
  -0.3400 -0.16612E+00 -0.32491E+00
  -0.3500 -0.17101E+00 -0.32364E+00
  -0.3600 -0.17590E+00 -0.32233E+00
  -0.3700 -0.18078E+00 -0.32098E+00
  -0.3800 -0.18567E+00 -0.31958E+00
  -0.3900 -0.19055E+00 -0.31814E+00
  -0.4000 -0.19544E+00 -0.31665E+00
  -0.4100 -0.20033E+00 -0.31512E+00
  -0.4200 -0.20521E+00 -0.31354E+00
  -0.4300 -0.21010E+00 -0.31192E+00
  -0.4400 -0.21499E+00 -0.31025E+00
  -0.4500 -0.21987E+00 -0.30854E+00
  -0.4600 -0.22476E+00 -0.30677E+00
  -0.4700 -0.22964E+00 -0.30496E+00
  -0.4800 -0.23453E+00 -0.30309E+00
  -0.4900 -0.23942E+00 -0.30117E+00
  -0.5000 -0.24430E+00 -0.29921E+00
  -0.5100 -0.24919E+00 -0.29719E+00
  -0.5200 -0.25407E+00 -0.29511E+00
  -0.5300 -0.25896E+00 -0.29298E+00
  -0.5400 -0.26385E+00 -0.29079E+00
  -0.5500 -0.26873E+00 -0.28854E+00
  -0.5600 -0.27362E+00 -0.28624E+00
  -0.5700 -0.27850E+00 -0.28387E+00
  -0.5800 -0.28339E+00 -0.28145E+00
  -0.5900 -0.28828E+00 -0.27895E+00
  -0.6000 -0.29316E+00 -0.27640E+00
  -0.6100 -0.29805E+00 -0.27377E+00
  -0.6200 -0.30293E+00 -0.27108E+00
  -0.6300 -0.30782E+00 -0.26831E+00
  -0.6400 -0.31271E+00 -0.26547E+00
  -0.6500 -0.31759E+00 -0.26255E+00
  -0.6600 -0.32248E+00 -0.25956E+00
  -0.6700 -0.32736E+00 -0.25648E+00
  -0.6800 -0.33225E+00 -0.25332E+00
  -0.6900 -0.33714E+00 -0.25007E+00
  -0.7000 -0.34202E+00 -0.24673E+00
  -0.7100 -0.34691E+00 -0.24330E+00
  -0.7200 -0.35179E+00 -0.23976E+00
  -0.7300 -0.35668E+00 -0.23613E+00
  -0.7400 -0.36157E+00 -0.23238E+00
  -0.7500 -0.36645E+00 -0.22852E+00
  -0.7600 -0.37134E+00 -0.22454E+00
  -0.7700 -0.37622E+00 -0.22044E+00
  -0.7800 -0.38111E+00 -0.21620E+00
  -0.7900 -0.38600E+00 -0.21182E+00
  -0.8000 -0.39088E+00 -0.20730E+00
  -0.8100 -0.39577E+00 -0.20261E+00
  -0.8200 -0.40065E+00 -0.19775E+00
  -0.8300 -0.40554E+00 -0.19270E+00
  -0.8400 -0.41043E+00 -0.18746E+00
  -0.8500 -0.41531E+00 -0.18200E+00
  -0.8600 -0.42020E+00 -0.17630E+00
  -0.8700 -0.42508E+00 -0.17035E+00
  -0.8800 -0.42997E+00 -0.16410E+00
  -0.8900 -0.43486E+00 -0.15753E+00
  -0.9000 -0.43974E+00 -0.15060E+00
  -0.9100 -0.44463E+00 -0.14324E+00
  -0.9200 -0.44951E+00 -0.13541E+00
  -0.9300 -0.45440E+00 -0.12699E+00
  -0.9400 -0.45929E+00 -0.11787E+00
  -0.9500 -0.46417E+00 -0.10788E+00
  -0.9600 -0.46906E+00 -0.96738E-01
  -0.9700 -0.47394E+00 -0.83991E-01
  -0.9800 -0.47883E+00 -0.68753E-01
  -0.9900 -0.48372E+00 -0.48738E-01
  -1.0000 -0.48860E+00 -0.11929E-03


 ABS OF SPHERICAL HARMONICS FOR L=   2
   1.0000  0.63078E+00 -0.00000E+00  0.00000E+00
   0.9900  0.61195E+00 -0.10789E+00  0.76868E-02
   0.9800  0.59331E+00 -0.15066E+00  0.15296E-01
   0.9700  0.57486E+00 -0.18218E+00  0.22829E-01
   0.9600  0.55660E+00 -0.20766E+00  0.30284E-01
   0.9500  0.53853E+00 -0.22917E+00  0.37662E-01
   0.9400  0.52065E+00 -0.24776E+00  0.44962E-01
   0.9300  0.50295E+00 -0.26408E+00  0.52186E-01
   0.9200  0.48545E+00 -0.27855E+00  0.59332E-01
   0.9100  0.46814E+00 -0.29148E+00  0.66401E-01
   0.9000  0.45101E+00 -0.30307E+00  0.73392E-01
   0.8900  0.43407E+00 -0.31350E+00  0.80306E-01
   0.8800  0.41733E+00 -0.32291E+00  0.87143E-01
   0.8700  0.40077E+00 -0.33139E+00  0.93903E-01
   0.8600  0.38440E+00 -0.33904E+00  0.10059E+00
   0.8500  0.36822E+00 -0.34592E+00  0.10719E+00
   0.8400  0.35223E+00 -0.35211E+00  0.11372E+00
   0.8300  0.33643E+00 -0.35765E+00  0.12017E+00
   0.8200  0.32082E+00 -0.36259E+00  0.12654E+00
   0.8100  0.30539E+00 -0.36697E+00  0.13284E+00
   0.8000  0.29016E+00 -0.37082E+00  0.13906E+00
   0.7900  0.27512E+00 -0.37419E+00  0.14520E+00
   0.7800  0.26026E+00 -0.37709E+00  0.15126E+00
   0.7700  0.24560E+00 -0.37955E+00  0.15725E+00
   0.7600  0.23112E+00 -0.38159E+00  0.16316E+00
   0.7500  0.21683E+00 -0.38324E+00  0.16899E+00
   0.7400  0.20273E+00 -0.38452E+00  0.17475E+00
   0.7300  0.18882E+00 -0.38544E+00  0.18043E+00
   0.7200  0.17511E+00 -0.38601E+00  0.18603E+00
   0.7100  0.16158E+00 -0.38626E+00  0.19155E+00
   0.7000  0.14823E+00 -0.38620E+00  0.19700E+00
   0.6900  0.13508E+00 -0.38583E+00  0.20237E+00
   0.6800  0.12212E+00 -0.38518E+00  0.20766E+00
   0.6700  0.10935E+00 -0.38425E+00  0.21288E+00
   0.6600  0.96762E-01 -0.38306E+00  0.21801E+00
   0.6500  0.84367E-01 -0.38161E+00  0.22307E+00
   0.6400  0.72162E-01 -0.37991E+00  0.22806E+00
   0.6300  0.60145E-01 -0.37797E+00  0.23296E+00
   0.6200  0.48318E-01 -0.37581E+00  0.23779E+00
   0.6100  0.36680E-01 -0.37342E+00  0.24254E+00
   0.6000  0.25231E-01 -0.37082E+00  0.24722E+00
   0.5900  0.13972E-01 -0.36802E+00  0.25181E+00
   0.5800  0.29016E-02 -0.36501E+00  0.25633E+00
   0.5700 -0.79794E-02 -0.36181E+00  0.26077E+00
   0.5600 -0.18671E-01 -0.35843E+00  0.26514E+00
   0.5500 -0.29174E-01 -0.35486E+00  0.26943E+00
   0.5400 -0.39487E-01 -0.35112E+00  0.27364E+00
   0.5300 -0.49611E-01 -0.34721E+00  0.27777E+00
   0.5200 -0.59546E-01 -0.34314E+00  0.28183E+00
   0.5100 -0.69292E-01 -0.33891E+00  0.28580E+00
   0.5000 -0.78848E-01 -0.33452E+00  0.28971E+00
   0.4900 -0.88215E-01 -0.32999E+00  0.29353E+00
   0.4800 -0.97393E-01 -0.32531E+00  0.29728E+00
   0.4700 -0.10638E+00 -0.32049E+00  0.30095E+00
   0.4600 -0.11518E+00 -0.31554E+00  0.30454E+00
   0.4500 -0.12379E+00 -0.31046E+00  0.30805E+00
   0.4400 -0.13221E+00 -0.30525E+00  0.31149E+00
   0.4300 -0.14044E+00 -0.29992E+00  0.31485E+00
   0.4200 -0.14849E+00 -0.29446E+00  0.31814E+00
   0.4100 -0.15634E+00 -0.28890E+00  0.32134E+00
   0.4000 -0.16400E+00 -0.28322E+00  0.32447E+00
   0.3900 -0.17148E+00 -0.27744E+00  0.32752E+00
   0.3800 -0.17876E+00 -0.27155E+00  0.33050E+00
   0.3700 -0.18586E+00 -0.26556E+00  0.33339E+00
   0.3600 -0.19277E+00 -0.25947E+00  0.33621E+00
   0.3500 -0.19949E+00 -0.25329E+00  0.33896E+00
   0.3400 -0.20601E+00 -0.24702E+00  0.34162E+00
   0.3300 -0.21235E+00 -0.24066E+00  0.34421E+00
   0.3200 -0.21850E+00 -0.23422E+00  0.34672E+00
   0.3100 -0.22446E+00 -0.22769E+00  0.34915E+00
   0.3000 -0.23024E+00 -0.22109E+00  0.35151E+00
   0.2900 -0.23582E+00 -0.21441E+00  0.35379E+00
   0.2800 -0.24121E+00 -0.20766E+00  0.35599E+00
   0.2700 -0.24642E+00 -0.20084E+00  0.35811E+00
   0.2600 -0.25143E+00 -0.19395E+00  0.36016E+00
   0.2500 -0.25626E+00 -0.18700E+00  0.36213E+00
   0.2400 -0.26089E+00 -0.17999E+00  0.36402E+00
   0.2300 -0.26534E+00 -0.17292E+00  0.36584E+00
   0.2200 -0.26960E+00 -0.16580E+00  0.36758E+00
   0.2100 -0.27367E+00 -0.15862E+00  0.36924E+00
   0.2000 -0.27754E+00 -0.15139E+00  0.37082E+00
   0.1900 -0.28123E+00 -0.14411E+00  0.37233E+00
   0.1800 -0.28474E+00 -0.13679E+00  0.37376E+00
   0.1700 -0.28805E+00 -0.12942E+00  0.37511E+00
   0.1600 -0.29117E+00 -0.12202E+00  0.37639E+00
   0.1500 -0.29410E+00 -0.11457E+00  0.37758E+00
   0.1400 -0.29685E+00 -0.10709E+00  0.37870E+00
   0.1300 -0.29940E+00 -0.99579E-01  0.37975E+00
   0.1200 -0.30177E+00 -0.92036E-01  0.38071E+00
   0.1100 -0.30394E+00 -0.84465E-01  0.38160E+00
   0.1000 -0.30593E+00 -0.76868E-01  0.38241E+00
   0.0900 -0.30773E+00 -0.69247E-01  0.38315E+00
   0.0800 -0.30934E+00 -0.61606E-01  0.38380E+00
   0.0700 -0.31076E+00 -0.53946E-01  0.38438E+00
   0.0600 -0.31199E+00 -0.46269E-01  0.38488E+00
   0.0500 -0.31303E+00 -0.38579E-01  0.38531E+00
   0.0400 -0.31388E+00 -0.30877E-01  0.38566E+00
   0.0300 -0.31454E+00 -0.23166E-01  0.38593E+00
   0.0200 -0.31501E+00 -0.15448E-01  0.38612E+00
   0.0100 -0.31530E+00 -0.77251E-02  0.38624E+00
   0.0000 -0.31539E+00 -0.17268E-07  0.38627E+00
  -0.0100 -0.31530E+00  0.77251E-02  0.38624E+00
  -0.0200 -0.31501E+00  0.15448E-01  0.38612E+00
  -0.0300 -0.31454E+00  0.23166E-01  0.38593E+00
  -0.0400 -0.31388E+00  0.30877E-01  0.38566E+00
  -0.0500 -0.31303E+00  0.38579E-01  0.38531E+00
  -0.0600 -0.31199E+00  0.46269E-01  0.38488E+00
  -0.0700 -0.31076E+00  0.53946E-01  0.38438E+00
  -0.0800 -0.30934E+00  0.61606E-01  0.38380E+00
  -0.0900 -0.30773E+00  0.69247E-01  0.38315E+00
  -0.1000 -0.30593E+00  0.76868E-01  0.38241E+00
  -0.1100 -0.30394E+00  0.84465E-01  0.38160E+00
  -0.1200 -0.30177E+00  0.92036E-01  0.38071E+00
  -0.1300 -0.29940E+00  0.99579E-01  0.37975E+00
  -0.1400 -0.29685E+00  0.10709E+00  0.37870E+00
  -0.1500 -0.29410E+00  0.11457E+00  0.37758E+00
  -0.1600 -0.29117E+00  0.12202E+00  0.37639E+00
  -0.1700 -0.28805E+00  0.12942E+00  0.37511E+00
  -0.1800 -0.28474E+00  0.13679E+00  0.37376E+00
  -0.1900 -0.28123E+00  0.14411E+00  0.37233E+00
  -0.2000 -0.27754E+00  0.15139E+00  0.37082E+00
  -0.2100 -0.27367E+00  0.15862E+00  0.36924E+00
  -0.2200 -0.26960E+00  0.16580E+00  0.36758E+00
  -0.2300 -0.26534E+00  0.17292E+00  0.36584E+00
  -0.2400 -0.26089E+00  0.17999E+00  0.36402E+00
  -0.2500 -0.25626E+00  0.18700E+00  0.36213E+00
  -0.2600 -0.25143E+00  0.19395E+00  0.36016E+00
  -0.2700 -0.24642E+00  0.20084E+00  0.35811E+00
  -0.2800 -0.24121E+00  0.20766E+00  0.35599E+00
  -0.2900 -0.23582E+00  0.21441E+00  0.35379E+00
  -0.3000 -0.23024E+00  0.22109E+00  0.35151E+00
  -0.3100 -0.22446E+00  0.22769E+00  0.34915E+00
  -0.3200 -0.21850E+00  0.23422E+00  0.34672E+00
  -0.3300 -0.21235E+00  0.24066E+00  0.34421E+00
  -0.3400 -0.20601E+00  0.24702E+00  0.34162E+00
  -0.3500 -0.19949E+00  0.25329E+00  0.33896E+00
  -0.3600 -0.19277E+00  0.25947E+00  0.33621E+00
  -0.3700 -0.18586E+00  0.26556E+00  0.33339E+00
  -0.3800 -0.17876E+00  0.27155E+00  0.33050E+00
  -0.3900 -0.17148E+00  0.27744E+00  0.32752E+00
  -0.4000 -0.16400E+00  0.28322E+00  0.32447E+00
  -0.4100 -0.15634E+00  0.28890E+00  0.32134E+00
  -0.4200 -0.14849E+00  0.29446E+00  0.31814E+00
  -0.4300 -0.14044E+00  0.29992E+00  0.31485E+00
  -0.4400 -0.13221E+00  0.30525E+00  0.31149E+00
  -0.4500 -0.12379E+00  0.31046E+00  0.30805E+00
  -0.4600 -0.11518E+00  0.31554E+00  0.30454E+00
  -0.4700 -0.10638E+00  0.32049E+00  0.30095E+00
  -0.4800 -0.97393E-01  0.32531E+00  0.29728E+00
  -0.4900 -0.88215E-01  0.32999E+00  0.29353E+00
  -0.5000 -0.78848E-01  0.33452E+00  0.28971E+00
  -0.5100 -0.69292E-01  0.33891E+00  0.28580E+00
  -0.5200 -0.59546E-01  0.34314E+00  0.28183E+00
  -0.5300 -0.49611E-01  0.34721E+00  0.27777E+00
  -0.5400 -0.39487E-01  0.35112E+00  0.27364E+00
  -0.5500 -0.29174E-01  0.35486E+00  0.26943E+00
  -0.5600 -0.18671E-01  0.35843E+00  0.26514E+00
  -0.5700 -0.79794E-02  0.36181E+00  0.26077E+00
  -0.5800  0.29016E-02  0.36501E+00  0.25633E+00
  -0.5900  0.13972E-01  0.36802E+00  0.25181E+00
  -0.6000  0.25231E-01  0.37082E+00  0.24722E+00
  -0.6100  0.36680E-01  0.37342E+00  0.24254E+00
  -0.6200  0.48318E-01  0.37581E+00  0.23779E+00
  -0.6300  0.60145E-01  0.37797E+00  0.23296E+00
  -0.6400  0.72162E-01  0.37991E+00  0.22806E+00
  -0.6500  0.84367E-01  0.38161E+00  0.22307E+00
  -0.6600  0.96762E-01  0.38306E+00  0.21801E+00
  -0.6700  0.10935E+00  0.38425E+00  0.21288E+00
  -0.6800  0.12212E+00  0.38518E+00  0.20766E+00
  -0.6900  0.13508E+00  0.38583E+00  0.20237E+00
  -0.7000  0.14823E+00  0.38620E+00  0.19700E+00
  -0.7100  0.16158E+00  0.38626E+00  0.19155E+00
  -0.7200  0.17511E+00  0.38601E+00  0.18603E+00
  -0.7300  0.18882E+00  0.38544E+00  0.18043E+00
  -0.7400  0.20273E+00  0.38452E+00  0.17475E+00
  -0.7500  0.21683E+00  0.38324E+00  0.16899E+00
  -0.7600  0.23112E+00  0.38159E+00  0.16316E+00
  -0.7700  0.24560E+00  0.37955E+00  0.15725E+00
  -0.7800  0.26026E+00  0.37709E+00  0.15126E+00
  -0.7900  0.27512E+00  0.37419E+00  0.14520E+00
  -0.8000  0.29016E+00  0.37082E+00  0.13906E+00
  -0.8100  0.30539E+00  0.36697E+00  0.13284E+00
  -0.8200  0.32082E+00  0.36259E+00  0.12654E+00
  -0.8300  0.33643E+00  0.35765E+00  0.12017E+00
  -0.8400  0.35223E+00  0.35211E+00  0.11372E+00
  -0.8500  0.36822E+00  0.34592E+00  0.10719E+00
  -0.8600  0.38440E+00  0.33904E+00  0.10059E+00
  -0.8700  0.40077E+00  0.33139E+00  0.93903E-01
  -0.8800  0.41733E+00  0.32291E+00  0.87144E-01
  -0.8900  0.43407E+00  0.31350E+00  0.80306E-01
  -0.9000  0.45101E+00  0.30307E+00  0.73392E-01
  -0.9100  0.46814E+00  0.29148E+00  0.66401E-01
  -0.9200  0.48545E+00  0.27855E+00  0.59332E-01
  -0.9300  0.50295E+00  0.26408E+00  0.52186E-01
  -0.9400  0.52065E+00  0.24776E+00  0.44962E-01
  -0.9500  0.53853E+00  0.22917E+00  0.37662E-01
  -0.9600  0.55660E+00  0.20766E+00  0.30284E-01
  -0.9700  0.57486E+00  0.18218E+00  0.22829E-01
  -0.9800  0.59331E+00  0.15066E+00  0.15296E-01
  -0.9900  0.61195E+00  0.10789E+00  0.76869E-02
  -1.0000  0.63078E+00  0.26674E-03  0.46047E-07
